#! /c/Source/iverilog-install/bin/vvp
:ivl_version "12.0 (devel)" "(s20150603-1539-g2693dd32b)";
:ivl_delay_selection "TYPICAL";
:vpi_time_precision + 0;
:vpi_module "C:\iverilog\lib\ivl\system.vpi";
:vpi_module "C:\iverilog\lib\ivl\vhdl_sys.vpi";
:vpi_module "C:\iverilog\lib\ivl\vhdl_textio.vpi";
:vpi_module "C:\iverilog\lib\ivl\v2005_math.vpi";
:vpi_module "C:\iverilog\lib\ivl\va_math.vpi";
S_0000022c95ca2830 .scope module, "bias_mem" "bias_mem" 2 1;
 .timescale 0 0;
    .port_info 0 /INPUT 1 "En_b_mem";
    .port_info 1 /INPUT 5 "Addr_mem_b";
    .port_info 2 /INPUT 1 "Res";
    .port_info 3 /INPUT 1 "Clock";
    .port_info 4 /INPUT 32 "b_l1_1";
    .port_info 5 /INPUT 32 "b_l1_2";
    .port_info 6 /INPUT 32 "b_l1_3";
    .port_info 7 /INPUT 32 "b_l1_4";
    .port_info 8 /INPUT 32 "b_l2_1";
    .port_info 9 /INPUT 32 "b_l2_2";
    .port_info 10 /INPUT 32 "b_l3_1";
    .port_info 11 /INPUT 32 "b_l4_1";
    .port_info 12 /INPUT 32 "b_l5_1";
    .port_info 13 /INPUT 32 "b_l6_1";
    .port_info 14 /INPUT 32 "b_l6_2";
    .port_info 15 /INPUT 32 "b_l7_1";
    .port_info 16 /INPUT 32 "b_l7_2";
    .port_info 17 /INPUT 32 "b_l7_3";
    .port_info 18 /INPUT 32 "b_l7_4";
    .port_info 19 /INPUT 32 "b_l8_1";
    .port_info 20 /INPUT 32 "b_l8_2";
    .port_info 21 /INPUT 32 "b_l8_3";
    .port_info 22 /INPUT 32 "b_l8_4";
    .port_info 23 /OUTPUT 32 "mem_out";
L_0000022c95ca2b50 .functor BUFZ 32, L_0000022c95d2fab0, C4<00000000000000000000000000000000>, C4<00000000000000000000000000000000>, C4<00000000000000000000000000000000>;
o0000022c95ce1f98 .functor BUFZ 5, C4<zzzzz>; HiZ drive
v0000022c95ccddb0_0 .net "Addr_mem_b", 4 0, o0000022c95ce1f98;  0 drivers
o0000022c95ce1fc8 .functor BUFZ 1, C4<z>; HiZ drive
v0000022c95cd3ac0_0 .net "Clock", 0 0, o0000022c95ce1fc8;  0 drivers
o0000022c95ce1ff8 .functor BUFZ 1, C4<z>; HiZ drive
v0000022c95cd3b60_0 .net "En_b_mem", 0 0, o0000022c95ce1ff8;  0 drivers
o0000022c95ce2028 .functor BUFZ 1, C4<z>; HiZ drive
v0000022c95cd3c00_0 .net "Res", 0 0, o0000022c95ce2028;  0 drivers
v0000022c95cd3ca0_0 .net *"_ivl_0", 31 0, L_0000022c95d2fab0;  1 drivers
v0000022c95cd3d40_0 .net *"_ivl_2", 5 0, L_0000022c95d2fa10;  1 drivers
L_0000022c95d30078 .functor BUFT 1, C4<0>, C4<0>, C4<0>, C4<0>;
v0000022c95cd3de0_0 .net *"_ivl_5", 0 0, L_0000022c95d30078;  1 drivers
o0000022c95ce20e8 .functor BUFZ 32, C4<zzzzzzzzzzzzzzzzzzzzzzzzzzzzzzzz>; HiZ drive
v0000022c95cd3e80_0 .net/s "b_l1_1", 31 0, o0000022c95ce20e8;  0 drivers
o0000022c95ce2118 .functor BUFZ 32, C4<zzzzzzzzzzzzzzzzzzzzzzzzzzzzzzzz>; HiZ drive
v0000022c95cd4330_0 .net/s "b_l1_2", 31 0, o0000022c95ce2118;  0 drivers
o0000022c95ce2148 .functor BUFZ 32, C4<zzzzzzzzzzzzzzzzzzzzzzzzzzzzzzzz>; HiZ drive
v0000022c95cd43d0_0 .net/s "b_l1_3", 31 0, o0000022c95ce2148;  0 drivers
o0000022c95ce2178 .functor BUFZ 32, C4<zzzzzzzzzzzzzzzzzzzzzzzzzzzzzzzz>; HiZ drive
v0000022c95cd4470_0 .net/s "b_l1_4", 31 0, o0000022c95ce2178;  0 drivers
o0000022c95ce21a8 .functor BUFZ 32, C4<zzzzzzzzzzzzzzzzzzzzzzzzzzzzzzzz>; HiZ drive
v0000022c95cd4510_0 .net/s "b_l2_1", 31 0, o0000022c95ce21a8;  0 drivers
o0000022c95ce21d8 .functor BUFZ 32, C4<zzzzzzzzzzzzzzzzzzzzzzzzzzzzzzzz>; HiZ drive
v0000022c95d2f0b0_0 .net/s "b_l2_2", 31 0, o0000022c95ce21d8;  0 drivers
o0000022c95ce2208 .functor BUFZ 32, C4<zzzzzzzzzzzzzzzzzzzzzzzzzzzzzzzz>; HiZ drive
v0000022c95d2f3d0_0 .net/s "b_l3_1", 31 0, o0000022c95ce2208;  0 drivers
o0000022c95ce2238 .functor BUFZ 32, C4<zzzzzzzzzzzzzzzzzzzzzzzzzzzzzzzz>; HiZ drive
v0000022c95d2f470_0 .net/s "b_l4_1", 31 0, o0000022c95ce2238;  0 drivers
o0000022c95ce2268 .functor BUFZ 32, C4<zzzzzzzzzzzzzzzzzzzzzzzzzzzzzzzz>; HiZ drive
v0000022c95d2fdd0_0 .net/s "b_l5_1", 31 0, o0000022c95ce2268;  0 drivers
o0000022c95ce2298 .functor BUFZ 32, C4<zzzzzzzzzzzzzzzzzzzzzzzzzzzzzzzz>; HiZ drive
v0000022c95d2f150_0 .net/s "b_l6_1", 31 0, o0000022c95ce2298;  0 drivers
o0000022c95ce22c8 .functor BUFZ 32, C4<zzzzzzzzzzzzzzzzzzzzzzzzzzzzzzzz>; HiZ drive
v0000022c95d2f790_0 .net/s "b_l6_2", 31 0, o0000022c95ce22c8;  0 drivers
o0000022c95ce22f8 .functor BUFZ 32, C4<zzzzzzzzzzzzzzzzzzzzzzzzzzzzzzzz>; HiZ drive
v0000022c95d2f510_0 .net/s "b_l7_1", 31 0, o0000022c95ce22f8;  0 drivers
o0000022c95ce2328 .functor BUFZ 32, C4<zzzzzzzzzzzzzzzzzzzzzzzzzzzzzzzz>; HiZ drive
v0000022c95d2f5b0_0 .net/s "b_l7_2", 31 0, o0000022c95ce2328;  0 drivers
o0000022c95ce2358 .functor BUFZ 32, C4<zzzzzzzzzzzzzzzzzzzzzzzzzzzzzzzz>; HiZ drive
v0000022c95d2f650_0 .net/s "b_l7_3", 31 0, o0000022c95ce2358;  0 drivers
o0000022c95ce2388 .functor BUFZ 32, C4<zzzzzzzzzzzzzzzzzzzzzzzzzzzzzzzz>; HiZ drive
v0000022c95d2f6f0_0 .net/s "b_l7_4", 31 0, o0000022c95ce2388;  0 drivers
o0000022c95ce23b8 .functor BUFZ 32, C4<zzzzzzzzzzzzzzzzzzzzzzzzzzzzzzzz>; HiZ drive
v0000022c95d2f830_0 .net/s "b_l8_1", 31 0, o0000022c95ce23b8;  0 drivers
o0000022c95ce23e8 .functor BUFZ 32, C4<zzzzzzzzzzzzzzzzzzzzzzzzzzzzzzzz>; HiZ drive
v0000022c95d2f290_0 .net/s "b_l8_2", 31 0, o0000022c95ce23e8;  0 drivers
o0000022c95ce2418 .functor BUFZ 32, C4<zzzzzzzzzzzzzzzzzzzzzzzzzzzzzzzz>; HiZ drive
v0000022c95d2f330_0 .net/s "b_l8_3", 31 0, o0000022c95ce2418;  0 drivers
o0000022c95ce2448 .functor BUFZ 32, C4<zzzzzzzzzzzzzzzzzzzzzzzzzzzzzzzz>; HiZ drive
v0000022c95d2fb50_0 .net/s "b_l8_4", 31 0, o0000022c95ce2448;  0 drivers
v0000022c95d2f8d0_0 .var/i "i", 31 0;
v0000022c95d2f970 .array "mem_block", 18 0, 31 0;
v0000022c95d2ffb0_0 .net "mem_out", 31 0, L_0000022c95ca2b50;  1 drivers
E_0000022c95cca580 .event posedge, v0000022c95cd3ac0_0;
L_0000022c95d2fab0 .array/port v0000022c95d2f970, L_0000022c95d2fa10;
L_0000022c95d2fa10 .concat [ 5 1 0 0], o0000022c95ce1f98, L_0000022c95d30078;
    .scope S_0000022c95ca2830;
T_0 ;
    %wait E_0000022c95cca580;
    %load/vec4 v0000022c95cd3c00_0;
    %nor/r;
    %flag_set/vec4 8;
    %jmp/0xz  T_0.0, 8;
    %pushi/vec4 0, 0, 32;
    %store/vec4 v0000022c95d2f8d0_0, 0, 32;
T_0.2 ;
    %load/vec4 v0000022c95d2f8d0_0;
    %cmpi/s 19, 0, 32;
    %jmp/0xz T_0.3, 5;
    %pushi/vec4 0, 0, 32;
    %ix/getv/s 3, v0000022c95d2f8d0_0;
    %ix/load 4, 0, 0; Constant delay
    %assign/vec4/a/d v0000022c95d2f970, 0, 4;
    %load/vec4 v0000022c95d2f8d0_0;
    %addi 1, 0, 32;
    %store/vec4 v0000022c95d2f8d0_0, 0, 32;
    %jmp T_0.2;
T_0.3 ;
    %jmp T_0.1;
T_0.0 ;
    %load/vec4 v0000022c95cd3b60_0;
    %flag_set/vec4 8;
    %jmp/0xz  T_0.4, 8;
    %load/vec4 v0000022c95cd3e80_0;
    %ix/load 3, 0, 0;
    %flag_set/imm 4, 0;
    %ix/load 4, 0, 0; Constant delay
    %assign/vec4/a/d v0000022c95d2f970, 0, 4;
    %load/vec4 v0000022c95cd4330_0;
    %ix/load 3, 1, 0;
    %flag_set/imm 4, 0;
    %ix/load 4, 0, 0; Constant delay
    %assign/vec4/a/d v0000022c95d2f970, 0, 4;
    %load/vec4 v0000022c95cd43d0_0;
    %ix/load 3, 2, 0;
    %flag_set/imm 4, 0;
    %ix/load 4, 0, 0; Constant delay
    %assign/vec4/a/d v0000022c95d2f970, 0, 4;
    %load/vec4 v0000022c95cd4470_0;
    %ix/load 3, 3, 0;
    %flag_set/imm 4, 0;
    %ix/load 4, 0, 0; Constant delay
    %assign/vec4/a/d v0000022c95d2f970, 0, 4;
    %load/vec4 v0000022c95cd4510_0;
    %ix/load 3, 4, 0;
    %flag_set/imm 4, 0;
    %ix/load 4, 0, 0; Constant delay
    %assign/vec4/a/d v0000022c95d2f970, 0, 4;
    %load/vec4 v0000022c95d2f0b0_0;
    %ix/load 3, 5, 0;
    %flag_set/imm 4, 0;
    %ix/load 4, 0, 0; Constant delay
    %assign/vec4/a/d v0000022c95d2f970, 0, 4;
    %load/vec4 v0000022c95d2f3d0_0;
    %ix/load 3, 6, 0;
    %flag_set/imm 4, 0;
    %ix/load 4, 0, 0; Constant delay
    %assign/vec4/a/d v0000022c95d2f970, 0, 4;
    %load/vec4 v0000022c95d2f470_0;
    %ix/load 3, 7, 0;
    %flag_set/imm 4, 0;
    %ix/load 4, 0, 0; Constant delay
    %assign/vec4/a/d v0000022c95d2f970, 0, 4;
    %load/vec4 v0000022c95d2fdd0_0;
    %ix/load 3, 8, 0;
    %flag_set/imm 4, 0;
    %ix/load 4, 0, 0; Constant delay
    %assign/vec4/a/d v0000022c95d2f970, 0, 4;
    %load/vec4 v0000022c95d2f150_0;
    %ix/load 3, 9, 0;
    %flag_set/imm 4, 0;
    %ix/load 4, 0, 0; Constant delay
    %assign/vec4/a/d v0000022c95d2f970, 0, 4;
    %load/vec4 v0000022c95d2f790_0;
    %ix/load 3, 10, 0;
    %flag_set/imm 4, 0;
    %ix/load 4, 0, 0; Constant delay
    %assign/vec4/a/d v0000022c95d2f970, 0, 4;
    %load/vec4 v0000022c95d2f510_0;
    %ix/load 3, 11, 0;
    %flag_set/imm 4, 0;
    %ix/load 4, 0, 0; Constant delay
    %assign/vec4/a/d v0000022c95d2f970, 0, 4;
    %load/vec4 v0000022c95d2f5b0_0;
    %ix/load 3, 12, 0;
    %flag_set/imm 4, 0;
    %ix/load 4, 0, 0; Constant delay
    %assign/vec4/a/d v0000022c95d2f970, 0, 4;
    %load/vec4 v0000022c95d2f650_0;
    %ix/load 3, 13, 0;
    %flag_set/imm 4, 0;
    %ix/load 4, 0, 0; Constant delay
    %assign/vec4/a/d v0000022c95d2f970, 0, 4;
    %load/vec4 v0000022c95d2f6f0_0;
    %ix/load 3, 14, 0;
    %flag_set/imm 4, 0;
    %ix/load 4, 0, 0; Constant delay
    %assign/vec4/a/d v0000022c95d2f970, 0, 4;
    %load/vec4 v0000022c95d2f830_0;
    %ix/load 3, 15, 0;
    %flag_set/imm 4, 0;
    %ix/load 4, 0, 0; Constant delay
    %assign/vec4/a/d v0000022c95d2f970, 0, 4;
    %load/vec4 v0000022c95d2f290_0;
    %ix/load 3, 16, 0;
    %flag_set/imm 4, 0;
    %ix/load 4, 0, 0; Constant delay
    %assign/vec4/a/d v0000022c95d2f970, 0, 4;
    %load/vec4 v0000022c95d2f330_0;
    %ix/load 3, 17, 0;
    %flag_set/imm 4, 0;
    %ix/load 4, 0, 0; Constant delay
    %assign/vec4/a/d v0000022c95d2f970, 0, 4;
    %load/vec4 v0000022c95d2fb50_0;
    %ix/load 3, 18, 0;
    %flag_set/imm 4, 0;
    %ix/load 4, 0, 0; Constant delay
    %assign/vec4/a/d v0000022c95d2f970, 0, 4;
    %jmp T_0.5;
T_0.4 ;
    %ix/load 4, 0, 0;
    %flag_set/imm 4, 0;
    %load/vec4a v0000022c95d2f970, 4;
    %ix/load 3, 0, 0;
    %flag_set/imm 4, 0;
    %ix/load 4, 0, 0; Constant delay
    %assign/vec4/a/d v0000022c95d2f970, 0, 4;
    %ix/load 4, 1, 0;
    %flag_set/imm 4, 0;
    %load/vec4a v0000022c95d2f970, 4;
    %ix/load 3, 1, 0;
    %flag_set/imm 4, 0;
    %ix/load 4, 0, 0; Constant delay
    %assign/vec4/a/d v0000022c95d2f970, 0, 4;
    %ix/load 4, 2, 0;
    %flag_set/imm 4, 0;
    %load/vec4a v0000022c95d2f970, 4;
    %ix/load 3, 2, 0;
    %flag_set/imm 4, 0;
    %ix/load 4, 0, 0; Constant delay
    %assign/vec4/a/d v0000022c95d2f970, 0, 4;
    %ix/load 4, 3, 0;
    %flag_set/imm 4, 0;
    %load/vec4a v0000022c95d2f970, 4;
    %ix/load 3, 3, 0;
    %flag_set/imm 4, 0;
    %ix/load 4, 0, 0; Constant delay
    %assign/vec4/a/d v0000022c95d2f970, 0, 4;
    %ix/load 4, 4, 0;
    %flag_set/imm 4, 0;
    %load/vec4a v0000022c95d2f970, 4;
    %ix/load 3, 4, 0;
    %flag_set/imm 4, 0;
    %ix/load 4, 0, 0; Constant delay
    %assign/vec4/a/d v0000022c95d2f970, 0, 4;
    %ix/load 4, 5, 0;
    %flag_set/imm 4, 0;
    %load/vec4a v0000022c95d2f970, 4;
    %ix/load 3, 5, 0;
    %flag_set/imm 4, 0;
    %ix/load 4, 0, 0; Constant delay
    %assign/vec4/a/d v0000022c95d2f970, 0, 4;
    %ix/load 4, 6, 0;
    %flag_set/imm 4, 0;
    %load/vec4a v0000022c95d2f970, 4;
    %ix/load 3, 6, 0;
    %flag_set/imm 4, 0;
    %ix/load 4, 0, 0; Constant delay
    %assign/vec4/a/d v0000022c95d2f970, 0, 4;
    %ix/load 4, 7, 0;
    %flag_set/imm 4, 0;
    %load/vec4a v0000022c95d2f970, 4;
    %ix/load 3, 7, 0;
    %flag_set/imm 4, 0;
    %ix/load 4, 0, 0; Constant delay
    %assign/vec4/a/d v0000022c95d2f970, 0, 4;
    %ix/load 4, 8, 0;
    %flag_set/imm 4, 0;
    %load/vec4a v0000022c95d2f970, 4;
    %ix/load 3, 8, 0;
    %flag_set/imm 4, 0;
    %ix/load 4, 0, 0; Constant delay
    %assign/vec4/a/d v0000022c95d2f970, 0, 4;
    %ix/load 4, 9, 0;
    %flag_set/imm 4, 0;
    %load/vec4a v0000022c95d2f970, 4;
    %ix/load 3, 9, 0;
    %flag_set/imm 4, 0;
    %ix/load 4, 0, 0; Constant delay
    %assign/vec4/a/d v0000022c95d2f970, 0, 4;
    %ix/load 4, 10, 0;
    %flag_set/imm 4, 0;
    %load/vec4a v0000022c95d2f970, 4;
    %ix/load 3, 10, 0;
    %flag_set/imm 4, 0;
    %ix/load 4, 0, 0; Constant delay
    %assign/vec4/a/d v0000022c95d2f970, 0, 4;
    %ix/load 4, 11, 0;
    %flag_set/imm 4, 0;
    %load/vec4a v0000022c95d2f970, 4;
    %ix/load 3, 11, 0;
    %flag_set/imm 4, 0;
    %ix/load 4, 0, 0; Constant delay
    %assign/vec4/a/d v0000022c95d2f970, 0, 4;
    %ix/load 4, 12, 0;
    %flag_set/imm 4, 0;
    %load/vec4a v0000022c95d2f970, 4;
    %ix/load 3, 12, 0;
    %flag_set/imm 4, 0;
    %ix/load 4, 0, 0; Constant delay
    %assign/vec4/a/d v0000022c95d2f970, 0, 4;
    %ix/load 4, 13, 0;
    %flag_set/imm 4, 0;
    %load/vec4a v0000022c95d2f970, 4;
    %ix/load 3, 13, 0;
    %flag_set/imm 4, 0;
    %ix/load 4, 0, 0; Constant delay
    %assign/vec4/a/d v0000022c95d2f970, 0, 4;
    %ix/load 4, 14, 0;
    %flag_set/imm 4, 0;
    %load/vec4a v0000022c95d2f970, 4;
    %ix/load 3, 14, 0;
    %flag_set/imm 4, 0;
    %ix/load 4, 0, 0; Constant delay
    %assign/vec4/a/d v0000022c95d2f970, 0, 4;
    %ix/load 4, 15, 0;
    %flag_set/imm 4, 0;
    %load/vec4a v0000022c95d2f970, 4;
    %ix/load 3, 15, 0;
    %flag_set/imm 4, 0;
    %ix/load 4, 0, 0; Constant delay
    %assign/vec4/a/d v0000022c95d2f970, 0, 4;
    %ix/load 4, 16, 0;
    %flag_set/imm 4, 0;
    %load/vec4a v0000022c95d2f970, 4;
    %ix/load 3, 16, 0;
    %flag_set/imm 4, 0;
    %ix/load 4, 0, 0; Constant delay
    %assign/vec4/a/d v0000022c95d2f970, 0, 4;
    %ix/load 4, 17, 0;
    %flag_set/imm 4, 0;
    %load/vec4a v0000022c95d2f970, 4;
    %ix/load 3, 17, 0;
    %flag_set/imm 4, 0;
    %ix/load 4, 0, 0; Constant delay
    %assign/vec4/a/d v0000022c95d2f970, 0, 4;
    %ix/load 4, 18, 0;
    %flag_set/imm 4, 0;
    %load/vec4a v0000022c95d2f970, 4;
    %ix/load 3, 18, 0;
    %flag_set/imm 4, 0;
    %ix/load 4, 0, 0; Constant delay
    %assign/vec4/a/d v0000022c95d2f970, 0, 4;
T_0.5 ;
T_0.1 ;
    %jmp T_0;
    .thread T_0;
# The file index is used to find the file name in the following table.
:file_names 3;
    "N/A";
    "<interactive>";
    "bias_mem.v";
