#! /c/Source/iverilog-install/bin/vvp
:ivl_version "12.0 (devel)" "(s20150603-1539-g2693dd32b)";
:ivl_delay_selection "TYPICAL";
:vpi_time_precision + 0;
:vpi_module "C:\iverilog\lib\ivl\system.vpi";
:vpi_module "C:\iverilog\lib\ivl\vhdl_sys.vpi";
:vpi_module "C:\iverilog\lib\ivl\vhdl_textio.vpi";
:vpi_module "C:\iverilog\lib\ivl\v2005_math.vpi";
:vpi_module "C:\iverilog\lib\ivl\va_math.vpi";
S_00000274df192830 .scope module, "GAN_control_unit" "GAN_control_unit" 2 1;
 .timescale 0 0;
    .port_info 0 /INPUT 1 "Reset";
    .port_info 1 /INPUT 1 "Start";
    .port_info 2 /INPUT 5 "Wb_count";
    .port_info 3 /INPUT 1 "Clock";
    .port_info 4 /OUTPUT 10 "Output";
P_00000274df1929c0 .param/l "S1" 0 2 13, C4<000>;
P_00000274df1929f8 .param/l "S2" 0 2 14, C4<001>;
P_00000274df192a30 .param/l "S3" 0 2 15, C4<010>;
P_00000274df192a68 .param/l "S4" 0 2 16, C4<011>;
P_00000274df192aa0 .param/l "S5" 0 2 17, C4<100>;
P_00000274df192ad8 .param/l "S6" 0 2 18, C4<101>;
P_00000274df192b10 .param/l "state_size" 0 2 12, +C4<00000000000000000000000000000011>;
o00000274df1cff88 .functor BUFZ 1, C4<z>; HiZ drive
v00000274df28ba10_0 .net "Clock", 0 0, o00000274df1cff88;  0 drivers
v00000274df28beb0_0 .var "Output", 9 0;
o00000274df1cffe8 .functor BUFZ 1, C4<z>; HiZ drive
v00000274df1c28d0_0 .net "Reset", 0 0, o00000274df1cffe8;  0 drivers
o00000274df1d0018 .functor BUFZ 1, C4<z>; HiZ drive
v00000274df1c2970_0 .net "Start", 0 0, o00000274df1d0018;  0 drivers
o00000274df1d0048 .functor BUFZ 5, C4<zzzzz>; HiZ drive
v00000274df1c2a10_0 .net "Wb_count", 4 0, o00000274df1d0048;  0 drivers
v00000274df1c2ab0_0 .var "state", 2 0;
E_00000274df1ccdd0 .event anyedge, v00000274df1c2ab0_0;
E_00000274df1cce50 .event posedge, v00000274df28ba10_0;
    .scope S_00000274df192830;
T_0 ;
    %wait E_00000274df1cce50;
    %load/vec4 v00000274df1c28d0_0;
    %nor/r;
    %flag_set/vec4 8;
    %jmp/0xz  T_0.0, 8;
    %pushi/vec4 0, 0, 3;
    %assign/vec4 v00000274df1c2ab0_0, 0;
    %jmp T_0.1;
T_0.0 ;
    %load/vec4 v00000274df1c2ab0_0;
    %dup/vec4;
    %pushi/vec4 0, 0, 3;
    %cmp/u;
    %jmp/1 T_0.2, 6;
    %dup/vec4;
    %pushi/vec4 1, 0, 3;
    %cmp/u;
    %jmp/1 T_0.3, 6;
    %dup/vec4;
    %pushi/vec4 2, 0, 3;
    %cmp/u;
    %jmp/1 T_0.4, 6;
    %dup/vec4;
    %pushi/vec4 3, 0, 3;
    %cmp/u;
    %jmp/1 T_0.5, 6;
    %dup/vec4;
    %pushi/vec4 4, 0, 3;
    %cmp/u;
    %jmp/1 T_0.6, 6;
    %dup/vec4;
    %pushi/vec4 5, 0, 3;
    %cmp/u;
    %jmp/1 T_0.7, 6;
    %pushi/vec4 0, 0, 3;
    %assign/vec4 v00000274df1c2ab0_0, 0;
    %jmp T_0.9;
T_0.2 ;
    %load/vec4 v00000274df1c2970_0;
    %flag_set/vec4 8;
    %jmp/0xz  T_0.10, 8;
    %pushi/vec4 1, 0, 3;
    %assign/vec4 v00000274df1c2ab0_0, 0;
    %jmp T_0.11;
T_0.10 ;
    %pushi/vec4 0, 0, 3;
    %assign/vec4 v00000274df1c2ab0_0, 0;
T_0.11 ;
    %jmp T_0.9;
T_0.3 ;
    %pushi/vec4 2, 0, 3;
    %assign/vec4 v00000274df1c2ab0_0, 0;
    %jmp T_0.9;
T_0.4 ;
    %pushi/vec4 3, 0, 3;
    %assign/vec4 v00000274df1c2ab0_0, 0;
    %jmp T_0.9;
T_0.5 ;
    %load/vec4 v00000274df1c2a10_0;
    %dup/vec4;
    %pushi/vec4 3, 0, 5;
    %cmp/u;
    %jmp/1 T_0.12, 6;
    %dup/vec4;
    %pushi/vec4 5, 0, 5;
    %cmp/u;
    %jmp/1 T_0.13, 6;
    %dup/vec4;
    %pushi/vec4 6, 0, 5;
    %cmp/u;
    %jmp/1 T_0.14, 6;
    %dup/vec4;
    %pushi/vec4 7, 0, 5;
    %cmp/u;
    %jmp/1 T_0.15, 6;
    %dup/vec4;
    %pushi/vec4 8, 0, 5;
    %cmp/u;
    %jmp/1 T_0.16, 6;
    %dup/vec4;
    %pushi/vec4 10, 0, 5;
    %cmp/u;
    %jmp/1 T_0.17, 6;
    %dup/vec4;
    %pushi/vec4 14, 0, 5;
    %cmp/u;
    %jmp/1 T_0.18, 6;
    %dup/vec4;
    %pushi/vec4 18, 0, 5;
    %cmp/u;
    %jmp/1 T_0.19, 6;
    %pushi/vec4 3, 0, 3;
    %assign/vec4 v00000274df1c2ab0_0, 0;
    %jmp T_0.21;
T_0.12 ;
    %pushi/vec4 4, 0, 3;
    %assign/vec4 v00000274df1c2ab0_0, 0;
    %jmp T_0.21;
T_0.13 ;
    %pushi/vec4 4, 0, 3;
    %assign/vec4 v00000274df1c2ab0_0, 0;
    %jmp T_0.21;
T_0.14 ;
    %pushi/vec4 4, 0, 3;
    %assign/vec4 v00000274df1c2ab0_0, 0;
    %jmp T_0.21;
T_0.15 ;
    %pushi/vec4 4, 0, 3;
    %assign/vec4 v00000274df1c2ab0_0, 0;
    %jmp T_0.21;
T_0.16 ;
    %pushi/vec4 4, 0, 3;
    %assign/vec4 v00000274df1c2ab0_0, 0;
    %jmp T_0.21;
T_0.17 ;
    %pushi/vec4 4, 0, 3;
    %assign/vec4 v00000274df1c2ab0_0, 0;
    %jmp T_0.21;
T_0.18 ;
    %pushi/vec4 4, 0, 3;
    %assign/vec4 v00000274df1c2ab0_0, 0;
    %jmp T_0.21;
T_0.19 ;
    %pushi/vec4 5, 0, 3;
    %assign/vec4 v00000274df1c2ab0_0, 0;
    %jmp T_0.21;
T_0.21 ;
    %pop/vec4 1;
    %jmp T_0.9;
T_0.6 ;
    %pushi/vec4 3, 0, 3;
    %assign/vec4 v00000274df1c2ab0_0, 0;
    %jmp T_0.9;
T_0.7 ;
    %pushi/vec4 5, 0, 3;
    %assign/vec4 v00000274df1c2ab0_0, 0;
    %jmp T_0.9;
T_0.9 ;
    %pop/vec4 1;
T_0.1 ;
    %jmp T_0;
    .thread T_0;
    .scope S_00000274df192830;
T_1 ;
    %wait E_00000274df1ccdd0;
    %load/vec4 v00000274df1c2ab0_0;
    %dup/vec4;
    %pushi/vec4 0, 0, 3;
    %cmp/u;
    %jmp/1 T_1.0, 6;
    %dup/vec4;
    %pushi/vec4 1, 0, 3;
    %cmp/u;
    %jmp/1 T_1.1, 6;
    %dup/vec4;
    %pushi/vec4 2, 0, 3;
    %cmp/u;
    %jmp/1 T_1.2, 6;
    %dup/vec4;
    %pushi/vec4 3, 0, 3;
    %cmp/u;
    %jmp/1 T_1.3, 6;
    %dup/vec4;
    %pushi/vec4 4, 0, 3;
    %cmp/u;
    %jmp/1 T_1.4, 6;
    %dup/vec4;
    %pushi/vec4 5, 0, 3;
    %cmp/u;
    %jmp/1 T_1.5, 6;
    %pushi/vec4 0, 0, 10;
    %assign/vec4 v00000274df28beb0_0, 0;
    %jmp T_1.7;
T_1.0 ;
    %pushi/vec4 512, 0, 10;
    %assign/vec4 v00000274df28beb0_0, 0;
    %jmp T_1.7;
T_1.1 ;
    %pushi/vec4 1011, 0, 10;
    %assign/vec4 v00000274df28beb0_0, 0;
    %jmp T_1.7;
T_1.2 ;
    %pushi/vec4 287, 0, 10;
    %assign/vec4 v00000274df28beb0_0, 0;
    %jmp T_1.7;
T_1.3 ;
    %pushi/vec4 287, 0, 10;
    %assign/vec4 v00000274df28beb0_0, 0;
    %jmp T_1.7;
T_1.4 ;
    %pushi/vec4 406, 0, 10;
    %assign/vec4 v00000274df28beb0_0, 0;
    %jmp T_1.7;
T_1.5 ;
    %pushi/vec4 259, 0, 10;
    %assign/vec4 v00000274df28beb0_0, 0;
    %jmp T_1.7;
T_1.7 ;
    %pop/vec4 1;
    %jmp T_1;
    .thread T_1, $push;
# The file index is used to find the file name in the following table.
:file_names 3;
    "N/A";
    "<interactive>";
    "GAN_control_unit.v";
