#! /c/Source/iverilog-install/bin/vvp
:ivl_version "12.0 (devel)" "(s20150603-1539-g2693dd32b)";
:ivl_delay_selection "TYPICAL";
:vpi_time_precision + 0;
:vpi_module "C:\iverilog\lib\ivl\system.vpi";
:vpi_module "C:\iverilog\lib\ivl\vhdl_sys.vpi";
:vpi_module "C:\iverilog\lib\ivl\vhdl_textio.vpi";
:vpi_module "C:\iverilog\lib\ivl\v2005_math.vpi";
:vpi_module "C:\iverilog\lib\ivl\va_math.vpi";
S_0000025761b42720 .scope module, "GAN_shared_hw" "GAN_shared_hw" 2 10;
 .timescale 0 0;
    .port_info 0 /INPUT 6 "x1";
    .port_info 1 /INPUT 6 "x2";
    .port_info 2 /INPUT 6 "x3";
    .port_info 3 /INPUT 6 "x4";
    .port_info 4 /INPUT 6 "w_l1_11";
    .port_info 5 /INPUT 6 "w_l1_12";
    .port_info 6 /INPUT 6 "w_l1_13";
    .port_info 7 /INPUT 6 "w_l1_14";
    .port_info 8 /INPUT 6 "w_l1_21";
    .port_info 9 /INPUT 6 "w_l1_22";
    .port_info 10 /INPUT 6 "w_l1_23";
    .port_info 11 /INPUT 6 "w_l1_24";
    .port_info 12 /INPUT 6 "w_l1_31";
    .port_info 13 /INPUT 6 "w_l1_32";
    .port_info 14 /INPUT 6 "w_l1_33";
    .port_info 15 /INPUT 6 "w_l1_34";
    .port_info 16 /INPUT 6 "w_l1_41";
    .port_info 17 /INPUT 6 "w_l1_42";
    .port_info 18 /INPUT 6 "w_l1_43";
    .port_info 19 /INPUT 6 "w_l1_44";
    .port_info 20 /INPUT 6 "b_l1_1";
    .port_info 21 /INPUT 6 "b_l1_2";
    .port_info 22 /INPUT 6 "b_l1_3";
    .port_info 23 /INPUT 6 "b_l1_4";
    .port_info 24 /INPUT 6 "w_l2_11";
    .port_info 25 /INPUT 6 "w_l2_12";
    .port_info 26 /INPUT 6 "w_l2_21";
    .port_info 27 /INPUT 6 "w_l2_22";
    .port_info 28 /INPUT 6 "w_l2_31";
    .port_info 29 /INPUT 6 "w_l2_32";
    .port_info 30 /INPUT 6 "w_l2_41";
    .port_info 31 /INPUT 6 "w_l2_42";
    .port_info 32 /INPUT 6 "b_l2_1";
    .port_info 33 /INPUT 6 "b_l2_2";
    .port_info 34 /INPUT 6 "w_l3_11";
    .port_info 35 /INPUT 6 "w_l3_21";
    .port_info 36 /INPUT 6 "b_l3_1";
    .port_info 37 /INPUT 6 "w_l4_11";
    .port_info 38 /INPUT 6 "b_l4_1";
    .port_info 39 /INPUT 6 "w_l5_11";
    .port_info 40 /INPUT 6 "b_l5_1";
    .port_info 41 /INPUT 6 "w_l6_11";
    .port_info 42 /INPUT 6 "w_l6_12";
    .port_info 43 /INPUT 6 "b_l6_1";
    .port_info 44 /INPUT 6 "b_l6_2";
    .port_info 45 /INPUT 6 "w_l7_11";
    .port_info 46 /INPUT 6 "w_l7_12";
    .port_info 47 /INPUT 6 "w_l7_13";
    .port_info 48 /INPUT 6 "w_l7_14";
    .port_info 49 /INPUT 6 "w_l7_21";
    .port_info 50 /INPUT 6 "w_l7_22";
    .port_info 51 /INPUT 6 "w_l7_23";
    .port_info 52 /INPUT 6 "w_l7_24";
    .port_info 53 /INPUT 6 "b_l7_1";
    .port_info 54 /INPUT 6 "b_l7_2";
    .port_info 55 /INPUT 6 "b_l7_3";
    .port_info 56 /INPUT 6 "b_l7_4";
    .port_info 57 /INPUT 6 "w_l8_11";
    .port_info 58 /INPUT 6 "w_l8_12";
    .port_info 59 /INPUT 6 "w_l8_13";
    .port_info 60 /INPUT 6 "w_l8_14";
    .port_info 61 /INPUT 6 "w_l8_21";
    .port_info 62 /INPUT 6 "w_l8_22";
    .port_info 63 /INPUT 6 "w_l8_23";
    .port_info 64 /INPUT 6 "w_l8_24";
    .port_info 65 /INPUT 6 "w_l8_31";
    .port_info 66 /INPUT 6 "w_l8_32";
    .port_info 67 /INPUT 6 "w_l8_33";
    .port_info 68 /INPUT 6 "w_l8_34";
    .port_info 69 /INPUT 6 "w_l8_41";
    .port_info 70 /INPUT 6 "w_l8_42";
    .port_info 71 /INPUT 6 "w_l8_43";
    .port_info 72 /INPUT 6 "w_l8_44";
    .port_info 73 /INPUT 6 "b_l8_1";
    .port_info 74 /INPUT 6 "b_l8_2";
    .port_info 75 /INPUT 6 "b_l8_3";
    .port_info 76 /INPUT 6 "b_l8_4";
    .port_info 77 /OUTPUT 32 "f1";
    .port_info 78 /OUTPUT 32 "f2";
    .port_info 79 /OUTPUT 32 "f3";
    .port_info 80 /OUTPUT 32 "f4";
    .port_info 81 /INPUT 1 "Start";
    .port_info 82 /INPUT 1 "Reset";
    .port_info 83 /INPUT 1 "Clock";
o0000025761bf00b8 .functor BUFZ 1, C4<z>; HiZ drive
v0000025761c43b10_0 .net "Clock", 0 0, o0000025761bf00b8;  0 drivers
o0000025761bf0a78 .functor BUFZ 1, C4<z>; HiZ drive
v0000025761c43bb0_0 .net "Reset", 0 0, o0000025761bf0a78;  0 drivers
o0000025761bf0aa8 .functor BUFZ 1, C4<z>; HiZ drive
v0000025761c43c50_0 .net "Start", 0 0, o0000025761bf0aa8;  0 drivers
o0000025761bf2fc8 .functor BUFZ 6, C4<zzzzzz>; HiZ drive
v0000025761c456c0_0 .net/s "b_l1_1", 5 0, o0000025761bf2fc8;  0 drivers
o0000025761bf2ff8 .functor BUFZ 6, C4<zzzzzz>; HiZ drive
v0000025761c44180_0 .net/s "b_l1_2", 5 0, o0000025761bf2ff8;  0 drivers
o0000025761bf3028 .functor BUFZ 6, C4<zzzzzz>; HiZ drive
v0000025761c454e0_0 .net/s "b_l1_3", 5 0, o0000025761bf3028;  0 drivers
o0000025761bf3058 .functor BUFZ 6, C4<zzzzzz>; HiZ drive
v0000025761c447c0_0 .net/s "b_l1_4", 5 0, o0000025761bf3058;  0 drivers
o0000025761bf3088 .functor BUFZ 6, C4<zzzzzz>; HiZ drive
v0000025761c442c0_0 .net/s "b_l2_1", 5 0, o0000025761bf3088;  0 drivers
o0000025761bf30b8 .functor BUFZ 6, C4<zzzzzz>; HiZ drive
v0000025761c45d00_0 .net/s "b_l2_2", 5 0, o0000025761bf30b8;  0 drivers
o0000025761bf30e8 .functor BUFZ 6, C4<zzzzzz>; HiZ drive
v0000025761c45760_0 .net/s "b_l3_1", 5 0, o0000025761bf30e8;  0 drivers
o0000025761bf3118 .functor BUFZ 6, C4<zzzzzz>; HiZ drive
v0000025761c44cc0_0 .net/s "b_l4_1", 5 0, o0000025761bf3118;  0 drivers
o0000025761bf3148 .functor BUFZ 6, C4<zzzzzz>; HiZ drive
v0000025761c44860_0 .net/s "b_l5_1", 5 0, o0000025761bf3148;  0 drivers
o0000025761bf3178 .functor BUFZ 6, C4<zzzzzz>; HiZ drive
v0000025761c44680_0 .net/s "b_l6_1", 5 0, o0000025761bf3178;  0 drivers
o0000025761bf31a8 .functor BUFZ 6, C4<zzzzzz>; HiZ drive
v0000025761c45940_0 .net/s "b_l6_2", 5 0, o0000025761bf31a8;  0 drivers
o0000025761bf31d8 .functor BUFZ 6, C4<zzzzzz>; HiZ drive
v0000025761c44c20_0 .net/s "b_l7_1", 5 0, o0000025761bf31d8;  0 drivers
o0000025761bf3208 .functor BUFZ 6, C4<zzzzzz>; HiZ drive
v0000025761c44a40_0 .net/s "b_l7_2", 5 0, o0000025761bf3208;  0 drivers
o0000025761bf3238 .functor BUFZ 6, C4<zzzzzz>; HiZ drive
v0000025761c44d60_0 .net/s "b_l7_3", 5 0, o0000025761bf3238;  0 drivers
o0000025761bf3268 .functor BUFZ 6, C4<zzzzzz>; HiZ drive
v0000025761c45a80_0 .net/s "b_l7_4", 5 0, o0000025761bf3268;  0 drivers
o0000025761bf3298 .functor BUFZ 6, C4<zzzzzz>; HiZ drive
v0000025761c45c60_0 .net/s "b_l8_1", 5 0, o0000025761bf3298;  0 drivers
o0000025761bf32c8 .functor BUFZ 6, C4<zzzzzz>; HiZ drive
v0000025761c44ae0_0 .net/s "b_l8_2", 5 0, o0000025761bf32c8;  0 drivers
o0000025761bf32f8 .functor BUFZ 6, C4<zzzzzz>; HiZ drive
v0000025761c44900_0 .net/s "b_l8_3", 5 0, o0000025761bf32f8;  0 drivers
o0000025761bf3328 .functor BUFZ 6, C4<zzzzzz>; HiZ drive
v0000025761c451c0_0 .net/s "b_l8_4", 5 0, o0000025761bf3328;  0 drivers
v0000025761c45260_0 .net "bias_mem_out", 31 0, L_0000025761be5720;  1 drivers
v0000025761c45300_0 .net "control_signals", 9 0, v0000025761be8b60_0;  1 drivers
v0000025761c44220_0 .net/s "f1", 31 0, L_0000025761c97ae0;  1 drivers
v0000025761c45ee0_0 .net/s "f2", 31 0, L_0000025761c961e0;  1 drivers
v0000025761c45da0_0 .net/s "f3", 31 0, L_0000025761c97a40;  1 drivers
v0000025761c45bc0_0 .net/s "f4", 31 0, L_0000025761c97900;  1 drivers
v0000025761c45440_0 .net/s "input_concat", 127 0, L_0000025761c49280;  1 drivers
v0000025761c45800_0 .var "input_reg", 127 0;
v0000025761c44720_0 .net "mux_out", 127 0, v0000025761c43890_0;  1 drivers
v0000025761c44fe0_0 .net/s "neuron_out", 31 0, L_0000025761be5db0;  1 drivers
v0000025761c453a0_0 .net "o_count_out", 2 0, v0000025761c407a0_0;  1 drivers
o0000025761bf14c8 .functor BUFZ 128, C4<zzzzzzzzzzzzzzzzzzzzzzzzzzzzzzzzzzzzzzzzzzzzzzzzzzzzzzzzzzzzzzzzzzzzzzzzzzzzzzzzzzzzzzzzzzzzzzzzzzzzzzzzzzzzzzzzzzzzzzzzzzzzzzzz>; HiZ drive
v0000025761c44360_0 .net "output_mem_out", 127 0, o0000025761bf14c8;  0 drivers
o0000025761bf3448 .functor BUFZ 6, C4<zzzzzz>; HiZ drive
v0000025761c45f80_0 .net/s "w_l1_11", 5 0, o0000025761bf3448;  0 drivers
o0000025761bf3478 .functor BUFZ 6, C4<zzzzzz>; HiZ drive
v0000025761c45e40_0 .net/s "w_l1_12", 5 0, o0000025761bf3478;  0 drivers
o0000025761bf34a8 .functor BUFZ 6, C4<zzzzzz>; HiZ drive
v0000025761c46020_0 .net/s "w_l1_13", 5 0, o0000025761bf34a8;  0 drivers
o0000025761bf34d8 .functor BUFZ 6, C4<zzzzzz>; HiZ drive
v0000025761c45580_0 .net/s "w_l1_14", 5 0, o0000025761bf34d8;  0 drivers
o0000025761bf3508 .functor BUFZ 6, C4<zzzzzz>; HiZ drive
v0000025761c458a0_0 .net/s "w_l1_21", 5 0, o0000025761bf3508;  0 drivers
o0000025761bf3538 .functor BUFZ 6, C4<zzzzzz>; HiZ drive
v0000025761c449a0_0 .net/s "w_l1_22", 5 0, o0000025761bf3538;  0 drivers
o0000025761bf3568 .functor BUFZ 6, C4<zzzzzz>; HiZ drive
v0000025761c45080_0 .net/s "w_l1_23", 5 0, o0000025761bf3568;  0 drivers
o0000025761bf3598 .functor BUFZ 6, C4<zzzzzz>; HiZ drive
v0000025761c44400_0 .net/s "w_l1_24", 5 0, o0000025761bf3598;  0 drivers
o0000025761bf35c8 .functor BUFZ 6, C4<zzzzzz>; HiZ drive
v0000025761c444a0_0 .net/s "w_l1_31", 5 0, o0000025761bf35c8;  0 drivers
o0000025761bf35f8 .functor BUFZ 6, C4<zzzzzz>; HiZ drive
v0000025761c44e00_0 .net/s "w_l1_32", 5 0, o0000025761bf35f8;  0 drivers
o0000025761bf3628 .functor BUFZ 6, C4<zzzzzz>; HiZ drive
v0000025761c44f40_0 .net/s "w_l1_33", 5 0, o0000025761bf3628;  0 drivers
o0000025761bf3658 .functor BUFZ 6, C4<zzzzzz>; HiZ drive
v0000025761c45120_0 .net/s "w_l1_34", 5 0, o0000025761bf3658;  0 drivers
o0000025761bf3688 .functor BUFZ 6, C4<zzzzzz>; HiZ drive
v0000025761c44540_0 .net/s "w_l1_41", 5 0, o0000025761bf3688;  0 drivers
o0000025761bf36b8 .functor BUFZ 6, C4<zzzzzz>; HiZ drive
v0000025761c459e0_0 .net/s "w_l1_42", 5 0, o0000025761bf36b8;  0 drivers
o0000025761bf36e8 .functor BUFZ 6, C4<zzzzzz>; HiZ drive
v0000025761c45620_0 .net/s "w_l1_43", 5 0, o0000025761bf36e8;  0 drivers
o0000025761bf3718 .functor BUFZ 6, C4<zzzzzz>; HiZ drive
v0000025761c45b20_0 .net/s "w_l1_44", 5 0, o0000025761bf3718;  0 drivers
o0000025761bf3748 .functor BUFZ 6, C4<zzzzzz>; HiZ drive
v0000025761c44b80_0 .net/s "w_l2_11", 5 0, o0000025761bf3748;  0 drivers
o0000025761bf3778 .functor BUFZ 6, C4<zzzzzz>; HiZ drive
v0000025761c445e0_0 .net/s "w_l2_12", 5 0, o0000025761bf3778;  0 drivers
o0000025761bf37a8 .functor BUFZ 6, C4<zzzzzz>; HiZ drive
v0000025761c44ea0_0 .net/s "w_l2_21", 5 0, o0000025761bf37a8;  0 drivers
o0000025761bf37d8 .functor BUFZ 6, C4<zzzzzz>; HiZ drive
v0000025761c465f0_0 .net/s "w_l2_22", 5 0, o0000025761bf37d8;  0 drivers
o0000025761bf3808 .functor BUFZ 6, C4<zzzzzz>; HiZ drive
v0000025761c476d0_0 .net/s "w_l2_31", 5 0, o0000025761bf3808;  0 drivers
o0000025761bf3838 .functor BUFZ 6, C4<zzzzzz>; HiZ drive
v0000025761c46af0_0 .net/s "w_l2_32", 5 0, o0000025761bf3838;  0 drivers
o0000025761bf3868 .functor BUFZ 6, C4<zzzzzz>; HiZ drive
v0000025761c47db0_0 .net/s "w_l2_41", 5 0, o0000025761bf3868;  0 drivers
o0000025761bf3898 .functor BUFZ 6, C4<zzzzzz>; HiZ drive
v0000025761c46ff0_0 .net/s "w_l2_42", 5 0, o0000025761bf3898;  0 drivers
o0000025761bf38c8 .functor BUFZ 6, C4<zzzzzz>; HiZ drive
v0000025761c47770_0 .net/s "w_l3_11", 5 0, o0000025761bf38c8;  0 drivers
o0000025761bf38f8 .functor BUFZ 6, C4<zzzzzz>; HiZ drive
v0000025761c48030_0 .net/s "w_l3_21", 5 0, o0000025761bf38f8;  0 drivers
o0000025761bf3928 .functor BUFZ 6, C4<zzzzzz>; HiZ drive
v0000025761c46870_0 .net/s "w_l4_11", 5 0, o0000025761bf3928;  0 drivers
o0000025761bf3958 .functor BUFZ 6, C4<zzzzzz>; HiZ drive
v0000025761c46410_0 .net/s "w_l5_11", 5 0, o0000025761bf3958;  0 drivers
o0000025761bf3988 .functor BUFZ 6, C4<zzzzzz>; HiZ drive
v0000025761c464b0_0 .net/s "w_l6_11", 5 0, o0000025761bf3988;  0 drivers
o0000025761bf39b8 .functor BUFZ 6, C4<zzzzzz>; HiZ drive
v0000025761c462d0_0 .net/s "w_l6_12", 5 0, o0000025761bf39b8;  0 drivers
o0000025761bf39e8 .functor BUFZ 6, C4<zzzzzz>; HiZ drive
v0000025761c47590_0 .net/s "w_l7_11", 5 0, o0000025761bf39e8;  0 drivers
o0000025761bf3a18 .functor BUFZ 6, C4<zzzzzz>; HiZ drive
v0000025761c47450_0 .net/s "w_l7_12", 5 0, o0000025761bf3a18;  0 drivers
o0000025761bf3a48 .functor BUFZ 6, C4<zzzzzz>; HiZ drive
v0000025761c47950_0 .net/s "w_l7_13", 5 0, o0000025761bf3a48;  0 drivers
o0000025761bf3a78 .functor BUFZ 6, C4<zzzzzz>; HiZ drive
v0000025761c46730_0 .net/s "w_l7_14", 5 0, o0000025761bf3a78;  0 drivers
o0000025761bf3aa8 .functor BUFZ 6, C4<zzzzzz>; HiZ drive
v0000025761c46910_0 .net/s "w_l7_21", 5 0, o0000025761bf3aa8;  0 drivers
o0000025761bf3ad8 .functor BUFZ 6, C4<zzzzzz>; HiZ drive
v0000025761c46cd0_0 .net/s "w_l7_22", 5 0, o0000025761bf3ad8;  0 drivers
o0000025761bf3b08 .functor BUFZ 6, C4<zzzzzz>; HiZ drive
v0000025761c469b0_0 .net/s "w_l7_23", 5 0, o0000025761bf3b08;  0 drivers
o0000025761bf3b38 .functor BUFZ 6, C4<zzzzzz>; HiZ drive
v0000025761c46690_0 .net/s "w_l7_24", 5 0, o0000025761bf3b38;  0 drivers
o0000025761bf3b68 .functor BUFZ 6, C4<zzzzzz>; HiZ drive
v0000025761c467d0_0 .net/s "w_l8_11", 5 0, o0000025761bf3b68;  0 drivers
o0000025761bf3b98 .functor BUFZ 6, C4<zzzzzz>; HiZ drive
v0000025761c46370_0 .net/s "w_l8_12", 5 0, o0000025761bf3b98;  0 drivers
o0000025761bf3bc8 .functor BUFZ 6, C4<zzzzzz>; HiZ drive
v0000025761c46a50_0 .net/s "w_l8_13", 5 0, o0000025761bf3bc8;  0 drivers
o0000025761bf3bf8 .functor BUFZ 6, C4<zzzzzz>; HiZ drive
v0000025761c47f90_0 .net/s "w_l8_14", 5 0, o0000025761bf3bf8;  0 drivers
o0000025761bf3c28 .functor BUFZ 6, C4<zzzzzz>; HiZ drive
v0000025761c46e10_0 .net/s "w_l8_21", 5 0, o0000025761bf3c28;  0 drivers
o0000025761bf3c58 .functor BUFZ 6, C4<zzzzzz>; HiZ drive
v0000025761c47270_0 .net/s "w_l8_22", 5 0, o0000025761bf3c58;  0 drivers
o0000025761bf3c88 .functor BUFZ 6, C4<zzzzzz>; HiZ drive
v0000025761c47e50_0 .net/s "w_l8_23", 5 0, o0000025761bf3c88;  0 drivers
o0000025761bf3cb8 .functor BUFZ 6, C4<zzzzzz>; HiZ drive
v0000025761c46b90_0 .net/s "w_l8_24", 5 0, o0000025761bf3cb8;  0 drivers
o0000025761bf3ce8 .functor BUFZ 6, C4<zzzzzz>; HiZ drive
v0000025761c47ef0_0 .net/s "w_l8_31", 5 0, o0000025761bf3ce8;  0 drivers
o0000025761bf3d18 .functor BUFZ 6, C4<zzzzzz>; HiZ drive
v0000025761c46550_0 .net/s "w_l8_32", 5 0, o0000025761bf3d18;  0 drivers
o0000025761bf3d48 .functor BUFZ 6, C4<zzzzzz>; HiZ drive
v0000025761c47a90_0 .net/s "w_l8_33", 5 0, o0000025761bf3d48;  0 drivers
o0000025761bf3d78 .functor BUFZ 6, C4<zzzzzz>; HiZ drive
v0000025761c479f0_0 .net/s "w_l8_34", 5 0, o0000025761bf3d78;  0 drivers
o0000025761bf3da8 .functor BUFZ 6, C4<zzzzzz>; HiZ drive
v0000025761c47090_0 .net/s "w_l8_41", 5 0, o0000025761bf3da8;  0 drivers
o0000025761bf3dd8 .functor BUFZ 6, C4<zzzzzz>; HiZ drive
v0000025761c46c30_0 .net/s "w_l8_42", 5 0, o0000025761bf3dd8;  0 drivers
o0000025761bf3e08 .functor BUFZ 6, C4<zzzzzz>; HiZ drive
v0000025761c47b30_0 .net/s "w_l8_43", 5 0, o0000025761bf3e08;  0 drivers
o0000025761bf3e38 .functor BUFZ 6, C4<zzzzzz>; HiZ drive
v0000025761c46d70_0 .net/s "w_l8_44", 5 0, o0000025761bf3e38;  0 drivers
v0000025761c46190_0 .net "wb_count_out", 4 0, v0000025761c40d40_0;  1 drivers
v0000025761c46eb0_0 .net "weight_mem_out", 127 0, L_0000025761be55d0;  1 drivers
o0000025761bf3e68 .functor BUFZ 6, C4<zzzzzz>; HiZ drive
v0000025761c46f50_0 .net/s "x1", 5 0, o0000025761bf3e68;  0 drivers
v0000025761c47bd0_0 .net/s "x1_concat", 31 0, L_0000025761c478b0;  1 drivers
o0000025761bf3ec8 .functor BUFZ 6, C4<zzzzzz>; HiZ drive
v0000025761c474f0_0 .net/s "x2", 5 0, o0000025761bf3ec8;  0 drivers
v0000025761c47810_0 .net/s "x2_concat", 31 0, L_0000025761c49320;  1 drivers
o0000025761bf3f28 .functor BUFZ 6, C4<zzzzzz>; HiZ drive
v0000025761c47c70_0 .net/s "x3", 5 0, o0000025761bf3f28;  0 drivers
v0000025761c47130_0 .net/s "x3_concat", 31 0, L_0000025761c49460;  1 drivers
o0000025761bf3f88 .functor BUFZ 6, C4<zzzzzz>; HiZ drive
v0000025761c47d10_0 .net/s "x4", 5 0, o0000025761bf3f88;  0 drivers
v0000025761c47630_0 .net/s "x4_concat", 31 0, L_0000025761c49a00;  1 drivers
L_0000025761c46230 .part v0000025761be8b60_0, 3, 1;
L_0000025761c471d0 .part v0000025761be8b60_0, 1, 1;
L_0000025761c47310 .part v0000025761be8b60_0, 2, 1;
L_0000025761c473b0 .part v0000025761be8b60_0, 0, 1;
L_0000025761c478b0 .extend/s 32, o0000025761bf3e68;
L_0000025761c49320 .extend/s 32, o0000025761bf3ec8;
L_0000025761c49460 .extend/s 32, o0000025761bf3f28;
L_0000025761c49a00 .extend/s 32, o0000025761bf3f88;
L_0000025761c49280 .concat [ 32 32 32 32], L_0000025761c49a00, L_0000025761c49460, L_0000025761c49320, L_0000025761c478b0;
L_0000025761c48e20 .part v0000025761be8b60_0, 9, 1;
L_0000025761c49fa0 .part v0000025761be8b60_0, 6, 1;
L_0000025761c48c40 .part v0000025761be8b60_0, 8, 1;
L_0000025761c48740 .extend/s 32, o0000025761bf3448;
L_0000025761c48600 .extend/s 32, o0000025761bf3478;
L_0000025761c48420 .extend/s 32, o0000025761bf34a8;
L_0000025761c49500 .extend/s 32, o0000025761bf34d8;
L_0000025761c49d20 .extend/s 32, o0000025761bf3508;
L_0000025761c48b00 .extend/s 32, o0000025761bf3538;
L_0000025761c49780 .extend/s 32, o0000025761bf3568;
L_0000025761c48d80 .extend/s 32, o0000025761bf3598;
L_0000025761c4a040 .extend/s 32, o0000025761bf35c8;
L_0000025761c49b40 .extend/s 32, o0000025761bf35f8;
L_0000025761c49be0 .extend/s 32, o0000025761bf3628;
L_0000025761c48ce0 .extend/s 32, o0000025761bf3658;
L_0000025761c49dc0 .extend/s 32, o0000025761bf3688;
L_0000025761c48ec0 .extend/s 32, o0000025761bf36b8;
L_0000025761c489c0 .extend/s 32, o0000025761bf36e8;
L_0000025761c49e60 .extend/s 32, o0000025761bf3718;
L_0000025761c486a0 .extend/s 32, o0000025761bf3748;
L_0000025761c49f00 .extend/s 32, o0000025761bf3778;
L_0000025761c493c0 .extend/s 32, o0000025761bf37a8;
L_0000025761c49000 .extend/s 32, o0000025761bf37d8;
L_0000025761c481a0 .extend/s 32, o0000025761bf3808;
L_0000025761c48f60 .extend/s 32, o0000025761bf3838;
L_0000025761c48240 .extend/s 32, o0000025761bf3868;
L_0000025761c49640 .extend/s 32, o0000025761bf3898;
L_0000025761c482e0 .extend/s 32, o0000025761bf38c8;
L_0000025761c490a0 .extend/s 32, o0000025761bf38f8;
L_0000025761c48380 .extend/s 32, o0000025761bf3928;
L_0000025761c495a0 .extend/s 32, o0000025761bf3958;
L_0000025761c484c0 .extend/s 32, o0000025761bf3988;
L_0000025761c487e0 .extend/s 32, o0000025761bf39b8;
L_0000025761c49960 .extend/s 32, o0000025761bf39e8;
L_0000025761c496e0 .extend/s 32, o0000025761bf3a18;
L_0000025761c49820 .extend/s 32, o0000025761bf3a48;
L_0000025761c48560 .extend/s 32, o0000025761bf3a78;
L_0000025761c498c0 .extend/s 32, o0000025761bf3aa8;
L_0000025761c48880 .extend/s 32, o0000025761bf3ad8;
L_0000025761c48a60 .extend/s 32, o0000025761bf3b08;
L_0000025761c49140 .extend/s 32, o0000025761bf3b38;
L_0000025761c48920 .extend/s 32, o0000025761bf3b68;
L_0000025761c48ba0 .extend/s 32, o0000025761bf3b98;
L_0000025761c491e0 .extend/s 32, o0000025761bf3bc8;
L_0000025761c93980 .extend/s 32, o0000025761bf3bf8;
L_0000025761c93f20 .extend/s 32, o0000025761bf3c28;
L_0000025761c92580 .extend/s 32, o0000025761bf3c58;
L_0000025761c93700 .extend/s 32, o0000025761bf3c88;
L_0000025761c921c0 .extend/s 32, o0000025761bf3cb8;
L_0000025761c932a0 .extend/s 32, o0000025761bf3ce8;
L_0000025761c92760 .extend/s 32, o0000025761bf3d18;
L_0000025761c92ee0 .extend/s 32, o0000025761bf3d48;
L_0000025761c94060 .extend/s 32, o0000025761bf3d78;
L_0000025761c92e40 .extend/s 32, o0000025761bf3da8;
L_0000025761c933e0 .extend/s 32, o0000025761bf3dd8;
L_0000025761c93de0 .extend/s 32, o0000025761bf3e08;
L_0000025761c93ca0 .extend/s 32, o0000025761bf3e38;
L_0000025761c93d40 .part v0000025761be8b60_0, 5, 1;
L_0000025761c938e0 .part v0000025761be8b60_0, 8, 1;
L_0000025761c93b60 .extend/s 32, o0000025761bf2fc8;
L_0000025761c937a0 .extend/s 32, o0000025761bf2ff8;
L_0000025761c92c60 .extend/s 32, o0000025761bf3028;
L_0000025761c92bc0 .extend/s 32, o0000025761bf3058;
L_0000025761c92260 .extend/s 32, o0000025761bf3088;
L_0000025761c92da0 .extend/s 32, o0000025761bf30b8;
L_0000025761c92d00 .extend/s 32, o0000025761bf30e8;
L_0000025761c93840 .extend/s 32, o0000025761bf3118;
L_0000025761c93a20 .extend/s 32, o0000025761bf3148;
L_0000025761c92620 .extend/s 32, o0000025761bf3178;
L_0000025761c926c0 .extend/s 32, o0000025761bf31a8;
L_0000025761c92800 .extend/s 32, o0000025761bf31d8;
L_0000025761c93c00 .extend/s 32, o0000025761bf3208;
L_0000025761c92f80 .extend/s 32, o0000025761bf3238;
L_0000025761c93fc0 .extend/s 32, o0000025761bf3268;
L_0000025761c93160 .extend/s 32, o0000025761bf3298;
L_0000025761c93e80 .extend/s 32, o0000025761bf32c8;
L_0000025761c92300 .extend/s 32, o0000025761bf32f8;
L_0000025761c92a80 .extend/s 32, o0000025761bf3328;
L_0000025761c93660 .part v0000025761be8b60_0, 4, 1;
L_0000025761c923a0 .part v0000025761be8b60_0, 8, 1;
L_0000025761c935c0 .part v0000025761c45800_0, 96, 32;
L_0000025761c93520 .part v0000025761c45800_0, 64, 32;
L_0000025761c96e60 .part v0000025761c45800_0, 32, 32;
L_0000025761c96a00 .part v0000025761c45800_0, 0, 32;
L_0000025761c97ea0 .part L_0000025761be55d0, 96, 32;
L_0000025761c97540 .part L_0000025761be55d0, 64, 32;
L_0000025761c96500 .part L_0000025761be55d0, 32, 32;
L_0000025761c96d20 .part L_0000025761be55d0, 0, 32;
L_0000025761c97ae0 .part o0000025761bf14c8, 96, 32;
L_0000025761c961e0 .part o0000025761bf14c8, 64, 32;
L_0000025761c97a40 .part o0000025761bf14c8, 32, 32;
L_0000025761c97900 .part o0000025761bf14c8, 0, 32;
S_0000025761be90e0 .scope module, "BIAS_MEM" "bias_mem" 2 128, 3 1 0, S_0000025761b42720;
 .timescale 0 0;
    .port_info 0 /INPUT 1 "En_b_mem";
    .port_info 1 /INPUT 5 "Addr_mem_b";
    .port_info 2 /INPUT 1 "Res";
    .port_info 3 /INPUT 1 "Clock";
    .port_info 4 /INPUT 32 "b_l1_1";
    .port_info 5 /INPUT 32 "b_l1_2";
    .port_info 6 /INPUT 32 "b_l1_3";
    .port_info 7 /INPUT 32 "b_l1_4";
    .port_info 8 /INPUT 32 "b_l2_1";
    .port_info 9 /INPUT 32 "b_l2_2";
    .port_info 10 /INPUT 32 "b_l3_1";
    .port_info 11 /INPUT 32 "b_l4_1";
    .port_info 12 /INPUT 32 "b_l5_1";
    .port_info 13 /INPUT 32 "b_l6_1";
    .port_info 14 /INPUT 32 "b_l6_2";
    .port_info 15 /INPUT 32 "b_l7_1";
    .port_info 16 /INPUT 32 "b_l7_2";
    .port_info 17 /INPUT 32 "b_l7_3";
    .port_info 18 /INPUT 32 "b_l7_4";
    .port_info 19 /INPUT 32 "b_l8_1";
    .port_info 20 /INPUT 32 "b_l8_2";
    .port_info 21 /INPUT 32 "b_l8_3";
    .port_info 22 /INPUT 32 "b_l8_4";
    .port_info 23 /OUTPUT 32 "mem_out";
L_0000025761be5720 .functor BUFZ 32, L_0000025761c93ac0, C4<00000000000000000000000000000000>, C4<00000000000000000000000000000000>, C4<00000000000000000000000000000000>;
v0000025761be7c60_0 .net "Addr_mem_b", 4 0, v0000025761c40d40_0;  alias, 1 drivers
v0000025761be71c0_0 .net "Clock", 0 0, o0000025761bf00b8;  alias, 0 drivers
v0000025761be7300_0 .net "En_b_mem", 0 0, L_0000025761c93d40;  1 drivers
v0000025761be8a20_0 .net "Res", 0 0, L_0000025761c938e0;  1 drivers
v0000025761be7d00_0 .net *"_ivl_0", 31 0, L_0000025761c93ac0;  1 drivers
v0000025761be87a0_0 .net *"_ivl_2", 5 0, L_0000025761c93340;  1 drivers
L_0000025761c4a1b0 .functor BUFT 1, C4<0>, C4<0>, C4<0>, C4<0>;
v0000025761be8840_0 .net *"_ivl_5", 0 0, L_0000025761c4a1b0;  1 drivers
v0000025761be7260_0 .net/s "b_l1_1", 31 0, L_0000025761c93b60;  1 drivers
v0000025761be7a80_0 .net/s "b_l1_2", 31 0, L_0000025761c937a0;  1 drivers
v0000025761be8de0_0 .net/s "b_l1_3", 31 0, L_0000025761c92c60;  1 drivers
v0000025761be7e40_0 .net/s "b_l1_4", 31 0, L_0000025761c92bc0;  1 drivers
v0000025761be8d40_0 .net/s "b_l2_1", 31 0, L_0000025761c92260;  1 drivers
v0000025761be80c0_0 .net/s "b_l2_2", 31 0, L_0000025761c92da0;  1 drivers
v0000025761be7da0_0 .net/s "b_l3_1", 31 0, L_0000025761c92d00;  1 drivers
v0000025761be8e80_0 .net/s "b_l4_1", 31 0, L_0000025761c93840;  1 drivers
v0000025761be78a0_0 .net/s "b_l5_1", 31 0, L_0000025761c93a20;  1 drivers
v0000025761be8f20_0 .net/s "b_l6_1", 31 0, L_0000025761c92620;  1 drivers
v0000025761be8520_0 .net/s "b_l6_2", 31 0, L_0000025761c926c0;  1 drivers
v0000025761be8200_0 .net/s "b_l7_1", 31 0, L_0000025761c92800;  1 drivers
v0000025761be8fc0_0 .net/s "b_l7_2", 31 0, L_0000025761c93c00;  1 drivers
v0000025761be8160_0 .net/s "b_l7_3", 31 0, L_0000025761c92f80;  1 drivers
v0000025761be73a0_0 .net/s "b_l7_4", 31 0, L_0000025761c93fc0;  1 drivers
v0000025761be88e0_0 .net/s "b_l8_1", 31 0, L_0000025761c93160;  1 drivers
v0000025761be7440_0 .net/s "b_l8_2", 31 0, L_0000025761c93e80;  1 drivers
v0000025761be82a0_0 .net/s "b_l8_3", 31 0, L_0000025761c92300;  1 drivers
v0000025761be74e0_0 .net/s "b_l8_4", 31 0, L_0000025761c92a80;  1 drivers
v0000025761be8340_0 .var/i "i", 31 0;
v0000025761be7580 .array "mem_block", 18 0, 31 0;
v0000025761be7620_0 .net "mem_out", 31 0, L_0000025761be5720;  alias, 1 drivers
E_0000025761bc9930 .event posedge, v0000025761be71c0_0;
L_0000025761c93ac0 .array/port v0000025761be7580, L_0000025761c93340;
L_0000025761c93340 .concat [ 5 1 0 0], v0000025761c40d40_0, L_0000025761c4a1b0;
S_0000025761b3dce0 .scope module, "CONTROL" "GAN_control_unit" 2 47, 4 1 0, S_0000025761b42720;
 .timescale 0 0;
    .port_info 0 /INPUT 1 "Reset";
    .port_info 1 /INPUT 1 "Start";
    .port_info 2 /INPUT 5 "Wb_count";
    .port_info 3 /INPUT 1 "Clock";
    .port_info 4 /OUTPUT 10 "Output";
P_0000025761b6b770 .param/l "S1" 0 4 13, C4<000>;
P_0000025761b6b7a8 .param/l "S2" 0 4 14, C4<001>;
P_0000025761b6b7e0 .param/l "S3" 0 4 15, C4<010>;
P_0000025761b6b818 .param/l "S4" 0 4 16, C4<011>;
P_0000025761b6b850 .param/l "S5" 0 4 17, C4<100>;
P_0000025761b6b888 .param/l "S6" 0 4 18, C4<101>;
P_0000025761b6b8c0 .param/l "state_size" 0 4 12, +C4<00000000000000000000000000000011>;
v0000025761be83e0_0 .net "Clock", 0 0, o0000025761bf00b8;  alias, 0 drivers
v0000025761be8b60_0 .var "Output", 9 0;
v0000025761be76c0_0 .net "Reset", 0 0, o0000025761bf0a78;  alias, 0 drivers
v0000025761be8480_0 .net "Start", 0 0, o0000025761bf0aa8;  alias, 0 drivers
v0000025761be7760_0 .net "Wb_count", 4 0, v0000025761c40d40_0;  alias, 1 drivers
v0000025761be7800_0 .var "state", 2 0;
E_0000025761bc9f30 .event anyedge, v0000025761be7800_0;
S_0000025761b6b900 .scope module, "NEURON" "neuron_4input_baseline" 2 157, 5 3 0, S_0000025761b42720;
 .timescale 0 0;
    .port_info 0 /INPUT 32 "x1";
    .port_info 1 /INPUT 32 "x2";
    .port_info 2 /INPUT 32 "x3";
    .port_info 3 /INPUT 32 "x4";
    .port_info 4 /INPUT 32 "w1";
    .port_info 5 /INPUT 32 "w2";
    .port_info 6 /INPUT 32 "w3";
    .port_info 7 /INPUT 32 "w4";
    .port_info 8 /INPUT 32 "b";
    .port_info 9 /OUTPUT 32 "f";
L_0000025761be5db0 .functor BUFZ 32, v0000025761be8660_0, C4<00000000000000000000000000000000>, C4<00000000000000000000000000000000>, C4<00000000000000000000000000000000>;
v0000025761be7f80_0 .net/s "b", 31 0, L_0000025761be5720;  alias, 1 drivers
v0000025761be7ee0_0 .net/s "f", 31 0, L_0000025761be5db0;  alias, 1 drivers
v0000025761be79e0_0 .net/s "output_before_bias", 31 0, L_0000025761c93200;  1 drivers
v0000025761be7b20_0 .net/s "output_bias", 31 0, L_0000025761c93480;  1 drivers
v0000025761be8700_0 .net/s "output_relu", 31 0, v0000025761be8660_0;  1 drivers
v0000025761be8980_0 .net/s "output_x1x2", 31 0, L_0000025761c930c0;  1 drivers
v0000025761be8c00_0 .net/s "output_x3x4", 31 0, L_0000025761c92b20;  1 drivers
v0000025761be8020_0 .net/s "w1", 31 0, L_0000025761c97ea0;  1 drivers
v0000025761bc2f70_0 .net/s "w1x1", 31 0, L_0000025761c92440;  1 drivers
v0000025761bc3330_0 .net/s "w2", 31 0, L_0000025761c97540;  1 drivers
v0000025761c41100_0 .net/s "w2x2", 31 0, L_0000025761c93020;  1 drivers
v0000025761c41740_0 .net/s "w3", 31 0, L_0000025761c96500;  1 drivers
v0000025761c41a60_0 .net/s "w3x3", 31 0, L_0000025761c929e0;  1 drivers
v0000025761c41ec0_0 .net/s "w4", 31 0, L_0000025761c96d20;  1 drivers
v0000025761c414c0_0 .net/s "w4x4", 31 0, L_0000025761c924e0;  1 drivers
v0000025761c41b00_0 .net/s "x1", 31 0, L_0000025761c935c0;  1 drivers
v0000025761c41ba0_0 .net/s "x2", 31 0, L_0000025761c93520;  1 drivers
v0000025761c40c00_0 .net/s "x3", 31 0, L_0000025761c96e60;  1 drivers
v0000025761c41c40_0 .net/s "x4", 31 0, L_0000025761c96a00;  1 drivers
L_0000025761c92440 .arith/mult 32, L_0000025761c97ea0, L_0000025761c935c0;
L_0000025761c93020 .arith/mult 32, L_0000025761c97540, L_0000025761c93520;
L_0000025761c929e0 .arith/mult 32, L_0000025761c96500, L_0000025761c96e60;
L_0000025761c924e0 .arith/mult 32, L_0000025761c96d20, L_0000025761c96a00;
L_0000025761c930c0 .arith/sum 32, L_0000025761c92440, L_0000025761c93020;
L_0000025761c92b20 .arith/sum 32, L_0000025761c929e0, L_0000025761c924e0;
L_0000025761c93200 .arith/sum 32, L_0000025761c930c0, L_0000025761c92b20;
L_0000025761c93480 .arith/sum 32, L_0000025761c93200, L_0000025761be5720;
S_0000025761b752f0 .scope module, "RELU" "relu_32b4" 5 35, 6 1 0, S_0000025761b6b900;
 .timescale 0 0;
    .port_info 0 /INPUT 32 "a";
    .port_info 1 /OUTPUT 32 "b";
v0000025761be7940_0 .net/s "a", 31 0, L_0000025761c93480;  alias, 1 drivers
v0000025761be85c0_0 .net/s "b", 31 0, v0000025761be8660_0;  alias, 1 drivers
v0000025761be8660_0 .var/s "f", 31 0;
E_0000025761bc9db0 .event anyedge, v0000025761be7940_0;
S_0000025761b75480 .scope module, "OUTPUT_COUNTER" "output_counter" 2 66, 7 1 0, S_0000025761b42720;
 .timescale 0 0;
    .port_info 0 /INPUT 1 "En_o_count";
    .port_info 1 /INPUT 1 "Res_o_count";
    .port_info 2 /INPUT 1 "Clock";
    .port_info 3 /OUTPUT 3 "o_count_out";
v0000025761c40ca0_0 .net "Clock", 0 0, o0000025761bf00b8;  alias, 0 drivers
v0000025761c40980_0 .net "En_o_count", 0 0, L_0000025761c47310;  1 drivers
v0000025761c405c0_0 .net "Res_o_count", 0 0, L_0000025761c473b0;  1 drivers
v0000025761c407a0_0 .var "o_count_out", 2 0;
S_0000025761b36290 .scope module, "OUTPUT_MEM" "output_mem" 2 146, 8 1 0, S_0000025761b42720;
 .timescale 0 0;
    .port_info 0 /INPUT 1 "En_out_mem";
    .port_info 1 /INPUT 3 "Addr_mem_o";
    .port_info 2 /INPUT 1 "Res";
    .port_info 3 /INPUT 1 "Clock";
    .port_info 4 /INPUT 32 "in_data";
    .port_info 5 /OUTPUT 128 "out_data";
v0000025761c40de0_0 .net "Addr_mem_o", 2 0, v0000025761c407a0_0;  alias, 1 drivers
v0000025761c419c0_0 .net "Clock", 0 0, o0000025761bf00b8;  alias, 0 drivers
v0000025761c41d80_0 .net "En_out_mem", 0 0, L_0000025761c93660;  1 drivers
v0000025761c40a20_0 .net "Res", 0 0, L_0000025761c923a0;  1 drivers
v0000025761c40e80_0 .net *"_ivl_4", 127 0, L_0000025761c928a0;  1 drivers
v0000025761c403e0_0 .var/i "i", 31 0;
v0000025761c41ce0_0 .net "in_data", 31 0, L_0000025761be5db0;  alias, 1 drivers
v0000025761c41920 .array "mem_block", 3 0, 31 0;
v0000025761c40f20_0 .net "mem_out", 0 0, L_0000025761c92940;  1 drivers
v0000025761c416a0_0 .net "out_data", 127 0, o0000025761bf14c8;  alias, 0 drivers
v0000025761c41920_3 .array/port v0000025761c41920, 3;
v0000025761c41920_2 .array/port v0000025761c41920, 2;
v0000025761c41920_1 .array/port v0000025761c41920, 1;
v0000025761c41920_0 .array/port v0000025761c41920, 0;
L_0000025761c928a0 .concat [ 32 32 32 32], v0000025761c41920_3, v0000025761c41920_2, v0000025761c41920_1, v0000025761c41920_0;
L_0000025761c92940 .part L_0000025761c928a0, 0, 1;
S_0000025761b36420 .scope module, "WB_COUNT" "wb_counter" 2 57, 9 1 0, S_0000025761b42720;
 .timescale 0 0;
    .port_info 0 /INPUT 1 "En_wb_count";
    .port_info 1 /INPUT 1 "Res_wb_count";
    .port_info 2 /INPUT 1 "Clock";
    .port_info 3 /OUTPUT 5 "wb_count_out";
v0000025761c417e0_0 .net "Clock", 0 0, o0000025761bf00b8;  alias, 0 drivers
v0000025761c40160_0 .net "En_wb_count", 0 0, L_0000025761c46230;  1 drivers
v0000025761c41560_0 .net "Res_wb_count", 0 0, L_0000025761c471d0;  1 drivers
v0000025761c40d40_0 .var "wb_count_out", 4 0;
S_0000025761b3ad80 .scope module, "WEIGHT_MEM" "weight_mem" 2 110, 10 1 0, S_0000025761b42720;
 .timescale 0 0;
    .port_info 0 /INPUT 1 "En_w_mem";
    .port_info 1 /INPUT 5 "Addr_mem_w";
    .port_info 2 /INPUT 1 "Res";
    .port_info 3 /INPUT 1 "Clock";
    .port_info 4 /INPUT 32 "w_l1_11";
    .port_info 5 /INPUT 32 "w_l1_12";
    .port_info 6 /INPUT 32 "w_l1_13";
    .port_info 7 /INPUT 32 "w_l1_14";
    .port_info 8 /INPUT 32 "w_l1_21";
    .port_info 9 /INPUT 32 "w_l1_22";
    .port_info 10 /INPUT 32 "w_l1_23";
    .port_info 11 /INPUT 32 "w_l1_24";
    .port_info 12 /INPUT 32 "w_l1_31";
    .port_info 13 /INPUT 32 "w_l1_32";
    .port_info 14 /INPUT 32 "w_l1_33";
    .port_info 15 /INPUT 32 "w_l1_34";
    .port_info 16 /INPUT 32 "w_l1_41";
    .port_info 17 /INPUT 32 "w_l1_42";
    .port_info 18 /INPUT 32 "w_l1_43";
    .port_info 19 /INPUT 32 "w_l1_44";
    .port_info 20 /INPUT 32 "w_l2_11";
    .port_info 21 /INPUT 32 "w_l2_12";
    .port_info 22 /INPUT 32 "w_l2_21";
    .port_info 23 /INPUT 32 "w_l2_22";
    .port_info 24 /INPUT 32 "w_l2_31";
    .port_info 25 /INPUT 32 "w_l2_32";
    .port_info 26 /INPUT 32 "w_l2_41";
    .port_info 27 /INPUT 32 "w_l2_42";
    .port_info 28 /INPUT 32 "w_l3_11";
    .port_info 29 /INPUT 32 "w_l3_21";
    .port_info 30 /INPUT 32 "w_l4_11";
    .port_info 31 /INPUT 32 "w_l5_11";
    .port_info 32 /INPUT 32 "w_l6_11";
    .port_info 33 /INPUT 32 "w_l6_12";
    .port_info 34 /INPUT 32 "b_l6_1";
    .port_info 35 /INPUT 32 "b_l6_2";
    .port_info 36 /INPUT 32 "w_l7_11";
    .port_info 37 /INPUT 32 "w_l7_12";
    .port_info 38 /INPUT 32 "w_l7_13";
    .port_info 39 /INPUT 32 "w_l7_14";
    .port_info 40 /INPUT 32 "w_l7_21";
    .port_info 41 /INPUT 32 "w_l7_22";
    .port_info 42 /INPUT 32 "w_l7_23";
    .port_info 43 /INPUT 32 "w_l7_24";
    .port_info 44 /INPUT 32 "w_l8_11";
    .port_info 45 /INPUT 32 "w_l8_12";
    .port_info 46 /INPUT 32 "w_l8_13";
    .port_info 47 /INPUT 32 "w_l8_14";
    .port_info 48 /INPUT 32 "w_l8_21";
    .port_info 49 /INPUT 32 "w_l8_22";
    .port_info 50 /INPUT 32 "w_l8_23";
    .port_info 51 /INPUT 32 "w_l8_24";
    .port_info 52 /INPUT 32 "w_l8_31";
    .port_info 53 /INPUT 32 "w_l8_32";
    .port_info 54 /INPUT 32 "w_l8_33";
    .port_info 55 /INPUT 32 "w_l8_34";
    .port_info 56 /INPUT 32 "w_l8_41";
    .port_info 57 /INPUT 32 "w_l8_42";
    .port_info 58 /INPUT 32 "w_l8_43";
    .port_info 59 /INPUT 32 "w_l8_44";
    .port_info 60 /OUTPUT 128 "mem_out";
L_0000025761be55d0 .functor BUFZ 128, L_0000025761c49c80, C4<00000000000000000000000000000000000000000000000000000000000000000000000000000000000000000000000000000000000000000000000000000000>, C4<00000000000000000000000000000000000000000000000000000000000000000000000000000000000000000000000000000000000000000000000000000000>, C4<00000000000000000000000000000000000000000000000000000000000000000000000000000000000000000000000000000000000000000000000000000000>;
v0000025761c41e20_0 .net "Addr_mem_w", 4 0, v0000025761c40d40_0;  alias, 1 drivers
v0000025761c41240_0 .net "Clock", 0 0, o0000025761bf00b8;  alias, 0 drivers
v0000025761c40fc0_0 .net "En_w_mem", 0 0, L_0000025761c49fa0;  1 drivers
v0000025761c41880_0 .net "Res", 0 0, L_0000025761c48c40;  1 drivers
v0000025761c402a0_0 .net *"_ivl_0", 127 0, L_0000025761c49c80;  1 drivers
v0000025761c40ac0_0 .net *"_ivl_2", 5 0, L_0000025761c49aa0;  1 drivers
L_0000025761c4a168 .functor BUFT 1, C4<0>, C4<0>, C4<0>, C4<0>;
v0000025761c41f60_0 .net *"_ivl_5", 0 0, L_0000025761c4a168;  1 drivers
o0000025761bf1828 .functor BUFZ 32, C4<zzzzzzzzzzzzzzzzzzzzzzzzzzzzzzzz>; HiZ drive
v0000025761c41060_0 .net/s "b_l6_1", 31 0, o0000025761bf1828;  0 drivers
o0000025761bf1858 .functor BUFZ 32, C4<zzzzzzzzzzzzzzzzzzzzzzzzzzzzzzzz>; HiZ drive
v0000025761c40840_0 .net/s "b_l6_2", 31 0, o0000025761bf1858;  0 drivers
v0000025761c42000_0 .var/i "i", 31 0;
v0000025761c40200 .array "mem_block", 18 0, 127 0;
v0000025761c411a0_0 .net "mem_out", 127 0, L_0000025761be55d0;  alias, 1 drivers
v0000025761c40b60_0 .net/s "w_l1_11", 31 0, L_0000025761c48740;  1 drivers
v0000025761c412e0_0 .net/s "w_l1_12", 31 0, L_0000025761c48600;  1 drivers
v0000025761c40340_0 .net/s "w_l1_13", 31 0, L_0000025761c48420;  1 drivers
v0000025761c40700_0 .net/s "w_l1_14", 31 0, L_0000025761c49500;  1 drivers
v0000025761c41380_0 .net/s "w_l1_21", 31 0, L_0000025761c49d20;  1 drivers
v0000025761c40480_0 .net/s "w_l1_22", 31 0, L_0000025761c48b00;  1 drivers
v0000025761c41420_0 .net/s "w_l1_23", 31 0, L_0000025761c49780;  1 drivers
v0000025761c41600_0 .net/s "w_l1_24", 31 0, L_0000025761c48d80;  1 drivers
v0000025761c40520_0 .net/s "w_l1_31", 31 0, L_0000025761c4a040;  1 drivers
v0000025761c40660_0 .net/s "w_l1_32", 31 0, L_0000025761c49b40;  1 drivers
v0000025761c408e0_0 .net/s "w_l1_33", 31 0, L_0000025761c49be0;  1 drivers
v0000025761c43430_0 .net/s "w_l1_34", 31 0, L_0000025761c48ce0;  1 drivers
v0000025761c431b0_0 .net/s "w_l1_41", 31 0, L_0000025761c49dc0;  1 drivers
v0000025761c422b0_0 .net/s "w_l1_42", 31 0, L_0000025761c48ec0;  1 drivers
v0000025761c42b70_0 .net/s "w_l1_43", 31 0, L_0000025761c489c0;  1 drivers
v0000025761c423f0_0 .net/s "w_l1_44", 31 0, L_0000025761c49e60;  1 drivers
v0000025761c42e90_0 .net/s "w_l2_11", 31 0, L_0000025761c486a0;  1 drivers
v0000025761c43ed0_0 .net/s "w_l2_12", 31 0, L_0000025761c49f00;  1 drivers
v0000025761c437f0_0 .net/s "w_l2_21", 31 0, L_0000025761c493c0;  1 drivers
v0000025761c43930_0 .net/s "w_l2_22", 31 0, L_0000025761c49000;  1 drivers
v0000025761c43d90_0 .net/s "w_l2_31", 31 0, L_0000025761c481a0;  1 drivers
v0000025761c42ad0_0 .net/s "w_l2_32", 31 0, L_0000025761c48f60;  1 drivers
v0000025761c44010_0 .net/s "w_l2_41", 31 0, L_0000025761c48240;  1 drivers
v0000025761c43070_0 .net/s "w_l2_42", 31 0, L_0000025761c49640;  1 drivers
v0000025761c43f70_0 .net/s "w_l3_11", 31 0, L_0000025761c482e0;  1 drivers
v0000025761c42710_0 .net/s "w_l3_21", 31 0, L_0000025761c490a0;  1 drivers
v0000025761c43110_0 .net/s "w_l4_11", 31 0, L_0000025761c48380;  1 drivers
v0000025761c43e30_0 .net/s "w_l5_11", 31 0, L_0000025761c495a0;  1 drivers
v0000025761c42cb0_0 .net/s "w_l6_11", 31 0, L_0000025761c484c0;  1 drivers
v0000025761c439d0_0 .net/s "w_l6_12", 31 0, L_0000025761c487e0;  1 drivers
v0000025761c42170_0 .net/s "w_l7_11", 31 0, L_0000025761c49960;  1 drivers
v0000025761c42670_0 .net/s "w_l7_12", 31 0, L_0000025761c496e0;  1 drivers
v0000025761c43cf0_0 .net/s "w_l7_13", 31 0, L_0000025761c49820;  1 drivers
v0000025761c42210_0 .net/s "w_l7_14", 31 0, L_0000025761c48560;  1 drivers
v0000025761c42a30_0 .net/s "w_l7_21", 31 0, L_0000025761c498c0;  1 drivers
v0000025761c42d50_0 .net/s "w_l7_22", 31 0, L_0000025761c48880;  1 drivers
v0000025761c42df0_0 .net/s "w_l7_23", 31 0, L_0000025761c48a60;  1 drivers
v0000025761c42350_0 .net/s "w_l7_24", 31 0, L_0000025761c49140;  1 drivers
v0000025761c43610_0 .net/s "w_l8_11", 31 0, L_0000025761c48920;  1 drivers
v0000025761c434d0_0 .net/s "w_l8_12", 31 0, L_0000025761c48ba0;  1 drivers
v0000025761c43250_0 .net/s "w_l8_13", 31 0, L_0000025761c491e0;  1 drivers
v0000025761c428f0_0 .net/s "w_l8_14", 31 0, L_0000025761c93980;  1 drivers
v0000025761c42f30_0 .net/s "w_l8_21", 31 0, L_0000025761c93f20;  1 drivers
v0000025761c42990_0 .net/s "w_l8_22", 31 0, L_0000025761c92580;  1 drivers
v0000025761c42490_0 .net/s "w_l8_23", 31 0, L_0000025761c93700;  1 drivers
v0000025761c42530_0 .net/s "w_l8_24", 31 0, L_0000025761c921c0;  1 drivers
v0000025761c43570_0 .net/s "w_l8_31", 31 0, L_0000025761c932a0;  1 drivers
v0000025761c42fd0_0 .net/s "w_l8_32", 31 0, L_0000025761c92760;  1 drivers
v0000025761c432f0_0 .net/s "w_l8_33", 31 0, L_0000025761c92ee0;  1 drivers
v0000025761c43390_0 .net/s "w_l8_34", 31 0, L_0000025761c94060;  1 drivers
v0000025761c425d0_0 .net/s "w_l8_41", 31 0, L_0000025761c92e40;  1 drivers
v0000025761c436b0_0 .net/s "w_l8_42", 31 0, L_0000025761c933e0;  1 drivers
v0000025761c427b0_0 .net/s "w_l8_43", 31 0, L_0000025761c93de0;  1 drivers
v0000025761c42c10_0 .net/s "w_l8_44", 31 0, L_0000025761c93ca0;  1 drivers
L_0000025761c49c80 .array/port v0000025761c40200, L_0000025761c49aa0;
L_0000025761c49aa0 .concat [ 5 1 0 0], v0000025761c40d40_0, L_0000025761c4a168;
S_0000025761b82fc0 .scope module, "mux_input" "mux2to1_128b" 2 85, 11 1 0, S_0000025761b42720;
 .timescale 0 0;
    .port_info 0 /INPUT 128 "a0";
    .port_info 1 /INPUT 128 "b1";
    .port_info 2 /INPUT 1 "s";
    .port_info 3 /OUTPUT 128 "out";
P_0000025761bca0b0 .param/l "bitsize" 0 11 3, +C4<00000000000000000000000010000000>;
v0000025761c42850_0 .net "a0", 127 0, o0000025761bf14c8;  alias, 0 drivers
v0000025761c43750_0 .net "b1", 127 0, L_0000025761c49280;  alias, 1 drivers
v0000025761c43890_0 .var "out", 127 0;
v0000025761c43a70_0 .net "s", 0 0, L_0000025761c48e20;  1 drivers
E_0000025761bc9fb0 .event anyedge, v0000025761c43a70_0, v0000025761c416a0_0, v0000025761c43750_0;
    .scope S_0000025761b3dce0;
T_0 ;
    %wait E_0000025761bc9930;
    %load/vec4 v0000025761be76c0_0;
    %nor/r;
    %flag_set/vec4 8;
    %jmp/0xz  T_0.0, 8;
    %pushi/vec4 0, 0, 3;
    %assign/vec4 v0000025761be7800_0, 0;
    %jmp T_0.1;
T_0.0 ;
    %load/vec4 v0000025761be7800_0;
    %dup/vec4;
    %pushi/vec4 0, 0, 3;
    %cmp/u;
    %jmp/1 T_0.2, 6;
    %dup/vec4;
    %pushi/vec4 1, 0, 3;
    %cmp/u;
    %jmp/1 T_0.3, 6;
    %dup/vec4;
    %pushi/vec4 2, 0, 3;
    %cmp/u;
    %jmp/1 T_0.4, 6;
    %dup/vec4;
    %pushi/vec4 3, 0, 3;
    %cmp/u;
    %jmp/1 T_0.5, 6;
    %dup/vec4;
    %pushi/vec4 4, 0, 3;
    %cmp/u;
    %jmp/1 T_0.6, 6;
    %dup/vec4;
    %pushi/vec4 5, 0, 3;
    %cmp/u;
    %jmp/1 T_0.7, 6;
    %pushi/vec4 0, 0, 3;
    %assign/vec4 v0000025761be7800_0, 0;
    %jmp T_0.9;
T_0.2 ;
    %load/vec4 v0000025761be8480_0;
    %flag_set/vec4 8;
    %jmp/0xz  T_0.10, 8;
    %pushi/vec4 1, 0, 3;
    %assign/vec4 v0000025761be7800_0, 0;
    %jmp T_0.11;
T_0.10 ;
    %pushi/vec4 0, 0, 3;
    %assign/vec4 v0000025761be7800_0, 0;
T_0.11 ;
    %jmp T_0.9;
T_0.3 ;
    %pushi/vec4 2, 0, 3;
    %assign/vec4 v0000025761be7800_0, 0;
    %jmp T_0.9;
T_0.4 ;
    %pushi/vec4 3, 0, 3;
    %assign/vec4 v0000025761be7800_0, 0;
    %jmp T_0.9;
T_0.5 ;
    %load/vec4 v0000025761be7760_0;
    %dup/vec4;
    %pushi/vec4 3, 0, 5;
    %cmp/u;
    %jmp/1 T_0.12, 6;
    %dup/vec4;
    %pushi/vec4 5, 0, 5;
    %cmp/u;
    %jmp/1 T_0.13, 6;
    %dup/vec4;
    %pushi/vec4 6, 0, 5;
    %cmp/u;
    %jmp/1 T_0.14, 6;
    %dup/vec4;
    %pushi/vec4 7, 0, 5;
    %cmp/u;
    %jmp/1 T_0.15, 6;
    %dup/vec4;
    %pushi/vec4 8, 0, 5;
    %cmp/u;
    %jmp/1 T_0.16, 6;
    %dup/vec4;
    %pushi/vec4 10, 0, 5;
    %cmp/u;
    %jmp/1 T_0.17, 6;
    %dup/vec4;
    %pushi/vec4 14, 0, 5;
    %cmp/u;
    %jmp/1 T_0.18, 6;
    %dup/vec4;
    %pushi/vec4 18, 0, 5;
    %cmp/u;
    %jmp/1 T_0.19, 6;
    %pushi/vec4 3, 0, 3;
    %assign/vec4 v0000025761be7800_0, 0;
    %jmp T_0.21;
T_0.12 ;
    %pushi/vec4 4, 0, 3;
    %assign/vec4 v0000025761be7800_0, 0;
    %jmp T_0.21;
T_0.13 ;
    %pushi/vec4 4, 0, 3;
    %assign/vec4 v0000025761be7800_0, 0;
    %jmp T_0.21;
T_0.14 ;
    %pushi/vec4 4, 0, 3;
    %assign/vec4 v0000025761be7800_0, 0;
    %jmp T_0.21;
T_0.15 ;
    %pushi/vec4 4, 0, 3;
    %assign/vec4 v0000025761be7800_0, 0;
    %jmp T_0.21;
T_0.16 ;
    %pushi/vec4 4, 0, 3;
    %assign/vec4 v0000025761be7800_0, 0;
    %jmp T_0.21;
T_0.17 ;
    %pushi/vec4 4, 0, 3;
    %assign/vec4 v0000025761be7800_0, 0;
    %jmp T_0.21;
T_0.18 ;
    %pushi/vec4 4, 0, 3;
    %assign/vec4 v0000025761be7800_0, 0;
    %jmp T_0.21;
T_0.19 ;
    %pushi/vec4 5, 0, 3;
    %assign/vec4 v0000025761be7800_0, 0;
    %jmp T_0.21;
T_0.21 ;
    %pop/vec4 1;
    %jmp T_0.9;
T_0.6 ;
    %pushi/vec4 3, 0, 3;
    %assign/vec4 v0000025761be7800_0, 0;
    %jmp T_0.9;
T_0.7 ;
    %pushi/vec4 5, 0, 3;
    %assign/vec4 v0000025761be7800_0, 0;
    %jmp T_0.9;
T_0.9 ;
    %pop/vec4 1;
T_0.1 ;
    %jmp T_0;
    .thread T_0;
    .scope S_0000025761b3dce0;
T_1 ;
    %wait E_0000025761bc9f30;
    %load/vec4 v0000025761be7800_0;
    %dup/vec4;
    %pushi/vec4 0, 0, 3;
    %cmp/u;
    %jmp/1 T_1.0, 6;
    %dup/vec4;
    %pushi/vec4 1, 0, 3;
    %cmp/u;
    %jmp/1 T_1.1, 6;
    %dup/vec4;
    %pushi/vec4 2, 0, 3;
    %cmp/u;
    %jmp/1 T_1.2, 6;
    %dup/vec4;
    %pushi/vec4 3, 0, 3;
    %cmp/u;
    %jmp/1 T_1.3, 6;
    %dup/vec4;
    %pushi/vec4 4, 0, 3;
    %cmp/u;
    %jmp/1 T_1.4, 6;
    %dup/vec4;
    %pushi/vec4 5, 0, 3;
    %cmp/u;
    %jmp/1 T_1.5, 6;
    %pushi/vec4 0, 0, 10;
    %assign/vec4 v0000025761be8b60_0, 0;
    %jmp T_1.7;
T_1.0 ;
    %pushi/vec4 512, 0, 10;
    %assign/vec4 v0000025761be8b60_0, 0;
    %jmp T_1.7;
T_1.1 ;
    %pushi/vec4 1011, 0, 10;
    %assign/vec4 v0000025761be8b60_0, 0;
    %jmp T_1.7;
T_1.2 ;
    %pushi/vec4 287, 0, 10;
    %assign/vec4 v0000025761be8b60_0, 0;
    %jmp T_1.7;
T_1.3 ;
    %pushi/vec4 287, 0, 10;
    %assign/vec4 v0000025761be8b60_0, 0;
    %jmp T_1.7;
T_1.4 ;
    %pushi/vec4 406, 0, 10;
    %assign/vec4 v0000025761be8b60_0, 0;
    %jmp T_1.7;
T_1.5 ;
    %pushi/vec4 259, 0, 10;
    %assign/vec4 v0000025761be8b60_0, 0;
    %jmp T_1.7;
T_1.7 ;
    %pop/vec4 1;
    %jmp T_1;
    .thread T_1, $push;
    .scope S_0000025761b36420;
T_2 ;
    %wait E_0000025761bc9930;
    %load/vec4 v0000025761c41560_0;
    %nor/r;
    %flag_set/vec4 8;
    %jmp/0xz  T_2.0, 8;
    %pushi/vec4 0, 0, 5;
    %assign/vec4 v0000025761c40d40_0, 0;
    %jmp T_2.1;
T_2.0 ;
    %load/vec4 v0000025761c40160_0;
    %flag_set/vec4 8;
    %jmp/0xz  T_2.2, 8;
    %load/vec4 v0000025761c40d40_0;
    %addi 1, 0, 5;
    %assign/vec4 v0000025761c40d40_0, 0;
    %jmp T_2.3;
T_2.2 ;
    %load/vec4 v0000025761c40d40_0;
    %assign/vec4 v0000025761c40d40_0, 0;
T_2.3 ;
T_2.1 ;
    %jmp T_2;
    .thread T_2;
    .scope S_0000025761b75480;
T_3 ;
    %wait E_0000025761bc9930;
    %load/vec4 v0000025761c405c0_0;
    %nor/r;
    %flag_set/vec4 8;
    %jmp/0xz  T_3.0, 8;
    %pushi/vec4 0, 0, 3;
    %assign/vec4 v0000025761c407a0_0, 0;
    %jmp T_3.1;
T_3.0 ;
    %load/vec4 v0000025761c40980_0;
    %flag_set/vec4 8;
    %jmp/0xz  T_3.2, 8;
    %load/vec4 v0000025761c407a0_0;
    %addi 1, 0, 3;
    %assign/vec4 v0000025761c407a0_0, 0;
    %jmp T_3.3;
T_3.2 ;
    %load/vec4 v0000025761c407a0_0;
    %assign/vec4 v0000025761c407a0_0, 0;
T_3.3 ;
T_3.1 ;
    %jmp T_3;
    .thread T_3;
    .scope S_0000025761b82fc0;
T_4 ;
    %wait E_0000025761bc9fb0;
    %load/vec4 v0000025761c43a70_0;
    %cmpi/e 0, 0, 1;
    %jmp/0xz  T_4.0, 4;
    %load/vec4 v0000025761c42850_0;
    %assign/vec4 v0000025761c43890_0, 0;
    %jmp T_4.1;
T_4.0 ;
    %load/vec4 v0000025761c43750_0;
    %assign/vec4 v0000025761c43890_0, 0;
T_4.1 ;
    %jmp T_4;
    .thread T_4, $push;
    .scope S_0000025761b3ad80;
T_5 ;
    %wait E_0000025761bc9930;
    %load/vec4 v0000025761c41880_0;
    %nor/r;
    %flag_set/vec4 8;
    %jmp/0xz  T_5.0, 8;
    %pushi/vec4 0, 0, 32;
    %store/vec4 v0000025761c42000_0, 0, 32;
T_5.2 ;
    %load/vec4 v0000025761c42000_0;
    %cmpi/s 19, 0, 32;
    %jmp/0xz T_5.3, 5;
    %pushi/vec4 0, 0, 128;
    %ix/getv/s 3, v0000025761c42000_0;
    %ix/load 4, 0, 0; Constant delay
    %assign/vec4/a/d v0000025761c40200, 0, 4;
    %load/vec4 v0000025761c42000_0;
    %addi 1, 0, 32;
    %store/vec4 v0000025761c42000_0, 0, 32;
    %jmp T_5.2;
T_5.3 ;
    %jmp T_5.1;
T_5.0 ;
    %load/vec4 v0000025761c40fc0_0;
    %flag_set/vec4 8;
    %jmp/0xz  T_5.4, 8;
    %load/vec4 v0000025761c40b60_0;
    %load/vec4 v0000025761c41380_0;
    %concat/vec4; draw_concat_vec4
    %load/vec4 v0000025761c40520_0;
    %concat/vec4; draw_concat_vec4
    %load/vec4 v0000025761c431b0_0;
    %concat/vec4; draw_concat_vec4
    %ix/load 3, 0, 0;
    %flag_set/imm 4, 0;
    %ix/load 4, 0, 0; Constant delay
    %assign/vec4/a/d v0000025761c40200, 0, 4;
    %load/vec4 v0000025761c412e0_0;
    %load/vec4 v0000025761c40480_0;
    %concat/vec4; draw_concat_vec4
    %load/vec4 v0000025761c40660_0;
    %concat/vec4; draw_concat_vec4
    %load/vec4 v0000025761c422b0_0;
    %concat/vec4; draw_concat_vec4
    %ix/load 3, 1, 0;
    %flag_set/imm 4, 0;
    %ix/load 4, 0, 0; Constant delay
    %assign/vec4/a/d v0000025761c40200, 0, 4;
    %load/vec4 v0000025761c40340_0;
    %load/vec4 v0000025761c41420_0;
    %concat/vec4; draw_concat_vec4
    %load/vec4 v0000025761c408e0_0;
    %concat/vec4; draw_concat_vec4
    %load/vec4 v0000025761c42b70_0;
    %concat/vec4; draw_concat_vec4
    %ix/load 3, 2, 0;
    %flag_set/imm 4, 0;
    %ix/load 4, 0, 0; Constant delay
    %assign/vec4/a/d v0000025761c40200, 0, 4;
    %load/vec4 v0000025761c40700_0;
    %load/vec4 v0000025761c41600_0;
    %concat/vec4; draw_concat_vec4
    %load/vec4 v0000025761c43430_0;
    %concat/vec4; draw_concat_vec4
    %load/vec4 v0000025761c423f0_0;
    %concat/vec4; draw_concat_vec4
    %ix/load 3, 3, 0;
    %flag_set/imm 4, 0;
    %ix/load 4, 0, 0; Constant delay
    %assign/vec4/a/d v0000025761c40200, 0, 4;
    %load/vec4 v0000025761c42e90_0;
    %load/vec4 v0000025761c437f0_0;
    %concat/vec4; draw_concat_vec4
    %load/vec4 v0000025761c43d90_0;
    %concat/vec4; draw_concat_vec4
    %load/vec4 v0000025761c44010_0;
    %concat/vec4; draw_concat_vec4
    %ix/load 3, 4, 0;
    %flag_set/imm 4, 0;
    %ix/load 4, 0, 0; Constant delay
    %assign/vec4/a/d v0000025761c40200, 0, 4;
    %load/vec4 v0000025761c43ed0_0;
    %load/vec4 v0000025761c43930_0;
    %concat/vec4; draw_concat_vec4
    %load/vec4 v0000025761c42ad0_0;
    %concat/vec4; draw_concat_vec4
    %load/vec4 v0000025761c43070_0;
    %concat/vec4; draw_concat_vec4
    %ix/load 3, 5, 0;
    %flag_set/imm 4, 0;
    %ix/load 4, 0, 0; Constant delay
    %assign/vec4/a/d v0000025761c40200, 0, 4;
    %load/vec4 v0000025761c43f70_0;
    %load/vec4 v0000025761c42710_0;
    %concat/vec4; draw_concat_vec4
    %concati/vec4 0, 0, 32;
    %concati/vec4 0, 0, 32;
    %ix/load 3, 6, 0;
    %flag_set/imm 4, 0;
    %ix/load 4, 0, 0; Constant delay
    %assign/vec4/a/d v0000025761c40200, 0, 4;
    %load/vec4 v0000025761c43110_0;
    %concati/vec4 0, 0, 32;
    %concati/vec4 0, 0, 32;
    %concati/vec4 0, 0, 32;
    %ix/load 3, 7, 0;
    %flag_set/imm 4, 0;
    %ix/load 4, 0, 0; Constant delay
    %assign/vec4/a/d v0000025761c40200, 0, 4;
    %load/vec4 v0000025761c43e30_0;
    %concati/vec4 0, 0, 32;
    %concati/vec4 0, 0, 32;
    %concati/vec4 0, 0, 32;
    %ix/load 3, 8, 0;
    %flag_set/imm 4, 0;
    %ix/load 4, 0, 0; Constant delay
    %assign/vec4/a/d v0000025761c40200, 0, 4;
    %load/vec4 v0000025761c42cb0_0;
    %concati/vec4 0, 0, 32;
    %concati/vec4 0, 0, 32;
    %concati/vec4 0, 0, 32;
    %ix/load 3, 9, 0;
    %flag_set/imm 4, 0;
    %ix/load 4, 0, 0; Constant delay
    %assign/vec4/a/d v0000025761c40200, 0, 4;
    %load/vec4 v0000025761c439d0_0;
    %concati/vec4 0, 0, 32;
    %concati/vec4 0, 0, 32;
    %concati/vec4 0, 0, 32;
    %ix/load 3, 10, 0;
    %flag_set/imm 4, 0;
    %ix/load 4, 0, 0; Constant delay
    %assign/vec4/a/d v0000025761c40200, 0, 4;
    %load/vec4 v0000025761c42170_0;
    %load/vec4 v0000025761c42a30_0;
    %concat/vec4; draw_concat_vec4
    %concati/vec4 0, 0, 32;
    %concati/vec4 0, 0, 32;
    %ix/load 3, 11, 0;
    %flag_set/imm 4, 0;
    %ix/load 4, 0, 0; Constant delay
    %assign/vec4/a/d v0000025761c40200, 0, 4;
    %load/vec4 v0000025761c42670_0;
    %load/vec4 v0000025761c42d50_0;
    %concat/vec4; draw_concat_vec4
    %concati/vec4 0, 0, 32;
    %concati/vec4 0, 0, 32;
    %ix/load 3, 12, 0;
    %flag_set/imm 4, 0;
    %ix/load 4, 0, 0; Constant delay
    %assign/vec4/a/d v0000025761c40200, 0, 4;
    %load/vec4 v0000025761c43cf0_0;
    %load/vec4 v0000025761c42df0_0;
    %concat/vec4; draw_concat_vec4
    %concati/vec4 0, 0, 32;
    %concati/vec4 0, 0, 32;
    %ix/load 3, 13, 0;
    %flag_set/imm 4, 0;
    %ix/load 4, 0, 0; Constant delay
    %assign/vec4/a/d v0000025761c40200, 0, 4;
    %load/vec4 v0000025761c42210_0;
    %load/vec4 v0000025761c42350_0;
    %concat/vec4; draw_concat_vec4
    %concati/vec4 0, 0, 32;
    %concati/vec4 0, 0, 32;
    %ix/load 3, 14, 0;
    %flag_set/imm 4, 0;
    %ix/load 4, 0, 0; Constant delay
    %assign/vec4/a/d v0000025761c40200, 0, 4;
    %load/vec4 v0000025761c43610_0;
    %load/vec4 v0000025761c42f30_0;
    %concat/vec4; draw_concat_vec4
    %load/vec4 v0000025761c43570_0;
    %concat/vec4; draw_concat_vec4
    %load/vec4 v0000025761c425d0_0;
    %concat/vec4; draw_concat_vec4
    %ix/load 3, 15, 0;
    %flag_set/imm 4, 0;
    %ix/load 4, 0, 0; Constant delay
    %assign/vec4/a/d v0000025761c40200, 0, 4;
    %load/vec4 v0000025761c434d0_0;
    %load/vec4 v0000025761c42990_0;
    %concat/vec4; draw_concat_vec4
    %load/vec4 v0000025761c42fd0_0;
    %concat/vec4; draw_concat_vec4
    %load/vec4 v0000025761c436b0_0;
    %concat/vec4; draw_concat_vec4
    %ix/load 3, 16, 0;
    %flag_set/imm 4, 0;
    %ix/load 4, 0, 0; Constant delay
    %assign/vec4/a/d v0000025761c40200, 0, 4;
    %load/vec4 v0000025761c43250_0;
    %load/vec4 v0000025761c42490_0;
    %concat/vec4; draw_concat_vec4
    %load/vec4 v0000025761c432f0_0;
    %concat/vec4; draw_concat_vec4
    %load/vec4 v0000025761c427b0_0;
    %concat/vec4; draw_concat_vec4
    %ix/load 3, 17, 0;
    %flag_set/imm 4, 0;
    %ix/load 4, 0, 0; Constant delay
    %assign/vec4/a/d v0000025761c40200, 0, 4;
    %load/vec4 v0000025761c428f0_0;
    %load/vec4 v0000025761c42530_0;
    %concat/vec4; draw_concat_vec4
    %load/vec4 v0000025761c43390_0;
    %concat/vec4; draw_concat_vec4
    %load/vec4 v0000025761c42c10_0;
    %concat/vec4; draw_concat_vec4
    %ix/load 3, 18, 0;
    %flag_set/imm 4, 0;
    %ix/load 4, 0, 0; Constant delay
    %assign/vec4/a/d v0000025761c40200, 0, 4;
    %jmp T_5.5;
T_5.4 ;
    %ix/load 4, 0, 0;
    %flag_set/imm 4, 0;
    %load/vec4a v0000025761c40200, 4;
    %ix/load 3, 0, 0;
    %flag_set/imm 4, 0;
    %ix/load 4, 0, 0; Constant delay
    %assign/vec4/a/d v0000025761c40200, 0, 4;
    %ix/load 4, 1, 0;
    %flag_set/imm 4, 0;
    %load/vec4a v0000025761c40200, 4;
    %ix/load 3, 1, 0;
    %flag_set/imm 4, 0;
    %ix/load 4, 0, 0; Constant delay
    %assign/vec4/a/d v0000025761c40200, 0, 4;
    %ix/load 4, 2, 0;
    %flag_set/imm 4, 0;
    %load/vec4a v0000025761c40200, 4;
    %ix/load 3, 2, 0;
    %flag_set/imm 4, 0;
    %ix/load 4, 0, 0; Constant delay
    %assign/vec4/a/d v0000025761c40200, 0, 4;
    %ix/load 4, 3, 0;
    %flag_set/imm 4, 0;
    %load/vec4a v0000025761c40200, 4;
    %ix/load 3, 3, 0;
    %flag_set/imm 4, 0;
    %ix/load 4, 0, 0; Constant delay
    %assign/vec4/a/d v0000025761c40200, 0, 4;
    %ix/load 4, 4, 0;
    %flag_set/imm 4, 0;
    %load/vec4a v0000025761c40200, 4;
    %ix/load 3, 4, 0;
    %flag_set/imm 4, 0;
    %ix/load 4, 0, 0; Constant delay
    %assign/vec4/a/d v0000025761c40200, 0, 4;
    %ix/load 4, 5, 0;
    %flag_set/imm 4, 0;
    %load/vec4a v0000025761c40200, 4;
    %ix/load 3, 5, 0;
    %flag_set/imm 4, 0;
    %ix/load 4, 0, 0; Constant delay
    %assign/vec4/a/d v0000025761c40200, 0, 4;
    %ix/load 4, 6, 0;
    %flag_set/imm 4, 0;
    %load/vec4a v0000025761c40200, 4;
    %ix/load 3, 6, 0;
    %flag_set/imm 4, 0;
    %ix/load 4, 0, 0; Constant delay
    %assign/vec4/a/d v0000025761c40200, 0, 4;
    %ix/load 4, 7, 0;
    %flag_set/imm 4, 0;
    %load/vec4a v0000025761c40200, 4;
    %ix/load 3, 7, 0;
    %flag_set/imm 4, 0;
    %ix/load 4, 0, 0; Constant delay
    %assign/vec4/a/d v0000025761c40200, 0, 4;
    %ix/load 4, 8, 0;
    %flag_set/imm 4, 0;
    %load/vec4a v0000025761c40200, 4;
    %ix/load 3, 8, 0;
    %flag_set/imm 4, 0;
    %ix/load 4, 0, 0; Constant delay
    %assign/vec4/a/d v0000025761c40200, 0, 4;
    %ix/load 4, 9, 0;
    %flag_set/imm 4, 0;
    %load/vec4a v0000025761c40200, 4;
    %ix/load 3, 9, 0;
    %flag_set/imm 4, 0;
    %ix/load 4, 0, 0; Constant delay
    %assign/vec4/a/d v0000025761c40200, 0, 4;
    %ix/load 4, 10, 0;
    %flag_set/imm 4, 0;
    %load/vec4a v0000025761c40200, 4;
    %ix/load 3, 10, 0;
    %flag_set/imm 4, 0;
    %ix/load 4, 0, 0; Constant delay
    %assign/vec4/a/d v0000025761c40200, 0, 4;
    %ix/load 4, 11, 0;
    %flag_set/imm 4, 0;
    %load/vec4a v0000025761c40200, 4;
    %ix/load 3, 11, 0;
    %flag_set/imm 4, 0;
    %ix/load 4, 0, 0; Constant delay
    %assign/vec4/a/d v0000025761c40200, 0, 4;
    %ix/load 4, 12, 0;
    %flag_set/imm 4, 0;
    %load/vec4a v0000025761c40200, 4;
    %ix/load 3, 12, 0;
    %flag_set/imm 4, 0;
    %ix/load 4, 0, 0; Constant delay
    %assign/vec4/a/d v0000025761c40200, 0, 4;
    %ix/load 4, 13, 0;
    %flag_set/imm 4, 0;
    %load/vec4a v0000025761c40200, 4;
    %ix/load 3, 13, 0;
    %flag_set/imm 4, 0;
    %ix/load 4, 0, 0; Constant delay
    %assign/vec4/a/d v0000025761c40200, 0, 4;
    %ix/load 4, 14, 0;
    %flag_set/imm 4, 0;
    %load/vec4a v0000025761c40200, 4;
    %ix/load 3, 14, 0;
    %flag_set/imm 4, 0;
    %ix/load 4, 0, 0; Constant delay
    %assign/vec4/a/d v0000025761c40200, 0, 4;
    %ix/load 4, 15, 0;
    %flag_set/imm 4, 0;
    %load/vec4a v0000025761c40200, 4;
    %ix/load 3, 15, 0;
    %flag_set/imm 4, 0;
    %ix/load 4, 0, 0; Constant delay
    %assign/vec4/a/d v0000025761c40200, 0, 4;
    %ix/load 4, 16, 0;
    %flag_set/imm 4, 0;
    %load/vec4a v0000025761c40200, 4;
    %ix/load 3, 16, 0;
    %flag_set/imm 4, 0;
    %ix/load 4, 0, 0; Constant delay
    %assign/vec4/a/d v0000025761c40200, 0, 4;
    %ix/load 4, 17, 0;
    %flag_set/imm 4, 0;
    %load/vec4a v0000025761c40200, 4;
    %ix/load 3, 17, 0;
    %flag_set/imm 4, 0;
    %ix/load 4, 0, 0; Constant delay
    %assign/vec4/a/d v0000025761c40200, 0, 4;
    %ix/load 4, 18, 0;
    %flag_set/imm 4, 0;
    %load/vec4a v0000025761c40200, 4;
    %ix/load 3, 18, 0;
    %flag_set/imm 4, 0;
    %ix/load 4, 0, 0; Constant delay
    %assign/vec4/a/d v0000025761c40200, 0, 4;
T_5.5 ;
T_5.1 ;
    %jmp T_5;
    .thread T_5;
    .scope S_0000025761be90e0;
T_6 ;
    %wait E_0000025761bc9930;
    %load/vec4 v0000025761be8a20_0;
    %nor/r;
    %flag_set/vec4 8;
    %jmp/0xz  T_6.0, 8;
    %pushi/vec4 0, 0, 32;
    %store/vec4 v0000025761be8340_0, 0, 32;
T_6.2 ;
    %load/vec4 v0000025761be8340_0;
    %cmpi/s 19, 0, 32;
    %jmp/0xz T_6.3, 5;
    %pushi/vec4 0, 0, 32;
    %ix/getv/s 3, v0000025761be8340_0;
    %ix/load 4, 0, 0; Constant delay
    %assign/vec4/a/d v0000025761be7580, 0, 4;
    %load/vec4 v0000025761be8340_0;
    %addi 1, 0, 32;
    %store/vec4 v0000025761be8340_0, 0, 32;
    %jmp T_6.2;
T_6.3 ;
    %jmp T_6.1;
T_6.0 ;
    %load/vec4 v0000025761be7300_0;
    %flag_set/vec4 8;
    %jmp/0xz  T_6.4, 8;
    %load/vec4 v0000025761be7260_0;
    %ix/load 3, 0, 0;
    %flag_set/imm 4, 0;
    %ix/load 4, 0, 0; Constant delay
    %assign/vec4/a/d v0000025761be7580, 0, 4;
    %load/vec4 v0000025761be7a80_0;
    %ix/load 3, 1, 0;
    %flag_set/imm 4, 0;
    %ix/load 4, 0, 0; Constant delay
    %assign/vec4/a/d v0000025761be7580, 0, 4;
    %load/vec4 v0000025761be8de0_0;
    %ix/load 3, 2, 0;
    %flag_set/imm 4, 0;
    %ix/load 4, 0, 0; Constant delay
    %assign/vec4/a/d v0000025761be7580, 0, 4;
    %load/vec4 v0000025761be7e40_0;
    %ix/load 3, 3, 0;
    %flag_set/imm 4, 0;
    %ix/load 4, 0, 0; Constant delay
    %assign/vec4/a/d v0000025761be7580, 0, 4;
    %load/vec4 v0000025761be8d40_0;
    %ix/load 3, 4, 0;
    %flag_set/imm 4, 0;
    %ix/load 4, 0, 0; Constant delay
    %assign/vec4/a/d v0000025761be7580, 0, 4;
    %load/vec4 v0000025761be80c0_0;
    %ix/load 3, 5, 0;
    %flag_set/imm 4, 0;
    %ix/load 4, 0, 0; Constant delay
    %assign/vec4/a/d v0000025761be7580, 0, 4;
    %load/vec4 v0000025761be7da0_0;
    %ix/load 3, 6, 0;
    %flag_set/imm 4, 0;
    %ix/load 4, 0, 0; Constant delay
    %assign/vec4/a/d v0000025761be7580, 0, 4;
    %load/vec4 v0000025761be8e80_0;
    %ix/load 3, 7, 0;
    %flag_set/imm 4, 0;
    %ix/load 4, 0, 0; Constant delay
    %assign/vec4/a/d v0000025761be7580, 0, 4;
    %load/vec4 v0000025761be78a0_0;
    %ix/load 3, 8, 0;
    %flag_set/imm 4, 0;
    %ix/load 4, 0, 0; Constant delay
    %assign/vec4/a/d v0000025761be7580, 0, 4;
    %load/vec4 v0000025761be8f20_0;
    %ix/load 3, 9, 0;
    %flag_set/imm 4, 0;
    %ix/load 4, 0, 0; Constant delay
    %assign/vec4/a/d v0000025761be7580, 0, 4;
    %load/vec4 v0000025761be8520_0;
    %ix/load 3, 10, 0;
    %flag_set/imm 4, 0;
    %ix/load 4, 0, 0; Constant delay
    %assign/vec4/a/d v0000025761be7580, 0, 4;
    %load/vec4 v0000025761be8200_0;
    %ix/load 3, 11, 0;
    %flag_set/imm 4, 0;
    %ix/load 4, 0, 0; Constant delay
    %assign/vec4/a/d v0000025761be7580, 0, 4;
    %load/vec4 v0000025761be8fc0_0;
    %ix/load 3, 12, 0;
    %flag_set/imm 4, 0;
    %ix/load 4, 0, 0; Constant delay
    %assign/vec4/a/d v0000025761be7580, 0, 4;
    %load/vec4 v0000025761be8160_0;
    %ix/load 3, 13, 0;
    %flag_set/imm 4, 0;
    %ix/load 4, 0, 0; Constant delay
    %assign/vec4/a/d v0000025761be7580, 0, 4;
    %load/vec4 v0000025761be73a0_0;
    %ix/load 3, 14, 0;
    %flag_set/imm 4, 0;
    %ix/load 4, 0, 0; Constant delay
    %assign/vec4/a/d v0000025761be7580, 0, 4;
    %load/vec4 v0000025761be88e0_0;
    %ix/load 3, 15, 0;
    %flag_set/imm 4, 0;
    %ix/load 4, 0, 0; Constant delay
    %assign/vec4/a/d v0000025761be7580, 0, 4;
    %load/vec4 v0000025761be7440_0;
    %ix/load 3, 16, 0;
    %flag_set/imm 4, 0;
    %ix/load 4, 0, 0; Constant delay
    %assign/vec4/a/d v0000025761be7580, 0, 4;
    %load/vec4 v0000025761be82a0_0;
    %ix/load 3, 17, 0;
    %flag_set/imm 4, 0;
    %ix/load 4, 0, 0; Constant delay
    %assign/vec4/a/d v0000025761be7580, 0, 4;
    %load/vec4 v0000025761be74e0_0;
    %ix/load 3, 18, 0;
    %flag_set/imm 4, 0;
    %ix/load 4, 0, 0; Constant delay
    %assign/vec4/a/d v0000025761be7580, 0, 4;
    %jmp T_6.5;
T_6.4 ;
    %ix/load 4, 0, 0;
    %flag_set/imm 4, 0;
    %load/vec4a v0000025761be7580, 4;
    %ix/load 3, 0, 0;
    %flag_set/imm 4, 0;
    %ix/load 4, 0, 0; Constant delay
    %assign/vec4/a/d v0000025761be7580, 0, 4;
    %ix/load 4, 1, 0;
    %flag_set/imm 4, 0;
    %load/vec4a v0000025761be7580, 4;
    %ix/load 3, 1, 0;
    %flag_set/imm 4, 0;
    %ix/load 4, 0, 0; Constant delay
    %assign/vec4/a/d v0000025761be7580, 0, 4;
    %ix/load 4, 2, 0;
    %flag_set/imm 4, 0;
    %load/vec4a v0000025761be7580, 4;
    %ix/load 3, 2, 0;
    %flag_set/imm 4, 0;
    %ix/load 4, 0, 0; Constant delay
    %assign/vec4/a/d v0000025761be7580, 0, 4;
    %ix/load 4, 3, 0;
    %flag_set/imm 4, 0;
    %load/vec4a v0000025761be7580, 4;
    %ix/load 3, 3, 0;
    %flag_set/imm 4, 0;
    %ix/load 4, 0, 0; Constant delay
    %assign/vec4/a/d v0000025761be7580, 0, 4;
    %ix/load 4, 4, 0;
    %flag_set/imm 4, 0;
    %load/vec4a v0000025761be7580, 4;
    %ix/load 3, 4, 0;
    %flag_set/imm 4, 0;
    %ix/load 4, 0, 0; Constant delay
    %assign/vec4/a/d v0000025761be7580, 0, 4;
    %ix/load 4, 5, 0;
    %flag_set/imm 4, 0;
    %load/vec4a v0000025761be7580, 4;
    %ix/load 3, 5, 0;
    %flag_set/imm 4, 0;
    %ix/load 4, 0, 0; Constant delay
    %assign/vec4/a/d v0000025761be7580, 0, 4;
    %ix/load 4, 6, 0;
    %flag_set/imm 4, 0;
    %load/vec4a v0000025761be7580, 4;
    %ix/load 3, 6, 0;
    %flag_set/imm 4, 0;
    %ix/load 4, 0, 0; Constant delay
    %assign/vec4/a/d v0000025761be7580, 0, 4;
    %ix/load 4, 7, 0;
    %flag_set/imm 4, 0;
    %load/vec4a v0000025761be7580, 4;
    %ix/load 3, 7, 0;
    %flag_set/imm 4, 0;
    %ix/load 4, 0, 0; Constant delay
    %assign/vec4/a/d v0000025761be7580, 0, 4;
    %ix/load 4, 8, 0;
    %flag_set/imm 4, 0;
    %load/vec4a v0000025761be7580, 4;
    %ix/load 3, 8, 0;
    %flag_set/imm 4, 0;
    %ix/load 4, 0, 0; Constant delay
    %assign/vec4/a/d v0000025761be7580, 0, 4;
    %ix/load 4, 9, 0;
    %flag_set/imm 4, 0;
    %load/vec4a v0000025761be7580, 4;
    %ix/load 3, 9, 0;
    %flag_set/imm 4, 0;
    %ix/load 4, 0, 0; Constant delay
    %assign/vec4/a/d v0000025761be7580, 0, 4;
    %ix/load 4, 10, 0;
    %flag_set/imm 4, 0;
    %load/vec4a v0000025761be7580, 4;
    %ix/load 3, 10, 0;
    %flag_set/imm 4, 0;
    %ix/load 4, 0, 0; Constant delay
    %assign/vec4/a/d v0000025761be7580, 0, 4;
    %ix/load 4, 11, 0;
    %flag_set/imm 4, 0;
    %load/vec4a v0000025761be7580, 4;
    %ix/load 3, 11, 0;
    %flag_set/imm 4, 0;
    %ix/load 4, 0, 0; Constant delay
    %assign/vec4/a/d v0000025761be7580, 0, 4;
    %ix/load 4, 12, 0;
    %flag_set/imm 4, 0;
    %load/vec4a v0000025761be7580, 4;
    %ix/load 3, 12, 0;
    %flag_set/imm 4, 0;
    %ix/load 4, 0, 0; Constant delay
    %assign/vec4/a/d v0000025761be7580, 0, 4;
    %ix/load 4, 13, 0;
    %flag_set/imm 4, 0;
    %load/vec4a v0000025761be7580, 4;
    %ix/load 3, 13, 0;
    %flag_set/imm 4, 0;
    %ix/load 4, 0, 0; Constant delay
    %assign/vec4/a/d v0000025761be7580, 0, 4;
    %ix/load 4, 14, 0;
    %flag_set/imm 4, 0;
    %load/vec4a v0000025761be7580, 4;
    %ix/load 3, 14, 0;
    %flag_set/imm 4, 0;
    %ix/load 4, 0, 0; Constant delay
    %assign/vec4/a/d v0000025761be7580, 0, 4;
    %ix/load 4, 15, 0;
    %flag_set/imm 4, 0;
    %load/vec4a v0000025761be7580, 4;
    %ix/load 3, 15, 0;
    %flag_set/imm 4, 0;
    %ix/load 4, 0, 0; Constant delay
    %assign/vec4/a/d v0000025761be7580, 0, 4;
    %ix/load 4, 16, 0;
    %flag_set/imm 4, 0;
    %load/vec4a v0000025761be7580, 4;
    %ix/load 3, 16, 0;
    %flag_set/imm 4, 0;
    %ix/load 4, 0, 0; Constant delay
    %assign/vec4/a/d v0000025761be7580, 0, 4;
    %ix/load 4, 17, 0;
    %flag_set/imm 4, 0;
    %load/vec4a v0000025761be7580, 4;
    %ix/load 3, 17, 0;
    %flag_set/imm 4, 0;
    %ix/load 4, 0, 0; Constant delay
    %assign/vec4/a/d v0000025761be7580, 0, 4;
    %ix/load 4, 18, 0;
    %flag_set/imm 4, 0;
    %load/vec4a v0000025761be7580, 4;
    %ix/load 3, 18, 0;
    %flag_set/imm 4, 0;
    %ix/load 4, 0, 0; Constant delay
    %assign/vec4/a/d v0000025761be7580, 0, 4;
T_6.5 ;
T_6.1 ;
    %jmp T_6;
    .thread T_6;
    .scope S_0000025761b36290;
T_7 ;
    %wait E_0000025761bc9930;
    %load/vec4 v0000025761c40a20_0;
    %nor/r;
    %flag_set/vec4 8;
    %jmp/0xz  T_7.0, 8;
    %pushi/vec4 0, 0, 32;
    %store/vec4 v0000025761c403e0_0, 0, 32;
T_7.2 ;
    %load/vec4 v0000025761c403e0_0;
    %cmpi/s 4, 0, 32;
    %jmp/0xz T_7.3, 5;
    %pushi/vec4 0, 0, 32;
    %ix/getv/s 3, v0000025761c403e0_0;
    %ix/load 4, 0, 0; Constant delay
    %assign/vec4/a/d v0000025761c41920, 0, 4;
    %load/vec4 v0000025761c403e0_0;
    %addi 1, 0, 32;
    %store/vec4 v0000025761c403e0_0, 0, 32;
    %jmp T_7.2;
T_7.3 ;
    %jmp T_7.1;
T_7.0 ;
    %load/vec4 v0000025761c41d80_0;
    %flag_set/vec4 8;
    %jmp/0xz  T_7.4, 8;
    %load/vec4 v0000025761c41ce0_0;
    %load/vec4 v0000025761c40de0_0;
    %pad/u 4;
    %ix/vec4 3;
    %ix/load 4, 0, 0; Constant delay
    %assign/vec4/a/d v0000025761c41920, 0, 4;
    %jmp T_7.5;
T_7.4 ;
    %load/vec4 v0000025761c40de0_0;
    %pad/u 4;
    %ix/vec4 4;
    %load/vec4a v0000025761c41920, 4;
    %load/vec4 v0000025761c40de0_0;
    %pad/u 4;
    %ix/vec4 3;
    %ix/load 4, 0, 0; Constant delay
    %assign/vec4/a/d v0000025761c41920, 0, 4;
T_7.5 ;
T_7.1 ;
    %jmp T_7;
    .thread T_7;
    .scope S_0000025761b752f0;
T_8 ;
    %wait E_0000025761bc9db0;
    %load/vec4 v0000025761be7940_0;
    %cmpi/s 0, 0, 32;
    %jmp/0xz  T_8.0, 5;
    %pushi/vec4 0, 0, 32;
    %assign/vec4 v0000025761be8660_0, 0;
    %jmp T_8.1;
T_8.0 ;
    %load/vec4 v0000025761be7940_0;
    %assign/vec4 v0000025761be8660_0, 0;
T_8.1 ;
    %jmp T_8;
    .thread T_8, $push;
    .scope S_0000025761b42720;
T_9 ;
    %wait E_0000025761bc9930;
    %load/vec4 v0000025761c45300_0;
    %parti/s 1, 8, 5;
    %nor/r;
    %flag_set/vec4 8;
    %jmp/0xz  T_9.0, 8;
    %pushi/vec4 0, 0, 128;
    %assign/vec4 v0000025761c45800_0, 0;
    %jmp T_9.1;
T_9.0 ;
    %load/vec4 v0000025761c45300_0;
    %parti/s 1, 7, 4;
    %flag_set/vec4 8;
    %jmp/0xz  T_9.2, 8;
    %load/vec4 v0000025761c44720_0;
    %assign/vec4 v0000025761c45800_0, 0;
    %jmp T_9.3;
T_9.2 ;
    %load/vec4 v0000025761c45800_0;
    %assign/vec4 v0000025761c45800_0, 0;
T_9.3 ;
T_9.1 ;
    %jmp T_9;
    .thread T_9;
# The file index is used to find the file name in the following table.
:file_names 12;
    "N/A";
    "<interactive>";
    "GAN_shared_hw.v";
    "./bias_mem.v";
    "./GAN_control_unit.v";
    "./neuron_4input_baseline.v";
    "./relu_32b4.v";
    "./output_counter.v";
    "./output_mem.v";
    "./wb_counter.v";
    "./weight_mem.v";
    "./mux2to1_128b.v";
