#! /c/Source/iverilog-install/bin/vvp
:ivl_version "12.0 (devel)" "(s20150603-1539-g2693dd32b)";
:ivl_delay_selection "TYPICAL";
:vpi_time_precision - 12;
:vpi_module "C:\iverilog\lib\ivl\system.vpi";
:vpi_module "C:\iverilog\lib\ivl\vhdl_sys.vpi";
:vpi_module "C:\iverilog\lib\ivl\vhdl_textio.vpi";
:vpi_module "C:\iverilog\lib\ivl\v2005_math.vpi";
:vpi_module "C:\iverilog\lib\ivl\va_math.vpi";
S_00000194b2e03b50 .scope module, "GAN_shared_hw_tb" "GAN_shared_hw_tb" 2 4;
 .timescale -12 -12;
v00000194b2e6c790_0 .var "Clock", 0 0;
v00000194b2e6dd70_0 .var "Reset", 0 0;
v00000194b2e6c470_0 .var "Start", 0 0;
v00000194b2e6c510_0 .var/s "b_l1_1", 5 0;
v00000194b2e6c830_0 .var/s "b_l1_2", 5 0;
v00000194b2e6cc90_0 .var/s "b_l1_3", 5 0;
v00000194b2e6ce70_0 .var/s "b_l1_4", 5 0;
v00000194b2e6f420_0 .var/s "b_l2_1", 5 0;
v00000194b2e6f380_0 .var/s "b_l2_2", 5 0;
v00000194b2e6f7e0_0 .var/s "b_l3_1", 5 0;
v00000194b2e6fa60_0 .var/s "b_l4_1", 5 0;
v00000194b2e6f1a0_0 .var/s "b_l5_1", 5 0;
v00000194b2e6f9c0_0 .var/s "b_l6_1", 5 0;
v00000194b2e6fce0_0 .var/s "b_l6_2", 5 0;
v00000194b2e6e160_0 .var/s "b_l7_1", 5 0;
v00000194b2e6f6a0_0 .var/s "b_l7_2", 5 0;
v00000194b2e6f560_0 .var/s "b_l7_3", 5 0;
v00000194b2e6e980_0 .var/s "b_l7_4", 5 0;
v00000194b2e6f740_0 .var/s "b_l8_1", 5 0;
v00000194b2e6f4c0_0 .var/s "b_l8_2", 5 0;
v00000194b2e6f600_0 .var/s "b_l8_3", 5 0;
v00000194b2e6e200_0 .var/s "b_l8_4", 5 0;
v00000194b2e6efc0_0 .net/s "f1", 31 0, L_00000194b2ebc4d0;  1 drivers
v00000194b2e6e520_0 .net/s "f2", 31 0, L_00000194b2ebdfb0;  1 drivers
v00000194b2e6ea20_0 .net/s "f3", 31 0, L_00000194b2ebd3d0;  1 drivers
v00000194b2e6ff60_0 .net/s "f4", 31 0, L_00000194b2ebc610;  1 drivers
v00000194b2e6fe20_0 .var/s "w_l1_11", 5 0;
v00000194b2e6e2a0_0 .var/s "w_l1_12", 5 0;
v00000194b2e6eca0_0 .var/s "w_l1_13", 5 0;
v00000194b2e6e3e0_0 .var/s "w_l1_14", 5 0;
v00000194b2e6e0c0_0 .var/s "w_l1_21", 5 0;
v00000194b2e6f920_0 .var/s "w_l1_22", 5 0;
v00000194b2e6e700_0 .var/s "w_l1_23", 5 0;
v00000194b2e6f880_0 .var/s "w_l1_24", 5 0;
v00000194b2e6fec0_0 .var/s "w_l1_31", 5 0;
v00000194b2e6fd80_0 .var/s "w_l1_32", 5 0;
v00000194b2e6ee80_0 .var/s "w_l1_33", 5 0;
v00000194b2e6eb60_0 .var/s "w_l1_34", 5 0;
v00000194b2e6fb00_0 .var/s "w_l1_41", 5 0;
v00000194b2e6fba0_0 .var/s "w_l1_42", 5 0;
v00000194b2e6e7a0_0 .var/s "w_l1_43", 5 0;
v00000194b2e6fc40_0 .var/s "w_l1_44", 5 0;
v00000194b2e6e340_0 .var/s "w_l2_11", 5 0;
v00000194b2e6eac0_0 .var/s "w_l2_12", 5 0;
v00000194b2e6ec00_0 .var/s "w_l2_21", 5 0;
v00000194b2e6e480_0 .var/s "w_l2_22", 5 0;
v00000194b2e6e5c0_0 .var/s "w_l2_31", 5 0;
v00000194b2e6f240_0 .var/s "w_l2_32", 5 0;
v00000194b2e6e840_0 .var/s "w_l2_41", 5 0;
v00000194b2e6ede0_0 .var/s "w_l2_42", 5 0;
v00000194b2e6e660_0 .var/s "w_l3_11", 5 0;
v00000194b2e6e8e0_0 .var/s "w_l3_21", 5 0;
v00000194b2e6ed40_0 .var/s "w_l4_11", 5 0;
v00000194b2e6ef20_0 .var/s "w_l5_11", 5 0;
v00000194b2e6f060_0 .var/s "w_l6_11", 5 0;
v00000194b2e6f100_0 .var/s "w_l6_12", 5 0;
v00000194b2e6f2e0_0 .var/s "w_l7_11", 5 0;
v00000194b2e70850_0 .var/s "w_l7_12", 5 0;
v00000194b2e71750_0 .var/s "w_l7_13", 5 0;
v00000194b2e71d90_0 .var/s "w_l7_14", 5 0;
v00000194b2e719d0_0 .var/s "w_l7_21", 5 0;
v00000194b2e711b0_0 .var/s "w_l7_22", 5 0;
v00000194b2e708f0_0 .var/s "w_l7_23", 5 0;
v00000194b2e703f0_0 .var/s "w_l7_24", 5 0;
v00000194b2e70350_0 .var/s "w_l8_11", 5 0;
v00000194b2e71430_0 .var/s "w_l8_12", 5 0;
v00000194b2e71f70_0 .var/s "w_l8_13", 5 0;
v00000194b2e70df0_0 .var/s "w_l8_14", 5 0;
v00000194b2e717f0_0 .var/s "w_l8_21", 5 0;
v00000194b2e70ad0_0 .var/s "w_l8_22", 5 0;
v00000194b2e705d0_0 .var/s "w_l8_23", 5 0;
v00000194b2e70fd0_0 .var/s "w_l8_24", 5 0;
v00000194b2e71070_0 .var/s "w_l8_31", 5 0;
v00000194b2e70f30_0 .var/s "w_l8_32", 5 0;
v00000194b2e70490_0 .var/s "w_l8_33", 5 0;
v00000194b2e716b0_0 .var/s "w_l8_34", 5 0;
v00000194b2e70530_0 .var/s "w_l8_41", 5 0;
v00000194b2e71570_0 .var/s "w_l8_42", 5 0;
v00000194b2e71c50_0 .var/s "w_l8_43", 5 0;
v00000194b2e71a70_0 .var/s "w_l8_44", 5 0;
v00000194b2e70c10_0 .var/s "x1", 5 0;
v00000194b2e70990_0 .var/s "x2", 5 0;
v00000194b2e71890_0 .var/s "x3", 5 0;
v00000194b2e71930_0 .var/s "x4", 5 0;
S_00000194b2e064d0 .scope module, "GAN" "GAN_shared_hw" 2 19, 3 10 0, S_00000194b2e03b50;
 .timescale 0 0;
    .port_info 0 /INPUT 6 "x1";
    .port_info 1 /INPUT 6 "x2";
    .port_info 2 /INPUT 6 "x3";
    .port_info 3 /INPUT 6 "x4";
    .port_info 4 /INPUT 6 "w_l1_11";
    .port_info 5 /INPUT 6 "w_l1_12";
    .port_info 6 /INPUT 6 "w_l1_13";
    .port_info 7 /INPUT 6 "w_l1_14";
    .port_info 8 /INPUT 6 "w_l1_21";
    .port_info 9 /INPUT 6 "w_l1_22";
    .port_info 10 /INPUT 6 "w_l1_23";
    .port_info 11 /INPUT 6 "w_l1_24";
    .port_info 12 /INPUT 6 "w_l1_31";
    .port_info 13 /INPUT 6 "w_l1_32";
    .port_info 14 /INPUT 6 "w_l1_33";
    .port_info 15 /INPUT 6 "w_l1_34";
    .port_info 16 /INPUT 6 "w_l1_41";
    .port_info 17 /INPUT 6 "w_l1_42";
    .port_info 18 /INPUT 6 "w_l1_43";
    .port_info 19 /INPUT 6 "w_l1_44";
    .port_info 20 /INPUT 6 "b_l1_1";
    .port_info 21 /INPUT 6 "b_l1_2";
    .port_info 22 /INPUT 6 "b_l1_3";
    .port_info 23 /INPUT 6 "b_l1_4";
    .port_info 24 /INPUT 6 "w_l2_11";
    .port_info 25 /INPUT 6 "w_l2_12";
    .port_info 26 /INPUT 6 "w_l2_21";
    .port_info 27 /INPUT 6 "w_l2_22";
    .port_info 28 /INPUT 6 "w_l2_31";
    .port_info 29 /INPUT 6 "w_l2_32";
    .port_info 30 /INPUT 6 "w_l2_41";
    .port_info 31 /INPUT 6 "w_l2_42";
    .port_info 32 /INPUT 6 "b_l2_1";
    .port_info 33 /INPUT 6 "b_l2_2";
    .port_info 34 /INPUT 6 "w_l3_11";
    .port_info 35 /INPUT 6 "w_l3_21";
    .port_info 36 /INPUT 6 "b_l3_1";
    .port_info 37 /INPUT 6 "w_l4_11";
    .port_info 38 /INPUT 6 "b_l4_1";
    .port_info 39 /INPUT 6 "w_l5_11";
    .port_info 40 /INPUT 6 "b_l5_1";
    .port_info 41 /INPUT 6 "w_l6_11";
    .port_info 42 /INPUT 6 "w_l6_12";
    .port_info 43 /INPUT 6 "b_l6_1";
    .port_info 44 /INPUT 6 "b_l6_2";
    .port_info 45 /INPUT 6 "w_l7_11";
    .port_info 46 /INPUT 6 "w_l7_12";
    .port_info 47 /INPUT 6 "w_l7_13";
    .port_info 48 /INPUT 6 "w_l7_14";
    .port_info 49 /INPUT 6 "w_l7_21";
    .port_info 50 /INPUT 6 "w_l7_22";
    .port_info 51 /INPUT 6 "w_l7_23";
    .port_info 52 /INPUT 6 "w_l7_24";
    .port_info 53 /INPUT 6 "b_l7_1";
    .port_info 54 /INPUT 6 "b_l7_2";
    .port_info 55 /INPUT 6 "b_l7_3";
    .port_info 56 /INPUT 6 "b_l7_4";
    .port_info 57 /INPUT 6 "w_l8_11";
    .port_info 58 /INPUT 6 "w_l8_12";
    .port_info 59 /INPUT 6 "w_l8_13";
    .port_info 60 /INPUT 6 "w_l8_14";
    .port_info 61 /INPUT 6 "w_l8_21";
    .port_info 62 /INPUT 6 "w_l8_22";
    .port_info 63 /INPUT 6 "w_l8_23";
    .port_info 64 /INPUT 6 "w_l8_24";
    .port_info 65 /INPUT 6 "w_l8_31";
    .port_info 66 /INPUT 6 "w_l8_32";
    .port_info 67 /INPUT 6 "w_l8_33";
    .port_info 68 /INPUT 6 "w_l8_34";
    .port_info 69 /INPUT 6 "w_l8_41";
    .port_info 70 /INPUT 6 "w_l8_42";
    .port_info 71 /INPUT 6 "w_l8_43";
    .port_info 72 /INPUT 6 "w_l8_44";
    .port_info 73 /INPUT 6 "b_l8_1";
    .port_info 74 /INPUT 6 "b_l8_2";
    .port_info 75 /INPUT 6 "b_l8_3";
    .port_info 76 /INPUT 6 "b_l8_4";
    .port_info 77 /OUTPUT 32 "f1";
    .port_info 78 /OUTPUT 32 "f2";
    .port_info 79 /OUTPUT 32 "f3";
    .port_info 80 /OUTPUT 32 "f4";
    .port_info 81 /INPUT 1 "Start";
    .port_info 82 /INPUT 1 "Reset";
    .port_info 83 /INPUT 1 "Clock";
v00000194b2e68450_0 .net "Clock", 0 0, v00000194b2e6c790_0;  1 drivers
v00000194b2e69b70_0 .net "Reset", 0 0, v00000194b2e6dd70_0;  1 drivers
v00000194b2e68810_0 .net "Start", 0 0, v00000194b2e6c470_0;  1 drivers
v00000194b2e684f0_0 .net/s "b_l1_1", 5 0, v00000194b2e6c510_0;  1 drivers
v00000194b2e68950_0 .net/s "b_l1_2", 5 0, v00000194b2e6c830_0;  1 drivers
v00000194b2e6bf40_0 .net/s "b_l1_3", 5 0, v00000194b2e6cc90_0;  1 drivers
v00000194b2e6b540_0 .net/s "b_l1_4", 5 0, v00000194b2e6ce70_0;  1 drivers
v00000194b2e6a5a0_0 .net/s "b_l2_1", 5 0, v00000194b2e6f420_0;  1 drivers
v00000194b2e6aa00_0 .net/s "b_l2_2", 5 0, v00000194b2e6f380_0;  1 drivers
v00000194b2e6a8c0_0 .net/s "b_l3_1", 5 0, v00000194b2e6f7e0_0;  1 drivers
v00000194b2e6b680_0 .net/s "b_l4_1", 5 0, v00000194b2e6fa60_0;  1 drivers
v00000194b2e6b900_0 .net/s "b_l5_1", 5 0, v00000194b2e6f1a0_0;  1 drivers
v00000194b2e6a460_0 .net/s "b_l6_1", 5 0, v00000194b2e6f9c0_0;  1 drivers
v00000194b2e6b180_0 .net/s "b_l6_2", 5 0, v00000194b2e6fce0_0;  1 drivers
v00000194b2e6b9a0_0 .net/s "b_l7_1", 5 0, v00000194b2e6e160_0;  1 drivers
v00000194b2e6a6e0_0 .net/s "b_l7_2", 5 0, v00000194b2e6f6a0_0;  1 drivers
v00000194b2e6a780_0 .net/s "b_l7_3", 5 0, v00000194b2e6f560_0;  1 drivers
v00000194b2e6a320_0 .net/s "b_l7_4", 5 0, v00000194b2e6e980_0;  1 drivers
v00000194b2e6a820_0 .net/s "b_l8_1", 5 0, v00000194b2e6f740_0;  1 drivers
v00000194b2e6a960_0 .net/s "b_l8_2", 5 0, v00000194b2e6f4c0_0;  1 drivers
v00000194b2e6ae60_0 .net/s "b_l8_3", 5 0, v00000194b2e6f600_0;  1 drivers
v00000194b2e6ba40_0 .net/s "b_l8_4", 5 0, v00000194b2e6e200_0;  1 drivers
v00000194b2e6b720_0 .net "bias_mem_out", 31 0, L_00000194b2db5ad0;  1 drivers
v00000194b2e6aaa0_0 .net "control_signals", 9 0, v00000194b2e02a90_0;  1 drivers
v00000194b2e6b5e0_0 .net/s "f1", 31 0, L_00000194b2ebc4d0;  alias, 1 drivers
v00000194b2e6b400_0 .net/s "f2", 31 0, L_00000194b2ebdfb0;  alias, 1 drivers
v00000194b2e6b220_0 .net/s "f3", 31 0, L_00000194b2ebd3d0;  alias, 1 drivers
v00000194b2e6bcc0_0 .net/s "f4", 31 0, L_00000194b2ebc610;  alias, 1 drivers
v00000194b2e6ab40_0 .net/s "input_concat", 127 0, L_00000194b2e71b10;  1 drivers
v00000194b2e6b040_0 .var "input_reg", 127 0;
v00000194b2e6ac80_0 .net "mux_out", 127 0, v00000194b2e68770_0;  1 drivers
v00000194b2e6b7c0_0 .net/s "neuron_out", 31 0, L_00000194b2db4f00;  1 drivers
v00000194b2e6a3c0_0 .net "o_count_out", 2 0, v00000194b2e65890_0;  1 drivers
v00000194b2e6b0e0_0 .net "output_mem_out", 127 0, L_00000194b2db5bb0;  1 drivers
v00000194b2e6b860_0 .net/s "w_l1_11", 5 0, v00000194b2e6fe20_0;  1 drivers
v00000194b2e6bae0_0 .net/s "w_l1_12", 5 0, v00000194b2e6e2a0_0;  1 drivers
v00000194b2e6b2c0_0 .net/s "w_l1_13", 5 0, v00000194b2e6eca0_0;  1 drivers
v00000194b2e6a640_0 .net/s "w_l1_14", 5 0, v00000194b2e6e3e0_0;  1 drivers
v00000194b2e6b4a0_0 .net/s "w_l1_21", 5 0, v00000194b2e6e0c0_0;  1 drivers
v00000194b2e6abe0_0 .net/s "w_l1_22", 5 0, v00000194b2e6f920_0;  1 drivers
v00000194b2e6ad20_0 .net/s "w_l1_23", 5 0, v00000194b2e6e700_0;  1 drivers
v00000194b2e6adc0_0 .net/s "w_l1_24", 5 0, v00000194b2e6f880_0;  1 drivers
v00000194b2e6af00_0 .net/s "w_l1_31", 5 0, v00000194b2e6fec0_0;  1 drivers
v00000194b2e6b360_0 .net/s "w_l1_32", 5 0, v00000194b2e6fd80_0;  1 drivers
v00000194b2e6afa0_0 .net/s "w_l1_33", 5 0, v00000194b2e6ee80_0;  1 drivers
v00000194b2e6bb80_0 .net/s "w_l1_34", 5 0, v00000194b2e6eb60_0;  1 drivers
v00000194b2e6bc20_0 .net/s "w_l1_41", 5 0, v00000194b2e6fb00_0;  1 drivers
v00000194b2e6bd60_0 .net/s "w_l1_42", 5 0, v00000194b2e6fba0_0;  1 drivers
v00000194b2e6a500_0 .net/s "w_l1_43", 5 0, v00000194b2e6e7a0_0;  1 drivers
v00000194b2e6be00_0 .net/s "w_l1_44", 5 0, v00000194b2e6fc40_0;  1 drivers
v00000194b2e6bea0_0 .net/s "w_l2_11", 5 0, v00000194b2e6e340_0;  1 drivers
v00000194b2e6a0a0_0 .net/s "w_l2_12", 5 0, v00000194b2e6eac0_0;  1 drivers
v00000194b2e6a140_0 .net/s "w_l2_21", 5 0, v00000194b2e6ec00_0;  1 drivers
v00000194b2e6a1e0_0 .net/s "w_l2_22", 5 0, v00000194b2e6e480_0;  1 drivers
v00000194b2e6a280_0 .net/s "w_l2_31", 5 0, v00000194b2e6e5c0_0;  1 drivers
v00000194b2e6c970_0 .net/s "w_l2_32", 5 0, v00000194b2e6f240_0;  1 drivers
v00000194b2e6d370_0 .net/s "w_l2_41", 5 0, v00000194b2e6e840_0;  1 drivers
v00000194b2e6c5b0_0 .net/s "w_l2_42", 5 0, v00000194b2e6ede0_0;  1 drivers
v00000194b2e6d5f0_0 .net/s "w_l3_11", 5 0, v00000194b2e6e660_0;  1 drivers
v00000194b2e6d0f0_0 .net/s "w_l3_21", 5 0, v00000194b2e6e8e0_0;  1 drivers
v00000194b2e6c3d0_0 .net/s "w_l4_11", 5 0, v00000194b2e6ed40_0;  1 drivers
v00000194b2e6d410_0 .net/s "w_l5_11", 5 0, v00000194b2e6ef20_0;  1 drivers
v00000194b2e6de10_0 .net/s "w_l6_11", 5 0, v00000194b2e6f060_0;  1 drivers
v00000194b2e6d870_0 .net/s "w_l6_12", 5 0, v00000194b2e6f100_0;  1 drivers
v00000194b2e6c650_0 .net/s "w_l7_11", 5 0, v00000194b2e6f2e0_0;  1 drivers
v00000194b2e6cab0_0 .net/s "w_l7_12", 5 0, v00000194b2e70850_0;  1 drivers
v00000194b2e6c0b0_0 .net/s "w_l7_13", 5 0, v00000194b2e71750_0;  1 drivers
v00000194b2e6c8d0_0 .net/s "w_l7_14", 5 0, v00000194b2e71d90_0;  1 drivers
v00000194b2e6c330_0 .net/s "w_l7_21", 5 0, v00000194b2e719d0_0;  1 drivers
v00000194b2e6c150_0 .net/s "w_l7_22", 5 0, v00000194b2e711b0_0;  1 drivers
v00000194b2e6d690_0 .net/s "w_l7_23", 5 0, v00000194b2e708f0_0;  1 drivers
v00000194b2e6d050_0 .net/s "w_l7_24", 5 0, v00000194b2e703f0_0;  1 drivers
v00000194b2e6d230_0 .net/s "w_l8_11", 5 0, v00000194b2e70350_0;  1 drivers
v00000194b2e6ca10_0 .net/s "w_l8_12", 5 0, v00000194b2e71430_0;  1 drivers
v00000194b2e6d4b0_0 .net/s "w_l8_13", 5 0, v00000194b2e71f70_0;  1 drivers
v00000194b2e6cb50_0 .net/s "w_l8_14", 5 0, v00000194b2e70df0_0;  1 drivers
v00000194b2e6c290_0 .net/s "w_l8_21", 5 0, v00000194b2e717f0_0;  1 drivers
v00000194b2e6dcd0_0 .net/s "w_l8_22", 5 0, v00000194b2e70ad0_0;  1 drivers
v00000194b2e6d2d0_0 .net/s "w_l8_23", 5 0, v00000194b2e705d0_0;  1 drivers
v00000194b2e6d190_0 .net/s "w_l8_24", 5 0, v00000194b2e70fd0_0;  1 drivers
v00000194b2e6c6f0_0 .net/s "w_l8_31", 5 0, v00000194b2e71070_0;  1 drivers
v00000194b2e6d730_0 .net/s "w_l8_32", 5 0, v00000194b2e70f30_0;  1 drivers
v00000194b2e6deb0_0 .net/s "w_l8_33", 5 0, v00000194b2e70490_0;  1 drivers
v00000194b2e6cf10_0 .net/s "w_l8_34", 5 0, v00000194b2e716b0_0;  1 drivers
v00000194b2e6d550_0 .net/s "w_l8_41", 5 0, v00000194b2e70530_0;  1 drivers
v00000194b2e6d7d0_0 .net/s "w_l8_42", 5 0, v00000194b2e71570_0;  1 drivers
v00000194b2e6cfb0_0 .net/s "w_l8_43", 5 0, v00000194b2e71c50_0;  1 drivers
v00000194b2e6dc30_0 .net/s "w_l8_44", 5 0, v00000194b2e71a70_0;  1 drivers
v00000194b2e6df50_0 .net "wb_count_out", 4 0, v00000194b2e65930_0;  1 drivers
v00000194b2e6d910_0 .net "weight_mem_out", 127 0, L_00000194b2db5440;  1 drivers
v00000194b2e6d9b0_0 .net/s "x1", 5 0, v00000194b2e70c10_0;  1 drivers
v00000194b2e6daf0_0 .net/s "x1_concat", 31 0, L_00000194b2e70710;  1 drivers
v00000194b2e6da50_0 .net/s "x2", 5 0, v00000194b2e70990_0;  1 drivers
v00000194b2e6cbf0_0 .net/s "x2_concat", 31 0, L_00000194b2e71390;  1 drivers
v00000194b2e6cd30_0 .net/s "x3", 5 0, v00000194b2e71890_0;  1 drivers
v00000194b2e6cdd0_0 .net/s "x3_concat", 31 0, L_00000194b2e707b0;  1 drivers
v00000194b2e6c1f0_0 .net/s "x4", 5 0, v00000194b2e71930_0;  1 drivers
v00000194b2e6db90_0 .net/s "x4_concat", 31 0, L_00000194b2e70b70;  1 drivers
L_00000194b2e70670 .part v00000194b2e02a90_0, 3, 1;
L_00000194b2e70d50 .part v00000194b2e02a90_0, 1, 1;
L_00000194b2e70a30 .part v00000194b2e02a90_0, 2, 1;
L_00000194b2e71250 .part v00000194b2e02a90_0, 0, 1;
L_00000194b2e70710 .extend/s 32, v00000194b2e70c10_0;
L_00000194b2e71390 .extend/s 32, v00000194b2e70990_0;
L_00000194b2e707b0 .extend/s 32, v00000194b2e71890_0;
L_00000194b2e70b70 .extend/s 32, v00000194b2e71930_0;
L_00000194b2e71b10 .concat [ 32 32 32 32], L_00000194b2e70b70, L_00000194b2e707b0, L_00000194b2e71390, L_00000194b2e70710;
L_00000194b2e70cb0 .part v00000194b2e02a90_0, 9, 1;
L_00000194b2e71bb0 .part v00000194b2e02a90_0, 6, 1;
L_00000194b2e71610 .part v00000194b2e02a90_0, 8, 1;
L_00000194b2e712f0 .extend/s 32, v00000194b2e6fe20_0;
L_00000194b2e70e90 .extend/s 32, v00000194b2e6e2a0_0;
L_00000194b2e71cf0 .extend/s 32, v00000194b2e6eca0_0;
L_00000194b2e71ed0 .extend/s 32, v00000194b2e6e3e0_0;
L_00000194b2e700d0 .extend/s 32, v00000194b2e6e0c0_0;
L_00000194b2e71110 .extend/s 32, v00000194b2e6f920_0;
L_00000194b2e70210 .extend/s 32, v00000194b2e6e700_0;
L_00000194b2e70170 .extend/s 32, v00000194b2e6f880_0;
L_00000194b2e702b0 .extend/s 32, v00000194b2e6fec0_0;
L_00000194b2eba190 .extend/s 32, v00000194b2e6fd80_0;
L_00000194b2ebaeb0 .extend/s 32, v00000194b2e6ee80_0;
L_00000194b2ebb1d0 .extend/s 32, v00000194b2e6eb60_0;
L_00000194b2ebaff0 .extend/s 32, v00000194b2e6fb00_0;
L_00000194b2eba4b0 .extend/s 32, v00000194b2e6fba0_0;
L_00000194b2ebb590 .extend/s 32, v00000194b2e6e7a0_0;
L_00000194b2ebbd10 .extend/s 32, v00000194b2e6fc40_0;
L_00000194b2ebae10 .extend/s 32, v00000194b2e6e340_0;
L_00000194b2ebb310 .extend/s 32, v00000194b2e6eac0_0;
L_00000194b2ebaf50 .extend/s 32, v00000194b2e6ec00_0;
L_00000194b2ebb090 .extend/s 32, v00000194b2e6e480_0;
L_00000194b2ebbb30 .extend/s 32, v00000194b2e6e5c0_0;
L_00000194b2ebbdb0 .extend/s 32, v00000194b2e6f240_0;
L_00000194b2ebb450 .extend/s 32, v00000194b2e6e840_0;
L_00000194b2ebb630 .extend/s 32, v00000194b2e6ede0_0;
L_00000194b2ebb9f0 .extend/s 32, v00000194b2e6e660_0;
L_00000194b2ebb810 .extend/s 32, v00000194b2e6e8e0_0;
L_00000194b2ebaa50 .extend/s 32, v00000194b2e6ed40_0;
L_00000194b2ebb4f0 .extend/s 32, v00000194b2e6ef20_0;
L_00000194b2ebb3b0 .extend/s 32, v00000194b2e6f060_0;
L_00000194b2ebb6d0 .extend/s 32, v00000194b2e6f100_0;
L_00000194b2ebb130 .extend/s 32, v00000194b2e6f2e0_0;
L_00000194b2ebbf90 .extend/s 32, v00000194b2e70850_0;
L_00000194b2ebba90 .extend/s 32, v00000194b2e71750_0;
L_00000194b2ebb270 .extend/s 32, v00000194b2e71d90_0;
L_00000194b2ebb770 .extend/s 32, v00000194b2e719d0_0;
L_00000194b2ebb8b0 .extend/s 32, v00000194b2e711b0_0;
L_00000194b2ebbef0 .extend/s 32, v00000194b2e708f0_0;
L_00000194b2eba730 .extend/s 32, v00000194b2e703f0_0;
L_00000194b2ebaaf0 .extend/s 32, v00000194b2e70350_0;
L_00000194b2ebacd0 .extend/s 32, v00000194b2e71430_0;
L_00000194b2ebbc70 .extend/s 32, v00000194b2e71f70_0;
L_00000194b2ebb950 .extend/s 32, v00000194b2e70df0_0;
L_00000194b2eba230 .extend/s 32, v00000194b2e717f0_0;
L_00000194b2ebbbd0 .extend/s 32, v00000194b2e70ad0_0;
L_00000194b2ebbe50 .extend/s 32, v00000194b2e705d0_0;
L_00000194b2eba0f0 .extend/s 32, v00000194b2e70fd0_0;
L_00000194b2eba2d0 .extend/s 32, v00000194b2e71070_0;
L_00000194b2eba370 .extend/s 32, v00000194b2e70f30_0;
L_00000194b2eba410 .extend/s 32, v00000194b2e70490_0;
L_00000194b2ebab90 .extend/s 32, v00000194b2e716b0_0;
L_00000194b2eba7d0 .extend/s 32, v00000194b2e70530_0;
L_00000194b2eba550 .extend/s 32, v00000194b2e71570_0;
L_00000194b2eba5f0 .extend/s 32, v00000194b2e71c50_0;
L_00000194b2eba690 .extend/s 32, v00000194b2e71a70_0;
L_00000194b2eba9b0 .part v00000194b2e02a90_0, 5, 1;
L_00000194b2ebad70 .part v00000194b2e02a90_0, 8, 1;
L_00000194b2ebac30 .extend/s 32, v00000194b2e6c510_0;
L_00000194b2ebeb90 .extend/s 32, v00000194b2e6c830_0;
L_00000194b2ebe910 .extend/s 32, v00000194b2e6cc90_0;
L_00000194b2ebec30 .extend/s 32, v00000194b2e6ce70_0;
L_00000194b2ebf8b0 .extend/s 32, v00000194b2e6f420_0;
L_00000194b2ebfe50 .extend/s 32, v00000194b2e6f380_0;
L_00000194b2ebf3b0 .extend/s 32, v00000194b2e6f7e0_0;
L_00000194b2ebf770 .extend/s 32, v00000194b2e6fa60_0;
L_00000194b2ebf450 .extend/s 32, v00000194b2e6f1a0_0;
L_00000194b2ebf4f0 .extend/s 32, v00000194b2e6f9c0_0;
L_00000194b2ebfd10 .extend/s 32, v00000194b2e6fce0_0;
L_00000194b2ebfef0 .extend/s 32, v00000194b2e6e160_0;
L_00000194b2ebf810 .extend/s 32, v00000194b2e6f6a0_0;
L_00000194b2ebf950 .extend/s 32, v00000194b2e6f560_0;
L_00000194b2ebfc70 .extend/s 32, v00000194b2e6e980_0;
L_00000194b2ebfa90 .extend/s 32, v00000194b2e6f740_0;
L_00000194b2ebf090 .extend/s 32, v00000194b2e6f4c0_0;
L_00000194b2ebf9f0 .extend/s 32, v00000194b2e6f600_0;
L_00000194b2ebfb30 .extend/s 32, v00000194b2e6e200_0;
L_00000194b2ebf590 .part v00000194b2e02a90_0, 4, 1;
L_00000194b2ebfdb0 .part v00000194b2e02a90_0, 8, 1;
L_00000194b2ebeeb0 .part v00000194b2e6b040_0, 96, 32;
L_00000194b2ebf1d0 .part v00000194b2e6b040_0, 64, 32;
L_00000194b2ebef50 .part v00000194b2e6b040_0, 32, 32;
L_00000194b2ebeff0 .part v00000194b2e6b040_0, 0, 32;
L_00000194b2ebf630 .part L_00000194b2db5440, 96, 32;
L_00000194b2ebf270 .part L_00000194b2db5440, 64, 32;
L_00000194b2ebf310 .part L_00000194b2db5440, 32, 32;
L_00000194b2ebf6d0 .part L_00000194b2db5440, 0, 32;
L_00000194b2ebc4d0 .part L_00000194b2db5bb0, 96, 32;
L_00000194b2ebdfb0 .part L_00000194b2db5bb0, 64, 32;
L_00000194b2ebd3d0 .part L_00000194b2db5bb0, 32, 32;
L_00000194b2ebc610 .part L_00000194b2db5bb0, 0, 32;
S_00000194b2d73710 .scope module, "BIAS_MEM" "bias_mem" 3 128, 4 1 0, S_00000194b2e064d0;
 .timescale 0 0;
    .port_info 0 /INPUT 1 "En_b_mem";
    .port_info 1 /INPUT 5 "Addr_mem_b";
    .port_info 2 /INPUT 1 "Res";
    .port_info 3 /INPUT 1 "Clock";
    .port_info 4 /INPUT 32 "b_l1_1";
    .port_info 5 /INPUT 32 "b_l1_2";
    .port_info 6 /INPUT 32 "b_l1_3";
    .port_info 7 /INPUT 32 "b_l1_4";
    .port_info 8 /INPUT 32 "b_l2_1";
    .port_info 9 /INPUT 32 "b_l2_2";
    .port_info 10 /INPUT 32 "b_l3_1";
    .port_info 11 /INPUT 32 "b_l4_1";
    .port_info 12 /INPUT 32 "b_l5_1";
    .port_info 13 /INPUT 32 "b_l6_1";
    .port_info 14 /INPUT 32 "b_l6_2";
    .port_info 15 /INPUT 32 "b_l7_1";
    .port_info 16 /INPUT 32 "b_l7_2";
    .port_info 17 /INPUT 32 "b_l7_3";
    .port_info 18 /INPUT 32 "b_l7_4";
    .port_info 19 /INPUT 32 "b_l8_1";
    .port_info 20 /INPUT 32 "b_l8_2";
    .port_info 21 /INPUT 32 "b_l8_3";
    .port_info 22 /INPUT 32 "b_l8_4";
    .port_info 23 /OUTPUT 32 "mem_out";
L_00000194b2db5ad0 .functor BUFZ 32, L_00000194b2eba870, C4<00000000000000000000000000000000>, C4<00000000000000000000000000000000>, C4<00000000000000000000000000000000>;
v00000194b2e033f0_0 .net "Addr_mem_b", 4 0, v00000194b2e65930_0;  alias, 1 drivers
v00000194b2e02590_0 .net "Clock", 0 0, v00000194b2e6c790_0;  alias, 1 drivers
v00000194b2e03030_0 .net "En_b_mem", 0 0, L_00000194b2eba9b0;  1 drivers
v00000194b2e01ff0_0 .net "Res", 0 0, L_00000194b2ebad70;  1 drivers
v00000194b2e01f50_0 .net *"_ivl_0", 31 0, L_00000194b2eba870;  1 drivers
v00000194b2e03a30_0 .net *"_ivl_2", 5 0, L_00000194b2eba910;  1 drivers
L_00000194b2e720e0 .functor BUFT 1, C4<0>, C4<0>, C4<0>, C4<0>;
v00000194b2e038f0_0 .net *"_ivl_5", 0 0, L_00000194b2e720e0;  1 drivers
v00000194b2e01cd0_0 .net/s "b_l1_1", 31 0, L_00000194b2ebac30;  1 drivers
v00000194b2e02770_0 .net/s "b_l1_2", 31 0, L_00000194b2ebeb90;  1 drivers
v00000194b2e02090_0 .net/s "b_l1_3", 31 0, L_00000194b2ebe910;  1 drivers
v00000194b2e01d70_0 .net/s "b_l1_4", 31 0, L_00000194b2ebec30;  1 drivers
v00000194b2e026d0_0 .net/s "b_l2_1", 31 0, L_00000194b2ebf8b0;  1 drivers
v00000194b2e03490_0 .net/s "b_l2_2", 31 0, L_00000194b2ebfe50;  1 drivers
v00000194b2e02d10_0 .net/s "b_l3_1", 31 0, L_00000194b2ebf3b0;  1 drivers
v00000194b2e02130_0 .net/s "b_l4_1", 31 0, L_00000194b2ebf770;  1 drivers
v00000194b2e02ef0_0 .net/s "b_l5_1", 31 0, L_00000194b2ebf450;  1 drivers
v00000194b2e02810_0 .net/s "b_l6_1", 31 0, L_00000194b2ebf4f0;  1 drivers
v00000194b2e024f0_0 .net/s "b_l6_2", 31 0, L_00000194b2ebfd10;  1 drivers
v00000194b2e02630_0 .net/s "b_l7_1", 31 0, L_00000194b2ebfef0;  1 drivers
v00000194b2e029f0_0 .net/s "b_l7_2", 31 0, L_00000194b2ebf810;  1 drivers
v00000194b2e02c70_0 .net/s "b_l7_3", 31 0, L_00000194b2ebf950;  1 drivers
v00000194b2e028b0_0 .net/s "b_l7_4", 31 0, L_00000194b2ebfc70;  1 drivers
v00000194b2e02950_0 .net/s "b_l8_1", 31 0, L_00000194b2ebfa90;  1 drivers
v00000194b2e03710_0 .net/s "b_l8_2", 31 0, L_00000194b2ebf090;  1 drivers
v00000194b2e03530_0 .net/s "b_l8_3", 31 0, L_00000194b2ebf9f0;  1 drivers
v00000194b2e021d0_0 .net/s "b_l8_4", 31 0, L_00000194b2ebfb30;  1 drivers
v00000194b2e02270_0 .var/i "i", 31 0;
v00000194b2e023b0 .array "mem_block", 18 0, 31 0;
v00000194b2e02450_0 .net "mem_out", 31 0, L_00000194b2db5ad0;  alias, 1 drivers
E_00000194b2d89e80 .event posedge, v00000194b2e02590_0;
L_00000194b2eba870 .array/port v00000194b2e023b0, L_00000194b2eba910;
L_00000194b2eba910 .concat [ 5 1 0 0], v00000194b2e65930_0, L_00000194b2e720e0;
S_00000194b2d2db50 .scope module, "CONTROL" "GAN_control_unit" 3 47, 5 1 0, S_00000194b2e064d0;
 .timescale 0 0;
    .port_info 0 /INPUT 1 "Reset";
    .port_info 1 /INPUT 1 "Start";
    .port_info 2 /INPUT 5 "Wb_count";
    .port_info 3 /INPUT 1 "Clock";
    .port_info 4 /OUTPUT 10 "Output";
P_00000194b2d2dce0 .param/l "S1" 0 5 13, C4<000>;
P_00000194b2d2dd18 .param/l "S2" 0 5 14, C4<001>;
P_00000194b2d2dd50 .param/l "S3" 0 5 15, C4<010>;
P_00000194b2d2dd88 .param/l "S4" 0 5 16, C4<011>;
P_00000194b2d2ddc0 .param/l "S5" 0 5 17, C4<100>;
P_00000194b2d2ddf8 .param/l "S6" 0 5 18, C4<101>;
P_00000194b2d2de30 .param/l "state_size" 0 5 12, +C4<00000000000000000000000000000011>;
v00000194b2e01b90_0 .net "Clock", 0 0, v00000194b2e6c790_0;  alias, 1 drivers
v00000194b2e02a90_0 .var "Output", 9 0;
v00000194b2e02b30_0 .net "Reset", 0 0, v00000194b2e6dd70_0;  alias, 1 drivers
v00000194b2e02db0_0 .net "Start", 0 0, v00000194b2e6c470_0;  alias, 1 drivers
v00000194b2e02bd0_0 .net "Wb_count", 4 0, v00000194b2e65930_0;  alias, 1 drivers
v00000194b2e02e50_0 .var "state", 2 0;
E_00000194b2d89d40 .event anyedge, v00000194b2e02e50_0;
S_00000194b2d60680 .scope module, "NEURON" "neuron_4input_baseline" 3 157, 6 3 0, S_00000194b2e064d0;
 .timescale 0 0;
    .port_info 0 /INPUT 32 "x1";
    .port_info 1 /INPUT 32 "x2";
    .port_info 2 /INPUT 32 "x3";
    .port_info 3 /INPUT 32 "x4";
    .port_info 4 /INPUT 32 "w1";
    .port_info 5 /INPUT 32 "w2";
    .port_info 6 /INPUT 32 "w3";
    .port_info 7 /INPUT 32 "w4";
    .port_info 8 /INPUT 32 "b";
    .port_info 9 /OUTPUT 32 "f";
L_00000194b2db4f00 .functor BUFZ 32, v00000194b2e035d0_0, C4<00000000000000000000000000000000>, C4<00000000000000000000000000000000>, C4<00000000000000000000000000000000>;
v00000194b2e03670_0 .net/s "b", 31 0, L_00000194b2db5ad0;  alias, 1 drivers
v00000194b2e037b0_0 .net/s "f", 31 0, L_00000194b2db4f00;  alias, 1 drivers
v00000194b2e030d0_0 .net/s "output_before_bias", 31 0, L_00000194b2ebed70;  1 drivers
v00000194b2e03170_0 .net/s "output_bias", 31 0, L_00000194b2ebee10;  1 drivers
v00000194b2e03210_0 .net/s "output_relu", 31 0, v00000194b2e035d0_0;  1 drivers
v00000194b2e03350_0 .net/s "output_x1x2", 31 0, L_00000194b2ebeaf0;  1 drivers
v00000194b2e032b0_0 .net/s "output_x3x4", 31 0, L_00000194b2ebecd0;  1 drivers
v00000194b2e03990_0 .net/s "w1", 31 0, L_00000194b2ebf630;  1 drivers
v00000194b2e01c30_0 .net/s "w1x1", 31 0, L_00000194b2ebe9b0;  1 drivers
v00000194b2dde830_0 .net/s "w2", 31 0, L_00000194b2ebf270;  1 drivers
v00000194b2dde470_0 .net/s "w2x2", 31 0, L_00000194b2ebea50;  1 drivers
v00000194b2e651b0_0 .net/s "w3", 31 0, L_00000194b2ebf310;  1 drivers
v00000194b2e66830_0 .net/s "w3x3", 31 0, L_00000194b2ebf130;  1 drivers
v00000194b2e668d0_0 .net/s "w4", 31 0, L_00000194b2ebf6d0;  1 drivers
v00000194b2e665b0_0 .net/s "w4x4", 31 0, L_00000194b2ebff90;  1 drivers
v00000194b2e66330_0 .net/s "x1", 31 0, L_00000194b2ebeeb0;  1 drivers
v00000194b2e65f70_0 .net/s "x2", 31 0, L_00000194b2ebf1d0;  1 drivers
v00000194b2e66c90_0 .net/s "x3", 31 0, L_00000194b2ebef50;  1 drivers
v00000194b2e65610_0 .net/s "x4", 31 0, L_00000194b2ebeff0;  1 drivers
L_00000194b2ebe9b0 .arith/mult 32, L_00000194b2ebf630, L_00000194b2ebeeb0;
L_00000194b2ebea50 .arith/mult 32, L_00000194b2ebf270, L_00000194b2ebf1d0;
L_00000194b2ebf130 .arith/mult 32, L_00000194b2ebf310, L_00000194b2ebef50;
L_00000194b2ebff90 .arith/mult 32, L_00000194b2ebf6d0, L_00000194b2ebeff0;
L_00000194b2ebeaf0 .arith/sum 32, L_00000194b2ebe9b0, L_00000194b2ebea50;
L_00000194b2ebecd0 .arith/sum 32, L_00000194b2ebf130, L_00000194b2ebff90;
L_00000194b2ebed70 .arith/sum 32, L_00000194b2ebeaf0, L_00000194b2ebecd0;
L_00000194b2ebee10 .arith/sum 32, L_00000194b2ebed70, L_00000194b2db5ad0;
S_00000194b2d60810 .scope module, "RELU" "relu_32b4" 6 35, 7 1 0, S_00000194b2d60680;
 .timescale 0 0;
    .port_info 0 /INPUT 32 "a";
    .port_info 1 /OUTPUT 32 "b";
v00000194b2e02f90_0 .net/s "a", 31 0, L_00000194b2ebee10;  alias, 1 drivers
v00000194b2e03850_0 .net/s "b", 31 0, v00000194b2e035d0_0;  alias, 1 drivers
v00000194b2e035d0_0 .var/s "f", 31 0;
E_00000194b2d892c0 .event anyedge, v00000194b2e02f90_0;
S_00000194b2d5b770 .scope module, "OUTPUT_COUNTER" "output_counter" 3 66, 8 1 0, S_00000194b2e064d0;
 .timescale 0 0;
    .port_info 0 /INPUT 1 "En_o_count";
    .port_info 1 /INPUT 1 "Res_o_count";
    .port_info 2 /INPUT 1 "Clock";
    .port_info 3 /OUTPUT 3 "o_count_out";
v00000194b2e66bf0_0 .net "Clock", 0 0, v00000194b2e6c790_0;  alias, 1 drivers
v00000194b2e66a10_0 .net "En_o_count", 0 0, L_00000194b2e70a30;  1 drivers
v00000194b2e65bb0_0 .net "Res_o_count", 0 0, L_00000194b2e71250;  1 drivers
v00000194b2e65890_0 .var "o_count_out", 2 0;
S_00000194b2d5b900 .scope module, "OUTPUT_MEM" "output_mem" 3 146, 9 1 0, S_00000194b2e064d0;
 .timescale 0 0;
    .port_info 0 /INPUT 1 "En_out_mem";
    .port_info 1 /INPUT 3 "Addr_mem_o";
    .port_info 2 /INPUT 1 "Res";
    .port_info 3 /INPUT 1 "Clock";
    .port_info 4 /INPUT 32 "in_data";
    .port_info 5 /OUTPUT 128 "out_data";
L_00000194b2db5bb0 .functor BUFZ 128, L_00000194b2ebfbd0, C4<00000000000000000000000000000000000000000000000000000000000000000000000000000000000000000000000000000000000000000000000000000000>, C4<00000000000000000000000000000000000000000000000000000000000000000000000000000000000000000000000000000000000000000000000000000000>, C4<00000000000000000000000000000000000000000000000000000000000000000000000000000000000000000000000000000000000000000000000000000000>;
v00000194b2e66150_0 .net "Addr_mem_o", 2 0, v00000194b2e65890_0;  alias, 1 drivers
v00000194b2e659d0_0 .net "Clock", 0 0, v00000194b2e6c790_0;  alias, 1 drivers
v00000194b2e656b0_0 .net "En_out_mem", 0 0, L_00000194b2ebf590;  1 drivers
v00000194b2e65750_0 .net "Res", 0 0, L_00000194b2ebfdb0;  1 drivers
v00000194b2e652f0_0 .var/i "i", 31 0;
v00000194b2e663d0_0 .net "in_data", 31 0, L_00000194b2db4f00;  alias, 1 drivers
v00000194b2e65c50 .array "mem_block", 3 0, 31 0;
v00000194b2e66ab0_0 .net "mem_out", 127 0, L_00000194b2ebfbd0;  1 drivers
v00000194b2e666f0_0 .net "out_data", 127 0, L_00000194b2db5bb0;  alias, 1 drivers
v00000194b2e65c50_3 .array/port v00000194b2e65c50, 3;
v00000194b2e65c50_2 .array/port v00000194b2e65c50, 2;
v00000194b2e65c50_1 .array/port v00000194b2e65c50, 1;
v00000194b2e65c50_0 .array/port v00000194b2e65c50, 0;
L_00000194b2ebfbd0 .concat [ 32 32 32 32], v00000194b2e65c50_3, v00000194b2e65c50_2, v00000194b2e65c50_1, v00000194b2e65c50_0;
S_00000194b2d653a0 .scope module, "WB_COUNT" "wb_counter" 3 57, 10 1 0, S_00000194b2e064d0;
 .timescale 0 0;
    .port_info 0 /INPUT 1 "En_wb_count";
    .port_info 1 /INPUT 1 "Res_wb_count";
    .port_info 2 /INPUT 1 "Clock";
    .port_info 3 /OUTPUT 5 "wb_count_out";
v00000194b2e66dd0_0 .net "Clock", 0 0, v00000194b2e6c790_0;  alias, 1 drivers
v00000194b2e65cf0_0 .net "En_wb_count", 0 0, L_00000194b2e70670;  1 drivers
v00000194b2e65b10_0 .net "Res_wb_count", 0 0, L_00000194b2e70d50;  1 drivers
v00000194b2e65930_0 .var "wb_count_out", 4 0;
S_00000194b2d65530 .scope module, "WEIGHT_MEM" "weight_mem" 3 110, 11 1 0, S_00000194b2e064d0;
 .timescale 0 0;
    .port_info 0 /INPUT 1 "En_w_mem";
    .port_info 1 /INPUT 5 "Addr_mem_w";
    .port_info 2 /INPUT 1 "Res";
    .port_info 3 /INPUT 1 "Clock";
    .port_info 4 /INPUT 32 "w_l1_11";
    .port_info 5 /INPUT 32 "w_l1_12";
    .port_info 6 /INPUT 32 "w_l1_13";
    .port_info 7 /INPUT 32 "w_l1_14";
    .port_info 8 /INPUT 32 "w_l1_21";
    .port_info 9 /INPUT 32 "w_l1_22";
    .port_info 10 /INPUT 32 "w_l1_23";
    .port_info 11 /INPUT 32 "w_l1_24";
    .port_info 12 /INPUT 32 "w_l1_31";
    .port_info 13 /INPUT 32 "w_l1_32";
    .port_info 14 /INPUT 32 "w_l1_33";
    .port_info 15 /INPUT 32 "w_l1_34";
    .port_info 16 /INPUT 32 "w_l1_41";
    .port_info 17 /INPUT 32 "w_l1_42";
    .port_info 18 /INPUT 32 "w_l1_43";
    .port_info 19 /INPUT 32 "w_l1_44";
    .port_info 20 /INPUT 32 "w_l2_11";
    .port_info 21 /INPUT 32 "w_l2_12";
    .port_info 22 /INPUT 32 "w_l2_21";
    .port_info 23 /INPUT 32 "w_l2_22";
    .port_info 24 /INPUT 32 "w_l2_31";
    .port_info 25 /INPUT 32 "w_l2_32";
    .port_info 26 /INPUT 32 "w_l2_41";
    .port_info 27 /INPUT 32 "w_l2_42";
    .port_info 28 /INPUT 32 "w_l3_11";
    .port_info 29 /INPUT 32 "w_l3_21";
    .port_info 30 /INPUT 32 "w_l4_11";
    .port_info 31 /INPUT 32 "w_l5_11";
    .port_info 32 /INPUT 32 "w_l6_11";
    .port_info 33 /INPUT 32 "w_l6_12";
    .port_info 34 /INPUT 32 "b_l6_1";
    .port_info 35 /INPUT 32 "b_l6_2";
    .port_info 36 /INPUT 32 "w_l7_11";
    .port_info 37 /INPUT 32 "w_l7_12";
    .port_info 38 /INPUT 32 "w_l7_13";
    .port_info 39 /INPUT 32 "w_l7_14";
    .port_info 40 /INPUT 32 "w_l7_21";
    .port_info 41 /INPUT 32 "w_l7_22";
    .port_info 42 /INPUT 32 "w_l7_23";
    .port_info 43 /INPUT 32 "w_l7_24";
    .port_info 44 /INPUT 32 "w_l8_11";
    .port_info 45 /INPUT 32 "w_l8_12";
    .port_info 46 /INPUT 32 "w_l8_13";
    .port_info 47 /INPUT 32 "w_l8_14";
    .port_info 48 /INPUT 32 "w_l8_21";
    .port_info 49 /INPUT 32 "w_l8_22";
    .port_info 50 /INPUT 32 "w_l8_23";
    .port_info 51 /INPUT 32 "w_l8_24";
    .port_info 52 /INPUT 32 "w_l8_31";
    .port_info 53 /INPUT 32 "w_l8_32";
    .port_info 54 /INPUT 32 "w_l8_33";
    .port_info 55 /INPUT 32 "w_l8_34";
    .port_info 56 /INPUT 32 "w_l8_41";
    .port_info 57 /INPUT 32 "w_l8_42";
    .port_info 58 /INPUT 32 "w_l8_43";
    .port_info 59 /INPUT 32 "w_l8_44";
    .port_info 60 /OUTPUT 128 "mem_out";
L_00000194b2db5440 .functor BUFZ 128, L_00000194b2e714d0, C4<00000000000000000000000000000000000000000000000000000000000000000000000000000000000000000000000000000000000000000000000000000000>, C4<00000000000000000000000000000000000000000000000000000000000000000000000000000000000000000000000000000000000000000000000000000000>, C4<00000000000000000000000000000000000000000000000000000000000000000000000000000000000000000000000000000000000000000000000000000000>;
v00000194b2e65a70_0 .net "Addr_mem_w", 4 0, v00000194b2e65930_0;  alias, 1 drivers
v00000194b2e65d90_0 .net "Clock", 0 0, v00000194b2e6c790_0;  alias, 1 drivers
v00000194b2e65e30_0 .net "En_w_mem", 0 0, L_00000194b2e71bb0;  1 drivers
v00000194b2e65070_0 .net "Res", 0 0, L_00000194b2e71610;  1 drivers
v00000194b2e65390_0 .net *"_ivl_0", 127 0, L_00000194b2e714d0;  1 drivers
v00000194b2e65430_0 .net *"_ivl_2", 5 0, L_00000194b2e71e30;  1 drivers
L_00000194b2e72098 .functor BUFT 1, C4<0>, C4<0>, C4<0>, C4<0>;
v00000194b2e65110_0 .net *"_ivl_5", 0 0, L_00000194b2e72098;  1 drivers
o00000194b2e14308 .functor BUFZ 32, C4<zzzzzzzzzzzzzzzzzzzzzzzzzzzzzzzz>; HiZ drive
v00000194b2e66650_0 .net/s "b_l6_1", 31 0, o00000194b2e14308;  0 drivers
o00000194b2e14338 .functor BUFZ 32, C4<zzzzzzzzzzzzzzzzzzzzzzzzzzzzzzzz>; HiZ drive
v00000194b2e660b0_0 .net/s "b_l6_2", 31 0, o00000194b2e14338;  0 drivers
v00000194b2e66010_0 .var/i "i", 31 0;
v00000194b2e66790 .array "mem_block", 18 0, 127 0;
v00000194b2e66470_0 .net "mem_out", 127 0, L_00000194b2db5440;  alias, 1 drivers
v00000194b2e65ed0_0 .net/s "w_l1_11", 31 0, L_00000194b2e712f0;  1 drivers
v00000194b2e654d0_0 .net/s "w_l1_12", 31 0, L_00000194b2e70e90;  1 drivers
v00000194b2e66d30_0 .net/s "w_l1_13", 31 0, L_00000194b2e71cf0;  1 drivers
v00000194b2e66510_0 .net/s "w_l1_14", 31 0, L_00000194b2e71ed0;  1 drivers
v00000194b2e66e70_0 .net/s "w_l1_21", 31 0, L_00000194b2e700d0;  1 drivers
v00000194b2e661f0_0 .net/s "w_l1_22", 31 0, L_00000194b2e71110;  1 drivers
v00000194b2e66970_0 .net/s "w_l1_23", 31 0, L_00000194b2e70210;  1 drivers
v00000194b2e66b50_0 .net/s "w_l1_24", 31 0, L_00000194b2e70170;  1 drivers
v00000194b2e66f10_0 .net/s "w_l1_31", 31 0, L_00000194b2e702b0;  1 drivers
v00000194b2e65250_0 .net/s "w_l1_32", 31 0, L_00000194b2eba190;  1 drivers
v00000194b2e65570_0 .net/s "w_l1_33", 31 0, L_00000194b2ebaeb0;  1 drivers
v00000194b2e66290_0 .net/s "w_l1_34", 31 0, L_00000194b2ebb1d0;  1 drivers
v00000194b2e657f0_0 .net/s "w_l1_41", 31 0, L_00000194b2ebaff0;  1 drivers
v00000194b2e693f0_0 .net/s "w_l1_42", 31 0, L_00000194b2eba4b0;  1 drivers
v00000194b2e695d0_0 .net/s "w_l1_43", 31 0, L_00000194b2ebb590;  1 drivers
v00000194b2e69990_0 .net/s "w_l1_44", 31 0, L_00000194b2ebbd10;  1 drivers
v00000194b2e697b0_0 .net/s "w_l2_11", 31 0, L_00000194b2ebae10;  1 drivers
v00000194b2e689f0_0 .net/s "w_l2_12", 31 0, L_00000194b2ebb310;  1 drivers
v00000194b2e68bd0_0 .net/s "w_l2_21", 31 0, L_00000194b2ebaf50;  1 drivers
v00000194b2e68c70_0 .net/s "w_l2_22", 31 0, L_00000194b2ebb090;  1 drivers
v00000194b2e69d50_0 .net/s "w_l2_31", 31 0, L_00000194b2ebbb30;  1 drivers
v00000194b2e690d0_0 .net/s "w_l2_32", 31 0, L_00000194b2ebbdb0;  1 drivers
v00000194b2e69f30_0 .net/s "w_l2_41", 31 0, L_00000194b2ebb450;  1 drivers
v00000194b2e69a30_0 .net/s "w_l2_42", 31 0, L_00000194b2ebb630;  1 drivers
v00000194b2e68e50_0 .net/s "w_l3_11", 31 0, L_00000194b2ebb9f0;  1 drivers
v00000194b2e69030_0 .net/s "w_l3_21", 31 0, L_00000194b2ebb810;  1 drivers
v00000194b2e68f90_0 .net/s "w_l4_11", 31 0, L_00000194b2ebaa50;  1 drivers
v00000194b2e69e90_0 .net/s "w_l5_11", 31 0, L_00000194b2ebb4f0;  1 drivers
v00000194b2e686d0_0 .net/s "w_l6_11", 31 0, L_00000194b2ebb3b0;  1 drivers
v00000194b2e68a90_0 .net/s "w_l6_12", 31 0, L_00000194b2ebb6d0;  1 drivers
v00000194b2e68d10_0 .net/s "w_l7_11", 31 0, L_00000194b2ebb130;  1 drivers
v00000194b2e69c10_0 .net/s "w_l7_12", 31 0, L_00000194b2ebbf90;  1 drivers
v00000194b2e69850_0 .net/s "w_l7_13", 31 0, L_00000194b2ebba90;  1 drivers
v00000194b2e68590_0 .net/s "w_l7_14", 31 0, L_00000194b2ebb270;  1 drivers
v00000194b2e68b30_0 .net/s "w_l7_21", 31 0, L_00000194b2ebb770;  1 drivers
v00000194b2e68090_0 .net/s "w_l7_22", 31 0, L_00000194b2ebb8b0;  1 drivers
v00000194b2e688b0_0 .net/s "w_l7_23", 31 0, L_00000194b2ebbef0;  1 drivers
v00000194b2e68310_0 .net/s "w_l7_24", 31 0, L_00000194b2eba730;  1 drivers
v00000194b2e68130_0 .net/s "w_l8_11", 31 0, L_00000194b2ebaaf0;  1 drivers
v00000194b2e69670_0 .net/s "w_l8_12", 31 0, L_00000194b2ebacd0;  1 drivers
v00000194b2e69170_0 .net/s "w_l8_13", 31 0, L_00000194b2ebbc70;  1 drivers
v00000194b2e69210_0 .net/s "w_l8_14", 31 0, L_00000194b2ebb950;  1 drivers
v00000194b2e68db0_0 .net/s "w_l8_21", 31 0, L_00000194b2eba230;  1 drivers
v00000194b2e69350_0 .net/s "w_l8_22", 31 0, L_00000194b2ebbbd0;  1 drivers
v00000194b2e68ef0_0 .net/s "w_l8_23", 31 0, L_00000194b2ebbe50;  1 drivers
v00000194b2e68270_0 .net/s "w_l8_24", 31 0, L_00000194b2eba0f0;  1 drivers
v00000194b2e69cb0_0 .net/s "w_l8_31", 31 0, L_00000194b2eba2d0;  1 drivers
v00000194b2e692b0_0 .net/s "w_l8_32", 31 0, L_00000194b2eba370;  1 drivers
v00000194b2e69490_0 .net/s "w_l8_33", 31 0, L_00000194b2eba410;  1 drivers
v00000194b2e68630_0 .net/s "w_l8_34", 31 0, L_00000194b2ebab90;  1 drivers
v00000194b2e69710_0 .net/s "w_l8_41", 31 0, L_00000194b2eba7d0;  1 drivers
v00000194b2e69df0_0 .net/s "w_l8_42", 31 0, L_00000194b2eba550;  1 drivers
v00000194b2e69530_0 .net/s "w_l8_43", 31 0, L_00000194b2eba5f0;  1 drivers
v00000194b2e698f0_0 .net/s "w_l8_44", 31 0, L_00000194b2eba690;  1 drivers
L_00000194b2e714d0 .array/port v00000194b2e66790, L_00000194b2e71e30;
L_00000194b2e71e30 .concat [ 5 1 0 0], v00000194b2e65930_0, L_00000194b2e72098;
S_00000194b2d26290 .scope module, "mux_input" "mux2to1_128b" 3 85, 12 1 0, S_00000194b2e064d0;
 .timescale 0 0;
    .port_info 0 /INPUT 128 "a0";
    .port_info 1 /INPUT 128 "b1";
    .port_info 2 /INPUT 1 "s";
    .port_info 3 /OUTPUT 128 "out";
P_00000194b2d89300 .param/l "bitsize" 0 12 3, +C4<00000000000000000000000010000000>;
v00000194b2e683b0_0 .net "a0", 127 0, L_00000194b2db5bb0;  alias, 1 drivers
v00000194b2e69ad0_0 .net "b1", 127 0, L_00000194b2e71b10;  alias, 1 drivers
v00000194b2e68770_0 .var "out", 127 0;
v00000194b2e681d0_0 .net "s", 0 0, L_00000194b2e70cb0;  1 drivers
E_00000194b2d89400 .event anyedge, v00000194b2e681d0_0, v00000194b2e666f0_0, v00000194b2e69ad0_0;
    .scope S_00000194b2d2db50;
T_0 ;
    %wait E_00000194b2d89e80;
    %load/vec4 v00000194b2e02b30_0;
    %nor/r;
    %flag_set/vec4 8;
    %jmp/0xz  T_0.0, 8;
    %pushi/vec4 0, 0, 3;
    %assign/vec4 v00000194b2e02e50_0, 0;
    %jmp T_0.1;
T_0.0 ;
    %load/vec4 v00000194b2e02e50_0;
    %dup/vec4;
    %pushi/vec4 0, 0, 3;
    %cmp/u;
    %jmp/1 T_0.2, 6;
    %dup/vec4;
    %pushi/vec4 1, 0, 3;
    %cmp/u;
    %jmp/1 T_0.3, 6;
    %dup/vec4;
    %pushi/vec4 2, 0, 3;
    %cmp/u;
    %jmp/1 T_0.4, 6;
    %dup/vec4;
    %pushi/vec4 3, 0, 3;
    %cmp/u;
    %jmp/1 T_0.5, 6;
    %dup/vec4;
    %pushi/vec4 4, 0, 3;
    %cmp/u;
    %jmp/1 T_0.6, 6;
    %dup/vec4;
    %pushi/vec4 5, 0, 3;
    %cmp/u;
    %jmp/1 T_0.7, 6;
    %pushi/vec4 0, 0, 3;
    %assign/vec4 v00000194b2e02e50_0, 0;
    %jmp T_0.9;
T_0.2 ;
    %load/vec4 v00000194b2e02db0_0;
    %flag_set/vec4 8;
    %jmp/0xz  T_0.10, 8;
    %pushi/vec4 1, 0, 3;
    %assign/vec4 v00000194b2e02e50_0, 0;
    %jmp T_0.11;
T_0.10 ;
    %pushi/vec4 0, 0, 3;
    %assign/vec4 v00000194b2e02e50_0, 0;
T_0.11 ;
    %jmp T_0.9;
T_0.3 ;
    %pushi/vec4 2, 0, 3;
    %assign/vec4 v00000194b2e02e50_0, 0;
    %jmp T_0.9;
T_0.4 ;
    %pushi/vec4 3, 0, 3;
    %assign/vec4 v00000194b2e02e50_0, 0;
    %jmp T_0.9;
T_0.5 ;
    %load/vec4 v00000194b2e02bd0_0;
    %dup/vec4;
    %pushi/vec4 3, 0, 5;
    %cmp/u;
    %jmp/1 T_0.12, 6;
    %dup/vec4;
    %pushi/vec4 5, 0, 5;
    %cmp/u;
    %jmp/1 T_0.13, 6;
    %dup/vec4;
    %pushi/vec4 6, 0, 5;
    %cmp/u;
    %jmp/1 T_0.14, 6;
    %dup/vec4;
    %pushi/vec4 7, 0, 5;
    %cmp/u;
    %jmp/1 T_0.15, 6;
    %dup/vec4;
    %pushi/vec4 8, 0, 5;
    %cmp/u;
    %jmp/1 T_0.16, 6;
    %dup/vec4;
    %pushi/vec4 10, 0, 5;
    %cmp/u;
    %jmp/1 T_0.17, 6;
    %dup/vec4;
    %pushi/vec4 14, 0, 5;
    %cmp/u;
    %jmp/1 T_0.18, 6;
    %dup/vec4;
    %pushi/vec4 18, 0, 5;
    %cmp/u;
    %jmp/1 T_0.19, 6;
    %pushi/vec4 3, 0, 3;
    %assign/vec4 v00000194b2e02e50_0, 0;
    %jmp T_0.21;
T_0.12 ;
    %pushi/vec4 4, 0, 3;
    %assign/vec4 v00000194b2e02e50_0, 0;
    %jmp T_0.21;
T_0.13 ;
    %pushi/vec4 4, 0, 3;
    %assign/vec4 v00000194b2e02e50_0, 0;
    %jmp T_0.21;
T_0.14 ;
    %pushi/vec4 4, 0, 3;
    %assign/vec4 v00000194b2e02e50_0, 0;
    %jmp T_0.21;
T_0.15 ;
    %pushi/vec4 4, 0, 3;
    %assign/vec4 v00000194b2e02e50_0, 0;
    %jmp T_0.21;
T_0.16 ;
    %pushi/vec4 4, 0, 3;
    %assign/vec4 v00000194b2e02e50_0, 0;
    %jmp T_0.21;
T_0.17 ;
    %pushi/vec4 4, 0, 3;
    %assign/vec4 v00000194b2e02e50_0, 0;
    %jmp T_0.21;
T_0.18 ;
    %pushi/vec4 4, 0, 3;
    %assign/vec4 v00000194b2e02e50_0, 0;
    %jmp T_0.21;
T_0.19 ;
    %pushi/vec4 5, 0, 3;
    %assign/vec4 v00000194b2e02e50_0, 0;
    %jmp T_0.21;
T_0.21 ;
    %pop/vec4 1;
    %jmp T_0.9;
T_0.6 ;
    %pushi/vec4 3, 0, 3;
    %assign/vec4 v00000194b2e02e50_0, 0;
    %jmp T_0.9;
T_0.7 ;
    %pushi/vec4 5, 0, 3;
    %assign/vec4 v00000194b2e02e50_0, 0;
    %jmp T_0.9;
T_0.9 ;
    %pop/vec4 1;
T_0.1 ;
    %jmp T_0;
    .thread T_0;
    .scope S_00000194b2d2db50;
T_1 ;
    %wait E_00000194b2d89d40;
    %load/vec4 v00000194b2e02e50_0;
    %dup/vec4;
    %pushi/vec4 0, 0, 3;
    %cmp/u;
    %jmp/1 T_1.0, 6;
    %dup/vec4;
    %pushi/vec4 1, 0, 3;
    %cmp/u;
    %jmp/1 T_1.1, 6;
    %dup/vec4;
    %pushi/vec4 2, 0, 3;
    %cmp/u;
    %jmp/1 T_1.2, 6;
    %dup/vec4;
    %pushi/vec4 3, 0, 3;
    %cmp/u;
    %jmp/1 T_1.3, 6;
    %dup/vec4;
    %pushi/vec4 4, 0, 3;
    %cmp/u;
    %jmp/1 T_1.4, 6;
    %dup/vec4;
    %pushi/vec4 5, 0, 3;
    %cmp/u;
    %jmp/1 T_1.5, 6;
    %pushi/vec4 0, 0, 10;
    %assign/vec4 v00000194b2e02a90_0, 0;
    %jmp T_1.7;
T_1.0 ;
    %pushi/vec4 512, 0, 10;
    %assign/vec4 v00000194b2e02a90_0, 0;
    %jmp T_1.7;
T_1.1 ;
    %pushi/vec4 1011, 0, 10;
    %assign/vec4 v00000194b2e02a90_0, 0;
    %jmp T_1.7;
T_1.2 ;
    %pushi/vec4 287, 0, 10;
    %assign/vec4 v00000194b2e02a90_0, 0;
    %jmp T_1.7;
T_1.3 ;
    %pushi/vec4 287, 0, 10;
    %assign/vec4 v00000194b2e02a90_0, 0;
    %jmp T_1.7;
T_1.4 ;
    %pushi/vec4 406, 0, 10;
    %assign/vec4 v00000194b2e02a90_0, 0;
    %jmp T_1.7;
T_1.5 ;
    %pushi/vec4 259, 0, 10;
    %assign/vec4 v00000194b2e02a90_0, 0;
    %jmp T_1.7;
T_1.7 ;
    %pop/vec4 1;
    %jmp T_1;
    .thread T_1, $push;
    .scope S_00000194b2d653a0;
T_2 ;
    %wait E_00000194b2d89e80;
    %load/vec4 v00000194b2e65b10_0;
    %nor/r;
    %flag_set/vec4 8;
    %jmp/0xz  T_2.0, 8;
    %pushi/vec4 0, 0, 5;
    %assign/vec4 v00000194b2e65930_0, 0;
    %jmp T_2.1;
T_2.0 ;
    %load/vec4 v00000194b2e65cf0_0;
    %flag_set/vec4 8;
    %jmp/0xz  T_2.2, 8;
    %load/vec4 v00000194b2e65930_0;
    %addi 1, 0, 5;
    %assign/vec4 v00000194b2e65930_0, 0;
    %jmp T_2.3;
T_2.2 ;
    %load/vec4 v00000194b2e65930_0;
    %assign/vec4 v00000194b2e65930_0, 0;
T_2.3 ;
T_2.1 ;
    %jmp T_2;
    .thread T_2;
    .scope S_00000194b2d5b770;
T_3 ;
    %wait E_00000194b2d89e80;
    %load/vec4 v00000194b2e65bb0_0;
    %nor/r;
    %flag_set/vec4 8;
    %jmp/0xz  T_3.0, 8;
    %pushi/vec4 0, 0, 3;
    %assign/vec4 v00000194b2e65890_0, 0;
    %jmp T_3.1;
T_3.0 ;
    %load/vec4 v00000194b2e66a10_0;
    %flag_set/vec4 8;
    %jmp/0xz  T_3.2, 8;
    %load/vec4 v00000194b2e65890_0;
    %addi 1, 0, 3;
    %assign/vec4 v00000194b2e65890_0, 0;
    %jmp T_3.3;
T_3.2 ;
    %load/vec4 v00000194b2e65890_0;
    %assign/vec4 v00000194b2e65890_0, 0;
T_3.3 ;
T_3.1 ;
    %jmp T_3;
    .thread T_3;
    .scope S_00000194b2d26290;
T_4 ;
    %wait E_00000194b2d89400;
    %load/vec4 v00000194b2e681d0_0;
    %cmpi/e 0, 0, 1;
    %jmp/0xz  T_4.0, 4;
    %load/vec4 v00000194b2e683b0_0;
    %assign/vec4 v00000194b2e68770_0, 0;
    %jmp T_4.1;
T_4.0 ;
    %load/vec4 v00000194b2e69ad0_0;
    %assign/vec4 v00000194b2e68770_0, 0;
T_4.1 ;
    %jmp T_4;
    .thread T_4, $push;
    .scope S_00000194b2d65530;
T_5 ;
    %wait E_00000194b2d89e80;
    %load/vec4 v00000194b2e65070_0;
    %nor/r;
    %flag_set/vec4 8;
    %jmp/0xz  T_5.0, 8;
    %pushi/vec4 0, 0, 32;
    %store/vec4 v00000194b2e66010_0, 0, 32;
T_5.2 ;
    %load/vec4 v00000194b2e66010_0;
    %cmpi/s 19, 0, 32;
    %jmp/0xz T_5.3, 5;
    %pushi/vec4 0, 0, 128;
    %ix/getv/s 3, v00000194b2e66010_0;
    %ix/load 4, 0, 0; Constant delay
    %assign/vec4/a/d v00000194b2e66790, 0, 4;
    %load/vec4 v00000194b2e66010_0;
    %addi 1, 0, 32;
    %store/vec4 v00000194b2e66010_0, 0, 32;
    %jmp T_5.2;
T_5.3 ;
    %jmp T_5.1;
T_5.0 ;
    %load/vec4 v00000194b2e65e30_0;
    %flag_set/vec4 8;
    %jmp/0xz  T_5.4, 8;
    %load/vec4 v00000194b2e65ed0_0;
    %load/vec4 v00000194b2e66e70_0;
    %concat/vec4; draw_concat_vec4
    %load/vec4 v00000194b2e66f10_0;
    %concat/vec4; draw_concat_vec4
    %load/vec4 v00000194b2e657f0_0;
    %concat/vec4; draw_concat_vec4
    %ix/load 3, 0, 0;
    %flag_set/imm 4, 0;
    %ix/load 4, 0, 0; Constant delay
    %assign/vec4/a/d v00000194b2e66790, 0, 4;
    %load/vec4 v00000194b2e654d0_0;
    %load/vec4 v00000194b2e661f0_0;
    %concat/vec4; draw_concat_vec4
    %load/vec4 v00000194b2e65250_0;
    %concat/vec4; draw_concat_vec4
    %load/vec4 v00000194b2e693f0_0;
    %concat/vec4; draw_concat_vec4
    %ix/load 3, 1, 0;
    %flag_set/imm 4, 0;
    %ix/load 4, 0, 0; Constant delay
    %assign/vec4/a/d v00000194b2e66790, 0, 4;
    %load/vec4 v00000194b2e66d30_0;
    %load/vec4 v00000194b2e66970_0;
    %concat/vec4; draw_concat_vec4
    %load/vec4 v00000194b2e65570_0;
    %concat/vec4; draw_concat_vec4
    %load/vec4 v00000194b2e695d0_0;
    %concat/vec4; draw_concat_vec4
    %ix/load 3, 2, 0;
    %flag_set/imm 4, 0;
    %ix/load 4, 0, 0; Constant delay
    %assign/vec4/a/d v00000194b2e66790, 0, 4;
    %load/vec4 v00000194b2e66510_0;
    %load/vec4 v00000194b2e66b50_0;
    %concat/vec4; draw_concat_vec4
    %load/vec4 v00000194b2e66290_0;
    %concat/vec4; draw_concat_vec4
    %load/vec4 v00000194b2e69990_0;
    %concat/vec4; draw_concat_vec4
    %ix/load 3, 3, 0;
    %flag_set/imm 4, 0;
    %ix/load 4, 0, 0; Constant delay
    %assign/vec4/a/d v00000194b2e66790, 0, 4;
    %load/vec4 v00000194b2e697b0_0;
    %load/vec4 v00000194b2e68bd0_0;
    %concat/vec4; draw_concat_vec4
    %load/vec4 v00000194b2e69d50_0;
    %concat/vec4; draw_concat_vec4
    %load/vec4 v00000194b2e69f30_0;
    %concat/vec4; draw_concat_vec4
    %ix/load 3, 4, 0;
    %flag_set/imm 4, 0;
    %ix/load 4, 0, 0; Constant delay
    %assign/vec4/a/d v00000194b2e66790, 0, 4;
    %load/vec4 v00000194b2e689f0_0;
    %load/vec4 v00000194b2e68c70_0;
    %concat/vec4; draw_concat_vec4
    %load/vec4 v00000194b2e690d0_0;
    %concat/vec4; draw_concat_vec4
    %load/vec4 v00000194b2e69a30_0;
    %concat/vec4; draw_concat_vec4
    %ix/load 3, 5, 0;
    %flag_set/imm 4, 0;
    %ix/load 4, 0, 0; Constant delay
    %assign/vec4/a/d v00000194b2e66790, 0, 4;
    %load/vec4 v00000194b2e68e50_0;
    %load/vec4 v00000194b2e69030_0;
    %concat/vec4; draw_concat_vec4
    %concati/vec4 0, 0, 32;
    %concati/vec4 0, 0, 32;
    %ix/load 3, 6, 0;
    %flag_set/imm 4, 0;
    %ix/load 4, 0, 0; Constant delay
    %assign/vec4/a/d v00000194b2e66790, 0, 4;
    %load/vec4 v00000194b2e68f90_0;
    %concati/vec4 0, 0, 32;
    %concati/vec4 0, 0, 32;
    %concati/vec4 0, 0, 32;
    %ix/load 3, 7, 0;
    %flag_set/imm 4, 0;
    %ix/load 4, 0, 0; Constant delay
    %assign/vec4/a/d v00000194b2e66790, 0, 4;
    %load/vec4 v00000194b2e69e90_0;
    %concati/vec4 0, 0, 32;
    %concati/vec4 0, 0, 32;
    %concati/vec4 0, 0, 32;
    %ix/load 3, 8, 0;
    %flag_set/imm 4, 0;
    %ix/load 4, 0, 0; Constant delay
    %assign/vec4/a/d v00000194b2e66790, 0, 4;
    %load/vec4 v00000194b2e686d0_0;
    %concati/vec4 0, 0, 32;
    %concati/vec4 0, 0, 32;
    %concati/vec4 0, 0, 32;
    %ix/load 3, 9, 0;
    %flag_set/imm 4, 0;
    %ix/load 4, 0, 0; Constant delay
    %assign/vec4/a/d v00000194b2e66790, 0, 4;
    %load/vec4 v00000194b2e68a90_0;
    %concati/vec4 0, 0, 32;
    %concati/vec4 0, 0, 32;
    %concati/vec4 0, 0, 32;
    %ix/load 3, 10, 0;
    %flag_set/imm 4, 0;
    %ix/load 4, 0, 0; Constant delay
    %assign/vec4/a/d v00000194b2e66790, 0, 4;
    %load/vec4 v00000194b2e68d10_0;
    %load/vec4 v00000194b2e68b30_0;
    %concat/vec4; draw_concat_vec4
    %concati/vec4 0, 0, 32;
    %concati/vec4 0, 0, 32;
    %ix/load 3, 11, 0;
    %flag_set/imm 4, 0;
    %ix/load 4, 0, 0; Constant delay
    %assign/vec4/a/d v00000194b2e66790, 0, 4;
    %load/vec4 v00000194b2e69c10_0;
    %load/vec4 v00000194b2e68090_0;
    %concat/vec4; draw_concat_vec4
    %concati/vec4 0, 0, 32;
    %concati/vec4 0, 0, 32;
    %ix/load 3, 12, 0;
    %flag_set/imm 4, 0;
    %ix/load 4, 0, 0; Constant delay
    %assign/vec4/a/d v00000194b2e66790, 0, 4;
    %load/vec4 v00000194b2e69850_0;
    %load/vec4 v00000194b2e688b0_0;
    %concat/vec4; draw_concat_vec4
    %concati/vec4 0, 0, 32;
    %concati/vec4 0, 0, 32;
    %ix/load 3, 13, 0;
    %flag_set/imm 4, 0;
    %ix/load 4, 0, 0; Constant delay
    %assign/vec4/a/d v00000194b2e66790, 0, 4;
    %load/vec4 v00000194b2e68590_0;
    %load/vec4 v00000194b2e68310_0;
    %concat/vec4; draw_concat_vec4
    %concati/vec4 0, 0, 32;
    %concati/vec4 0, 0, 32;
    %ix/load 3, 14, 0;
    %flag_set/imm 4, 0;
    %ix/load 4, 0, 0; Constant delay
    %assign/vec4/a/d v00000194b2e66790, 0, 4;
    %load/vec4 v00000194b2e68130_0;
    %load/vec4 v00000194b2e68db0_0;
    %concat/vec4; draw_concat_vec4
    %load/vec4 v00000194b2e69cb0_0;
    %concat/vec4; draw_concat_vec4
    %load/vec4 v00000194b2e69710_0;
    %concat/vec4; draw_concat_vec4
    %ix/load 3, 15, 0;
    %flag_set/imm 4, 0;
    %ix/load 4, 0, 0; Constant delay
    %assign/vec4/a/d v00000194b2e66790, 0, 4;
    %load/vec4 v00000194b2e69670_0;
    %load/vec4 v00000194b2e69350_0;
    %concat/vec4; draw_concat_vec4
    %load/vec4 v00000194b2e692b0_0;
    %concat/vec4; draw_concat_vec4
    %load/vec4 v00000194b2e69df0_0;
    %concat/vec4; draw_concat_vec4
    %ix/load 3, 16, 0;
    %flag_set/imm 4, 0;
    %ix/load 4, 0, 0; Constant delay
    %assign/vec4/a/d v00000194b2e66790, 0, 4;
    %load/vec4 v00000194b2e69170_0;
    %load/vec4 v00000194b2e68ef0_0;
    %concat/vec4; draw_concat_vec4
    %load/vec4 v00000194b2e69490_0;
    %concat/vec4; draw_concat_vec4
    %load/vec4 v00000194b2e69530_0;
    %concat/vec4; draw_concat_vec4
    %ix/load 3, 17, 0;
    %flag_set/imm 4, 0;
    %ix/load 4, 0, 0; Constant delay
    %assign/vec4/a/d v00000194b2e66790, 0, 4;
    %load/vec4 v00000194b2e69210_0;
    %load/vec4 v00000194b2e68270_0;
    %concat/vec4; draw_concat_vec4
    %load/vec4 v00000194b2e68630_0;
    %concat/vec4; draw_concat_vec4
    %load/vec4 v00000194b2e698f0_0;
    %concat/vec4; draw_concat_vec4
    %ix/load 3, 18, 0;
    %flag_set/imm 4, 0;
    %ix/load 4, 0, 0; Constant delay
    %assign/vec4/a/d v00000194b2e66790, 0, 4;
    %jmp T_5.5;
T_5.4 ;
    %ix/load 4, 0, 0;
    %flag_set/imm 4, 0;
    %load/vec4a v00000194b2e66790, 4;
    %ix/load 3, 0, 0;
    %flag_set/imm 4, 0;
    %ix/load 4, 0, 0; Constant delay
    %assign/vec4/a/d v00000194b2e66790, 0, 4;
    %ix/load 4, 1, 0;
    %flag_set/imm 4, 0;
    %load/vec4a v00000194b2e66790, 4;
    %ix/load 3, 1, 0;
    %flag_set/imm 4, 0;
    %ix/load 4, 0, 0; Constant delay
    %assign/vec4/a/d v00000194b2e66790, 0, 4;
    %ix/load 4, 2, 0;
    %flag_set/imm 4, 0;
    %load/vec4a v00000194b2e66790, 4;
    %ix/load 3, 2, 0;
    %flag_set/imm 4, 0;
    %ix/load 4, 0, 0; Constant delay
    %assign/vec4/a/d v00000194b2e66790, 0, 4;
    %ix/load 4, 3, 0;
    %flag_set/imm 4, 0;
    %load/vec4a v00000194b2e66790, 4;
    %ix/load 3, 3, 0;
    %flag_set/imm 4, 0;
    %ix/load 4, 0, 0; Constant delay
    %assign/vec4/a/d v00000194b2e66790, 0, 4;
    %ix/load 4, 4, 0;
    %flag_set/imm 4, 0;
    %load/vec4a v00000194b2e66790, 4;
    %ix/load 3, 4, 0;
    %flag_set/imm 4, 0;
    %ix/load 4, 0, 0; Constant delay
    %assign/vec4/a/d v00000194b2e66790, 0, 4;
    %ix/load 4, 5, 0;
    %flag_set/imm 4, 0;
    %load/vec4a v00000194b2e66790, 4;
    %ix/load 3, 5, 0;
    %flag_set/imm 4, 0;
    %ix/load 4, 0, 0; Constant delay
    %assign/vec4/a/d v00000194b2e66790, 0, 4;
    %ix/load 4, 6, 0;
    %flag_set/imm 4, 0;
    %load/vec4a v00000194b2e66790, 4;
    %ix/load 3, 6, 0;
    %flag_set/imm 4, 0;
    %ix/load 4, 0, 0; Constant delay
    %assign/vec4/a/d v00000194b2e66790, 0, 4;
    %ix/load 4, 7, 0;
    %flag_set/imm 4, 0;
    %load/vec4a v00000194b2e66790, 4;
    %ix/load 3, 7, 0;
    %flag_set/imm 4, 0;
    %ix/load 4, 0, 0; Constant delay
    %assign/vec4/a/d v00000194b2e66790, 0, 4;
    %ix/load 4, 8, 0;
    %flag_set/imm 4, 0;
    %load/vec4a v00000194b2e66790, 4;
    %ix/load 3, 8, 0;
    %flag_set/imm 4, 0;
    %ix/load 4, 0, 0; Constant delay
    %assign/vec4/a/d v00000194b2e66790, 0, 4;
    %ix/load 4, 9, 0;
    %flag_set/imm 4, 0;
    %load/vec4a v00000194b2e66790, 4;
    %ix/load 3, 9, 0;
    %flag_set/imm 4, 0;
    %ix/load 4, 0, 0; Constant delay
    %assign/vec4/a/d v00000194b2e66790, 0, 4;
    %ix/load 4, 10, 0;
    %flag_set/imm 4, 0;
    %load/vec4a v00000194b2e66790, 4;
    %ix/load 3, 10, 0;
    %flag_set/imm 4, 0;
    %ix/load 4, 0, 0; Constant delay
    %assign/vec4/a/d v00000194b2e66790, 0, 4;
    %ix/load 4, 11, 0;
    %flag_set/imm 4, 0;
    %load/vec4a v00000194b2e66790, 4;
    %ix/load 3, 11, 0;
    %flag_set/imm 4, 0;
    %ix/load 4, 0, 0; Constant delay
    %assign/vec4/a/d v00000194b2e66790, 0, 4;
    %ix/load 4, 12, 0;
    %flag_set/imm 4, 0;
    %load/vec4a v00000194b2e66790, 4;
    %ix/load 3, 12, 0;
    %flag_set/imm 4, 0;
    %ix/load 4, 0, 0; Constant delay
    %assign/vec4/a/d v00000194b2e66790, 0, 4;
    %ix/load 4, 13, 0;
    %flag_set/imm 4, 0;
    %load/vec4a v00000194b2e66790, 4;
    %ix/load 3, 13, 0;
    %flag_set/imm 4, 0;
    %ix/load 4, 0, 0; Constant delay
    %assign/vec4/a/d v00000194b2e66790, 0, 4;
    %ix/load 4, 14, 0;
    %flag_set/imm 4, 0;
    %load/vec4a v00000194b2e66790, 4;
    %ix/load 3, 14, 0;
    %flag_set/imm 4, 0;
    %ix/load 4, 0, 0; Constant delay
    %assign/vec4/a/d v00000194b2e66790, 0, 4;
    %ix/load 4, 15, 0;
    %flag_set/imm 4, 0;
    %load/vec4a v00000194b2e66790, 4;
    %ix/load 3, 15, 0;
    %flag_set/imm 4, 0;
    %ix/load 4, 0, 0; Constant delay
    %assign/vec4/a/d v00000194b2e66790, 0, 4;
    %ix/load 4, 16, 0;
    %flag_set/imm 4, 0;
    %load/vec4a v00000194b2e66790, 4;
    %ix/load 3, 16, 0;
    %flag_set/imm 4, 0;
    %ix/load 4, 0, 0; Constant delay
    %assign/vec4/a/d v00000194b2e66790, 0, 4;
    %ix/load 4, 17, 0;
    %flag_set/imm 4, 0;
    %load/vec4a v00000194b2e66790, 4;
    %ix/load 3, 17, 0;
    %flag_set/imm 4, 0;
    %ix/load 4, 0, 0; Constant delay
    %assign/vec4/a/d v00000194b2e66790, 0, 4;
    %ix/load 4, 18, 0;
    %flag_set/imm 4, 0;
    %load/vec4a v00000194b2e66790, 4;
    %ix/load 3, 18, 0;
    %flag_set/imm 4, 0;
    %ix/load 4, 0, 0; Constant delay
    %assign/vec4/a/d v00000194b2e66790, 0, 4;
T_5.5 ;
T_5.1 ;
    %jmp T_5;
    .thread T_5;
    .scope S_00000194b2d73710;
T_6 ;
    %wait E_00000194b2d89e80;
    %load/vec4 v00000194b2e01ff0_0;
    %nor/r;
    %flag_set/vec4 8;
    %jmp/0xz  T_6.0, 8;
    %pushi/vec4 0, 0, 32;
    %store/vec4 v00000194b2e02270_0, 0, 32;
T_6.2 ;
    %load/vec4 v00000194b2e02270_0;
    %cmpi/s 19, 0, 32;
    %jmp/0xz T_6.3, 5;
    %pushi/vec4 0, 0, 32;
    %ix/getv/s 3, v00000194b2e02270_0;
    %ix/load 4, 0, 0; Constant delay
    %assign/vec4/a/d v00000194b2e023b0, 0, 4;
    %load/vec4 v00000194b2e02270_0;
    %addi 1, 0, 32;
    %store/vec4 v00000194b2e02270_0, 0, 32;
    %jmp T_6.2;
T_6.3 ;
    %jmp T_6.1;
T_6.0 ;
    %load/vec4 v00000194b2e03030_0;
    %flag_set/vec4 8;
    %jmp/0xz  T_6.4, 8;
    %load/vec4 v00000194b2e01cd0_0;
    %ix/load 3, 0, 0;
    %flag_set/imm 4, 0;
    %ix/load 4, 0, 0; Constant delay
    %assign/vec4/a/d v00000194b2e023b0, 0, 4;
    %load/vec4 v00000194b2e02770_0;
    %ix/load 3, 1, 0;
    %flag_set/imm 4, 0;
    %ix/load 4, 0, 0; Constant delay
    %assign/vec4/a/d v00000194b2e023b0, 0, 4;
    %load/vec4 v00000194b2e02090_0;
    %ix/load 3, 2, 0;
    %flag_set/imm 4, 0;
    %ix/load 4, 0, 0; Constant delay
    %assign/vec4/a/d v00000194b2e023b0, 0, 4;
    %load/vec4 v00000194b2e01d70_0;
    %ix/load 3, 3, 0;
    %flag_set/imm 4, 0;
    %ix/load 4, 0, 0; Constant delay
    %assign/vec4/a/d v00000194b2e023b0, 0, 4;
    %load/vec4 v00000194b2e026d0_0;
    %ix/load 3, 4, 0;
    %flag_set/imm 4, 0;
    %ix/load 4, 0, 0; Constant delay
    %assign/vec4/a/d v00000194b2e023b0, 0, 4;
    %load/vec4 v00000194b2e03490_0;
    %ix/load 3, 5, 0;
    %flag_set/imm 4, 0;
    %ix/load 4, 0, 0; Constant delay
    %assign/vec4/a/d v00000194b2e023b0, 0, 4;
    %load/vec4 v00000194b2e02d10_0;
    %ix/load 3, 6, 0;
    %flag_set/imm 4, 0;
    %ix/load 4, 0, 0; Constant delay
    %assign/vec4/a/d v00000194b2e023b0, 0, 4;
    %load/vec4 v00000194b2e02130_0;
    %ix/load 3, 7, 0;
    %flag_set/imm 4, 0;
    %ix/load 4, 0, 0; Constant delay
    %assign/vec4/a/d v00000194b2e023b0, 0, 4;
    %load/vec4 v00000194b2e02ef0_0;
    %ix/load 3, 8, 0;
    %flag_set/imm 4, 0;
    %ix/load 4, 0, 0; Constant delay
    %assign/vec4/a/d v00000194b2e023b0, 0, 4;
    %load/vec4 v00000194b2e02810_0;
    %ix/load 3, 9, 0;
    %flag_set/imm 4, 0;
    %ix/load 4, 0, 0; Constant delay
    %assign/vec4/a/d v00000194b2e023b0, 0, 4;
    %load/vec4 v00000194b2e024f0_0;
    %ix/load 3, 10, 0;
    %flag_set/imm 4, 0;
    %ix/load 4, 0, 0; Constant delay
    %assign/vec4/a/d v00000194b2e023b0, 0, 4;
    %load/vec4 v00000194b2e02630_0;
    %ix/load 3, 11, 0;
    %flag_set/imm 4, 0;
    %ix/load 4, 0, 0; Constant delay
    %assign/vec4/a/d v00000194b2e023b0, 0, 4;
    %load/vec4 v00000194b2e029f0_0;
    %ix/load 3, 12, 0;
    %flag_set/imm 4, 0;
    %ix/load 4, 0, 0; Constant delay
    %assign/vec4/a/d v00000194b2e023b0, 0, 4;
    %load/vec4 v00000194b2e02c70_0;
    %ix/load 3, 13, 0;
    %flag_set/imm 4, 0;
    %ix/load 4, 0, 0; Constant delay
    %assign/vec4/a/d v00000194b2e023b0, 0, 4;
    %load/vec4 v00000194b2e028b0_0;
    %ix/load 3, 14, 0;
    %flag_set/imm 4, 0;
    %ix/load 4, 0, 0; Constant delay
    %assign/vec4/a/d v00000194b2e023b0, 0, 4;
    %load/vec4 v00000194b2e02950_0;
    %ix/load 3, 15, 0;
    %flag_set/imm 4, 0;
    %ix/load 4, 0, 0; Constant delay
    %assign/vec4/a/d v00000194b2e023b0, 0, 4;
    %load/vec4 v00000194b2e03710_0;
    %ix/load 3, 16, 0;
    %flag_set/imm 4, 0;
    %ix/load 4, 0, 0; Constant delay
    %assign/vec4/a/d v00000194b2e023b0, 0, 4;
    %load/vec4 v00000194b2e03530_0;
    %ix/load 3, 17, 0;
    %flag_set/imm 4, 0;
    %ix/load 4, 0, 0; Constant delay
    %assign/vec4/a/d v00000194b2e023b0, 0, 4;
    %load/vec4 v00000194b2e021d0_0;
    %ix/load 3, 18, 0;
    %flag_set/imm 4, 0;
    %ix/load 4, 0, 0; Constant delay
    %assign/vec4/a/d v00000194b2e023b0, 0, 4;
    %jmp T_6.5;
T_6.4 ;
    %ix/load 4, 0, 0;
    %flag_set/imm 4, 0;
    %load/vec4a v00000194b2e023b0, 4;
    %ix/load 3, 0, 0;
    %flag_set/imm 4, 0;
    %ix/load 4, 0, 0; Constant delay
    %assign/vec4/a/d v00000194b2e023b0, 0, 4;
    %ix/load 4, 1, 0;
    %flag_set/imm 4, 0;
    %load/vec4a v00000194b2e023b0, 4;
    %ix/load 3, 1, 0;
    %flag_set/imm 4, 0;
    %ix/load 4, 0, 0; Constant delay
    %assign/vec4/a/d v00000194b2e023b0, 0, 4;
    %ix/load 4, 2, 0;
    %flag_set/imm 4, 0;
    %load/vec4a v00000194b2e023b0, 4;
    %ix/load 3, 2, 0;
    %flag_set/imm 4, 0;
    %ix/load 4, 0, 0; Constant delay
    %assign/vec4/a/d v00000194b2e023b0, 0, 4;
    %ix/load 4, 3, 0;
    %flag_set/imm 4, 0;
    %load/vec4a v00000194b2e023b0, 4;
    %ix/load 3, 3, 0;
    %flag_set/imm 4, 0;
    %ix/load 4, 0, 0; Constant delay
    %assign/vec4/a/d v00000194b2e023b0, 0, 4;
    %ix/load 4, 4, 0;
    %flag_set/imm 4, 0;
    %load/vec4a v00000194b2e023b0, 4;
    %ix/load 3, 4, 0;
    %flag_set/imm 4, 0;
    %ix/load 4, 0, 0; Constant delay
    %assign/vec4/a/d v00000194b2e023b0, 0, 4;
    %ix/load 4, 5, 0;
    %flag_set/imm 4, 0;
    %load/vec4a v00000194b2e023b0, 4;
    %ix/load 3, 5, 0;
    %flag_set/imm 4, 0;
    %ix/load 4, 0, 0; Constant delay
    %assign/vec4/a/d v00000194b2e023b0, 0, 4;
    %ix/load 4, 6, 0;
    %flag_set/imm 4, 0;
    %load/vec4a v00000194b2e023b0, 4;
    %ix/load 3, 6, 0;
    %flag_set/imm 4, 0;
    %ix/load 4, 0, 0; Constant delay
    %assign/vec4/a/d v00000194b2e023b0, 0, 4;
    %ix/load 4, 7, 0;
    %flag_set/imm 4, 0;
    %load/vec4a v00000194b2e023b0, 4;
    %ix/load 3, 7, 0;
    %flag_set/imm 4, 0;
    %ix/load 4, 0, 0; Constant delay
    %assign/vec4/a/d v00000194b2e023b0, 0, 4;
    %ix/load 4, 8, 0;
    %flag_set/imm 4, 0;
    %load/vec4a v00000194b2e023b0, 4;
    %ix/load 3, 8, 0;
    %flag_set/imm 4, 0;
    %ix/load 4, 0, 0; Constant delay
    %assign/vec4/a/d v00000194b2e023b0, 0, 4;
    %ix/load 4, 9, 0;
    %flag_set/imm 4, 0;
    %load/vec4a v00000194b2e023b0, 4;
    %ix/load 3, 9, 0;
    %flag_set/imm 4, 0;
    %ix/load 4, 0, 0; Constant delay
    %assign/vec4/a/d v00000194b2e023b0, 0, 4;
    %ix/load 4, 10, 0;
    %flag_set/imm 4, 0;
    %load/vec4a v00000194b2e023b0, 4;
    %ix/load 3, 10, 0;
    %flag_set/imm 4, 0;
    %ix/load 4, 0, 0; Constant delay
    %assign/vec4/a/d v00000194b2e023b0, 0, 4;
    %ix/load 4, 11, 0;
    %flag_set/imm 4, 0;
    %load/vec4a v00000194b2e023b0, 4;
    %ix/load 3, 11, 0;
    %flag_set/imm 4, 0;
    %ix/load 4, 0, 0; Constant delay
    %assign/vec4/a/d v00000194b2e023b0, 0, 4;
    %ix/load 4, 12, 0;
    %flag_set/imm 4, 0;
    %load/vec4a v00000194b2e023b0, 4;
    %ix/load 3, 12, 0;
    %flag_set/imm 4, 0;
    %ix/load 4, 0, 0; Constant delay
    %assign/vec4/a/d v00000194b2e023b0, 0, 4;
    %ix/load 4, 13, 0;
    %flag_set/imm 4, 0;
    %load/vec4a v00000194b2e023b0, 4;
    %ix/load 3, 13, 0;
    %flag_set/imm 4, 0;
    %ix/load 4, 0, 0; Constant delay
    %assign/vec4/a/d v00000194b2e023b0, 0, 4;
    %ix/load 4, 14, 0;
    %flag_set/imm 4, 0;
    %load/vec4a v00000194b2e023b0, 4;
    %ix/load 3, 14, 0;
    %flag_set/imm 4, 0;
    %ix/load 4, 0, 0; Constant delay
    %assign/vec4/a/d v00000194b2e023b0, 0, 4;
    %ix/load 4, 15, 0;
    %flag_set/imm 4, 0;
    %load/vec4a v00000194b2e023b0, 4;
    %ix/load 3, 15, 0;
    %flag_set/imm 4, 0;
    %ix/load 4, 0, 0; Constant delay
    %assign/vec4/a/d v00000194b2e023b0, 0, 4;
    %ix/load 4, 16, 0;
    %flag_set/imm 4, 0;
    %load/vec4a v00000194b2e023b0, 4;
    %ix/load 3, 16, 0;
    %flag_set/imm 4, 0;
    %ix/load 4, 0, 0; Constant delay
    %assign/vec4/a/d v00000194b2e023b0, 0, 4;
    %ix/load 4, 17, 0;
    %flag_set/imm 4, 0;
    %load/vec4a v00000194b2e023b0, 4;
    %ix/load 3, 17, 0;
    %flag_set/imm 4, 0;
    %ix/load 4, 0, 0; Constant delay
    %assign/vec4/a/d v00000194b2e023b0, 0, 4;
    %ix/load 4, 18, 0;
    %flag_set/imm 4, 0;
    %load/vec4a v00000194b2e023b0, 4;
    %ix/load 3, 18, 0;
    %flag_set/imm 4, 0;
    %ix/load 4, 0, 0; Constant delay
    %assign/vec4/a/d v00000194b2e023b0, 0, 4;
T_6.5 ;
T_6.1 ;
    %jmp T_6;
    .thread T_6;
    .scope S_00000194b2d5b900;
T_7 ;
    %wait E_00000194b2d89e80;
    %load/vec4 v00000194b2e65750_0;
    %nor/r;
    %flag_set/vec4 8;
    %jmp/0xz  T_7.0, 8;
    %pushi/vec4 0, 0, 32;
    %store/vec4 v00000194b2e652f0_0, 0, 32;
T_7.2 ;
    %load/vec4 v00000194b2e652f0_0;
    %cmpi/s 4, 0, 32;
    %jmp/0xz T_7.3, 5;
    %pushi/vec4 0, 0, 32;
    %ix/getv/s 3, v00000194b2e652f0_0;
    %ix/load 4, 0, 0; Constant delay
    %assign/vec4/a/d v00000194b2e65c50, 0, 4;
    %load/vec4 v00000194b2e652f0_0;
    %addi 1, 0, 32;
    %store/vec4 v00000194b2e652f0_0, 0, 32;
    %jmp T_7.2;
T_7.3 ;
    %jmp T_7.1;
T_7.0 ;
    %load/vec4 v00000194b2e656b0_0;
    %flag_set/vec4 8;
    %jmp/0xz  T_7.4, 8;
    %load/vec4 v00000194b2e663d0_0;
    %load/vec4 v00000194b2e66150_0;
    %pad/u 4;
    %ix/vec4 3;
    %ix/load 4, 0, 0; Constant delay
    %assign/vec4/a/d v00000194b2e65c50, 0, 4;
    %jmp T_7.5;
T_7.4 ;
    %load/vec4 v00000194b2e66150_0;
    %pad/u 4;
    %ix/vec4 4;
    %load/vec4a v00000194b2e65c50, 4;
    %load/vec4 v00000194b2e66150_0;
    %pad/u 4;
    %ix/vec4 3;
    %ix/load 4, 0, 0; Constant delay
    %assign/vec4/a/d v00000194b2e65c50, 0, 4;
T_7.5 ;
T_7.1 ;
    %jmp T_7;
    .thread T_7;
    .scope S_00000194b2d60810;
T_8 ;
    %wait E_00000194b2d892c0;
    %load/vec4 v00000194b2e02f90_0;
    %cmpi/s 0, 0, 32;
    %jmp/0xz  T_8.0, 5;
    %pushi/vec4 0, 0, 32;
    %assign/vec4 v00000194b2e035d0_0, 0;
    %jmp T_8.1;
T_8.0 ;
    %load/vec4 v00000194b2e02f90_0;
    %assign/vec4 v00000194b2e035d0_0, 0;
T_8.1 ;
    %jmp T_8;
    .thread T_8, $push;
    .scope S_00000194b2e064d0;
T_9 ;
    %wait E_00000194b2d89e80;
    %load/vec4 v00000194b2e6aaa0_0;
    %parti/s 1, 8, 5;
    %nor/r;
    %flag_set/vec4 8;
    %jmp/0xz  T_9.0, 8;
    %pushi/vec4 0, 0, 128;
    %assign/vec4 v00000194b2e6b040_0, 0;
    %jmp T_9.1;
T_9.0 ;
    %load/vec4 v00000194b2e6aaa0_0;
    %parti/s 1, 7, 4;
    %flag_set/vec4 8;
    %jmp/0xz  T_9.2, 8;
    %load/vec4 v00000194b2e6ac80_0;
    %assign/vec4 v00000194b2e6b040_0, 0;
    %jmp T_9.3;
T_9.2 ;
    %load/vec4 v00000194b2e6b040_0;
    %assign/vec4 v00000194b2e6b040_0, 0;
T_9.3 ;
T_9.1 ;
    %jmp T_9;
    .thread T_9;
    .scope S_00000194b2e03b50;
T_10 ;
    %pushi/vec4 0, 0, 1;
    %store/vec4 v00000194b2e6c790_0, 0, 1;
    %delay 500, 0;
    %vpi_call 2 34 "$finish" {0 0 0};
    %end;
    .thread T_10;
    .scope S_00000194b2e03b50;
T_11 ;
    %delay 5, 0;
    %load/vec4 v00000194b2e6c790_0;
    %inv;
    %store/vec4 v00000194b2e6c790_0, 0, 1;
    %jmp T_11;
    .thread T_11;
    .scope S_00000194b2e03b50;
T_12 ;
    %vpi_call 2 42 "$dumpfile", "GAN_shared_hw_tb.vcd" {0 0 0};
    %vpi_call 2 43 "$dumpvars", 32'sb00000000000000000000000000000000, S_00000194b2e03b50 {0 0 0};
    %pushi/vec4 0, 0, 6;
    %store/vec4 v00000194b2e70c10_0, 0, 6;
    %pushi/vec4 1, 0, 6;
    %store/vec4 v00000194b2e70990_0, 0, 6;
    %pushi/vec4 1, 0, 6;
    %store/vec4 v00000194b2e71890_0, 0, 6;
    %pushi/vec4 0, 0, 6;
    %store/vec4 v00000194b2e71930_0, 0, 6;
    %pushi/vec4 6, 0, 6;
    %store/vec4 v00000194b2e6fe20_0, 0, 6;
    %pushi/vec4 21, 0, 6;
    %store/vec4 v00000194b2e6e2a0_0, 0, 6;
    %pushi/vec4 3, 0, 6;
    %store/vec4 v00000194b2e6eca0_0, 0, 6;
    %pushi/vec4 18, 0, 6;
    %store/vec4 v00000194b2e6e3e0_0, 0, 6;
    %pushi/vec4 61, 0, 6;
    %store/vec4 v00000194b2e6e0c0_0, 0, 6;
    %pushi/vec4 16, 0, 6;
    %store/vec4 v00000194b2e6f920_0, 0, 6;
    %pushi/vec4 61, 0, 6;
    %store/vec4 v00000194b2e6e700_0, 0, 6;
    %pushi/vec4 12, 0, 6;
    %store/vec4 v00000194b2e6f880_0, 0, 6;
    %pushi/vec4 5, 0, 6;
    %store/vec4 v00000194b2e6fec0_0, 0, 6;
    %pushi/vec4 58, 0, 6;
    %store/vec4 v00000194b2e6fd80_0, 0, 6;
    %pushi/vec4 15, 0, 6;
    %store/vec4 v00000194b2e6ee80_0, 0, 6;
    %pushi/vec4 60, 0, 6;
    %store/vec4 v00000194b2e6eb60_0, 0, 6;
    %pushi/vec4 48, 0, 6;
    %store/vec4 v00000194b2e6fb00_0, 0, 6;
    %pushi/vec4 55, 0, 6;
    %store/vec4 v00000194b2e6fba0_0, 0, 6;
    %pushi/vec4 47, 0, 6;
    %store/vec4 v00000194b2e6e7a0_0, 0, 6;
    %pushi/vec4 56, 0, 6;
    %store/vec4 v00000194b2e6fc40_0, 0, 6;
    %pushi/vec4 1, 0, 6;
    %store/vec4 v00000194b2e6c510_0, 0, 6;
    %pushi/vec4 0, 0, 6;
    %store/vec4 v00000194b2e6c830_0, 0, 6;
    %pushi/vec4 2, 0, 6;
    %store/vec4 v00000194b2e6cc90_0, 0, 6;
    %pushi/vec4 63, 0, 6;
    %store/vec4 v00000194b2e6ce70_0, 0, 6;
    %pushi/vec4 4, 0, 6;
    %store/vec4 v00000194b2e6e340_0, 0, 6;
    %pushi/vec4 50, 0, 6;
    %store/vec4 v00000194b2e6eac0_0, 0, 6;
    %pushi/vec4 14, 0, 6;
    %store/vec4 v00000194b2e6ec00_0, 0, 6;
    %pushi/vec4 14, 0, 6;
    %store/vec4 v00000194b2e6e480_0, 0, 6;
    %pushi/vec4 8, 0, 6;
    %store/vec4 v00000194b2e6e5c0_0, 0, 6;
    %pushi/vec4 9, 0, 6;
    %store/vec4 v00000194b2e6f240_0, 0, 6;
    %pushi/vec4 15, 0, 6;
    %store/vec4 v00000194b2e6e840_0, 0, 6;
    %pushi/vec4 15, 0, 6;
    %store/vec4 v00000194b2e6ede0_0, 0, 6;
    %pushi/vec4 1, 0, 6;
    %store/vec4 v00000194b2e6f420_0, 0, 6;
    %pushi/vec4 4, 0, 6;
    %store/vec4 v00000194b2e6f380_0, 0, 6;
    %pushi/vec4 14, 0, 6;
    %store/vec4 v00000194b2e6e660_0, 0, 6;
    %pushi/vec4 6, 0, 6;
    %store/vec4 v00000194b2e6e8e0_0, 0, 6;
    %pushi/vec4 5, 0, 6;
    %store/vec4 v00000194b2e6f7e0_0, 0, 6;
    %pushi/vec4 7, 0, 6;
    %store/vec4 v00000194b2e6ed40_0, 0, 6;
    %pushi/vec4 10, 0, 6;
    %store/vec4 v00000194b2e6fa60_0, 0, 6;
    %pushi/vec4 1, 0, 6;
    %store/vec4 v00000194b2e6ef20_0, 0, 6;
    %pushi/vec4 60, 0, 6;
    %store/vec4 v00000194b2e6f1a0_0, 0, 6;
    %pushi/vec4 56, 0, 6;
    %store/vec4 v00000194b2e6f060_0, 0, 6;
    %pushi/vec4 14, 0, 6;
    %store/vec4 v00000194b2e6f100_0, 0, 6;
    %pushi/vec4 20, 0, 6;
    %store/vec4 v00000194b2e6f9c0_0, 0, 6;
    %pushi/vec4 0, 0, 6;
    %store/vec4 v00000194b2e6fce0_0, 0, 6;
    %pushi/vec4 4, 0, 6;
    %store/vec4 v00000194b2e6f2e0_0, 0, 6;
    %pushi/vec4 14, 0, 6;
    %store/vec4 v00000194b2e70850_0, 0, 6;
    %pushi/vec4 8, 0, 6;
    %store/vec4 v00000194b2e71750_0, 0, 6;
    %pushi/vec4 15, 0, 6;
    %store/vec4 v00000194b2e71d90_0, 0, 6;
    %pushi/vec4 50, 0, 6;
    %store/vec4 v00000194b2e719d0_0, 0, 6;
    %pushi/vec4 14, 0, 6;
    %store/vec4 v00000194b2e711b0_0, 0, 6;
    %pushi/vec4 9, 0, 6;
    %store/vec4 v00000194b2e708f0_0, 0, 6;
    %pushi/vec4 15, 0, 6;
    %store/vec4 v00000194b2e703f0_0, 0, 6;
    %pushi/vec4 5, 0, 6;
    %store/vec4 v00000194b2e6e160_0, 0, 6;
    %pushi/vec4 3, 0, 6;
    %store/vec4 v00000194b2e6f6a0_0, 0, 6;
    %pushi/vec4 1, 0, 6;
    %store/vec4 v00000194b2e6f560_0, 0, 6;
    %pushi/vec4 2, 0, 6;
    %store/vec4 v00000194b2e6e980_0, 0, 6;
    %pushi/vec4 11, 0, 6;
    %store/vec4 v00000194b2e70350_0, 0, 6;
    %pushi/vec4 57, 0, 6;
    %store/vec4 v00000194b2e71430_0, 0, 6;
    %pushi/vec4 10, 0, 6;
    %store/vec4 v00000194b2e71f70_0, 0, 6;
    %pushi/vec4 57, 0, 6;
    %store/vec4 v00000194b2e70df0_0, 0, 6;
    %pushi/vec4 9, 0, 6;
    %store/vec4 v00000194b2e717f0_0, 0, 6;
    %pushi/vec4 58, 0, 6;
    %store/vec4 v00000194b2e70ad0_0, 0, 6;
    %pushi/vec4 11, 0, 6;
    %store/vec4 v00000194b2e705d0_0, 0, 6;
    %pushi/vec4 57, 0, 6;
    %store/vec4 v00000194b2e70fd0_0, 0, 6;
    %pushi/vec4 10, 0, 6;
    %store/vec4 v00000194b2e71070_0, 0, 6;
    %pushi/vec4 49, 0, 6;
    %store/vec4 v00000194b2e70f30_0, 0, 6;
    %pushi/vec4 59, 0, 6;
    %store/vec4 v00000194b2e70490_0, 0, 6;
    %pushi/vec4 7, 0, 6;
    %store/vec4 v00000194b2e716b0_0, 0, 6;
    %pushi/vec4 1, 0, 6;
    %store/vec4 v00000194b2e70530_0, 0, 6;
    %pushi/vec4 17, 0, 6;
    %store/vec4 v00000194b2e71570_0, 0, 6;
    %pushi/vec4 4, 0, 6;
    %store/vec4 v00000194b2e71c50_0, 0, 6;
    %pushi/vec4 12, 0, 6;
    %store/vec4 v00000194b2e71a70_0, 0, 6;
    %pushi/vec4 54, 0, 6;
    %store/vec4 v00000194b2e6f740_0, 0, 6;
    %pushi/vec4 10, 0, 6;
    %store/vec4 v00000194b2e6f4c0_0, 0, 6;
    %pushi/vec4 10, 0, 6;
    %store/vec4 v00000194b2e6f600_0, 0, 6;
    %pushi/vec4 54, 0, 6;
    %store/vec4 v00000194b2e6e200_0, 0, 6;
    %pushi/vec4 0, 0, 1;
    %store/vec4 v00000194b2e6c470_0, 0, 1;
    %pushi/vec4 0, 0, 1;
    %store/vec4 v00000194b2e6dd70_0, 0, 1;
    %delay 10, 0;
    %pushi/vec4 1, 0, 1;
    %store/vec4 v00000194b2e6c470_0, 0, 1;
    %pushi/vec4 1, 0, 1;
    %store/vec4 v00000194b2e6dd70_0, 0, 1;
    %delay 400, 0;
    %load/vec4 v00000194b2e6efc0_0;
    %cmpi/ne 162628187, 0, 32;
    %jmp/0xz  T_12.0, 4;
    %vpi_call 2 106 "$display", "FAIL at f1, expected 238012727, RTL: %d", v00000194b2e6efc0_0 {0 0 0};
    %jmp T_12.1;
T_12.0 ;
    %load/vec4 v00000194b2e6e520_0;
    %cmpi/ne 25344659, 0, 32;
    %jmp/0xz  T_12.2, 4;
    %vpi_call 2 109 "$display", "FAIL at f2, expected 37092899, RTL: %d", v00000194b2e6e520_0 {0 0 0};
    %jmp T_12.3;
T_12.2 ;
    %load/vec4 v00000194b2e6ea20_0;
    %cmpi/ne 118979088, 0, 32;
    %jmp/0xz  T_12.4, 4;
    %vpi_call 2 112 "$display", "FAIL at f3, expected 174130548, RTL: %d", v00000194b2e6ea20_0 {0 0 0};
    %jmp T_12.5;
T_12.4 ;
    %load/vec4 v00000194b2e6ff60_0;
    %cmpi/ne 102082610, 0, 32;
    %jmp/0xz  T_12.6, 4;
    %vpi_call 2 115 "$display", "FAIL at f4, expected 149401910, RTL: %d", v00000194b2e6ff60_0 {0 0 0};
    %jmp T_12.7;
T_12.6 ;
    %vpi_call 2 118 "$display", "PASS" {0 0 0};
T_12.7 ;
T_12.5 ;
T_12.3 ;
T_12.1 ;
    %delay 10, 0;
    %pushi/vec4 0, 0, 1;
    %store/vec4 v00000194b2e6c470_0, 0, 1;
    %pushi/vec4 0, 0, 1;
    %store/vec4 v00000194b2e6dd70_0, 0, 1;
    %end;
    .thread T_12;
# The file index is used to find the file name in the following table.
:file_names 13;
    "N/A";
    "<interactive>";
    "GAN_shared_hw_tb.v";
    "./GAN_shared_hw.v";
    "./bias_mem.v";
    "./GAN_control_unit.v";
    "./neuron_4input_baseline.v";
    "./relu_32b4.v";
    "./output_counter.v";
    "./output_mem.v";
    "./wb_counter.v";
    "./weight_mem.v";
    "./mux2to1_128b.v";
