#! /c/Source/iverilog-install/bin/vvp
:ivl_version "12.0 (devel)" "(s20150603-1539-g2693dd32b)";
:ivl_delay_selection "TYPICAL";
:vpi_time_precision + 0;
:vpi_module "C:\iverilog\lib\ivl\system.vpi";
:vpi_module "C:\iverilog\lib\ivl\vhdl_sys.vpi";
:vpi_module "C:\iverilog\lib\ivl\vhdl_textio.vpi";
:vpi_module "C:\iverilog\lib\ivl\v2005_math.vpi";
:vpi_module "C:\iverilog\lib\ivl\va_math.vpi";
S_00000203fc7227f0 .scope module, "mux2to1_128b" "mux2to1_128b" 2 1;
 .timescale 0 0;
    .port_info 0 /INPUT 128 "a0";
    .port_info 1 /INPUT 128 "b1";
    .port_info 2 /INPUT 1 "s";
    .port_info 3 /OUTPUT 128 "out";
P_00000203fc698900 .param/l "bitsize" 0 2 3, +C4<00000000000000000000000010000000>;
o00000203fc756fd8 .functor BUFZ 128, C4<zzzzzzzzzzzzzzzzzzzzzzzzzzzzzzzzzzzzzzzzzzzzzzzzzzzzzzzzzzzzzzzzzzzzzzzzzzzzzzzzzzzzzzzzzzzzzzzzzzzzzzzzzzzzzzzzzzzzzzzzzzzzzzzz>; HiZ drive
v00000203fc722f30_0 .net "a0", 127 0, o00000203fc756fd8;  0 drivers
o00000203fc757008 .functor BUFZ 128, C4<zzzzzzzzzzzzzzzzzzzzzzzzzzzzzzzzzzzzzzzzzzzzzzzzzzzzzzzzzzzzzzzzzzzzzzzzzzzzzzzzzzzzzzzzzzzzzzzzzzzzzzzzzzzzzzzzzzzzzzzzzzzzzzzz>; HiZ drive
v00000203fc722980_0 .net "b1", 127 0, o00000203fc757008;  0 drivers
v00000203fc722a20_0 .var "out", 127 0;
o00000203fc757068 .functor BUFZ 1, C4<z>; HiZ drive
v00000203fc722ac0_0 .net "s", 0 0, o00000203fc757068;  0 drivers
E_00000203fc698880 .event anyedge, v00000203fc722ac0_0, v00000203fc722f30_0, v00000203fc722980_0;
    .scope S_00000203fc7227f0;
T_0 ;
    %wait E_00000203fc698880;
    %load/vec4 v00000203fc722ac0_0;
    %cmpi/e 0, 0, 1;
    %jmp/0xz  T_0.0, 4;
    %load/vec4 v00000203fc722f30_0;
    %assign/vec4 v00000203fc722a20_0, 0;
    %jmp T_0.1;
T_0.0 ;
    %load/vec4 v00000203fc722980_0;
    %assign/vec4 v00000203fc722a20_0, 0;
T_0.1 ;
    %jmp T_0;
    .thread T_0, $push;
# The file index is used to find the file name in the following table.
:file_names 3;
    "N/A";
    "<interactive>";
    "mux2to1_128b.v";
