#! /c/Source/iverilog-install/bin/vvp
:ivl_version "12.0 (devel)" "(s20150603-1539-g2693dd32b)";
:ivl_delay_selection "TYPICAL";
:vpi_time_precision + 0;
:vpi_module "C:\iverilog\lib\ivl\system.vpi";
:vpi_module "C:\iverilog\lib\ivl\vhdl_sys.vpi";
:vpi_module "C:\iverilog\lib\ivl\vhdl_textio.vpi";
:vpi_module "C:\iverilog\lib\ivl\v2005_math.vpi";
:vpi_module "C:\iverilog\lib\ivl\va_math.vpi";
S_0000025e898863a0 .scope module, "neuron_4input_baseline" "neuron_4input_baseline" 2 3;
 .timescale 0 0;
    .port_info 0 /INPUT 32 "x1";
    .port_info 1 /INPUT 32 "x2";
    .port_info 2 /INPUT 32 "x3";
    .port_info 3 /INPUT 32 "x4";
    .port_info 4 /INPUT 32 "w1";
    .port_info 5 /INPUT 32 "w2";
    .port_info 6 /INPUT 32 "w3";
    .port_info 7 /INPUT 32 "w4";
    .port_info 8 /INPUT 32 "b";
    .port_info 9 /OUTPUT 32 "f";
L_0000025e89876290 .functor BUFZ 32, v0000025e89852950_0, C4<00000000000000000000000000000000>, C4<00000000000000000000000000000000>, C4<00000000000000000000000000000000>;
o0000025e8988c098 .functor BUFZ 32, C4<zzzzzzzzzzzzzzzzzzzzzzzzzzzzzzzz>; HiZ drive
v0000025e898529f0_0 .net/s "b", 31 0, o0000025e8988c098;  0 drivers
v0000025e89852a90_0 .net/s "f", 31 0, L_0000025e89876290;  1 drivers
v0000025e89852b30_0 .net/s "output_before_bias", 31 0, L_0000025e89883d40;  1 drivers
v0000025e89882c10_0 .net/s "output_bias", 31 0, L_0000025e89883980;  1 drivers
v0000025e89882cb0_0 .net/s "output_relu", 31 0, v0000025e89852950_0;  1 drivers
v0000025e89882d50_0 .net/s "output_x1x2", 31 0, L_0000025e898833e0;  1 drivers
v0000025e89882df0_0 .net/s "output_x3x4", 31 0, L_0000025e89883520;  1 drivers
o0000025e8988c188 .functor BUFZ 32, C4<zzzzzzzzzzzzzzzzzzzzzzzzzzzzzzzz>; HiZ drive
v0000025e89882e90_0 .net/s "w1", 31 0, o0000025e8988c188;  0 drivers
v0000025e89882f30_0 .net/s "w1x1", 31 0, L_0000025e898832a0;  1 drivers
o0000025e8988c1e8 .functor BUFZ 32, C4<zzzzzzzzzzzzzzzzzzzzzzzzzzzzzzzz>; HiZ drive
v0000025e89883020_0 .net/s "w2", 31 0, o0000025e8988c1e8;  0 drivers
v0000025e89883b60_0 .net/s "w2x2", 31 0, L_0000025e89883340;  1 drivers
o0000025e8988c248 .functor BUFZ 32, C4<zzzzzzzzzzzzzzzzzzzzzzzzzzzzzzzz>; HiZ drive
v0000025e898830c0_0 .net/s "w3", 31 0, o0000025e8988c248;  0 drivers
v0000025e89883660_0 .net/s "w3x3", 31 0, L_0000025e89883840;  1 drivers
o0000025e8988c2a8 .functor BUFZ 32, C4<zzzzzzzzzzzzzzzzzzzzzzzzzzzzzzzz>; HiZ drive
v0000025e89883480_0 .net/s "w4", 31 0, o0000025e8988c2a8;  0 drivers
v0000025e89883f20_0 .net/s "w4x4", 31 0, L_0000025e89883e80;  1 drivers
o0000025e8988c308 .functor BUFZ 32, C4<zzzzzzzzzzzzzzzzzzzzzzzzzzzzzzzz>; HiZ drive
v0000025e898837a0_0 .net/s "x1", 31 0, o0000025e8988c308;  0 drivers
o0000025e8988c338 .functor BUFZ 32, C4<zzzzzzzzzzzzzzzzzzzzzzzzzzzzzzzz>; HiZ drive
v0000025e89883160_0 .net/s "x2", 31 0, o0000025e8988c338;  0 drivers
o0000025e8988c368 .functor BUFZ 32, C4<zzzzzzzzzzzzzzzzzzzzzzzzzzzzzzzz>; HiZ drive
v0000025e89883200_0 .net/s "x3", 31 0, o0000025e8988c368;  0 drivers
o0000025e8988c398 .functor BUFZ 32, C4<zzzzzzzzzzzzzzzzzzzzzzzzzzzzzzzz>; HiZ drive
v0000025e89883de0_0 .net/s "x4", 31 0, o0000025e8988c398;  0 drivers
L_0000025e898832a0 .arith/mult 32, o0000025e8988c188, o0000025e8988c308;
L_0000025e89883340 .arith/mult 32, o0000025e8988c1e8, o0000025e8988c338;
L_0000025e89883840 .arith/mult 32, o0000025e8988c248, o0000025e8988c368;
L_0000025e89883e80 .arith/mult 32, o0000025e8988c2a8, o0000025e8988c398;
L_0000025e898833e0 .arith/sum 32, L_0000025e898832a0, L_0000025e89883340;
L_0000025e89883520 .arith/sum 32, L_0000025e89883840, L_0000025e89883e80;
L_0000025e89883d40 .arith/sum 32, L_0000025e898833e0, L_0000025e89883520;
L_0000025e89883980 .arith/sum 32, L_0000025e89883d40, o0000025e8988c098;
S_0000025e89852720 .scope module, "RELU" "relu_32b4" 2 35, 3 1 0, S_0000025e898863a0;
 .timescale 0 0;
    .port_info 0 /INPUT 32 "a";
    .port_info 1 /OUTPUT 32 "b";
v0000025e898865e0_0 .net/s "a", 31 0, L_0000025e89883980;  alias, 1 drivers
v0000025e898528b0_0 .net/s "b", 31 0, v0000025e89852950_0;  alias, 1 drivers
v0000025e89852950_0 .var/s "f", 31 0;
E_0000025e89875760 .event anyedge, v0000025e898865e0_0;
    .scope S_0000025e89852720;
T_0 ;
    %wait E_0000025e89875760;
    %load/vec4 v0000025e898865e0_0;
    %cmpi/s 0, 0, 32;
    %jmp/0xz  T_0.0, 5;
    %pushi/vec4 0, 0, 32;
    %assign/vec4 v0000025e89852950_0, 0;
    %jmp T_0.1;
T_0.0 ;
    %load/vec4 v0000025e898865e0_0;
    %assign/vec4 v0000025e89852950_0, 0;
T_0.1 ;
    %jmp T_0;
    .thread T_0, $push;
# The file index is used to find the file name in the following table.
:file_names 4;
    "N/A";
    "<interactive>";
    "neuron_4input_baseline.v";
    "./relu_32b4.v";
