#! /c/Source/iverilog-install/bin/vvp
:ivl_version "12.0 (devel)" "(s20150603-1539-g2693dd32b)";
:ivl_delay_selection "TYPICAL";
:vpi_time_precision + 0;
:vpi_module "C:\iverilog\lib\ivl\system.vpi";
:vpi_module "C:\iverilog\lib\ivl\vhdl_sys.vpi";
:vpi_module "C:\iverilog\lib\ivl\vhdl_textio.vpi";
:vpi_module "C:\iverilog\lib\ivl\v2005_math.vpi";
:vpi_module "C:\iverilog\lib\ivl\va_math.vpi";
S_000001be4d8a6420 .scope module, "output_counter" "output_counter" 2 1;
 .timescale 0 0;
    .port_info 0 /INPUT 1 "En_o_count";
    .port_info 1 /INPUT 1 "Res_o_count";
    .port_info 2 /INPUT 1 "Clock";
    .port_info 3 /OUTPUT 3 "o_count_out";
o000001be4d8f6fa8 .functor BUFZ 1, C4<z>; HiZ drive
v000001be4d8a65b0_0 .net "Clock", 0 0, o000001be4d8f6fa8;  0 drivers
o000001be4d8f6fd8 .functor BUFZ 1, C4<z>; HiZ drive
v000001be4d8a6650_0 .net "En_o_count", 0 0, o000001be4d8f6fd8;  0 drivers
o000001be4d8f7008 .functor BUFZ 1, C4<z>; HiZ drive
v000001be4d8a66f0_0 .net "Res_o_count", 0 0, o000001be4d8f7008;  0 drivers
v000001be4d8ae910_0 .var "o_count_out", 2 0;
E_000001be4d8f4ca0 .event posedge, v000001be4d8a65b0_0;
    .scope S_000001be4d8a6420;
T_0 ;
    %wait E_000001be4d8f4ca0;
    %load/vec4 v000001be4d8a66f0_0;
    %nor/r;
    %flag_set/vec4 8;
    %jmp/0xz  T_0.0, 8;
    %pushi/vec4 0, 0, 3;
    %assign/vec4 v000001be4d8ae910_0, 0;
    %jmp T_0.1;
T_0.0 ;
    %load/vec4 v000001be4d8a6650_0;
    %flag_set/vec4 8;
    %jmp/0xz  T_0.2, 8;
    %load/vec4 v000001be4d8ae910_0;
    %addi 1, 0, 3;
    %assign/vec4 v000001be4d8ae910_0, 0;
    %jmp T_0.3;
T_0.2 ;
    %load/vec4 v000001be4d8ae910_0;
    %assign/vec4 v000001be4d8ae910_0, 0;
T_0.3 ;
T_0.1 ;
    %jmp T_0;
    .thread T_0;
# The file index is used to find the file name in the following table.
:file_names 3;
    "N/A";
    "<interactive>";
    "output_counter.v";
