#! /c/Source/iverilog-install/bin/vvp
:ivl_version "12.0 (devel)" "(s20150603-1539-g2693dd32b)";
:ivl_delay_selection "TYPICAL";
:vpi_time_precision + 0;
:vpi_module "C:\iverilog\lib\ivl\system.vpi";
:vpi_module "C:\iverilog\lib\ivl\vhdl_sys.vpi";
:vpi_module "C:\iverilog\lib\ivl\vhdl_textio.vpi";
:vpi_module "C:\iverilog\lib\ivl\v2005_math.vpi";
:vpi_module "C:\iverilog\lib\ivl\va_math.vpi";
S_0000028bb83898c0 .scope module, "output_mem" "output_mem" 2 1;
 .timescale 0 0;
    .port_info 0 /INPUT 1 "En_out_mem";
    .port_info 1 /INPUT 3 "Addr_mem_o";
    .port_info 2 /INPUT 1 "Res";
    .port_info 3 /INPUT 1 "Clock";
    .port_info 4 /INPUT 32 "in_data";
    .port_info 5 /OUTPUT 128 "out_data";
o0000028bb83d6fd8 .functor BUFZ 3, C4<zzz>; HiZ drive
v0000028bb838a7a0_0 .net "Addr_mem_o", 2 0, o0000028bb83d6fd8;  0 drivers
o0000028bb83d7008 .functor BUFZ 1, C4<z>; HiZ drive
v0000028bb83a2b20_0 .net "Clock", 0 0, o0000028bb83d7008;  0 drivers
o0000028bb83d7038 .functor BUFZ 1, C4<z>; HiZ drive
v0000028bb8389710_0 .net "En_out_mem", 0 0, o0000028bb83d7038;  0 drivers
o0000028bb83d7068 .functor BUFZ 1, C4<z>; HiZ drive
v0000028bb8389a50_0 .net "Res", 0 0, o0000028bb83d7068;  0 drivers
v0000028bb8389af0_0 .net *"_ivl_4", 127 0, L_0000028bb83d3c20;  1 drivers
v0000028bb83d3900_0 .var/i "i", 31 0;
o0000028bb83d70f8 .functor BUFZ 32, C4<zzzzzzzzzzzzzzzzzzzzzzzzzzzzzzzz>; HiZ drive
v0000028bb83d39a0_0 .net "in_data", 31 0, o0000028bb83d70f8;  0 drivers
v0000028bb83d3a40 .array "mem_block", 3 0, 31 0;
v0000028bb83d3ae0_0 .net "mem_out", 0 0, L_0000028bb83d3cc0;  1 drivers
o0000028bb83d7218 .functor BUFZ 128, C4<zzzzzzzzzzzzzzzzzzzzzzzzzzzzzzzzzzzzzzzzzzzzzzzzzzzzzzzzzzzzzzzzzzzzzzzzzzzzzzzzzzzzzzzzzzzzzzzzzzzzzzzzzzzzzzzzzzzzzzzzzzzzzzzz>; HiZ drive
v0000028bb83d3b80_0 .net "out_data", 127 0, o0000028bb83d7218;  0 drivers
E_0000028bb83c53a0 .event posedge, v0000028bb83a2b20_0;
v0000028bb83d3a40_3 .array/port v0000028bb83d3a40, 3;
v0000028bb83d3a40_2 .array/port v0000028bb83d3a40, 2;
v0000028bb83d3a40_1 .array/port v0000028bb83d3a40, 1;
v0000028bb83d3a40_0 .array/port v0000028bb83d3a40, 0;
L_0000028bb83d3c20 .concat [ 32 32 32 32], v0000028bb83d3a40_3, v0000028bb83d3a40_2, v0000028bb83d3a40_1, v0000028bb83d3a40_0;
L_0000028bb83d3cc0 .part L_0000028bb83d3c20, 0, 1;
    .scope S_0000028bb83898c0;
T_0 ;
    %wait E_0000028bb83c53a0;
    %load/vec4 v0000028bb8389a50_0;
    %nor/r;
    %flag_set/vec4 8;
    %jmp/0xz  T_0.0, 8;
    %pushi/vec4 0, 0, 32;
    %store/vec4 v0000028bb83d3900_0, 0, 32;
T_0.2 ;
    %load/vec4 v0000028bb83d3900_0;
    %cmpi/s 4, 0, 32;
    %jmp/0xz T_0.3, 5;
    %pushi/vec4 0, 0, 32;
    %ix/getv/s 3, v0000028bb83d3900_0;
    %ix/load 4, 0, 0; Constant delay
    %assign/vec4/a/d v0000028bb83d3a40, 0, 4;
    %load/vec4 v0000028bb83d3900_0;
    %addi 1, 0, 32;
    %store/vec4 v0000028bb83d3900_0, 0, 32;
    %jmp T_0.2;
T_0.3 ;
    %jmp T_0.1;
T_0.0 ;
    %load/vec4 v0000028bb8389710_0;
    %flag_set/vec4 8;
    %jmp/0xz  T_0.4, 8;
    %load/vec4 v0000028bb83d39a0_0;
    %load/vec4 v0000028bb838a7a0_0;
    %pad/u 4;
    %ix/vec4 3;
    %ix/load 4, 0, 0; Constant delay
    %assign/vec4/a/d v0000028bb83d3a40, 0, 4;
    %jmp T_0.5;
T_0.4 ;
    %load/vec4 v0000028bb838a7a0_0;
    %pad/u 4;
    %ix/vec4 4;
    %load/vec4a v0000028bb83d3a40, 4;
    %load/vec4 v0000028bb838a7a0_0;
    %pad/u 4;
    %ix/vec4 3;
    %ix/load 4, 0, 0; Constant delay
    %assign/vec4/a/d v0000028bb83d3a40, 0, 4;
T_0.5 ;
T_0.1 ;
    %jmp T_0;
    .thread T_0;
# The file index is used to find the file name in the following table.
:file_names 3;
    "N/A";
    "<interactive>";
    "output_mem.v";
