#! /c/Source/iverilog-install/bin/vvp
:ivl_version "12.0 (devel)" "(s20150603-1539-g2693dd32b)";
:ivl_delay_selection "TYPICAL";
:vpi_time_precision + 0;
:vpi_module "C:\iverilog\lib\ivl\system.vpi";
:vpi_module "C:\iverilog\lib\ivl\vhdl_sys.vpi";
:vpi_module "C:\iverilog\lib\ivl\vhdl_textio.vpi";
:vpi_module "C:\iverilog\lib\ivl\v2005_math.vpi";
:vpi_module "C:\iverilog\lib\ivl\va_math.vpi";
S_000002fce6442720 .scope module, "relu_32b4" "relu_32b4" 2 1;
 .timescale 0 0;
    .port_info 0 /INPUT 32 "a";
    .port_info 1 /OUTPUT 32 "b";
L_000002fce6442fd0 .functor BUFZ 32, v000002fce64429f0_0, C4<00000000000000000000000000000000>, C4<00000000000000000000000000000000>, C4<00000000000000000000000000000000>;
o000002fce6476fd8 .functor BUFZ 32, C4<zzzzzzzzzzzzzzzzzzzzzzzzzzzzzzzz>; HiZ drive
v000002fce64428b0_0 .net/s "a", 31 0, o000002fce6476fd8;  0 drivers
v000002fce6442950_0 .net/s "b", 31 0, L_000002fce6442fd0;  1 drivers
v000002fce64429f0_0 .var/s "f", 31 0;
E_000002fce6474e40 .event anyedge, v000002fce64428b0_0;
    .scope S_000002fce6442720;
T_0 ;
    %wait E_000002fce6474e40;
    %load/vec4 v000002fce64428b0_0;
    %cmpi/s 0, 0, 32;
    %jmp/0xz  T_0.0, 5;
    %pushi/vec4 0, 0, 32;
    %assign/vec4 v000002fce64429f0_0, 0;
    %jmp T_0.1;
T_0.0 ;
    %load/vec4 v000002fce64428b0_0;
    %assign/vec4 v000002fce64429f0_0, 0;
T_0.1 ;
    %jmp T_0;
    .thread T_0, $push;
# The file index is used to find the file name in the following table.
:file_names 3;
    "N/A";
    "<interactive>";
    "relu_32b4.v";
