#! /c/Source/iverilog-install/bin/vvp
:ivl_version "12.0 (devel)" "(s20150603-1539-g2693dd32b)";
:ivl_delay_selection "TYPICAL";
:vpi_time_precision + 0;
:vpi_module "C:\iverilog\lib\ivl\system.vpi";
:vpi_module "C:\iverilog\lib\ivl\vhdl_sys.vpi";
:vpi_module "C:\iverilog\lib\ivl\vhdl_textio.vpi";
:vpi_module "C:\iverilog\lib\ivl\v2005_math.vpi";
:vpi_module "C:\iverilog\lib\ivl\va_math.vpi";
S_000002f2505e6420 .scope module, "wb_counter" "wb_counter" 2 1;
 .timescale 0 0;
    .port_info 0 /INPUT 1 "En_wb_count";
    .port_info 1 /INPUT 1 "Res_wb_count";
    .port_info 2 /INPUT 1 "Clock";
    .port_info 3 /OUTPUT 5 "wb_count_out";
o000002f250636fa8 .functor BUFZ 1, C4<z>; HiZ drive
v000002f2505e65b0_0 .net "Clock", 0 0, o000002f250636fa8;  0 drivers
o000002f250636fd8 .functor BUFZ 1, C4<z>; HiZ drive
v000002f2505e6650_0 .net "En_wb_count", 0 0, o000002f250636fd8;  0 drivers
o000002f250637008 .functor BUFZ 1, C4<z>; HiZ drive
v000002f2505e66f0_0 .net "Res_wb_count", 0 0, o000002f250637008;  0 drivers
v000002f2505ee910_0 .var "wb_count_out", 4 0;
E_000002f250634de0 .event posedge, v000002f2505e65b0_0;
    .scope S_000002f2505e6420;
T_0 ;
    %wait E_000002f250634de0;
    %load/vec4 v000002f2505e66f0_0;
    %nor/r;
    %flag_set/vec4 8;
    %jmp/0xz  T_0.0, 8;
    %pushi/vec4 0, 0, 5;
    %assign/vec4 v000002f2505ee910_0, 0;
    %jmp T_0.1;
T_0.0 ;
    %load/vec4 v000002f2505e6650_0;
    %flag_set/vec4 8;
    %jmp/0xz  T_0.2, 8;
    %load/vec4 v000002f2505ee910_0;
    %addi 1, 0, 5;
    %assign/vec4 v000002f2505ee910_0, 0;
    %jmp T_0.3;
T_0.2 ;
    %load/vec4 v000002f2505ee910_0;
    %assign/vec4 v000002f2505ee910_0, 0;
T_0.3 ;
T_0.1 ;
    %jmp T_0;
    .thread T_0;
# The file index is used to find the file name in the following table.
:file_names 3;
    "N/A";
    "<interactive>";
    "wb_counter.v";
