#! /c/Source/iverilog-install/bin/vvp
:ivl_version "12.0 (devel)" "(s20150603-1539-g2693dd32b)";
:ivl_delay_selection "TYPICAL";
:vpi_time_precision + 0;
:vpi_module "C:\iverilog\lib\ivl\system.vpi";
:vpi_module "C:\iverilog\lib\ivl\vhdl_sys.vpi";
:vpi_module "C:\iverilog\lib\ivl\vhdl_textio.vpi";
:vpi_module "C:\iverilog\lib\ivl\v2005_math.vpi";
:vpi_module "C:\iverilog\lib\ivl\va_math.vpi";
S_0000023333e168a0 .scope module, "weight_mem" "weight_mem" 2 1;
 .timescale 0 0;
    .port_info 0 /INPUT 1 "En_w_mem";
    .port_info 1 /INPUT 5 "Addr_mem_w";
    .port_info 2 /INPUT 1 "Res";
    .port_info 3 /INPUT 1 "Clock";
    .port_info 4 /INPUT 32 "w_l1_11";
    .port_info 5 /INPUT 32 "w_l1_12";
    .port_info 6 /INPUT 32 "w_l1_13";
    .port_info 7 /INPUT 32 "w_l1_14";
    .port_info 8 /INPUT 32 "w_l1_21";
    .port_info 9 /INPUT 32 "w_l1_22";
    .port_info 10 /INPUT 32 "w_l1_23";
    .port_info 11 /INPUT 32 "w_l1_24";
    .port_info 12 /INPUT 32 "w_l1_31";
    .port_info 13 /INPUT 32 "w_l1_32";
    .port_info 14 /INPUT 32 "w_l1_33";
    .port_info 15 /INPUT 32 "w_l1_34";
    .port_info 16 /INPUT 32 "w_l1_41";
    .port_info 17 /INPUT 32 "w_l1_42";
    .port_info 18 /INPUT 32 "w_l1_43";
    .port_info 19 /INPUT 32 "w_l1_44";
    .port_info 20 /INPUT 32 "w_l2_11";
    .port_info 21 /INPUT 32 "w_l2_12";
    .port_info 22 /INPUT 32 "w_l2_21";
    .port_info 23 /INPUT 32 "w_l2_22";
    .port_info 24 /INPUT 32 "w_l2_31";
    .port_info 25 /INPUT 32 "w_l2_32";
    .port_info 26 /INPUT 32 "w_l2_41";
    .port_info 27 /INPUT 32 "w_l2_42";
    .port_info 28 /INPUT 32 "w_l3_11";
    .port_info 29 /INPUT 32 "w_l3_21";
    .port_info 30 /INPUT 32 "w_l4_11";
    .port_info 31 /INPUT 32 "w_l5_11";
    .port_info 32 /INPUT 32 "w_l6_11";
    .port_info 33 /INPUT 32 "w_l6_12";
    .port_info 34 /INPUT 32 "b_l6_1";
    .port_info 35 /INPUT 32 "b_l6_2";
    .port_info 36 /INPUT 32 "w_l7_11";
    .port_info 37 /INPUT 32 "w_l7_12";
    .port_info 38 /INPUT 32 "w_l7_13";
    .port_info 39 /INPUT 32 "w_l7_14";
    .port_info 40 /INPUT 32 "w_l7_21";
    .port_info 41 /INPUT 32 "w_l7_22";
    .port_info 42 /INPUT 32 "w_l7_23";
    .port_info 43 /INPUT 32 "w_l7_24";
    .port_info 44 /INPUT 32 "w_l8_11";
    .port_info 45 /INPUT 32 "w_l8_12";
    .port_info 46 /INPUT 32 "w_l8_13";
    .port_info 47 /INPUT 32 "w_l8_14";
    .port_info 48 /INPUT 32 "w_l8_21";
    .port_info 49 /INPUT 32 "w_l8_22";
    .port_info 50 /INPUT 32 "w_l8_23";
    .port_info 51 /INPUT 32 "w_l8_24";
    .port_info 52 /INPUT 32 "w_l8_31";
    .port_info 53 /INPUT 32 "w_l8_32";
    .port_info 54 /INPUT 32 "w_l8_33";
    .port_info 55 /INPUT 32 "w_l8_34";
    .port_info 56 /INPUT 32 "w_l8_41";
    .port_info 57 /INPUT 32 "w_l8_42";
    .port_info 58 /INPUT 32 "w_l8_43";
    .port_info 59 /INPUT 32 "w_l8_44";
    .port_info 60 /OUTPUT 128 "mem_out";
L_0000023333e24140 .functor BUFZ 128, L_0000023333e82c30, C4<00000000000000000000000000000000000000000000000000000000000000000000000000000000000000000000000000000000000000000000000000000000>, C4<00000000000000000000000000000000000000000000000000000000000000000000000000000000000000000000000000000000000000000000000000000000>, C4<00000000000000000000000000000000000000000000000000000000000000000000000000000000000000000000000000000000000000000000000000000000>;
o0000023333e2efd8 .functor BUFZ 5, C4<zzzzz>; HiZ drive
v0000023333de2910_0 .net "Addr_mem_w", 4 0, o0000023333e2efd8;  0 drivers
o0000023333e2f008 .functor BUFZ 1, C4<z>; HiZ drive
v0000023333de29b0_0 .net "Clock", 0 0, o0000023333e2f008;  0 drivers
o0000023333e2f038 .functor BUFZ 1, C4<z>; HiZ drive
v0000023333de2a50_0 .net "En_w_mem", 0 0, o0000023333e2f038;  0 drivers
o0000023333e2f068 .functor BUFZ 1, C4<z>; HiZ drive
v0000023333de2af0_0 .net "Res", 0 0, o0000023333e2f068;  0 drivers
v0000023333e7f4c0_0 .net *"_ivl_0", 127 0, L_0000023333e82c30;  1 drivers
v0000023333e7f560_0 .net *"_ivl_2", 5 0, L_0000023333e81470;  1 drivers
L_0000023333e83528 .functor BUFT 1, C4<0>, C4<0>, C4<0>, C4<0>;
v0000023333e7f600_0 .net *"_ivl_5", 0 0, L_0000023333e83528;  1 drivers
o0000023333e2f128 .functor BUFZ 32, C4<zzzzzzzzzzzzzzzzzzzzzzzzzzzzzzzz>; HiZ drive
v0000023333e7f6a0_0 .net/s "b_l6_1", 31 0, o0000023333e2f128;  0 drivers
o0000023333e2f158 .functor BUFZ 32, C4<zzzzzzzzzzzzzzzzzzzzzzzzzzzzzzzz>; HiZ drive
v0000023333e7f740_0 .net/s "b_l6_2", 31 0, o0000023333e2f158;  0 drivers
v0000023333e7f7e0_0 .var/i "i", 31 0;
v0000023333e7f880 .array "mem_block", 18 0, 127 0;
v0000023333e7f920_0 .net "mem_out", 127 0, L_0000023333e24140;  1 drivers
o0000023333e2f1e8 .functor BUFZ 32, C4<zzzzzzzzzzzzzzzzzzzzzzzzzzzzzzzz>; HiZ drive
v0000023333e804b0_0 .net/s "w_l1_11", 31 0, o0000023333e2f1e8;  0 drivers
o0000023333e2f218 .functor BUFZ 32, C4<zzzzzzzzzzzzzzzzzzzzzzzzzzzzzzzz>; HiZ drive
v0000023333e7fd30_0 .net/s "w_l1_12", 31 0, o0000023333e2f218;  0 drivers
o0000023333e2f248 .functor BUFZ 32, C4<zzzzzzzzzzzzzzzzzzzzzzzzzzzzzzzz>; HiZ drive
v0000023333e7fdd0_0 .net/s "w_l1_13", 31 0, o0000023333e2f248;  0 drivers
o0000023333e2f278 .functor BUFZ 32, C4<zzzzzzzzzzzzzzzzzzzzzzzzzzzzzzzz>; HiZ drive
v0000023333e7fe70_0 .net/s "w_l1_14", 31 0, o0000023333e2f278;  0 drivers
o0000023333e2f2a8 .functor BUFZ 32, C4<zzzzzzzzzzzzzzzzzzzzzzzzzzzzzzzz>; HiZ drive
v0000023333e7fbf0_0 .net/s "w_l1_21", 31 0, o0000023333e2f2a8;  0 drivers
o0000023333e2f2d8 .functor BUFZ 32, C4<zzzzzzzzzzzzzzzzzzzzzzzzzzzzzzzz>; HiZ drive
v0000023333e80690_0 .net/s "w_l1_22", 31 0, o0000023333e2f2d8;  0 drivers
o0000023333e2f308 .functor BUFZ 32, C4<zzzzzzzzzzzzzzzzzzzzzzzzzzzzzzzz>; HiZ drive
v0000023333e800f0_0 .net/s "w_l1_23", 31 0, o0000023333e2f308;  0 drivers
o0000023333e2f338 .functor BUFZ 32, C4<zzzzzzzzzzzzzzzzzzzzzzzzzzzzzzzz>; HiZ drive
v0000023333e7ff10_0 .net/s "w_l1_24", 31 0, o0000023333e2f338;  0 drivers
o0000023333e2f368 .functor BUFZ 32, C4<zzzzzzzzzzzzzzzzzzzzzzzzzzzzzzzz>; HiZ drive
v0000023333e805f0_0 .net/s "w_l1_31", 31 0, o0000023333e2f368;  0 drivers
o0000023333e2f398 .functor BUFZ 32, C4<zzzzzzzzzzzzzzzzzzzzzzzzzzzzzzzz>; HiZ drive
v0000023333e80730_0 .net/s "w_l1_32", 31 0, o0000023333e2f398;  0 drivers
o0000023333e2f3c8 .functor BUFZ 32, C4<zzzzzzzzzzzzzzzzzzzzzzzzzzzzzzzz>; HiZ drive
v0000023333e7ffb0_0 .net/s "w_l1_33", 31 0, o0000023333e2f3c8;  0 drivers
o0000023333e2f3f8 .functor BUFZ 32, C4<zzzzzzzzzzzzzzzzzzzzzzzzzzzzzzzz>; HiZ drive
v0000023333e80050_0 .net/s "w_l1_34", 31 0, o0000023333e2f3f8;  0 drivers
o0000023333e2f428 .functor BUFZ 32, C4<zzzzzzzzzzzzzzzzzzzzzzzzzzzzzzzz>; HiZ drive
v0000023333e80190_0 .net/s "w_l1_41", 31 0, o0000023333e2f428;  0 drivers
o0000023333e2f458 .functor BUFZ 32, C4<zzzzzzzzzzzzzzzzzzzzzzzzzzzzzzzz>; HiZ drive
v0000023333e80870_0 .net/s "w_l1_42", 31 0, o0000023333e2f458;  0 drivers
o0000023333e2f488 .functor BUFZ 32, C4<zzzzzzzzzzzzzzzzzzzzzzzzzzzzzzzz>; HiZ drive
v0000023333e80550_0 .net/s "w_l1_43", 31 0, o0000023333e2f488;  0 drivers
o0000023333e2f4b8 .functor BUFZ 32, C4<zzzzzzzzzzzzzzzzzzzzzzzzzzzzzzzz>; HiZ drive
v0000023333e80230_0 .net/s "w_l1_44", 31 0, o0000023333e2f4b8;  0 drivers
o0000023333e2f4e8 .functor BUFZ 32, C4<zzzzzzzzzzzzzzzzzzzzzzzzzzzzzzzz>; HiZ drive
v0000023333e802d0_0 .net/s "w_l2_11", 31 0, o0000023333e2f4e8;  0 drivers
o0000023333e2f518 .functor BUFZ 32, C4<zzzzzzzzzzzzzzzzzzzzzzzzzzzzzzzz>; HiZ drive
v0000023333e80910_0 .net/s "w_l2_12", 31 0, o0000023333e2f518;  0 drivers
o0000023333e2f548 .functor BUFZ 32, C4<zzzzzzzzzzzzzzzzzzzzzzzzzzzzzzzz>; HiZ drive
v0000023333e80410_0 .net/s "w_l2_21", 31 0, o0000023333e2f548;  0 drivers
o0000023333e2f578 .functor BUFZ 32, C4<zzzzzzzzzzzzzzzzzzzzzzzzzzzzzzzz>; HiZ drive
v0000023333e7fa10_0 .net/s "w_l2_22", 31 0, o0000023333e2f578;  0 drivers
o0000023333e2f5a8 .functor BUFZ 32, C4<zzzzzzzzzzzzzzzzzzzzzzzzzzzzzzzz>; HiZ drive
v0000023333e80370_0 .net/s "w_l2_31", 31 0, o0000023333e2f5a8;  0 drivers
o0000023333e2f5d8 .functor BUFZ 32, C4<zzzzzzzzzzzzzzzzzzzzzzzzzzzzzzzz>; HiZ drive
v0000023333e807d0_0 .net/s "w_l2_32", 31 0, o0000023333e2f5d8;  0 drivers
o0000023333e2f608 .functor BUFZ 32, C4<zzzzzzzzzzzzzzzzzzzzzzzzzzzzzzzz>; HiZ drive
v0000023333e7fab0_0 .net/s "w_l2_41", 31 0, o0000023333e2f608;  0 drivers
o0000023333e2f638 .functor BUFZ 32, C4<zzzzzzzzzzzzzzzzzzzzzzzzzzzzzzzz>; HiZ drive
v0000023333e7fb50_0 .net/s "w_l2_42", 31 0, o0000023333e2f638;  0 drivers
o0000023333e2f668 .functor BUFZ 32, C4<zzzzzzzzzzzzzzzzzzzzzzzzzzzzzzzz>; HiZ drive
v0000023333e7fc90_0 .net/s "w_l3_11", 31 0, o0000023333e2f668;  0 drivers
o0000023333e2f698 .functor BUFZ 32, C4<zzzzzzzzzzzzzzzzzzzzzzzzzzzzzzzz>; HiZ drive
v0000023333e81fb0_0 .net/s "w_l3_21", 31 0, o0000023333e2f698;  0 drivers
o0000023333e2f6c8 .functor BUFZ 32, C4<zzzzzzzzzzzzzzzzzzzzzzzzzzzzzzzz>; HiZ drive
v0000023333e818d0_0 .net/s "w_l4_11", 31 0, o0000023333e2f6c8;  0 drivers
o0000023333e2f6f8 .functor BUFZ 32, C4<zzzzzzzzzzzzzzzzzzzzzzzzzzzzzzzz>; HiZ drive
v0000023333e81830_0 .net/s "w_l5_11", 31 0, o0000023333e2f6f8;  0 drivers
o0000023333e2f728 .functor BUFZ 32, C4<zzzzzzzzzzzzzzzzzzzzzzzzzzzzzzzz>; HiZ drive
v0000023333e81c90_0 .net/s "w_l6_11", 31 0, o0000023333e2f728;  0 drivers
o0000023333e2f758 .functor BUFZ 32, C4<zzzzzzzzzzzzzzzzzzzzzzzzzzzzzzzz>; HiZ drive
v0000023333e825f0_0 .net/s "w_l6_12", 31 0, o0000023333e2f758;  0 drivers
o0000023333e2f788 .functor BUFZ 32, C4<zzzzzzzzzzzzzzzzzzzzzzzzzzzzzzzz>; HiZ drive
v0000023333e81150_0 .net/s "w_l7_11", 31 0, o0000023333e2f788;  0 drivers
o0000023333e2f7b8 .functor BUFZ 32, C4<zzzzzzzzzzzzzzzzzzzzzzzzzzzzzzzz>; HiZ drive
v0000023333e81d30_0 .net/s "w_l7_12", 31 0, o0000023333e2f7b8;  0 drivers
o0000023333e2f7e8 .functor BUFZ 32, C4<zzzzzzzzzzzzzzzzzzzzzzzzzzzzzzzz>; HiZ drive
v0000023333e81e70_0 .net/s "w_l7_13", 31 0, o0000023333e2f7e8;  0 drivers
o0000023333e2f818 .functor BUFZ 32, C4<zzzzzzzzzzzzzzzzzzzzzzzzzzzzzzzz>; HiZ drive
v0000023333e81dd0_0 .net/s "w_l7_14", 31 0, o0000023333e2f818;  0 drivers
o0000023333e2f848 .functor BUFZ 32, C4<zzzzzzzzzzzzzzzzzzzzzzzzzzzzzzzz>; HiZ drive
v0000023333e81970_0 .net/s "w_l7_21", 31 0, o0000023333e2f848;  0 drivers
o0000023333e2f878 .functor BUFZ 32, C4<zzzzzzzzzzzzzzzzzzzzzzzzzzzzzzzz>; HiZ drive
v0000023333e81f10_0 .net/s "w_l7_22", 31 0, o0000023333e2f878;  0 drivers
o0000023333e2f8a8 .functor BUFZ 32, C4<zzzzzzzzzzzzzzzzzzzzzzzzzzzzzzzz>; HiZ drive
v0000023333e82050_0 .net/s "w_l7_23", 31 0, o0000023333e2f8a8;  0 drivers
o0000023333e2f8d8 .functor BUFZ 32, C4<zzzzzzzzzzzzzzzzzzzzzzzzzzzzzzzz>; HiZ drive
v0000023333e81650_0 .net/s "w_l7_24", 31 0, o0000023333e2f8d8;  0 drivers
o0000023333e2f908 .functor BUFZ 32, C4<zzzzzzzzzzzzzzzzzzzzzzzzzzzzzzzz>; HiZ drive
v0000023333e820f0_0 .net/s "w_l8_11", 31 0, o0000023333e2f908;  0 drivers
o0000023333e2f938 .functor BUFZ 32, C4<zzzzzzzzzzzzzzzzzzzzzzzzzzzzzzzz>; HiZ drive
v0000023333e82730_0 .net/s "w_l8_12", 31 0, o0000023333e2f938;  0 drivers
o0000023333e2f968 .functor BUFZ 32, C4<zzzzzzzzzzzzzzzzzzzzzzzzzzzzzzzz>; HiZ drive
v0000023333e816f0_0 .net/s "w_l8_13", 31 0, o0000023333e2f968;  0 drivers
o0000023333e2f998 .functor BUFZ 32, C4<zzzzzzzzzzzzzzzzzzzzzzzzzzzzzzzz>; HiZ drive
v0000023333e827d0_0 .net/s "w_l8_14", 31 0, o0000023333e2f998;  0 drivers
o0000023333e2f9c8 .functor BUFZ 32, C4<zzzzzzzzzzzzzzzzzzzzzzzzzzzzzzzz>; HiZ drive
v0000023333e82910_0 .net/s "w_l8_21", 31 0, o0000023333e2f9c8;  0 drivers
o0000023333e2f9f8 .functor BUFZ 32, C4<zzzzzzzzzzzzzzzzzzzzzzzzzzzzzzzz>; HiZ drive
v0000023333e829b0_0 .net/s "w_l8_22", 31 0, o0000023333e2f9f8;  0 drivers
o0000023333e2fa28 .functor BUFZ 32, C4<zzzzzzzzzzzzzzzzzzzzzzzzzzzzzzzz>; HiZ drive
v0000023333e82230_0 .net/s "w_l8_23", 31 0, o0000023333e2fa28;  0 drivers
o0000023333e2fa58 .functor BUFZ 32, C4<zzzzzzzzzzzzzzzzzzzzzzzzzzzzzzzz>; HiZ drive
v0000023333e81790_0 .net/s "w_l8_24", 31 0, o0000023333e2fa58;  0 drivers
o0000023333e2fa88 .functor BUFZ 32, C4<zzzzzzzzzzzzzzzzzzzzzzzzzzzzzzzz>; HiZ drive
v0000023333e82a50_0 .net/s "w_l8_31", 31 0, o0000023333e2fa88;  0 drivers
o0000023333e2fab8 .functor BUFZ 32, C4<zzzzzzzzzzzzzzzzzzzzzzzzzzzzzzzz>; HiZ drive
v0000023333e82870_0 .net/s "w_l8_32", 31 0, o0000023333e2fab8;  0 drivers
o0000023333e2fae8 .functor BUFZ 32, C4<zzzzzzzzzzzzzzzzzzzzzzzzzzzzzzzz>; HiZ drive
v0000023333e811f0_0 .net/s "w_l8_33", 31 0, o0000023333e2fae8;  0 drivers
o0000023333e2fb18 .functor BUFZ 32, C4<zzzzzzzzzzzzzzzzzzzzzzzzzzzzzzzz>; HiZ drive
v0000023333e81a10_0 .net/s "w_l8_34", 31 0, o0000023333e2fb18;  0 drivers
o0000023333e2fb48 .functor BUFZ 32, C4<zzzzzzzzzzzzzzzzzzzzzzzzzzzzzzzz>; HiZ drive
v0000023333e82190_0 .net/s "w_l8_41", 31 0, o0000023333e2fb48;  0 drivers
o0000023333e2fb78 .functor BUFZ 32, C4<zzzzzzzzzzzzzzzzzzzzzzzzzzzzzzzz>; HiZ drive
v0000023333e82af0_0 .net/s "w_l8_42", 31 0, o0000023333e2fb78;  0 drivers
o0000023333e2fba8 .functor BUFZ 32, C4<zzzzzzzzzzzzzzzzzzzzzzzzzzzzzzzz>; HiZ drive
v0000023333e82b90_0 .net/s "w_l8_43", 31 0, o0000023333e2fba8;  0 drivers
o0000023333e2fbd8 .functor BUFZ 32, C4<zzzzzzzzzzzzzzzzzzzzzzzzzzzzzzzz>; HiZ drive
v0000023333e81290_0 .net/s "w_l8_44", 31 0, o0000023333e2fbd8;  0 drivers
E_0000023333f3da20 .event posedge, v0000023333de29b0_0;
L_0000023333e82c30 .array/port v0000023333e7f880, L_0000023333e81470;
L_0000023333e81470 .concat [ 5 1 0 0], o0000023333e2efd8, L_0000023333e83528;
    .scope S_0000023333e168a0;
T_0 ;
    %wait E_0000023333f3da20;
    %load/vec4 v0000023333de2af0_0;
    %nor/r;
    %flag_set/vec4 8;
    %jmp/0xz  T_0.0, 8;
    %pushi/vec4 0, 0, 32;
    %store/vec4 v0000023333e7f7e0_0, 0, 32;
T_0.2 ;
    %load/vec4 v0000023333e7f7e0_0;
    %cmpi/s 19, 0, 32;
    %jmp/0xz T_0.3, 5;
    %pushi/vec4 0, 0, 128;
    %ix/getv/s 3, v0000023333e7f7e0_0;
    %ix/load 4, 0, 0; Constant delay
    %assign/vec4/a/d v0000023333e7f880, 0, 4;
    %load/vec4 v0000023333e7f7e0_0;
    %addi 1, 0, 32;
    %store/vec4 v0000023333e7f7e0_0, 0, 32;
    %jmp T_0.2;
T_0.3 ;
    %jmp T_0.1;
T_0.0 ;
    %load/vec4 v0000023333de2a50_0;
    %flag_set/vec4 8;
    %jmp/0xz  T_0.4, 8;
    %load/vec4 v0000023333e804b0_0;
    %load/vec4 v0000023333e7fbf0_0;
    %concat/vec4; draw_concat_vec4
    %load/vec4 v0000023333e805f0_0;
    %concat/vec4; draw_concat_vec4
    %load/vec4 v0000023333e80190_0;
    %concat/vec4; draw_concat_vec4
    %ix/load 3, 0, 0;
    %flag_set/imm 4, 0;
    %ix/load 4, 0, 0; Constant delay
    %assign/vec4/a/d v0000023333e7f880, 0, 4;
    %load/vec4 v0000023333e7fd30_0;
    %load/vec4 v0000023333e80690_0;
    %concat/vec4; draw_concat_vec4
    %load/vec4 v0000023333e80730_0;
    %concat/vec4; draw_concat_vec4
    %load/vec4 v0000023333e80870_0;
    %concat/vec4; draw_concat_vec4
    %ix/load 3, 1, 0;
    %flag_set/imm 4, 0;
    %ix/load 4, 0, 0; Constant delay
    %assign/vec4/a/d v0000023333e7f880, 0, 4;
    %load/vec4 v0000023333e7fdd0_0;
    %load/vec4 v0000023333e800f0_0;
    %concat/vec4; draw_concat_vec4
    %load/vec4 v0000023333e7ffb0_0;
    %concat/vec4; draw_concat_vec4
    %load/vec4 v0000023333e80550_0;
    %concat/vec4; draw_concat_vec4
    %ix/load 3, 2, 0;
    %flag_set/imm 4, 0;
    %ix/load 4, 0, 0; Constant delay
    %assign/vec4/a/d v0000023333e7f880, 0, 4;
    %load/vec4 v0000023333e7fe70_0;
    %load/vec4 v0000023333e7ff10_0;
    %concat/vec4; draw_concat_vec4
    %load/vec4 v0000023333e80050_0;
    %concat/vec4; draw_concat_vec4
    %load/vec4 v0000023333e80230_0;
    %concat/vec4; draw_concat_vec4
    %ix/load 3, 3, 0;
    %flag_set/imm 4, 0;
    %ix/load 4, 0, 0; Constant delay
    %assign/vec4/a/d v0000023333e7f880, 0, 4;
    %load/vec4 v0000023333e802d0_0;
    %load/vec4 v0000023333e80410_0;
    %concat/vec4; draw_concat_vec4
    %load/vec4 v0000023333e80370_0;
    %concat/vec4; draw_concat_vec4
    %load/vec4 v0000023333e7fab0_0;
    %concat/vec4; draw_concat_vec4
    %ix/load 3, 4, 0;
    %flag_set/imm 4, 0;
    %ix/load 4, 0, 0; Constant delay
    %assign/vec4/a/d v0000023333e7f880, 0, 4;
    %load/vec4 v0000023333e80910_0;
    %load/vec4 v0000023333e7fa10_0;
    %concat/vec4; draw_concat_vec4
    %load/vec4 v0000023333e807d0_0;
    %concat/vec4; draw_concat_vec4
    %load/vec4 v0000023333e7fb50_0;
    %concat/vec4; draw_concat_vec4
    %ix/load 3, 5, 0;
    %flag_set/imm 4, 0;
    %ix/load 4, 0, 0; Constant delay
    %assign/vec4/a/d v0000023333e7f880, 0, 4;
    %load/vec4 v0000023333e7fc90_0;
    %load/vec4 v0000023333e81fb0_0;
    %concat/vec4; draw_concat_vec4
    %concati/vec4 0, 0, 32;
    %concati/vec4 0, 0, 32;
    %ix/load 3, 6, 0;
    %flag_set/imm 4, 0;
    %ix/load 4, 0, 0; Constant delay
    %assign/vec4/a/d v0000023333e7f880, 0, 4;
    %load/vec4 v0000023333e818d0_0;
    %concati/vec4 0, 0, 32;
    %concati/vec4 0, 0, 32;
    %concati/vec4 0, 0, 32;
    %ix/load 3, 7, 0;
    %flag_set/imm 4, 0;
    %ix/load 4, 0, 0; Constant delay
    %assign/vec4/a/d v0000023333e7f880, 0, 4;
    %load/vec4 v0000023333e81830_0;
    %concati/vec4 0, 0, 32;
    %concati/vec4 0, 0, 32;
    %concati/vec4 0, 0, 32;
    %ix/load 3, 8, 0;
    %flag_set/imm 4, 0;
    %ix/load 4, 0, 0; Constant delay
    %assign/vec4/a/d v0000023333e7f880, 0, 4;
    %load/vec4 v0000023333e81c90_0;
    %concati/vec4 0, 0, 32;
    %concati/vec4 0, 0, 32;
    %concati/vec4 0, 0, 32;
    %ix/load 3, 9, 0;
    %flag_set/imm 4, 0;
    %ix/load 4, 0, 0; Constant delay
    %assign/vec4/a/d v0000023333e7f880, 0, 4;
    %load/vec4 v0000023333e825f0_0;
    %concati/vec4 0, 0, 32;
    %concati/vec4 0, 0, 32;
    %concati/vec4 0, 0, 32;
    %ix/load 3, 10, 0;
    %flag_set/imm 4, 0;
    %ix/load 4, 0, 0; Constant delay
    %assign/vec4/a/d v0000023333e7f880, 0, 4;
    %load/vec4 v0000023333e81150_0;
    %load/vec4 v0000023333e81970_0;
    %concat/vec4; draw_concat_vec4
    %concati/vec4 0, 0, 32;
    %concati/vec4 0, 0, 32;
    %ix/load 3, 11, 0;
    %flag_set/imm 4, 0;
    %ix/load 4, 0, 0; Constant delay
    %assign/vec4/a/d v0000023333e7f880, 0, 4;
    %load/vec4 v0000023333e81d30_0;
    %load/vec4 v0000023333e81f10_0;
    %concat/vec4; draw_concat_vec4
    %concati/vec4 0, 0, 32;
    %concati/vec4 0, 0, 32;
    %ix/load 3, 12, 0;
    %flag_set/imm 4, 0;
    %ix/load 4, 0, 0; Constant delay
    %assign/vec4/a/d v0000023333e7f880, 0, 4;
    %load/vec4 v0000023333e81e70_0;
    %load/vec4 v0000023333e82050_0;
    %concat/vec4; draw_concat_vec4
    %concati/vec4 0, 0, 32;
    %concati/vec4 0, 0, 32;
    %ix/load 3, 13, 0;
    %flag_set/imm 4, 0;
    %ix/load 4, 0, 0; Constant delay
    %assign/vec4/a/d v0000023333e7f880, 0, 4;
    %load/vec4 v0000023333e81dd0_0;
    %load/vec4 v0000023333e81650_0;
    %concat/vec4; draw_concat_vec4
    %concati/vec4 0, 0, 32;
    %concati/vec4 0, 0, 32;
    %ix/load 3, 14, 0;
    %flag_set/imm 4, 0;
    %ix/load 4, 0, 0; Constant delay
    %assign/vec4/a/d v0000023333e7f880, 0, 4;
    %load/vec4 v0000023333e820f0_0;
    %load/vec4 v0000023333e82910_0;
    %concat/vec4; draw_concat_vec4
    %load/vec4 v0000023333e82a50_0;
    %concat/vec4; draw_concat_vec4
    %load/vec4 v0000023333e82190_0;
    %concat/vec4; draw_concat_vec4
    %ix/load 3, 15, 0;
    %flag_set/imm 4, 0;
    %ix/load 4, 0, 0; Constant delay
    %assign/vec4/a/d v0000023333e7f880, 0, 4;
    %load/vec4 v0000023333e82730_0;
    %load/vec4 v0000023333e829b0_0;
    %concat/vec4; draw_concat_vec4
    %load/vec4 v0000023333e82870_0;
    %concat/vec4; draw_concat_vec4
    %load/vec4 v0000023333e82af0_0;
    %concat/vec4; draw_concat_vec4
    %ix/load 3, 16, 0;
    %flag_set/imm 4, 0;
    %ix/load 4, 0, 0; Constant delay
    %assign/vec4/a/d v0000023333e7f880, 0, 4;
    %load/vec4 v0000023333e816f0_0;
    %load/vec4 v0000023333e82230_0;
    %concat/vec4; draw_concat_vec4
    %load/vec4 v0000023333e811f0_0;
    %concat/vec4; draw_concat_vec4
    %load/vec4 v0000023333e82b90_0;
    %concat/vec4; draw_concat_vec4
    %ix/load 3, 17, 0;
    %flag_set/imm 4, 0;
    %ix/load 4, 0, 0; Constant delay
    %assign/vec4/a/d v0000023333e7f880, 0, 4;
    %load/vec4 v0000023333e827d0_0;
    %load/vec4 v0000023333e81790_0;
    %concat/vec4; draw_concat_vec4
    %load/vec4 v0000023333e81a10_0;
    %concat/vec4; draw_concat_vec4
    %load/vec4 v0000023333e81290_0;
    %concat/vec4; draw_concat_vec4
    %ix/load 3, 18, 0;
    %flag_set/imm 4, 0;
    %ix/load 4, 0, 0; Constant delay
    %assign/vec4/a/d v0000023333e7f880, 0, 4;
    %jmp T_0.5;
T_0.4 ;
    %ix/load 4, 0, 0;
    %flag_set/imm 4, 0;
    %load/vec4a v0000023333e7f880, 4;
    %ix/load 3, 0, 0;
    %flag_set/imm 4, 0;
    %ix/load 4, 0, 0; Constant delay
    %assign/vec4/a/d v0000023333e7f880, 0, 4;
    %ix/load 4, 1, 0;
    %flag_set/imm 4, 0;
    %load/vec4a v0000023333e7f880, 4;
    %ix/load 3, 1, 0;
    %flag_set/imm 4, 0;
    %ix/load 4, 0, 0; Constant delay
    %assign/vec4/a/d v0000023333e7f880, 0, 4;
    %ix/load 4, 2, 0;
    %flag_set/imm 4, 0;
    %load/vec4a v0000023333e7f880, 4;
    %ix/load 3, 2, 0;
    %flag_set/imm 4, 0;
    %ix/load 4, 0, 0; Constant delay
    %assign/vec4/a/d v0000023333e7f880, 0, 4;
    %ix/load 4, 3, 0;
    %flag_set/imm 4, 0;
    %load/vec4a v0000023333e7f880, 4;
    %ix/load 3, 3, 0;
    %flag_set/imm 4, 0;
    %ix/load 4, 0, 0; Constant delay
    %assign/vec4/a/d v0000023333e7f880, 0, 4;
    %ix/load 4, 4, 0;
    %flag_set/imm 4, 0;
    %load/vec4a v0000023333e7f880, 4;
    %ix/load 3, 4, 0;
    %flag_set/imm 4, 0;
    %ix/load 4, 0, 0; Constant delay
    %assign/vec4/a/d v0000023333e7f880, 0, 4;
    %ix/load 4, 5, 0;
    %flag_set/imm 4, 0;
    %load/vec4a v0000023333e7f880, 4;
    %ix/load 3, 5, 0;
    %flag_set/imm 4, 0;
    %ix/load 4, 0, 0; Constant delay
    %assign/vec4/a/d v0000023333e7f880, 0, 4;
    %ix/load 4, 6, 0;
    %flag_set/imm 4, 0;
    %load/vec4a v0000023333e7f880, 4;
    %ix/load 3, 6, 0;
    %flag_set/imm 4, 0;
    %ix/load 4, 0, 0; Constant delay
    %assign/vec4/a/d v0000023333e7f880, 0, 4;
    %ix/load 4, 7, 0;
    %flag_set/imm 4, 0;
    %load/vec4a v0000023333e7f880, 4;
    %ix/load 3, 7, 0;
    %flag_set/imm 4, 0;
    %ix/load 4, 0, 0; Constant delay
    %assign/vec4/a/d v0000023333e7f880, 0, 4;
    %ix/load 4, 8, 0;
    %flag_set/imm 4, 0;
    %load/vec4a v0000023333e7f880, 4;
    %ix/load 3, 8, 0;
    %flag_set/imm 4, 0;
    %ix/load 4, 0, 0; Constant delay
    %assign/vec4/a/d v0000023333e7f880, 0, 4;
    %ix/load 4, 9, 0;
    %flag_set/imm 4, 0;
    %load/vec4a v0000023333e7f880, 4;
    %ix/load 3, 9, 0;
    %flag_set/imm 4, 0;
    %ix/load 4, 0, 0; Constant delay
    %assign/vec4/a/d v0000023333e7f880, 0, 4;
    %ix/load 4, 10, 0;
    %flag_set/imm 4, 0;
    %load/vec4a v0000023333e7f880, 4;
    %ix/load 3, 10, 0;
    %flag_set/imm 4, 0;
    %ix/load 4, 0, 0; Constant delay
    %assign/vec4/a/d v0000023333e7f880, 0, 4;
    %ix/load 4, 11, 0;
    %flag_set/imm 4, 0;
    %load/vec4a v0000023333e7f880, 4;
    %ix/load 3, 11, 0;
    %flag_set/imm 4, 0;
    %ix/load 4, 0, 0; Constant delay
    %assign/vec4/a/d v0000023333e7f880, 0, 4;
    %ix/load 4, 12, 0;
    %flag_set/imm 4, 0;
    %load/vec4a v0000023333e7f880, 4;
    %ix/load 3, 12, 0;
    %flag_set/imm 4, 0;
    %ix/load 4, 0, 0; Constant delay
    %assign/vec4/a/d v0000023333e7f880, 0, 4;
    %ix/load 4, 13, 0;
    %flag_set/imm 4, 0;
    %load/vec4a v0000023333e7f880, 4;
    %ix/load 3, 13, 0;
    %flag_set/imm 4, 0;
    %ix/load 4, 0, 0; Constant delay
    %assign/vec4/a/d v0000023333e7f880, 0, 4;
    %ix/load 4, 14, 0;
    %flag_set/imm 4, 0;
    %load/vec4a v0000023333e7f880, 4;
    %ix/load 3, 14, 0;
    %flag_set/imm 4, 0;
    %ix/load 4, 0, 0; Constant delay
    %assign/vec4/a/d v0000023333e7f880, 0, 4;
    %ix/load 4, 15, 0;
    %flag_set/imm 4, 0;
    %load/vec4a v0000023333e7f880, 4;
    %ix/load 3, 15, 0;
    %flag_set/imm 4, 0;
    %ix/load 4, 0, 0; Constant delay
    %assign/vec4/a/d v0000023333e7f880, 0, 4;
    %ix/load 4, 16, 0;
    %flag_set/imm 4, 0;
    %load/vec4a v0000023333e7f880, 4;
    %ix/load 3, 16, 0;
    %flag_set/imm 4, 0;
    %ix/load 4, 0, 0; Constant delay
    %assign/vec4/a/d v0000023333e7f880, 0, 4;
    %ix/load 4, 17, 0;
    %flag_set/imm 4, 0;
    %load/vec4a v0000023333e7f880, 4;
    %ix/load 3, 17, 0;
    %flag_set/imm 4, 0;
    %ix/load 4, 0, 0; Constant delay
    %assign/vec4/a/d v0000023333e7f880, 0, 4;
    %ix/load 4, 18, 0;
    %flag_set/imm 4, 0;
    %load/vec4a v0000023333e7f880, 4;
    %ix/load 3, 18, 0;
    %flag_set/imm 4, 0;
    %ix/load 4, 0, 0; Constant delay
    %assign/vec4/a/d v0000023333e7f880, 0, 4;
T_0.5 ;
T_0.1 ;
    %jmp T_0;
    .thread T_0;
# The file index is used to find the file name in the following table.
:file_names 3;
    "N/A";
    "<interactive>";
    "weight_mem.v";
