#! /c/Source/iverilog-install/bin/vvp
:ivl_version "12.0 (devel)" "(s20150603-1539-g2693dd32b)";
:ivl_delay_selection "TYPICAL";
:vpi_time_precision - 12;
:vpi_module "C:\iverilog\lib\ivl\system.vpi";
:vpi_module "C:\iverilog\lib\ivl\vhdl_sys.vpi";
:vpi_module "C:\iverilog\lib\ivl\vhdl_textio.vpi";
:vpi_module "C:\iverilog\lib\ivl\v2005_math.vpi";
:vpi_module "C:\iverilog\lib\ivl\va_math.vpi";
S_00000229fe77e620 .scope module, "GAN_baseline_tb" "GAN_baseline_tb" 2 4;
 .timescale -12 -12;
v00000229fe8043e0_0 .var/s "b_l1_1", 5 0;
v00000229fe804480_0 .var/s "b_l1_2", 5 0;
v00000229fe804520_0 .var/s "b_l1_3", 5 0;
v00000229fe804a20_0 .var/s "b_l1_4", 5 0;
v00000229fe804d40_0 .var/s "b_l2_1", 5 0;
v00000229fe804ac0_0 .var/s "b_l2_2", 5 0;
v00000229fe804980_0 .var/s "b_l3_1", 5 0;
v00000229fe805740_0 .var/s "b_l4_1", 5 0;
v00000229fe805ce0_0 .var/s "b_l5_1", 5 0;
v00000229fe8052e0_0 .var/s "b_l6_1", 5 0;
v00000229fe8057e0_0 .var/s "b_l6_2", 5 0;
v00000229fe805a60_0 .var/s "b_l7_1", 5 0;
v00000229fe805380_0 .var/s "b_l7_2", 5 0;
v00000229fe805c40_0 .var/s "b_l7_3", 5 0;
v00000229fe805d80_0 .var/s "b_l7_4", 5 0;
v00000229fe805880_0 .var/s "b_l8_1", 5 0;
v00000229fe805920_0 .var/s "b_l8_2", 5 0;
v00000229fe805e20_0 .var/s "b_l8_3", 5 0;
v00000229fe8059c0_0 .var/s "b_l8_4", 5 0;
v00000229fe805600_0 .net/s "f1", 31 0, L_00000229fe790ff0;  1 drivers
v00000229fe805ec0_0 .net/s "f2", 31 0, L_00000229fe790650;  1 drivers
v00000229fe804b60_0 .net/s "f3", 31 0, L_00000229fe790a40;  1 drivers
v00000229fe805420_0 .net/s "f4", 31 0, L_00000229fe790180;  1 drivers
v00000229fe804c00_0 .var/s "w_l1_11", 5 0;
v00000229fe804840_0 .var/s "w_l1_12", 5 0;
v00000229fe805560_0 .var/s "w_l1_13", 5 0;
v00000229fe804e80_0 .var/s "w_l1_14", 5 0;
v00000229fe804ca0_0 .var/s "w_l1_21", 5 0;
v00000229fe805b00_0 .var/s "w_l1_22", 5 0;
v00000229fe804de0_0 .var/s "w_l1_23", 5 0;
v00000229fe804f20_0 .var/s "w_l1_24", 5 0;
v00000229fe804fc0_0 .var/s "w_l1_31", 5 0;
v00000229fe805060_0 .var/s "w_l1_32", 5 0;
v00000229fe805240_0 .var/s "w_l1_33", 5 0;
v00000229fe805ba0_0 .var/s "w_l1_34", 5 0;
v00000229fe8048e0_0 .var/s "w_l1_41", 5 0;
v00000229fe8054c0_0 .var/s "w_l1_42", 5 0;
v00000229fe805100_0 .var/s "w_l1_43", 5 0;
v00000229fe8051a0_0 .var/s "w_l1_44", 5 0;
v00000229fe8056a0_0 .var/s "w_l2_11", 5 0;
v00000229fe806050_0 .var/s "w_l2_12", 5 0;
v00000229fe806ff0_0 .var/s "w_l2_21", 5 0;
v00000229fe8060f0_0 .var/s "w_l2_22", 5 0;
v00000229fe807db0_0 .var/s "w_l2_31", 5 0;
v00000229fe806690_0 .var/s "w_l2_32", 5 0;
v00000229fe806410_0 .var/s "w_l2_41", 5 0;
v00000229fe807310_0 .var/s "w_l2_42", 5 0;
v00000229fe8076d0_0 .var/s "w_l3_11", 5 0;
v00000229fe806190_0 .var/s "w_l3_21", 5 0;
v00000229fe808350_0 .var/s "w_l4_11", 5 0;
v00000229fe808490_0 .var/s "w_l5_11", 5 0;
v00000229fe8079f0_0 .var/s "w_l6_11", 5 0;
v00000229fe807e50_0 .var/s "w_l6_12", 5 0;
v00000229fe807630_0 .var/s "w_l7_11", 5 0;
v00000229fe807a90_0 .var/s "w_l7_12", 5 0;
v00000229fe8083f0_0 .var/s "w_l7_13", 5 0;
v00000229fe806870_0 .var/s "w_l7_14", 5 0;
v00000229fe807c70_0 .var/s "w_l7_21", 5 0;
v00000229fe807ef0_0 .var/s "w_l7_22", 5 0;
v00000229fe8062d0_0 .var/s "w_l7_23", 5 0;
v00000229fe807b30_0 .var/s "w_l7_24", 5 0;
v00000229fe806b90_0 .var/s "w_l8_11", 5 0;
v00000229fe806550_0 .var/s "w_l8_12", 5 0;
v00000229fe806910_0 .var/s "w_l8_13", 5 0;
v00000229fe807130_0 .var/s "w_l8_14", 5 0;
v00000229fe806730_0 .var/s "w_l8_21", 5 0;
v00000229fe8078b0_0 .var/s "w_l8_22", 5 0;
v00000229fe8071d0_0 .var/s "w_l8_23", 5 0;
v00000229fe808170_0 .var/s "w_l8_24", 5 0;
v00000229fe808030_0 .var/s "w_l8_31", 5 0;
v00000229fe8067d0_0 .var/s "w_l8_32", 5 0;
v00000229fe808210_0 .var/s "w_l8_33", 5 0;
v00000229fe807f90_0 .var/s "w_l8_34", 5 0;
v00000229fe8069b0_0 .var/s "w_l8_41", 5 0;
v00000229fe807950_0 .var/s "w_l8_42", 5 0;
v00000229fe807bd0_0 .var/s "w_l8_43", 5 0;
v00000229fe807d10_0 .var/s "w_l8_44", 5 0;
v00000229fe808670_0 .var/s "x1", 5 0;
v00000229fe806a50_0 .var/s "x2", 5 0;
v00000229fe806af0_0 .var/s "x3", 5 0;
v00000229fe806c30_0 .var/s "x4", 5 0;
S_00000229fe6dda60 .scope module, "GAN" "GAN_baseline" 2 19, 3 5 0, S_00000229fe77e620;
 .timescale 0 0;
    .port_info 0 /INPUT 6 "x1";
    .port_info 1 /INPUT 6 "x2";
    .port_info 2 /INPUT 6 "x3";
    .port_info 3 /INPUT 6 "x4";
    .port_info 4 /INPUT 6 "w_l1_11";
    .port_info 5 /INPUT 6 "w_l1_12";
    .port_info 6 /INPUT 6 "w_l1_13";
    .port_info 7 /INPUT 6 "w_l1_14";
    .port_info 8 /INPUT 6 "w_l1_21";
    .port_info 9 /INPUT 6 "w_l1_22";
    .port_info 10 /INPUT 6 "w_l1_23";
    .port_info 11 /INPUT 6 "w_l1_24";
    .port_info 12 /INPUT 6 "w_l1_31";
    .port_info 13 /INPUT 6 "w_l1_32";
    .port_info 14 /INPUT 6 "w_l1_33";
    .port_info 15 /INPUT 6 "w_l1_34";
    .port_info 16 /INPUT 6 "w_l1_41";
    .port_info 17 /INPUT 6 "w_l1_42";
    .port_info 18 /INPUT 6 "w_l1_43";
    .port_info 19 /INPUT 6 "w_l1_44";
    .port_info 20 /INPUT 6 "b_l1_1";
    .port_info 21 /INPUT 6 "b_l1_2";
    .port_info 22 /INPUT 6 "b_l1_3";
    .port_info 23 /INPUT 6 "b_l1_4";
    .port_info 24 /INPUT 6 "w_l2_11";
    .port_info 25 /INPUT 6 "w_l2_12";
    .port_info 26 /INPUT 6 "w_l2_21";
    .port_info 27 /INPUT 6 "w_l2_22";
    .port_info 28 /INPUT 6 "w_l2_31";
    .port_info 29 /INPUT 6 "w_l2_32";
    .port_info 30 /INPUT 6 "w_l2_41";
    .port_info 31 /INPUT 6 "w_l2_42";
    .port_info 32 /INPUT 6 "b_l2_1";
    .port_info 33 /INPUT 6 "b_l2_2";
    .port_info 34 /INPUT 6 "w_l3_11";
    .port_info 35 /INPUT 6 "w_l3_21";
    .port_info 36 /INPUT 6 "b_l3_1";
    .port_info 37 /INPUT 6 "w_l4_11";
    .port_info 38 /INPUT 6 "b_l4_1";
    .port_info 39 /INPUT 6 "w_l5_11";
    .port_info 40 /INPUT 6 "b_l5_1";
    .port_info 41 /INPUT 6 "w_l6_11";
    .port_info 42 /INPUT 6 "w_l6_12";
    .port_info 43 /INPUT 6 "b_l6_1";
    .port_info 44 /INPUT 6 "b_l6_2";
    .port_info 45 /INPUT 6 "w_l7_11";
    .port_info 46 /INPUT 6 "w_l7_12";
    .port_info 47 /INPUT 6 "w_l7_13";
    .port_info 48 /INPUT 6 "w_l7_14";
    .port_info 49 /INPUT 6 "w_l7_21";
    .port_info 50 /INPUT 6 "w_l7_22";
    .port_info 51 /INPUT 6 "w_l7_23";
    .port_info 52 /INPUT 6 "w_l7_24";
    .port_info 53 /INPUT 6 "b_l7_1";
    .port_info 54 /INPUT 6 "b_l7_2";
    .port_info 55 /INPUT 6 "b_l7_3";
    .port_info 56 /INPUT 6 "b_l7_4";
    .port_info 57 /INPUT 6 "w_l8_11";
    .port_info 58 /INPUT 6 "w_l8_12";
    .port_info 59 /INPUT 6 "w_l8_13";
    .port_info 60 /INPUT 6 "w_l8_14";
    .port_info 61 /INPUT 6 "w_l8_21";
    .port_info 62 /INPUT 6 "w_l8_22";
    .port_info 63 /INPUT 6 "w_l8_23";
    .port_info 64 /INPUT 6 "w_l8_24";
    .port_info 65 /INPUT 6 "w_l8_31";
    .port_info 66 /INPUT 6 "w_l8_32";
    .port_info 67 /INPUT 6 "w_l8_33";
    .port_info 68 /INPUT 6 "w_l8_34";
    .port_info 69 /INPUT 6 "w_l8_41";
    .port_info 70 /INPUT 6 "w_l8_42";
    .port_info 71 /INPUT 6 "w_l8_43";
    .port_info 72 /INPUT 6 "w_l8_44";
    .port_info 73 /INPUT 6 "b_l8_1";
    .port_info 74 /INPUT 6 "b_l8_2";
    .port_info 75 /INPUT 6 "b_l8_3";
    .port_info 76 /INPUT 6 "b_l8_4";
    .port_info 77 /OUTPUT 32 "f1";
    .port_info 78 /OUTPUT 32 "f2";
    .port_info 79 /OUTPUT 32 "f3";
    .port_info 80 /OUTPUT 32 "f4";
L_00000229fe790ff0 .functor BUFZ 32, L_00000229fe790500, C4<00000000000000000000000000000000>, C4<00000000000000000000000000000000>, C4<00000000000000000000000000000000>;
L_00000229fe790650 .functor BUFZ 32, L_00000229fe790dc0, C4<00000000000000000000000000000000>, C4<00000000000000000000000000000000>, C4<00000000000000000000000000000000>;
L_00000229fe790a40 .functor BUFZ 32, L_00000229fe7901f0, C4<00000000000000000000000000000000>, C4<00000000000000000000000000000000>, C4<00000000000000000000000000000000>;
L_00000229fe790180 .functor BUFZ 32, L_00000229fe7909d0, C4<00000000000000000000000000000000>, C4<00000000000000000000000000000000>, C4<00000000000000000000000000000000>;
v00000229fe801e20_0 .net/s "b_l1_1", 5 0, v00000229fe8043e0_0;  1 drivers
v00000229fe800160_0 .net/s "b_l1_2", 5 0, v00000229fe804480_0;  1 drivers
v00000229fe801560_0 .net/s "b_l1_3", 5 0, v00000229fe804520_0;  1 drivers
v00000229fe801ba0_0 .net/s "b_l1_4", 5 0, v00000229fe804a20_0;  1 drivers
v00000229fe801ce0_0 .net/s "b_l2_1", 5 0, v00000229fe804d40_0;  1 drivers
v00000229fe801d80_0 .net/s "b_l2_2", 5 0, v00000229fe804ac0_0;  1 drivers
v00000229fe8000c0_0 .net/s "b_l3_1", 5 0, v00000229fe804980_0;  1 drivers
v00000229fe800ca0_0 .net/s "b_l4_1", 5 0, v00000229fe805740_0;  1 drivers
v00000229fe8016a0_0 .net/s "b_l5_1", 5 0, v00000229fe805ce0_0;  1 drivers
v00000229fe801c40_0 .net/s "b_l6_1", 5 0, v00000229fe8052e0_0;  1 drivers
v00000229fe800fc0_0 .net/s "b_l6_2", 5 0, v00000229fe8057e0_0;  1 drivers
v00000229fe801ec0_0 .net/s "b_l7_1", 5 0, v00000229fe805a60_0;  1 drivers
v00000229fe800700_0 .net/s "b_l7_2", 5 0, v00000229fe805380_0;  1 drivers
v00000229fe8002a0_0 .net/s "b_l7_3", 5 0, v00000229fe805c40_0;  1 drivers
v00000229fe8007a0_0 .net/s "b_l7_4", 5 0, v00000229fe805d80_0;  1 drivers
v00000229fe800840_0 .net/s "b_l8_1", 5 0, v00000229fe805880_0;  1 drivers
v00000229fe800020_0 .net/s "b_l8_2", 5 0, v00000229fe805920_0;  1 drivers
v00000229fe801740_0 .net/s "b_l8_3", 5 0, v00000229fe805e20_0;  1 drivers
v00000229fe800200_0 .net/s "b_l8_4", 5 0, v00000229fe8059c0_0;  1 drivers
v00000229fe8003e0_0 .net/s "f1", 31 0, L_00000229fe790ff0;  alias, 1 drivers
v00000229fe801420_0 .net/s "f2", 31 0, L_00000229fe790650;  alias, 1 drivers
v00000229fe800ac0_0 .net/s "f3", 31 0, L_00000229fe790a40;  alias, 1 drivers
v00000229fe8012e0_0 .net/s "f4", 31 0, L_00000229fe790180;  alias, 1 drivers
v00000229fe8017e0_0 .net/s "out_neuron_l1_1", 31 0, L_00000229fe7946c0;  1 drivers
v00000229fe800b60_0 .net/s "out_neuron_l1_2", 31 0, L_00000229fe7949d0;  1 drivers
v00000229fe800480_0 .net/s "out_neuron_l1_3", 31 0, L_00000229fe794ab0;  1 drivers
v00000229fe800520_0 .net/s "out_neuron_l1_4", 31 0, L_00000229fe794810;  1 drivers
v00000229fe800de0_0 .net/s "out_neuron_l2_1", 31 0, L_00000229fe7942d0;  1 drivers
v00000229fe801880_0 .net/s "out_neuron_l2_2", 31 0, L_00000229fe794dc0;  1 drivers
v00000229fe8005c0_0 .net/s "out_neuron_l3_1", 31 0, L_00000229fe790c70;  1 drivers
v00000229fe800660_0 .net/s "out_neuron_l4_1", 31 0, L_00000229fe790f10;  1 drivers
v00000229fe8008e0_0 .net/s "out_neuron_l5_1", 31 0, L_00000229fe790ab0;  1 drivers
v00000229fe800a20_0 .net/s "out_neuron_l6_1", 31 0, L_00000229fe790960;  1 drivers
v00000229fe801060_0 .net/s "out_neuron_l6_2", 31 0, L_00000229fe790ce0;  1 drivers
v00000229fe8011a0_0 .net/s "out_neuron_l7_1", 31 0, L_00000229fe790b20;  1 drivers
v00000229fe800d40_0 .net/s "out_neuron_l7_2", 31 0, L_00000229fe7903b0;  1 drivers
v00000229fe800e80_0 .net/s "out_neuron_l7_3", 31 0, L_00000229fe7905e0;  1 drivers
v00000229fe800f20_0 .net/s "out_neuron_l7_4", 31 0, L_00000229fe790110;  1 drivers
v00000229fe801380_0 .net/s "out_neuron_l8_1", 31 0, L_00000229fe790500;  1 drivers
v00000229fe8036c0_0 .net/s "out_neuron_l8_2", 31 0, L_00000229fe790dc0;  1 drivers
v00000229fe802ae0_0 .net/s "out_neuron_l8_3", 31 0, L_00000229fe7901f0;  1 drivers
v00000229fe802540_0 .net/s "out_neuron_l8_4", 31 0, L_00000229fe7909d0;  1 drivers
v00000229fe803a80_0 .net/s "w_l1_11", 5 0, v00000229fe804c00_0;  1 drivers
v00000229fe8025e0_0 .net/s "w_l1_12", 5 0, v00000229fe804840_0;  1 drivers
v00000229fe804020_0 .net/s "w_l1_13", 5 0, v00000229fe805560_0;  1 drivers
v00000229fe8034e0_0 .net/s "w_l1_14", 5 0, v00000229fe804e80_0;  1 drivers
v00000229fe8047a0_0 .net/s "w_l1_21", 5 0, v00000229fe804ca0_0;  1 drivers
v00000229fe8029a0_0 .net/s "w_l1_22", 5 0, v00000229fe805b00_0;  1 drivers
v00000229fe802400_0 .net/s "w_l1_23", 5 0, v00000229fe804de0_0;  1 drivers
v00000229fe802900_0 .net/s "w_l1_24", 5 0, v00000229fe804f20_0;  1 drivers
v00000229fe802b80_0 .net/s "w_l1_31", 5 0, v00000229fe804fc0_0;  1 drivers
v00000229fe8045c0_0 .net/s "w_l1_32", 5 0, v00000229fe805060_0;  1 drivers
v00000229fe802e00_0 .net/s "w_l1_33", 5 0, v00000229fe805240_0;  1 drivers
v00000229fe8020e0_0 .net/s "w_l1_34", 5 0, v00000229fe805ba0_0;  1 drivers
v00000229fe8039e0_0 .net/s "w_l1_41", 5 0, v00000229fe8048e0_0;  1 drivers
v00000229fe802220_0 .net/s "w_l1_42", 5 0, v00000229fe8054c0_0;  1 drivers
v00000229fe804660_0 .net/s "w_l1_43", 5 0, v00000229fe805100_0;  1 drivers
v00000229fe803ee0_0 .net/s "w_l1_44", 5 0, v00000229fe8051a0_0;  1 drivers
v00000229fe8022c0_0 .net/s "w_l2_11", 5 0, v00000229fe8056a0_0;  1 drivers
v00000229fe802860_0 .net/s "w_l2_12", 5 0, v00000229fe806050_0;  1 drivers
v00000229fe8027c0_0 .net/s "w_l2_21", 5 0, v00000229fe806ff0_0;  1 drivers
v00000229fe802a40_0 .net/s "w_l2_22", 5 0, v00000229fe8060f0_0;  1 drivers
v00000229fe803440_0 .net/s "w_l2_31", 5 0, v00000229fe807db0_0;  1 drivers
v00000229fe804700_0 .net/s "w_l2_32", 5 0, v00000229fe806690_0;  1 drivers
v00000229fe803d00_0 .net/s "w_l2_41", 5 0, v00000229fe806410_0;  1 drivers
v00000229fe8038a0_0 .net/s "w_l2_42", 5 0, v00000229fe807310_0;  1 drivers
v00000229fe802040_0 .net/s "w_l3_11", 5 0, v00000229fe8076d0_0;  1 drivers
v00000229fe8024a0_0 .net/s "w_l3_21", 5 0, v00000229fe806190_0;  1 drivers
v00000229fe803580_0 .net/s "w_l4_11", 5 0, v00000229fe808350_0;  1 drivers
v00000229fe802720_0 .net/s "w_l5_11", 5 0, v00000229fe808490_0;  1 drivers
v00000229fe802180_0 .net/s "w_l6_11", 5 0, v00000229fe8079f0_0;  1 drivers
v00000229fe803760_0 .net/s "w_l6_12", 5 0, v00000229fe807e50_0;  1 drivers
v00000229fe802c20_0 .net/s "w_l7_11", 5 0, v00000229fe807630_0;  1 drivers
v00000229fe802680_0 .net/s "w_l7_12", 5 0, v00000229fe807a90_0;  1 drivers
v00000229fe803b20_0 .net/s "w_l7_13", 5 0, v00000229fe8083f0_0;  1 drivers
v00000229fe802360_0 .net/s "w_l7_14", 5 0, v00000229fe806870_0;  1 drivers
v00000229fe802cc0_0 .net/s "w_l7_21", 5 0, v00000229fe807c70_0;  1 drivers
v00000229fe802d60_0 .net/s "w_l7_22", 5 0, v00000229fe807ef0_0;  1 drivers
v00000229fe802ea0_0 .net/s "w_l7_23", 5 0, v00000229fe8062d0_0;  1 drivers
v00000229fe803120_0 .net/s "w_l7_24", 5 0, v00000229fe807b30_0;  1 drivers
v00000229fe803c60_0 .net/s "w_l8_11", 5 0, v00000229fe806b90_0;  1 drivers
v00000229fe802f40_0 .net/s "w_l8_12", 5 0, v00000229fe806550_0;  1 drivers
v00000229fe802fe0_0 .net/s "w_l8_13", 5 0, v00000229fe806910_0;  1 drivers
v00000229fe803620_0 .net/s "w_l8_14", 5 0, v00000229fe807130_0;  1 drivers
v00000229fe803f80_0 .net/s "w_l8_21", 5 0, v00000229fe806730_0;  1 drivers
v00000229fe803080_0 .net/s "w_l8_22", 5 0, v00000229fe8078b0_0;  1 drivers
v00000229fe803800_0 .net/s "w_l8_23", 5 0, v00000229fe8071d0_0;  1 drivers
v00000229fe8031c0_0 .net/s "w_l8_24", 5 0, v00000229fe808170_0;  1 drivers
v00000229fe803260_0 .net/s "w_l8_31", 5 0, v00000229fe808030_0;  1 drivers
v00000229fe803300_0 .net/s "w_l8_32", 5 0, v00000229fe8067d0_0;  1 drivers
v00000229fe803e40_0 .net/s "w_l8_33", 5 0, v00000229fe808210_0;  1 drivers
v00000229fe8033a0_0 .net/s "w_l8_34", 5 0, v00000229fe807f90_0;  1 drivers
v00000229fe803940_0 .net/s "w_l8_41", 5 0, v00000229fe8069b0_0;  1 drivers
v00000229fe8040c0_0 .net/s "w_l8_42", 5 0, v00000229fe807950_0;  1 drivers
v00000229fe803bc0_0 .net/s "w_l8_43", 5 0, v00000229fe807bd0_0;  1 drivers
v00000229fe803da0_0 .net/s "w_l8_44", 5 0, v00000229fe807d10_0;  1 drivers
v00000229fe804160_0 .net/s "x1", 5 0, v00000229fe808670_0;  1 drivers
v00000229fe804200_0 .net/s "x2", 5 0, v00000229fe806a50_0;  1 drivers
v00000229fe8042a0_0 .net/s "x3", 5 0, v00000229fe806af0_0;  1 drivers
v00000229fe804340_0 .net/s "x4", 5 0, v00000229fe806c30_0;  1 drivers
L_00000229fe806370 .extend/s 32, v00000229fe808670_0;
L_00000229fe806e10 .extend/s 32, v00000229fe806a50_0;
L_00000229fe8073b0 .extend/s 32, v00000229fe806af0_0;
L_00000229fe806eb0 .extend/s 32, v00000229fe806c30_0;
L_00000229fe808530 .extend/s 32, v00000229fe804c00_0;
L_00000229fe8085d0 .extend/s 32, v00000229fe804ca0_0;
L_00000229fe8065f0 .extend/s 32, v00000229fe804fc0_0;
L_00000229fe806f50 .extend/s 32, v00000229fe8048e0_0;
L_00000229fe807810 .extend/s 32, v00000229fe8043e0_0;
L_00000229fe809cf0 .extend/s 32, v00000229fe808670_0;
L_00000229fe808850 .extend/s 32, v00000229fe806a50_0;
L_00000229fe809930 .extend/s 32, v00000229fe806af0_0;
L_00000229fe809a70 .extend/s 32, v00000229fe806c30_0;
L_00000229fe8099d0 .extend/s 32, v00000229fe804840_0;
L_00000229fe8097f0 .extend/s 32, v00000229fe805b00_0;
L_00000229fe8088f0 .extend/s 32, v00000229fe805060_0;
L_00000229fe808e90 .extend/s 32, v00000229fe8054c0_0;
L_00000229fe808a30 .extend/s 32, v00000229fe804480_0;
L_00000229fe808fd0 .extend/s 32, v00000229fe808670_0;
L_00000229fe809890 .extend/s 32, v00000229fe806a50_0;
L_00000229fe809430 .extend/s 32, v00000229fe806af0_0;
L_00000229fe809e30 .extend/s 32, v00000229fe806c30_0;
L_00000229fe808ad0 .extend/s 32, v00000229fe805560_0;
L_00000229fe809070 .extend/s 32, v00000229fe804de0_0;
L_00000229fe808b70 .extend/s 32, v00000229fe805240_0;
L_00000229fe808c10 .extend/s 32, v00000229fe805100_0;
L_00000229fe809110 .extend/s 32, v00000229fe804520_0;
L_00000229fe8094d0 .extend/s 32, v00000229fe808670_0;
L_00000229fe80d440 .extend/s 32, v00000229fe806a50_0;
L_00000229fe80cae0 .extend/s 32, v00000229fe806af0_0;
L_00000229fe80d1c0 .extend/s 32, v00000229fe806c30_0;
L_00000229fe80c9a0 .extend/s 32, v00000229fe804e80_0;
L_00000229fe80ccc0 .extend/s 32, v00000229fe804f20_0;
L_00000229fe80cd60 .extend/s 32, v00000229fe805ba0_0;
L_00000229fe80ce00 .extend/s 32, v00000229fe8051a0_0;
L_00000229fe80d3a0 .extend/s 32, v00000229fe804a20_0;
L_00000229fe80d260 .extend/s 32, v00000229fe8056a0_0;
L_00000229fe80d940 .extend/s 32, v00000229fe806ff0_0;
L_00000229fe80c900 .extend/s 32, v00000229fe807db0_0;
L_00000229fe80cea0 .extend/s 32, v00000229fe806410_0;
L_00000229fe80d6c0 .extend/s 32, v00000229fe804d40_0;
L_00000229fe80d080 .extend/s 32, v00000229fe806050_0;
L_00000229fe80d300 .extend/s 32, v00000229fe8060f0_0;
L_00000229fe80d580 .extend/s 32, v00000229fe806690_0;
L_00000229fe80d9e0 .extend/s 32, v00000229fe807310_0;
L_00000229fe80dda0 .extend/s 32, v00000229fe804ac0_0;
L_00000229fe80b500 .extend/s 32, v00000229fe8076d0_0;
L_00000229fe80a6a0 .extend/s 32, v00000229fe806190_0;
L_00000229fe80c220 .extend/s 32, v00000229fe804980_0;
L_00000229fe80b3c0 .extend/s 32, v00000229fe808350_0;
L_00000229fe80b960 .extend/s 32, v00000229fe805740_0;
L_00000229fe80aec0 .extend/s 32, v00000229fe808490_0;
L_00000229fe80a380 .extend/s 32, v00000229fe805ce0_0;
L_00000229fe80b780 .extend/s 32, v00000229fe8079f0_0;
L_00000229fe80a740 .extend/s 32, v00000229fe8052e0_0;
L_00000229fe80ae20 .extend/s 32, v00000229fe807e50_0;
L_00000229fe80b6e0 .extend/s 32, v00000229fe8057e0_0;
L_00000229fe80a420 .extend/s 32, v00000229fe807630_0;
L_00000229fe80c360 .extend/s 32, v00000229fe807c70_0;
L_00000229fe80b820 .extend/s 32, v00000229fe805a60_0;
L_00000229fe80b0a0 .extend/s 32, v00000229fe807a90_0;
L_00000229fe80ba00 .extend/s 32, v00000229fe807ef0_0;
L_00000229fe80a100 .extend/s 32, v00000229fe805380_0;
L_00000229fe80a7e0 .extend/s 32, v00000229fe8083f0_0;
L_00000229fe80b280 .extend/s 32, v00000229fe8062d0_0;
L_00000229fe80aba0 .extend/s 32, v00000229fe805c40_0;
L_00000229fe80a4c0 .extend/s 32, v00000229fe806870_0;
L_00000229fe80bbe0 .extend/s 32, v00000229fe807b30_0;
L_00000229fe80c040 .extend/s 32, v00000229fe805d80_0;
L_00000229fe80bd20 .extend/s 32, v00000229fe806b90_0;
L_00000229fe80c0e0 .extend/s 32, v00000229fe806730_0;
L_00000229fe80bdc0 .extend/s 32, v00000229fe808030_0;
L_00000229fe80ad80 .extend/s 32, v00000229fe8069b0_0;
L_00000229fe80ab00 .extend/s 32, v00000229fe805880_0;
L_00000229fe814450 .extend/s 32, v00000229fe806550_0;
L_00000229fe814c70 .extend/s 32, v00000229fe8078b0_0;
L_00000229fe8144f0 .extend/s 32, v00000229fe8067d0_0;
L_00000229fe815670 .extend/s 32, v00000229fe807950_0;
L_00000229fe8157b0 .extend/s 32, v00000229fe805920_0;
L_00000229fe8167f0 .extend/s 32, v00000229fe806910_0;
L_00000229fe814590 .extend/s 32, v00000229fe8071d0_0;
L_00000229fe816070 .extend/s 32, v00000229fe808210_0;
L_00000229fe815530 .extend/s 32, v00000229fe807bd0_0;
L_00000229fe814090 .extend/s 32, v00000229fe805e20_0;
L_00000229fe815c10 .extend/s 32, v00000229fe807130_0;
L_00000229fe8148b0 .extend/s 32, v00000229fe808170_0;
L_00000229fe816110 .extend/s 32, v00000229fe807f90_0;
L_00000229fe8143b0 .extend/s 32, v00000229fe807d10_0;
L_00000229fe815850 .extend/s 32, v00000229fe8059c0_0;
S_00000229fe6cace0 .scope module, "neuron_l1_1" "neuron_4input_baseline" 3 42, 4 3 0, S_00000229fe6dda60;
 .timescale 0 0;
    .port_info 0 /INPUT 32 "x1";
    .port_info 1 /INPUT 32 "x2";
    .port_info 2 /INPUT 32 "x3";
    .port_info 3 /INPUT 32 "x4";
    .port_info 4 /INPUT 32 "w1";
    .port_info 5 /INPUT 32 "w2";
    .port_info 6 /INPUT 32 "w3";
    .port_info 7 /INPUT 32 "w4";
    .port_info 8 /INPUT 32 "b";
    .port_info 9 /OUTPUT 32 "f";
L_00000229fe7946c0 .functor BUFZ 32, v00000229fe774420_0, C4<00000000000000000000000000000000>, C4<00000000000000000000000000000000>, C4<00000000000000000000000000000000>;
v00000229fe7733e0_0 .net/s "b", 31 0, L_00000229fe807810;  1 drivers
v00000229fe773e80_0 .net/s "f", 31 0, L_00000229fe7946c0;  alias, 1 drivers
v00000229fe773340_0 .net/s "output_before_bias", 31 0, L_00000229fe8064b0;  1 drivers
v00000229fe772da0_0 .net/s "output_bias", 31 0, L_00000229fe806d70;  1 drivers
v00000229fe773ac0_0 .net/s "output_relu", 31 0, v00000229fe774420_0;  1 drivers
v00000229fe773a20_0 .net/s "output_x1x2", 31 0, L_00000229fe8082b0;  1 drivers
v00000229fe773b60_0 .net/s "output_x3x4", 31 0, L_00000229fe8087b0;  1 drivers
v00000229fe774740_0 .net/s "w1", 31 0, L_00000229fe808530;  1 drivers
v00000229fe773480_0 .net/s "w1x1", 31 0, L_00000229fe808710;  1 drivers
v00000229fe773ca0_0 .net/s "w2", 31 0, L_00000229fe8085d0;  1 drivers
v00000229fe773fc0_0 .net/s "w2x2", 31 0, L_00000229fe8080d0;  1 drivers
v00000229fe772d00_0 .net/s "w3", 31 0, L_00000229fe8065f0;  1 drivers
v00000229fe774920_0 .net/s "w3x3", 31 0, L_00000229fe806230;  1 drivers
v00000229fe774a60_0 .net/s "w4", 31 0, L_00000229fe806f50;  1 drivers
v00000229fe7749c0_0 .net/s "w4x4", 31 0, L_00000229fe806cd0;  1 drivers
v00000229fe774ba0_0 .net/s "x1", 31 0, L_00000229fe806370;  1 drivers
v00000229fe7eaca0_0 .net/s "x2", 31 0, L_00000229fe806e10;  1 drivers
v00000229fe7eb4c0_0 .net/s "x3", 31 0, L_00000229fe8073b0;  1 drivers
v00000229fe7eade0_0 .net/s "x4", 31 0, L_00000229fe806eb0;  1 drivers
L_00000229fe808710 .arith/mult 32, L_00000229fe808530, L_00000229fe806370;
L_00000229fe8080d0 .arith/mult 32, L_00000229fe8085d0, L_00000229fe806e10;
L_00000229fe806230 .arith/mult 32, L_00000229fe8065f0, L_00000229fe8073b0;
L_00000229fe806cd0 .arith/mult 32, L_00000229fe806f50, L_00000229fe806eb0;
L_00000229fe8082b0 .arith/sum 32, L_00000229fe808710, L_00000229fe8080d0;
L_00000229fe8087b0 .arith/sum 32, L_00000229fe806230, L_00000229fe806cd0;
L_00000229fe8064b0 .arith/sum 32, L_00000229fe8082b0, L_00000229fe8087b0;
L_00000229fe806d70 .arith/sum 32, L_00000229fe8064b0, L_00000229fe807810;
S_00000229fe6cae70 .scope module, "RELU" "relu_32b4" 4 35, 5 1 0, S_00000229fe6cace0;
 .timescale 0 0;
    .port_info 0 /INPUT 32 "a";
    .port_info 1 /OUTPUT 32 "b";
v00000229fe774380_0 .net/s "a", 31 0, L_00000229fe806d70;  alias, 1 drivers
v00000229fe7732a0_0 .net/s "b", 31 0, v00000229fe774420_0;  alias, 1 drivers
v00000229fe774420_0 .var/s "f", 31 0;
E_00000229fe782ad0 .event anyedge, v00000229fe774380_0;
S_00000229fe6d4c30 .scope module, "neuron_l1_2" "neuron_4input_baseline" 3 47, 4 3 0, S_00000229fe6dda60;
 .timescale 0 0;
    .port_info 0 /INPUT 32 "x1";
    .port_info 1 /INPUT 32 "x2";
    .port_info 2 /INPUT 32 "x3";
    .port_info 3 /INPUT 32 "x4";
    .port_info 4 /INPUT 32 "w1";
    .port_info 5 /INPUT 32 "w2";
    .port_info 6 /INPUT 32 "w3";
    .port_info 7 /INPUT 32 "w4";
    .port_info 8 /INPUT 32 "b";
    .port_info 9 /OUTPUT 32 "f";
L_00000229fe7949d0 .functor BUFZ 32, v00000229fe7eb1a0_0, C4<00000000000000000000000000000000>, C4<00000000000000000000000000000000>, C4<00000000000000000000000000000000>;
v00000229fe7eafc0_0 .net/s "b", 31 0, L_00000229fe808a30;  1 drivers
v00000229fe7eb240_0 .net/s "f", 31 0, L_00000229fe7949d0;  alias, 1 drivers
v00000229fe7eb2e0_0 .net/s "output_before_bias", 31 0, L_00000229fe809750;  1 drivers
v00000229fe7ea980_0 .net/s "output_bias", 31 0, L_00000229fe8096b0;  1 drivers
v00000229fe7eac00_0 .net/s "output_relu", 31 0, v00000229fe7eb1a0_0;  1 drivers
v00000229fe7eb060_0 .net/s "output_x1x2", 31 0, L_00000229fe807590;  1 drivers
v00000229fe7eb920_0 .net/s "output_x3x4", 31 0, L_00000229fe807770;  1 drivers
v00000229fe7ebc40_0 .net/s "w1", 31 0, L_00000229fe8099d0;  1 drivers
v00000229fe7eae80_0 .net/s "w1x1", 31 0, L_00000229fe807090;  1 drivers
v00000229fe7ea020_0 .net/s "w2", 31 0, L_00000229fe8097f0;  1 drivers
v00000229fe7ead40_0 .net/s "w2x2", 31 0, L_00000229fe807270;  1 drivers
v00000229fe7eb600_0 .net/s "w3", 31 0, L_00000229fe8088f0;  1 drivers
v00000229fe7eb740_0 .net/s "w3x3", 31 0, L_00000229fe807450;  1 drivers
v00000229fe7eba60_0 .net/s "w4", 31 0, L_00000229fe808e90;  1 drivers
v00000229fe7ebb00_0 .net/s "w4x4", 31 0, L_00000229fe8074f0;  1 drivers
v00000229fe7ea520_0 .net/s "x1", 31 0, L_00000229fe809cf0;  1 drivers
v00000229fe7ea8e0_0 .net/s "x2", 31 0, L_00000229fe808850;  1 drivers
v00000229fe7ebce0_0 .net/s "x3", 31 0, L_00000229fe809930;  1 drivers
v00000229fe7eaa20_0 .net/s "x4", 31 0, L_00000229fe809a70;  1 drivers
L_00000229fe807090 .arith/mult 32, L_00000229fe8099d0, L_00000229fe809cf0;
L_00000229fe807270 .arith/mult 32, L_00000229fe8097f0, L_00000229fe808850;
L_00000229fe807450 .arith/mult 32, L_00000229fe8088f0, L_00000229fe809930;
L_00000229fe8074f0 .arith/mult 32, L_00000229fe808e90, L_00000229fe809a70;
L_00000229fe807590 .arith/sum 32, L_00000229fe807090, L_00000229fe807270;
L_00000229fe807770 .arith/sum 32, L_00000229fe807450, L_00000229fe8074f0;
L_00000229fe809750 .arith/sum 32, L_00000229fe807590, L_00000229fe807770;
L_00000229fe8096b0 .arith/sum 32, L_00000229fe809750, L_00000229fe808a30;
S_00000229fe6d4dc0 .scope module, "RELU" "relu_32b4" 4 35, 5 1 0, S_00000229fe6d4c30;
 .timescale 0 0;
    .port_info 0 /INPUT 32 "a";
    .port_info 1 /OUTPUT 32 "b";
v00000229fe7ebba0_0 .net/s "a", 31 0, L_00000229fe8096b0;  alias, 1 drivers
v00000229fe7eb420_0 .net/s "b", 31 0, v00000229fe7eb1a0_0;  alias, 1 drivers
v00000229fe7eb1a0_0 .var/s "f", 31 0;
E_00000229fe7821d0 .event anyedge, v00000229fe7ebba0_0;
S_00000229fe6c61d0 .scope module, "neuron_l1_3" "neuron_4input_baseline" 3 52, 4 3 0, S_00000229fe6dda60;
 .timescale 0 0;
    .port_info 0 /INPUT 32 "x1";
    .port_info 1 /INPUT 32 "x2";
    .port_info 2 /INPUT 32 "x3";
    .port_info 3 /INPUT 32 "x4";
    .port_info 4 /INPUT 32 "w1";
    .port_info 5 /INPUT 32 "w2";
    .port_info 6 /INPUT 32 "w3";
    .port_info 7 /INPUT 32 "w4";
    .port_info 8 /INPUT 32 "b";
    .port_info 9 /OUTPUT 32 "f";
L_00000229fe794ab0 .functor BUFZ 32, v00000229fe7eaf20_0, C4<00000000000000000000000000000000>, C4<00000000000000000000000000000000>, C4<00000000000000000000000000000000>;
v00000229fe7eb6a0_0 .net/s "b", 31 0, L_00000229fe809110;  1 drivers
v00000229fe7ea0c0_0 .net/s "f", 31 0, L_00000229fe794ab0;  alias, 1 drivers
v00000229fe7eb100_0 .net/s "output_before_bias", 31 0, L_00000229fe809bb0;  1 drivers
v00000229fe7eb7e0_0 .net/s "output_bias", 31 0, L_00000229fe809c50;  1 drivers
v00000229fe7eb880_0 .net/s "output_relu", 31 0, v00000229fe7eaf20_0;  1 drivers
v00000229fe7eb9c0_0 .net/s "output_x1x2", 31 0, L_00000229fe809b10;  1 drivers
v00000229fe7ea660_0 .net/s "output_x3x4", 31 0, L_00000229fe808f30;  1 drivers
v00000229fe7eaac0_0 .net/s "w1", 31 0, L_00000229fe808ad0;  1 drivers
v00000229fe7ebd80_0 .net/s "w1x1", 31 0, L_00000229fe8091b0;  1 drivers
v00000229fe7e9f80_0 .net/s "w2", 31 0, L_00000229fe809070;  1 drivers
v00000229fe7eb380_0 .net/s "w2x2", 31 0, L_00000229fe809d90;  1 drivers
v00000229fe7ea200_0 .net/s "w3", 31 0, L_00000229fe808b70;  1 drivers
v00000229fe7eb560_0 .net/s "w3x3", 31 0, L_00000229fe808990;  1 drivers
v00000229fe7ea160_0 .net/s "w4", 31 0, L_00000229fe808c10;  1 drivers
v00000229fe7ea2a0_0 .net/s "w4x4", 31 0, L_00000229fe809ed0;  1 drivers
v00000229fe7ea3e0_0 .net/s "x1", 31 0, L_00000229fe808fd0;  1 drivers
v00000229fe7ea480_0 .net/s "x2", 31 0, L_00000229fe809890;  1 drivers
v00000229fe7ea5c0_0 .net/s "x3", 31 0, L_00000229fe809430;  1 drivers
v00000229fe7ea700_0 .net/s "x4", 31 0, L_00000229fe809e30;  1 drivers
L_00000229fe8091b0 .arith/mult 32, L_00000229fe808ad0, L_00000229fe808fd0;
L_00000229fe809d90 .arith/mult 32, L_00000229fe809070, L_00000229fe809890;
L_00000229fe808990 .arith/mult 32, L_00000229fe808b70, L_00000229fe809430;
L_00000229fe809ed0 .arith/mult 32, L_00000229fe808c10, L_00000229fe809e30;
L_00000229fe809b10 .arith/sum 32, L_00000229fe8091b0, L_00000229fe809d90;
L_00000229fe808f30 .arith/sum 32, L_00000229fe808990, L_00000229fe809ed0;
L_00000229fe809bb0 .arith/sum 32, L_00000229fe809b10, L_00000229fe808f30;
L_00000229fe809c50 .arith/sum 32, L_00000229fe809bb0, L_00000229fe809110;
S_00000229fe6c6360 .scope module, "RELU" "relu_32b4" 4 35, 5 1 0, S_00000229fe6c61d0;
 .timescale 0 0;
    .port_info 0 /INPUT 32 "a";
    .port_info 1 /OUTPUT 32 "b";
v00000229fe7ea340_0 .net/s "a", 31 0, L_00000229fe809c50;  alias, 1 drivers
v00000229fe7ebe20_0 .net/s "b", 31 0, v00000229fe7eaf20_0;  alias, 1 drivers
v00000229fe7eaf20_0 .var/s "f", 31 0;
E_00000229fe782d10 .event anyedge, v00000229fe7ea340_0;
S_00000229fe6cda90 .scope module, "neuron_l1_4" "neuron_4input_baseline" 3 57, 4 3 0, S_00000229fe6dda60;
 .timescale 0 0;
    .port_info 0 /INPUT 32 "x1";
    .port_info 1 /INPUT 32 "x2";
    .port_info 2 /INPUT 32 "x3";
    .port_info 3 /INPUT 32 "x4";
    .port_info 4 /INPUT 32 "w1";
    .port_info 5 /INPUT 32 "w2";
    .port_info 6 /INPUT 32 "w3";
    .port_info 7 /INPUT 32 "w4";
    .port_info 8 /INPUT 32 "b";
    .port_info 9 /OUTPUT 32 "f";
L_00000229fe794810 .functor BUFZ 32, v00000229fe7eab60_0, C4<00000000000000000000000000000000>, C4<00000000000000000000000000000000>, C4<00000000000000000000000000000000>;
v00000229fe7eeae0_0 .net/s "b", 31 0, L_00000229fe80d3a0;  1 drivers
v00000229fe7efda0_0 .net/s "f", 31 0, L_00000229fe794810;  alias, 1 drivers
v00000229fe7efb20_0 .net/s "output_before_bias", 31 0, L_00000229fe809570;  1 drivers
v00000229fe7ee0e0_0 .net/s "output_bias", 31 0, L_00000229fe809390;  1 drivers
v00000229fe7ef440_0 .net/s "output_relu", 31 0, v00000229fe7eab60_0;  1 drivers
v00000229fe7efc60_0 .net/s "output_x1x2", 31 0, L_00000229fe809250;  1 drivers
v00000229fe7eeea0_0 .net/s "output_x3x4", 31 0, L_00000229fe8092f0;  1 drivers
v00000229fe7ef300_0 .net/s "w1", 31 0, L_00000229fe80c9a0;  1 drivers
v00000229fe7ef9e0_0 .net/s "w1x1", 31 0, L_00000229fe808cb0;  1 drivers
v00000229fe7ef620_0 .net/s "w2", 31 0, L_00000229fe80ccc0;  1 drivers
v00000229fe7ef760_0 .net/s "w2x2", 31 0, L_00000229fe808d50;  1 drivers
v00000229fe7efa80_0 .net/s "w3", 31 0, L_00000229fe80cd60;  1 drivers
v00000229fe7efbc0_0 .net/s "w3x3", 31 0, L_00000229fe808df0;  1 drivers
v00000229fe7ee540_0 .net/s "w4", 31 0, L_00000229fe80ce00;  1 drivers
v00000229fe7ee900_0 .net/s "w4x4", 31 0, L_00000229fe809610;  1 drivers
v00000229fe7ee4a0_0 .net/s "x1", 31 0, L_00000229fe8094d0;  1 drivers
v00000229fe7ee5e0_0 .net/s "x2", 31 0, L_00000229fe80d440;  1 drivers
v00000229fe7ef260_0 .net/s "x3", 31 0, L_00000229fe80cae0;  1 drivers
v00000229fe7ef6c0_0 .net/s "x4", 31 0, L_00000229fe80d1c0;  1 drivers
L_00000229fe808cb0 .arith/mult 32, L_00000229fe80c9a0, L_00000229fe8094d0;
L_00000229fe808d50 .arith/mult 32, L_00000229fe80ccc0, L_00000229fe80d440;
L_00000229fe808df0 .arith/mult 32, L_00000229fe80cd60, L_00000229fe80cae0;
L_00000229fe809610 .arith/mult 32, L_00000229fe80ce00, L_00000229fe80d1c0;
L_00000229fe809250 .arith/sum 32, L_00000229fe808cb0, L_00000229fe808d50;
L_00000229fe8092f0 .arith/sum 32, L_00000229fe808df0, L_00000229fe809610;
L_00000229fe809570 .arith/sum 32, L_00000229fe809250, L_00000229fe8092f0;
L_00000229fe809390 .arith/sum 32, L_00000229fe809570, L_00000229fe80d3a0;
S_00000229fe6cdc20 .scope module, "RELU" "relu_32b4" 4 35, 5 1 0, S_00000229fe6cda90;
 .timescale 0 0;
    .port_info 0 /INPUT 32 "a";
    .port_info 1 /OUTPUT 32 "b";
v00000229fe7ea7a0_0 .net/s "a", 31 0, L_00000229fe809390;  alias, 1 drivers
v00000229fe7ea840_0 .net/s "b", 31 0, v00000229fe7eab60_0;  alias, 1 drivers
v00000229fe7eab60_0 .var/s "f", 31 0;
E_00000229fe7823d0 .event anyedge, v00000229fe7ea7a0_0;
S_00000229fe6f6080 .scope module, "neuron_l2_1" "neuron_4input_baseline" 3 63, 4 3 0, S_00000229fe6dda60;
 .timescale 0 0;
    .port_info 0 /INPUT 32 "x1";
    .port_info 1 /INPUT 32 "x2";
    .port_info 2 /INPUT 32 "x3";
    .port_info 3 /INPUT 32 "x4";
    .port_info 4 /INPUT 32 "w1";
    .port_info 5 /INPUT 32 "w2";
    .port_info 6 /INPUT 32 "w3";
    .port_info 7 /INPUT 32 "w4";
    .port_info 8 /INPUT 32 "b";
    .port_info 9 /OUTPUT 32 "f";
L_00000229fe7942d0 .functor BUFZ 32, v00000229fe7efe40_0, C4<00000000000000000000000000000000>, C4<00000000000000000000000000000000>, C4<00000000000000000000000000000000>;
v00000229fe7ef800_0 .net/s "b", 31 0, L_00000229fe80d6c0;  1 drivers
v00000229fe7ef3a0_0 .net/s "f", 31 0, L_00000229fe7942d0;  alias, 1 drivers
v00000229fe7eef40_0 .net/s "output_before_bias", 31 0, L_00000229fe80c860;  1 drivers
v00000229fe7ef1c0_0 .net/s "output_bias", 31 0, L_00000229fe80dee0;  1 drivers
v00000229fe7ee180_0 .net/s "output_relu", 31 0, v00000229fe7efe40_0;  1 drivers
v00000229fe7eefe0_0 .net/s "output_x1x2", 31 0, L_00000229fe80dd00;  1 drivers
v00000229fe7ee680_0 .net/s "output_x3x4", 31 0, L_00000229fe80cf40;  1 drivers
v00000229fe7ef4e0_0 .net/s "w1", 31 0, L_00000229fe80d260;  1 drivers
v00000229fe7ef080_0 .net/s "w1x1", 31 0, L_00000229fe80de40;  1 drivers
v00000229fe7ef8a0_0 .net/s "w2", 31 0, L_00000229fe80d940;  1 drivers
v00000229fe7ef940_0 .net/s "w2x2", 31 0, L_00000229fe80cc20;  1 drivers
v00000229fe7edfa0_0 .net/s "w3", 31 0, L_00000229fe80c900;  1 drivers
v00000229fe7ee040_0 .net/s "w3x3", 31 0, L_00000229fe80d620;  1 drivers
v00000229fe7ee9a0_0 .net/s "w4", 31 0, L_00000229fe80cea0;  1 drivers
v00000229fe7ee360_0 .net/s "w4x4", 31 0, L_00000229fe80cb80;  1 drivers
v00000229fe7eed60_0 .net/s "x1", 31 0, L_00000229fe7946c0;  alias, 1 drivers
v00000229fe7ee220_0 .net/s "x2", 31 0, L_00000229fe7949d0;  alias, 1 drivers
v00000229fe7ee2c0_0 .net/s "x3", 31 0, L_00000229fe794ab0;  alias, 1 drivers
v00000229fe7ee400_0 .net/s "x4", 31 0, L_00000229fe794810;  alias, 1 drivers
L_00000229fe80de40 .arith/mult 32, L_00000229fe80d260, L_00000229fe7946c0;
L_00000229fe80cc20 .arith/mult 32, L_00000229fe80d940, L_00000229fe7949d0;
L_00000229fe80d620 .arith/mult 32, L_00000229fe80c900, L_00000229fe794ab0;
L_00000229fe80cb80 .arith/mult 32, L_00000229fe80cea0, L_00000229fe794810;
L_00000229fe80dd00 .arith/sum 32, L_00000229fe80de40, L_00000229fe80cc20;
L_00000229fe80cf40 .arith/sum 32, L_00000229fe80d620, L_00000229fe80cb80;
L_00000229fe80c860 .arith/sum 32, L_00000229fe80dd00, L_00000229fe80cf40;
L_00000229fe80dee0 .arith/sum 32, L_00000229fe80c860, L_00000229fe80d6c0;
S_00000229fe6f6210 .scope module, "RELU" "relu_32b4" 4 35, 5 1 0, S_00000229fe6f6080;
 .timescale 0 0;
    .port_info 0 /INPUT 32 "a";
    .port_info 1 /OUTPUT 32 "b";
v00000229fe7efd00_0 .net/s "a", 31 0, L_00000229fe80dee0;  alias, 1 drivers
v00000229fe7ef580_0 .net/s "b", 31 0, v00000229fe7efe40_0;  alias, 1 drivers
v00000229fe7efe40_0 .var/s "f", 31 0;
E_00000229fe782290 .event anyedge, v00000229fe7efd00_0;
S_00000229fe6d8160 .scope module, "neuron_l2_2" "neuron_4input_baseline" 3 68, 4 3 0, S_00000229fe6dda60;
 .timescale 0 0;
    .port_info 0 /INPUT 32 "x1";
    .port_info 1 /INPUT 32 "x2";
    .port_info 2 /INPUT 32 "x3";
    .port_info 3 /INPUT 32 "x4";
    .port_info 4 /INPUT 32 "w1";
    .port_info 5 /INPUT 32 "w2";
    .port_info 6 /INPUT 32 "w3";
    .port_info 7 /INPUT 32 "w4";
    .port_info 8 /INPUT 32 "b";
    .port_info 9 /OUTPUT 32 "f";
L_00000229fe794dc0 .functor BUFZ 32, v00000229fe7eec20_0, C4<00000000000000000000000000000000>, C4<00000000000000000000000000000000>, C4<00000000000000000000000000000000>;
v00000229fe7ee7c0_0 .net/s "b", 31 0, L_00000229fe80dda0;  1 drivers
v00000229fe7ee860_0 .net/s "f", 31 0, L_00000229fe794dc0;  alias, 1 drivers
v00000229fe7eea40_0 .net/s "output_before_bias", 31 0, L_00000229fe80d760;  1 drivers
v00000229fe7eecc0_0 .net/s "output_bias", 31 0, L_00000229fe80ca40;  1 drivers
v00000229fe7eee00_0 .net/s "output_relu", 31 0, v00000229fe7eec20_0;  1 drivers
v00000229fe7ef120_0 .net/s "output_x1x2", 31 0, L_00000229fe80db20;  1 drivers
v00000229fe7f2a60_0 .net/s "output_x3x4", 31 0, L_00000229fe80cfe0;  1 drivers
v00000229fe7f3a00_0 .net/s "w1", 31 0, L_00000229fe80d080;  1 drivers
v00000229fe7f3b40_0 .net/s "w1x1", 31 0, L_00000229fe80dbc0;  1 drivers
v00000229fe7f2100_0 .net/s "w2", 31 0, L_00000229fe80d300;  1 drivers
v00000229fe7f3460_0 .net/s "w2x2", 31 0, L_00000229fe80d120;  1 drivers
v00000229fe7f3d20_0 .net/s "w3", 31 0, L_00000229fe80d580;  1 drivers
v00000229fe7f2560_0 .net/s "w3x3", 31 0, L_00000229fe80da80;  1 drivers
v00000229fe7f24c0_0 .net/s "w4", 31 0, L_00000229fe80d9e0;  1 drivers
v00000229fe7f2880_0 .net/s "w4x4", 31 0, L_00000229fe80d4e0;  1 drivers
v00000229fe7f3dc0_0 .net/s "x1", 31 0, L_00000229fe7946c0;  alias, 1 drivers
v00000229fe7f2380_0 .net/s "x2", 31 0, L_00000229fe7949d0;  alias, 1 drivers
v00000229fe7f36e0_0 .net/s "x3", 31 0, L_00000229fe794ab0;  alias, 1 drivers
v00000229fe7f2420_0 .net/s "x4", 31 0, L_00000229fe794810;  alias, 1 drivers
L_00000229fe80dbc0 .arith/mult 32, L_00000229fe80d080, L_00000229fe7946c0;
L_00000229fe80d120 .arith/mult 32, L_00000229fe80d300, L_00000229fe7949d0;
L_00000229fe80da80 .arith/mult 32, L_00000229fe80d580, L_00000229fe794ab0;
L_00000229fe80d4e0 .arith/mult 32, L_00000229fe80d9e0, L_00000229fe794810;
L_00000229fe80db20 .arith/sum 32, L_00000229fe80dbc0, L_00000229fe80d120;
L_00000229fe80cfe0 .arith/sum 32, L_00000229fe80da80, L_00000229fe80d4e0;
L_00000229fe80d760 .arith/sum 32, L_00000229fe80db20, L_00000229fe80cfe0;
L_00000229fe80ca40 .arith/sum 32, L_00000229fe80d760, L_00000229fe80dda0;
S_00000229fe6d82f0 .scope module, "RELU" "relu_32b4" 4 35, 5 1 0, S_00000229fe6d8160;
 .timescale 0 0;
    .port_info 0 /INPUT 32 "a";
    .port_info 1 /OUTPUT 32 "b";
v00000229fe7ee720_0 .net/s "a", 31 0, L_00000229fe80ca40;  alias, 1 drivers
v00000229fe7eeb80_0 .net/s "b", 31 0, v00000229fe7eec20_0;  alias, 1 drivers
v00000229fe7eec20_0 .var/s "f", 31 0;
E_00000229fe782490 .event anyedge, v00000229fe7ee720_0;
S_00000229fe676b90 .scope module, "neuron_l3_1" "neuron_2input_baseline" 3 74, 6 3 0, S_00000229fe6dda60;
 .timescale 0 0;
    .port_info 0 /INPUT 32 "x1";
    .port_info 1 /INPUT 32 "x2";
    .port_info 2 /INPUT 32 "w1";
    .port_info 3 /INPUT 32 "w2";
    .port_info 4 /INPUT 32 "b";
    .port_info 5 /OUTPUT 32 "f";
L_00000229fe790c70 .functor BUFZ 32, v00000229fe7f2600_0, C4<00000000000000000000000000000000>, C4<00000000000000000000000000000000>, C4<00000000000000000000000000000000>;
v00000229fe7f3be0_0 .net/s "b", 31 0, L_00000229fe80c220;  1 drivers
v00000229fe7f26a0_0 .net/s "f", 31 0, L_00000229fe790c70;  alias, 1 drivers
v00000229fe7f2920_0 .net/s "output_before_bias", 31 0, L_00000229fe80d8a0;  1 drivers
v00000229fe7f2b00_0 .net/s "output_bias", 31 0, L_00000229fe80b140;  1 drivers
v00000229fe7f1fc0_0 .net/s "output_relu", 31 0, v00000229fe7f2600_0;  1 drivers
v00000229fe7f3320_0 .net/s "w1", 31 0, L_00000229fe80b500;  1 drivers
v00000229fe7f3e60_0 .net/s "w1x1", 31 0, L_00000229fe80d800;  1 drivers
v00000229fe7f2740_0 .net/s "w2", 31 0, L_00000229fe80a6a0;  1 drivers
v00000229fe7f3000_0 .net/s "w2x2", 31 0, L_00000229fe80dc60;  1 drivers
v00000229fe7f3c80_0 .net/s "x1", 31 0, L_00000229fe7942d0;  alias, 1 drivers
v00000229fe7f2ba0_0 .net/s "x2", 31 0, L_00000229fe794dc0;  alias, 1 drivers
L_00000229fe80d800 .arith/mult 32, L_00000229fe80b500, L_00000229fe7942d0;
L_00000229fe80dc60 .arith/mult 32, L_00000229fe80a6a0, L_00000229fe794dc0;
L_00000229fe80d8a0 .arith/sum 32, L_00000229fe80d800, L_00000229fe80dc60;
L_00000229fe80b140 .arith/sum 32, L_00000229fe80d8a0, L_00000229fe80c220;
S_00000229fe676d20 .scope module, "RELU" "relu_32b2" 6 26, 7 1 0, S_00000229fe676b90;
 .timescale 0 0;
    .port_info 0 /INPUT 32 "a";
    .port_info 1 /OUTPUT 32 "b";
v00000229fe7f29c0_0 .net/s "a", 31 0, L_00000229fe80b140;  alias, 1 drivers
v00000229fe7f21a0_0 .net/s "b", 31 0, v00000229fe7f2600_0;  alias, 1 drivers
v00000229fe7f2600_0 .var/s "f", 31 0;
E_00000229fe7829d0 .event anyedge, v00000229fe7f29c0_0;
S_00000229fe676eb0 .scope module, "neuron_l4_1" "neuron_1input_baseline" 3 80, 8 3 0, S_00000229fe6dda60;
 .timescale 0 0;
    .port_info 0 /INPUT 32 "x1";
    .port_info 1 /INPUT 32 "w1";
    .port_info 2 /INPUT 32 "b";
    .port_info 3 /OUTPUT 32 "f";
L_00000229fe790f10 .functor BUFZ 32, v00000229fe7f2e20_0, C4<00000000000000000000000000000000>, C4<00000000000000000000000000000000>, C4<00000000000000000000000000000000>;
v00000229fe7f22e0_0 .net/s "b", 31 0, L_00000229fe80b960;  1 drivers
v00000229fe7f2240_0 .net/s "f", 31 0, L_00000229fe790f10;  alias, 1 drivers
v00000229fe7f30a0_0 .net/s "output_bias", 31 0, L_00000229fe80a1a0;  1 drivers
v00000229fe7f3140_0 .net/s "output_relu", 31 0, v00000229fe7f2e20_0;  1 drivers
v00000229fe7f27e0_0 .net/s "w1", 31 0, L_00000229fe80b3c0;  1 drivers
v00000229fe7f2ce0_0 .net/s "w1x1", 31 0, L_00000229fe80be60;  1 drivers
v00000229fe7f2d80_0 .net/s "x1", 31 0, L_00000229fe790c70;  alias, 1 drivers
L_00000229fe80be60 .arith/mult 32, L_00000229fe80b3c0, L_00000229fe790c70;
L_00000229fe80a1a0 .arith/sum 32, L_00000229fe80be60, L_00000229fe80b960;
S_00000229fe762ca0 .scope module, "RELU" "relu_32b1" 8 21, 9 1 0, S_00000229fe676eb0;
 .timescale 0 0;
    .port_info 0 /INPUT 32 "a";
    .port_info 1 /OUTPUT 32 "b";
v00000229fe7f3500_0 .net/s "a", 31 0, L_00000229fe80a1a0;  alias, 1 drivers
v00000229fe7f2c40_0 .net/s "b", 31 0, v00000229fe7f2e20_0;  alias, 1 drivers
v00000229fe7f2e20_0 .var/s "f", 31 0;
E_00000229fe7826d0 .event anyedge, v00000229fe7f3500_0;
S_00000229fe762e30 .scope module, "neuron_l5_1" "neuron_1input_baseline" 3 86, 8 3 0, S_00000229fe6dda60;
 .timescale 0 0;
    .port_info 0 /INPUT 32 "x1";
    .port_info 1 /INPUT 32 "w1";
    .port_info 2 /INPUT 32 "b";
    .port_info 3 /OUTPUT 32 "f";
L_00000229fe790ab0 .functor BUFZ 32, v00000229fe7f2f60_0, C4<00000000000000000000000000000000>, C4<00000000000000000000000000000000>, C4<00000000000000000000000000000000>;
v00000229fe7f31e0_0 .net/s "b", 31 0, L_00000229fe80a380;  1 drivers
v00000229fe7f3280_0 .net/s "f", 31 0, L_00000229fe790ab0;  alias, 1 drivers
v00000229fe7f3aa0_0 .net/s "output_bias", 31 0, L_00000229fe80b460;  1 drivers
v00000229fe7f33c0_0 .net/s "output_relu", 31 0, v00000229fe7f2f60_0;  1 drivers
v00000229fe7f3780_0 .net/s "w1", 31 0, L_00000229fe80aec0;  1 drivers
v00000229fe7f35a0_0 .net/s "w1x1", 31 0, L_00000229fe80c2c0;  1 drivers
v00000229fe7f3640_0 .net/s "x1", 31 0, L_00000229fe790f10;  alias, 1 drivers
L_00000229fe80c2c0 .arith/mult 32, L_00000229fe80aec0, L_00000229fe790f10;
L_00000229fe80b460 .arith/sum 32, L_00000229fe80c2c0, L_00000229fe80a380;
S_00000229fe763600 .scope module, "RELU" "relu_32b1" 8 21, 9 1 0, S_00000229fe762e30;
 .timescale 0 0;
    .port_info 0 /INPUT 32 "a";
    .port_info 1 /OUTPUT 32 "b";
v00000229fe7f2060_0 .net/s "a", 31 0, L_00000229fe80b460;  alias, 1 drivers
v00000229fe7f2ec0_0 .net/s "b", 31 0, v00000229fe7f2f60_0;  alias, 1 drivers
v00000229fe7f2f60_0 .var/s "f", 31 0;
E_00000229fe783850 .event anyedge, v00000229fe7f2060_0;
S_00000229fe763790 .scope module, "neuron_l6_1" "neuron_1input_baseline" 3 92, 8 3 0, S_00000229fe6dda60;
 .timescale 0 0;
    .port_info 0 /INPUT 32 "x1";
    .port_info 1 /INPUT 32 "w1";
    .port_info 2 /INPUT 32 "b";
    .port_info 3 /OUTPUT 32 "f";
L_00000229fe790960 .functor BUFZ 32, v00000229fe7f3960_0, C4<00000000000000000000000000000000>, C4<00000000000000000000000000000000>, C4<00000000000000000000000000000000>;
v00000229fe7f8580_0 .net/s "b", 31 0, L_00000229fe80a740;  1 drivers
v00000229fe7f9c00_0 .net/s "f", 31 0, L_00000229fe790960;  alias, 1 drivers
v00000229fe7f9ac0_0 .net/s "output_bias", 31 0, L_00000229fe80a2e0;  1 drivers
v00000229fe7f9d40_0 .net/s "output_relu", 31 0, v00000229fe7f3960_0;  1 drivers
v00000229fe7f8620_0 .net/s "w1", 31 0, L_00000229fe80b780;  1 drivers
v00000229fe7f9340_0 .net/s "w1x1", 31 0, L_00000229fe80a920;  1 drivers
v00000229fe7f9a20_0 .net/s "x1", 31 0, L_00000229fe790ab0;  alias, 1 drivers
L_00000229fe80a920 .arith/mult 32, L_00000229fe80b780, L_00000229fe790ab0;
L_00000229fe80a2e0 .arith/sum 32, L_00000229fe80a920, L_00000229fe80a740;
S_00000229fe763150 .scope module, "RELU" "relu_32b1" 8 21, 9 1 0, S_00000229fe763790;
 .timescale 0 0;
    .port_info 0 /INPUT 32 "a";
    .port_info 1 /OUTPUT 32 "b";
v00000229fe7f3820_0 .net/s "a", 31 0, L_00000229fe80a2e0;  alias, 1 drivers
v00000229fe7f38c0_0 .net/s "b", 31 0, v00000229fe7f3960_0;  alias, 1 drivers
v00000229fe7f3960_0 .var/s "f", 31 0;
E_00000229fe783b10 .event anyedge, v00000229fe7f3820_0;
S_00000229fe762fc0 .scope module, "neuron_l6_2" "neuron_1input_baseline" 3 97, 8 3 0, S_00000229fe6dda60;
 .timescale 0 0;
    .port_info 0 /INPUT 32 "x1";
    .port_info 1 /INPUT 32 "w1";
    .port_info 2 /INPUT 32 "b";
    .port_info 3 /OUTPUT 32 "f";
L_00000229fe790ce0 .functor BUFZ 32, v00000229fe7f86c0_0, C4<00000000000000000000000000000000>, C4<00000000000000000000000000000000>, C4<00000000000000000000000000000000>;
v00000229fe7f7fe0_0 .net/s "b", 31 0, L_00000229fe80b6e0;  1 drivers
v00000229fe7f9e80_0 .net/s "f", 31 0, L_00000229fe790ce0;  alias, 1 drivers
v00000229fe7f95c0_0 .net/s "output_bias", 31 0, L_00000229fe80b1e0;  1 drivers
v00000229fe7f9840_0 .net/s "output_relu", 31 0, v00000229fe7f86c0_0;  1 drivers
v00000229fe7f8300_0 .net/s "w1", 31 0, L_00000229fe80ae20;  1 drivers
v00000229fe7f8080_0 .net/s "w1x1", 31 0, L_00000229fe80b5a0;  1 drivers
v00000229fe7f9ca0_0 .net/s "x1", 31 0, L_00000229fe790ab0;  alias, 1 drivers
L_00000229fe80b5a0 .arith/mult 32, L_00000229fe80ae20, L_00000229fe790ab0;
L_00000229fe80b1e0 .arith/sum 32, L_00000229fe80b5a0, L_00000229fe80b6e0;
S_00000229fe763470 .scope module, "RELU" "relu_32b1" 8 21, 9 1 0, S_00000229fe762fc0;
 .timescale 0 0;
    .port_info 0 /INPUT 32 "a";
    .port_info 1 /OUTPUT 32 "b";
v00000229fe7f8260_0 .net/s "a", 31 0, L_00000229fe80b1e0;  alias, 1 drivers
v00000229fe7f9b60_0 .net/s "b", 31 0, v00000229fe7f86c0_0;  alias, 1 drivers
v00000229fe7f86c0_0 .var/s "f", 31 0;
E_00000229fe783510 .event anyedge, v00000229fe7f8260_0;
S_00000229fe7632e0 .scope module, "neuron_l7_1" "neuron_2input_baseline" 3 103, 6 3 0, S_00000229fe6dda60;
 .timescale 0 0;
    .port_info 0 /INPUT 32 "x1";
    .port_info 1 /INPUT 32 "x2";
    .port_info 2 /INPUT 32 "w1";
    .port_info 3 /INPUT 32 "w2";
    .port_info 4 /INPUT 32 "b";
    .port_info 5 /OUTPUT 32 "f";
L_00000229fe790b20 .functor BUFZ 32, v00000229fe7f8760_0, C4<00000000000000000000000000000000>, C4<00000000000000000000000000000000>, C4<00000000000000000000000000000000>;
v00000229fe7f97a0_0 .net/s "b", 31 0, L_00000229fe80b820;  1 drivers
v00000229fe7f8bc0_0 .net/s "f", 31 0, L_00000229fe790b20;  alias, 1 drivers
v00000229fe7f8120_0 .net/s "output_before_bias", 31 0, L_00000229fe80ace0;  1 drivers
v00000229fe7f8940_0 .net/s "output_bias", 31 0, L_00000229fe80c5e0;  1 drivers
v00000229fe7f8b20_0 .net/s "output_relu", 31 0, v00000229fe7f8760_0;  1 drivers
v00000229fe7f9660_0 .net/s "w1", 31 0, L_00000229fe80a420;  1 drivers
v00000229fe7f81c0_0 .net/s "w1x1", 31 0, L_00000229fe80bfa0;  1 drivers
v00000229fe7f9700_0 .net/s "w2", 31 0, L_00000229fe80c360;  1 drivers
v00000229fe7f8e40_0 .net/s "w2x2", 31 0, L_00000229fe80b640;  1 drivers
v00000229fe7f83a0_0 .net/s "x1", 31 0, L_00000229fe790960;  alias, 1 drivers
v00000229fe7f84e0_0 .net/s "x2", 31 0, L_00000229fe790ce0;  alias, 1 drivers
L_00000229fe80bfa0 .arith/mult 32, L_00000229fe80a420, L_00000229fe790960;
L_00000229fe80b640 .arith/mult 32, L_00000229fe80c360, L_00000229fe790ce0;
L_00000229fe80ace0 .arith/sum 32, L_00000229fe80bfa0, L_00000229fe80b640;
L_00000229fe80c5e0 .arith/sum 32, L_00000229fe80ace0, L_00000229fe80b820;
S_00000229fe763ab0 .scope module, "RELU" "relu_32b2" 6 26, 7 1 0, S_00000229fe7632e0;
 .timescale 0 0;
    .port_info 0 /INPUT 32 "a";
    .port_info 1 /OUTPUT 32 "b";
v00000229fe7f8440_0 .net/s "a", 31 0, L_00000229fe80c5e0;  alias, 1 drivers
v00000229fe7f9de0_0 .net/s "b", 31 0, v00000229fe7f8760_0;  alias, 1 drivers
v00000229fe7f8760_0 .var/s "f", 31 0;
E_00000229fe784090 .event anyedge, v00000229fe7f8440_0;
S_00000229fe763920 .scope module, "neuron_l7_2" "neuron_2input_baseline" 3 108, 6 3 0, S_00000229fe6dda60;
 .timescale 0 0;
    .port_info 0 /INPUT 32 "x1";
    .port_info 1 /INPUT 32 "x2";
    .port_info 2 /INPUT 32 "w1";
    .port_info 3 /INPUT 32 "w2";
    .port_info 4 /INPUT 32 "b";
    .port_info 5 /OUTPUT 32 "f";
L_00000229fe7903b0 .functor BUFZ 32, v00000229fe7f8800_0, C4<00000000000000000000000000000000>, C4<00000000000000000000000000000000>, C4<00000000000000000000000000000000>;
v00000229fe7f88a0_0 .net/s "b", 31 0, L_00000229fe80a100;  1 drivers
v00000229fe7f89e0_0 .net/s "f", 31 0, L_00000229fe7903b0;  alias, 1 drivers
v00000229fe7f9160_0 .net/s "output_before_bias", 31 0, L_00000229fe80aa60;  1 drivers
v00000229fe7f8a80_0 .net/s "output_bias", 31 0, L_00000229fe80b8c0;  1 drivers
v00000229fe7f8c60_0 .net/s "output_relu", 31 0, v00000229fe7f8800_0;  1 drivers
v00000229fe7f8d00_0 .net/s "w1", 31 0, L_00000229fe80b0a0;  1 drivers
v00000229fe7f8da0_0 .net/s "w1x1", 31 0, L_00000229fe80c400;  1 drivers
v00000229fe7f8ee0_0 .net/s "w2", 31 0, L_00000229fe80ba00;  1 drivers
v00000229fe7f8f80_0 .net/s "w2x2", 31 0, L_00000229fe80a9c0;  1 drivers
v00000229fe7f9020_0 .net/s "x1", 31 0, L_00000229fe790960;  alias, 1 drivers
v00000229fe7f90c0_0 .net/s "x2", 31 0, L_00000229fe790ce0;  alias, 1 drivers
L_00000229fe80c400 .arith/mult 32, L_00000229fe80b0a0, L_00000229fe790960;
L_00000229fe80a9c0 .arith/mult 32, L_00000229fe80ba00, L_00000229fe790ce0;
L_00000229fe80aa60 .arith/sum 32, L_00000229fe80c400, L_00000229fe80a9c0;
L_00000229fe80b8c0 .arith/sum 32, L_00000229fe80aa60, L_00000229fe80a100;
S_00000229fe7fa310 .scope module, "RELU" "relu_32b2" 6 26, 7 1 0, S_00000229fe763920;
 .timescale 0 0;
    .port_info 0 /INPUT 32 "a";
    .port_info 1 /OUTPUT 32 "b";
v00000229fe7f98e0_0 .net/s "a", 31 0, L_00000229fe80b8c0;  alias, 1 drivers
v00000229fe7f9980_0 .net/s "b", 31 0, v00000229fe7f8800_0;  alias, 1 drivers
v00000229fe7f8800_0 .var/s "f", 31 0;
E_00000229fe783d50 .event anyedge, v00000229fe7f98e0_0;
S_00000229fe7fb8f0 .scope module, "neuron_l7_3" "neuron_2input_baseline" 3 113, 6 3 0, S_00000229fe6dda60;
 .timescale 0 0;
    .port_info 0 /INPUT 32 "x1";
    .port_info 1 /INPUT 32 "x2";
    .port_info 2 /INPUT 32 "w1";
    .port_info 3 /INPUT 32 "w2";
    .port_info 4 /INPUT 32 "b";
    .port_info 5 /OUTPUT 32 "f";
L_00000229fe7905e0 .functor BUFZ 32, v00000229fe7f93e0_0, C4<00000000000000000000000000000000>, C4<00000000000000000000000000000000>, C4<00000000000000000000000000000000>;
v00000229fe7f9480_0 .net/s "b", 31 0, L_00000229fe80aba0;  1 drivers
v00000229fe7f9520_0 .net/s "f", 31 0, L_00000229fe7905e0;  alias, 1 drivers
v00000229fe7fd900_0 .net/s "output_before_bias", 31 0, L_00000229fe80c680;  1 drivers
v00000229fe7fc5a0_0 .net/s "output_bias", 31 0, L_00000229fe80baa0;  1 drivers
v00000229fe7fda40_0 .net/s "output_relu", 31 0, v00000229fe7f93e0_0;  1 drivers
v00000229fe7fd180_0 .net/s "w1", 31 0, L_00000229fe80a7e0;  1 drivers
v00000229fe7fc140_0 .net/s "w1x1", 31 0, L_00000229fe80c4a0;  1 drivers
v00000229fe7fd360_0 .net/s "w2", 31 0, L_00000229fe80b280;  1 drivers
v00000229fe7fdae0_0 .net/s "w2x2", 31 0, L_00000229fe80bc80;  1 drivers
v00000229fe7fdd60_0 .net/s "x1", 31 0, L_00000229fe790960;  alias, 1 drivers
v00000229fe7fca00_0 .net/s "x2", 31 0, L_00000229fe790ce0;  alias, 1 drivers
L_00000229fe80c4a0 .arith/mult 32, L_00000229fe80a7e0, L_00000229fe790960;
L_00000229fe80bc80 .arith/mult 32, L_00000229fe80b280, L_00000229fe790ce0;
L_00000229fe80c680 .arith/sum 32, L_00000229fe80c4a0, L_00000229fe80bc80;
L_00000229fe80baa0 .arith/sum 32, L_00000229fe80c680, L_00000229fe80aba0;
S_00000229fe7fbda0 .scope module, "RELU" "relu_32b2" 6 26, 7 1 0, S_00000229fe7fb8f0;
 .timescale 0 0;
    .port_info 0 /INPUT 32 "a";
    .port_info 1 /OUTPUT 32 "b";
v00000229fe7f9200_0 .net/s "a", 31 0, L_00000229fe80baa0;  alias, 1 drivers
v00000229fe7f92a0_0 .net/s "b", 31 0, v00000229fe7f93e0_0;  alias, 1 drivers
v00000229fe7f93e0_0 .var/s "f", 31 0;
E_00000229fe783e10 .event anyedge, v00000229fe7f9200_0;
S_00000229fe7fac70 .scope module, "neuron_l7_4" "neuron_2input_baseline" 3 118, 6 3 0, S_00000229fe6dda60;
 .timescale 0 0;
    .port_info 0 /INPUT 32 "x1";
    .port_info 1 /INPUT 32 "x2";
    .port_info 2 /INPUT 32 "w1";
    .port_info 3 /INPUT 32 "w2";
    .port_info 4 /INPUT 32 "b";
    .port_info 5 /OUTPUT 32 "f";
L_00000229fe790110 .functor BUFZ 32, v00000229fe7fcaa0_0, C4<00000000000000000000000000000000>, C4<00000000000000000000000000000000>, C4<00000000000000000000000000000000>;
v00000229fe7fc780_0 .net/s "b", 31 0, L_00000229fe80c040;  1 drivers
v00000229fe7fcb40_0 .net/s "f", 31 0, L_00000229fe790110;  alias, 1 drivers
v00000229fe7fdc20_0 .net/s "output_before_bias", 31 0, L_00000229fe80b000;  1 drivers
v00000229fe7fce60_0 .net/s "output_bias", 31 0, L_00000229fe80a240;  1 drivers
v00000229fe7fd540_0 .net/s "output_relu", 31 0, v00000229fe7fcaa0_0;  1 drivers
v00000229fe7fd7c0_0 .net/s "w1", 31 0, L_00000229fe80a4c0;  1 drivers
v00000229fe7fc1e0_0 .net/s "w1x1", 31 0, L_00000229fe80c540;  1 drivers
v00000229fe7fc640_0 .net/s "w2", 31 0, L_00000229fe80bbe0;  1 drivers
v00000229fe7fc820_0 .net/s "w2x2", 31 0, L_00000229fe80bb40;  1 drivers
v00000229fe7fc960_0 .net/s "x1", 31 0, L_00000229fe790960;  alias, 1 drivers
v00000229fe7fcbe0_0 .net/s "x2", 31 0, L_00000229fe790ce0;  alias, 1 drivers
L_00000229fe80c540 .arith/mult 32, L_00000229fe80a4c0, L_00000229fe790960;
L_00000229fe80bb40 .arith/mult 32, L_00000229fe80bbe0, L_00000229fe790ce0;
L_00000229fe80b000 .arith/sum 32, L_00000229fe80c540, L_00000229fe80bb40;
L_00000229fe80a240 .arith/sum 32, L_00000229fe80b000, L_00000229fe80c040;
S_00000229fe7fa4a0 .scope module, "RELU" "relu_32b2" 6 26, 7 1 0, S_00000229fe7fac70;
 .timescale 0 0;
    .port_info 0 /INPUT 32 "a";
    .port_info 1 /OUTPUT 32 "b";
v00000229fe7fdb80_0 .net/s "a", 31 0, L_00000229fe80a240;  alias, 1 drivers
v00000229fe7fc6e0_0 .net/s "b", 31 0, v00000229fe7fcaa0_0;  alias, 1 drivers
v00000229fe7fcaa0_0 .var/s "f", 31 0;
E_00000229fe783ed0 .event anyedge, v00000229fe7fdb80_0;
S_00000229fe7fb2b0 .scope module, "neuron_l8_1" "neuron_4input_baseline" 3 124, 4 3 0, S_00000229fe6dda60;
 .timescale 0 0;
    .port_info 0 /INPUT 32 "x1";
    .port_info 1 /INPUT 32 "x2";
    .port_info 2 /INPUT 32 "x3";
    .port_info 3 /INPUT 32 "x4";
    .port_info 4 /INPUT 32 "w1";
    .port_info 5 /INPUT 32 "w2";
    .port_info 6 /INPUT 32 "w3";
    .port_info 7 /INPUT 32 "w4";
    .port_info 8 /INPUT 32 "b";
    .port_info 9 /OUTPUT 32 "f";
L_00000229fe790500 .functor BUFZ 32, v00000229fe7fc280_0, C4<00000000000000000000000000000000>, C4<00000000000000000000000000000000>, C4<00000000000000000000000000000000>;
v00000229fe7fde00_0 .net/s "b", 31 0, L_00000229fe80ab00;  1 drivers
v00000229fe7fdcc0_0 .net/s "f", 31 0, L_00000229fe790500;  alias, 1 drivers
v00000229fe7fdea0_0 .net/s "output_before_bias", 31 0, L_00000229fe80a560;  1 drivers
v00000229fe7fcc80_0 .net/s "output_bias", 31 0, L_00000229fe80a600;  1 drivers
v00000229fe7fd860_0 .net/s "output_relu", 31 0, v00000229fe7fc280_0;  1 drivers
v00000229fe7fc000_0 .net/s "output_x1x2", 31 0, L_00000229fe80a880;  1 drivers
v00000229fe7fcd20_0 .net/s "output_x3x4", 31 0, L_00000229fe80b320;  1 drivers
v00000229fe7fc0a0_0 .net/s "w1", 31 0, L_00000229fe80bd20;  1 drivers
v00000229fe7fd680_0 .net/s "w1x1", 31 0, L_00000229fe80af60;  1 drivers
v00000229fe7fcfa0_0 .net/s "w2", 31 0, L_00000229fe80c0e0;  1 drivers
v00000229fe7fcdc0_0 .net/s "w2x2", 31 0, L_00000229fe80a060;  1 drivers
v00000229fe7fc3c0_0 .net/s "w3", 31 0, L_00000229fe80bdc0;  1 drivers
v00000229fe7fc460_0 .net/s "w3x3", 31 0, L_00000229fe80bf00;  1 drivers
v00000229fe7fcf00_0 .net/s "w4", 31 0, L_00000229fe80ad80;  1 drivers
v00000229fe7fc500_0 .net/s "w4x4", 31 0, L_00000229fe80ac40;  1 drivers
v00000229fe7fd040_0 .net/s "x1", 31 0, L_00000229fe790b20;  alias, 1 drivers
v00000229fe7fd0e0_0 .net/s "x2", 31 0, L_00000229fe7903b0;  alias, 1 drivers
v00000229fe7fd220_0 .net/s "x3", 31 0, L_00000229fe7905e0;  alias, 1 drivers
v00000229fe7fd2c0_0 .net/s "x4", 31 0, L_00000229fe790110;  alias, 1 drivers
L_00000229fe80af60 .arith/mult 32, L_00000229fe80bd20, L_00000229fe790b20;
L_00000229fe80a060 .arith/mult 32, L_00000229fe80c0e0, L_00000229fe7903b0;
L_00000229fe80bf00 .arith/mult 32, L_00000229fe80bdc0, L_00000229fe7905e0;
L_00000229fe80ac40 .arith/mult 32, L_00000229fe80ad80, L_00000229fe790110;
L_00000229fe80a880 .arith/sum 32, L_00000229fe80af60, L_00000229fe80a060;
L_00000229fe80b320 .arith/sum 32, L_00000229fe80bf00, L_00000229fe80ac40;
L_00000229fe80a560 .arith/sum 32, L_00000229fe80a880, L_00000229fe80b320;
L_00000229fe80a600 .arith/sum 32, L_00000229fe80a560, L_00000229fe80ab00;
S_00000229fe7fa630 .scope module, "RELU" "relu_32b4" 4 35, 5 1 0, S_00000229fe7fb2b0;
 .timescale 0 0;
    .port_info 0 /INPUT 32 "a";
    .port_info 1 /OUTPUT 32 "b";
v00000229fe7fc8c0_0 .net/s "a", 31 0, L_00000229fe80a600;  alias, 1 drivers
v00000229fe7fc320_0 .net/s "b", 31 0, v00000229fe7fc280_0;  alias, 1 drivers
v00000229fe7fc280_0 .var/s "f", 31 0;
E_00000229fe783810 .event anyedge, v00000229fe7fc8c0_0;
S_00000229fe7fb440 .scope module, "neuron_l8_2" "neuron_4input_baseline" 3 129, 4 3 0, S_00000229fe6dda60;
 .timescale 0 0;
    .port_info 0 /INPUT 32 "x1";
    .port_info 1 /INPUT 32 "x2";
    .port_info 2 /INPUT 32 "x3";
    .port_info 3 /INPUT 32 "x4";
    .port_info 4 /INPUT 32 "w1";
    .port_info 5 /INPUT 32 "w2";
    .port_info 6 /INPUT 32 "w3";
    .port_info 7 /INPUT 32 "w4";
    .port_info 8 /INPUT 32 "b";
    .port_info 9 /OUTPUT 32 "f";
L_00000229fe790dc0 .functor BUFZ 32, v00000229fe7fd4a0_0, C4<00000000000000000000000000000000>, C4<00000000000000000000000000000000>, C4<00000000000000000000000000000000>;
v00000229fe7fd5e0_0 .net/s "b", 31 0, L_00000229fe8157b0;  1 drivers
v00000229fe7fd720_0 .net/s "f", 31 0, L_00000229fe790dc0;  alias, 1 drivers
v00000229fe7ff370_0 .net/s "output_before_bias", 31 0, L_00000229fe814b30;  1 drivers
v00000229fe7fe290_0 .net/s "output_bias", 31 0, L_00000229fe8158f0;  1 drivers
v00000229fe7fe6f0_0 .net/s "output_relu", 31 0, v00000229fe7fd4a0_0;  1 drivers
v00000229fe7fe330_0 .net/s "output_x1x2", 31 0, L_00000229fe8166b0;  1 drivers
v00000229fe7fe1f0_0 .net/s "output_x3x4", 31 0, L_00000229fe816750;  1 drivers
v00000229fe7ff4b0_0 .net/s "w1", 31 0, L_00000229fe814450;  1 drivers
v00000229fe7ffc30_0 .net/s "w1x1", 31 0, L_00000229fe80c180;  1 drivers
v00000229fe7fee70_0 .net/s "w2", 31 0, L_00000229fe814c70;  1 drivers
v00000229fe7ff550_0 .net/s "w2x2", 31 0, L_00000229fe80c720;  1 drivers
v00000229fe7ff910_0 .net/s "w3", 31 0, L_00000229fe8144f0;  1 drivers
v00000229fe7fef10_0 .net/s "w3x3", 31 0, L_00000229fe80c7c0;  1 drivers
v00000229fe7ffb90_0 .net/s "w4", 31 0, L_00000229fe815670;  1 drivers
v00000229fe7ffcd0_0 .net/s "w4x4", 31 0, L_00000229fe815350;  1 drivers
v00000229fe7ff5f0_0 .net/s "x1", 31 0, L_00000229fe790b20;  alias, 1 drivers
v00000229fe7ff690_0 .net/s "x2", 31 0, L_00000229fe7903b0;  alias, 1 drivers
v00000229fe7ffd70_0 .net/s "x3", 31 0, L_00000229fe7905e0;  alias, 1 drivers
v00000229fe7ff730_0 .net/s "x4", 31 0, L_00000229fe790110;  alias, 1 drivers
L_00000229fe80c180 .arith/mult 32, L_00000229fe814450, L_00000229fe790b20;
L_00000229fe80c720 .arith/mult 32, L_00000229fe814c70, L_00000229fe7903b0;
L_00000229fe80c7c0 .arith/mult 32, L_00000229fe8144f0, L_00000229fe7905e0;
L_00000229fe815350 .arith/mult 32, L_00000229fe815670, L_00000229fe790110;
L_00000229fe8166b0 .arith/sum 32, L_00000229fe80c180, L_00000229fe80c720;
L_00000229fe816750 .arith/sum 32, L_00000229fe80c7c0, L_00000229fe815350;
L_00000229fe814b30 .arith/sum 32, L_00000229fe8166b0, L_00000229fe816750;
L_00000229fe8158f0 .arith/sum 32, L_00000229fe814b30, L_00000229fe8157b0;
S_00000229fe7fb5d0 .scope module, "RELU" "relu_32b4" 4 35, 5 1 0, S_00000229fe7fb440;
 .timescale 0 0;
    .port_info 0 /INPUT 32 "a";
    .port_info 1 /OUTPUT 32 "b";
v00000229fe7fd400_0 .net/s "a", 31 0, L_00000229fe8158f0;  alias, 1 drivers
v00000229fe7fd9a0_0 .net/s "b", 31 0, v00000229fe7fd4a0_0;  alias, 1 drivers
v00000229fe7fd4a0_0 .var/s "f", 31 0;
E_00000229fe783890 .event anyedge, v00000229fe7fd400_0;
S_00000229fe7fa950 .scope module, "neuron_l8_3" "neuron_4input_baseline" 3 134, 4 3 0, S_00000229fe6dda60;
 .timescale 0 0;
    .port_info 0 /INPUT 32 "x1";
    .port_info 1 /INPUT 32 "x2";
    .port_info 2 /INPUT 32 "x3";
    .port_info 3 /INPUT 32 "x4";
    .port_info 4 /INPUT 32 "w1";
    .port_info 5 /INPUT 32 "w2";
    .port_info 6 /INPUT 32 "w3";
    .port_info 7 /INPUT 32 "w4";
    .port_info 8 /INPUT 32 "b";
    .port_info 9 /OUTPUT 32 "f";
L_00000229fe7901f0 .functor BUFZ 32, v00000229fe7febf0_0, C4<00000000000000000000000000000000>, C4<00000000000000000000000000000000>, C4<00000000000000000000000000000000>;
v00000229fe7ff870_0 .net/s "b", 31 0, L_00000229fe814090;  1 drivers
v00000229fe7fed30_0 .net/s "f", 31 0, L_00000229fe7901f0;  alias, 1 drivers
v00000229fe7ff410_0 .net/s "output_before_bias", 31 0, L_00000229fe815fd0;  1 drivers
v00000229fe7fe790_0 .net/s "output_bias", 31 0, L_00000229fe815ad0;  1 drivers
v00000229fe7feb50_0 .net/s "output_relu", 31 0, v00000229fe7febf0_0;  1 drivers
v00000229fe7ff9b0_0 .net/s "output_x1x2", 31 0, L_00000229fe814770;  1 drivers
v00000229fe7fe150_0 .net/s "output_x3x4", 31 0, L_00000229fe815e90;  1 drivers
v00000229fe7ff050_0 .net/s "w1", 31 0, L_00000229fe8167f0;  1 drivers
v00000229fe7fe470_0 .net/s "w1x1", 31 0, L_00000229fe8146d0;  1 drivers
v00000229fe7fe010_0 .net/s "w2", 31 0, L_00000229fe814590;  1 drivers
v00000229fe7ffa50_0 .net/s "w2x2", 31 0, L_00000229fe815990;  1 drivers
v00000229fe7fe5b0_0 .net/s "w3", 31 0, L_00000229fe816070;  1 drivers
v00000229fe7fe510_0 .net/s "w3x3", 31 0, L_00000229fe8149f0;  1 drivers
v00000229fe7fe830_0 .net/s "w4", 31 0, L_00000229fe815530;  1 drivers
v00000229fe7fea10_0 .net/s "w4x4", 31 0, L_00000229fe816250;  1 drivers
v00000229fe7fe650_0 .net/s "x1", 31 0, L_00000229fe790b20;  alias, 1 drivers
v00000229fe7fe8d0_0 .net/s "x2", 31 0, L_00000229fe7903b0;  alias, 1 drivers
v00000229fe7ffaf0_0 .net/s "x3", 31 0, L_00000229fe7905e0;  alias, 1 drivers
v00000229fe7ffe10_0 .net/s "x4", 31 0, L_00000229fe790110;  alias, 1 drivers
L_00000229fe8146d0 .arith/mult 32, L_00000229fe8167f0, L_00000229fe790b20;
L_00000229fe815990 .arith/mult 32, L_00000229fe814590, L_00000229fe7903b0;
L_00000229fe8149f0 .arith/mult 32, L_00000229fe816070, L_00000229fe7905e0;
L_00000229fe816250 .arith/mult 32, L_00000229fe815530, L_00000229fe790110;
L_00000229fe814770 .arith/sum 32, L_00000229fe8146d0, L_00000229fe815990;
L_00000229fe815e90 .arith/sum 32, L_00000229fe8149f0, L_00000229fe816250;
L_00000229fe815fd0 .arith/sum 32, L_00000229fe814770, L_00000229fe815e90;
L_00000229fe815ad0 .arith/sum 32, L_00000229fe815fd0, L_00000229fe814090;
S_00000229fe7f9ff0 .scope module, "RELU" "relu_32b4" 4 35, 5 1 0, S_00000229fe7fa950;
 .timescale 0 0;
    .port_info 0 /INPUT 32 "a";
    .port_info 1 /OUTPUT 32 "b";
v00000229fe7fe3d0_0 .net/s "a", 31 0, L_00000229fe815ad0;  alias, 1 drivers
v00000229fe7ff7d0_0 .net/s "b", 31 0, v00000229fe7febf0_0;  alias, 1 drivers
v00000229fe7febf0_0 .var/s "f", 31 0;
E_00000229fe783f10 .event anyedge, v00000229fe7fe3d0_0;
S_00000229fe7fb120 .scope module, "neuron_l8_4" "neuron_4input_baseline" 3 139, 4 3 0, S_00000229fe6dda60;
 .timescale 0 0;
    .port_info 0 /INPUT 32 "x1";
    .port_info 1 /INPUT 32 "x2";
    .port_info 2 /INPUT 32 "x3";
    .port_info 3 /INPUT 32 "x4";
    .port_info 4 /INPUT 32 "w1";
    .port_info 5 /INPUT 32 "w2";
    .port_info 6 /INPUT 32 "w3";
    .port_info 7 /INPUT 32 "w4";
    .port_info 8 /INPUT 32 "b";
    .port_info 9 /OUTPUT 32 "f";
L_00000229fe7909d0 .functor BUFZ 32, v00000229fe7fec90_0, C4<00000000000000000000000000000000>, C4<00000000000000000000000000000000>, C4<00000000000000000000000000000000>;
v00000229fe7fe970_0 .net/s "b", 31 0, L_00000229fe815850;  1 drivers
v00000229fe7feab0_0 .net/s "f", 31 0, L_00000229fe7909d0;  alias, 1 drivers
v00000229fe7fedd0_0 .net/s "output_before_bias", 31 0, L_00000229fe814810;  1 drivers
v00000229fe7fefb0_0 .net/s "output_bias", 31 0, L_00000229fe8155d0;  1 drivers
v00000229fe7ff0f0_0 .net/s "output_relu", 31 0, v00000229fe7fec90_0;  1 drivers
v00000229fe7ff190_0 .net/s "output_x1x2", 31 0, L_00000229fe815b70;  1 drivers
v00000229fe7ff230_0 .net/s "output_x3x4", 31 0, L_00000229fe814130;  1 drivers
v00000229fe7ff2d0_0 .net/s "w1", 31 0, L_00000229fe815c10;  1 drivers
v00000229fe801600_0 .net/s "w1x1", 31 0, L_00000229fe814a90;  1 drivers
v00000229fe801920_0 .net/s "w2", 31 0, L_00000229fe8148b0;  1 drivers
v00000229fe800c00_0 .net/s "w2x2", 31 0, L_00000229fe814ef0;  1 drivers
v00000229fe800340_0 .net/s "w3", 31 0, L_00000229fe816110;  1 drivers
v00000229fe801b00_0 .net/s "w3x3", 31 0, L_00000229fe814bd0;  1 drivers
v00000229fe8019c0_0 .net/s "w4", 31 0, L_00000229fe8143b0;  1 drivers
v00000229fe800980_0 .net/s "w4x4", 31 0, L_00000229fe816610;  1 drivers
v00000229fe801a60_0 .net/s "x1", 31 0, L_00000229fe790b20;  alias, 1 drivers
v00000229fe8014c0_0 .net/s "x2", 31 0, L_00000229fe7903b0;  alias, 1 drivers
v00000229fe801240_0 .net/s "x3", 31 0, L_00000229fe7905e0;  alias, 1 drivers
v00000229fe801100_0 .net/s "x4", 31 0, L_00000229fe790110;  alias, 1 drivers
L_00000229fe814a90 .arith/mult 32, L_00000229fe815c10, L_00000229fe790b20;
L_00000229fe814ef0 .arith/mult 32, L_00000229fe8148b0, L_00000229fe7903b0;
L_00000229fe814bd0 .arith/mult 32, L_00000229fe816110, L_00000229fe7905e0;
L_00000229fe816610 .arith/mult 32, L_00000229fe8143b0, L_00000229fe790110;
L_00000229fe815b70 .arith/sum 32, L_00000229fe814a90, L_00000229fe814ef0;
L_00000229fe814130 .arith/sum 32, L_00000229fe814bd0, L_00000229fe816610;
L_00000229fe814810 .arith/sum 32, L_00000229fe815b70, L_00000229fe814130;
L_00000229fe8155d0 .arith/sum 32, L_00000229fe814810, L_00000229fe815850;
S_00000229fe7fb760 .scope module, "RELU" "relu_32b4" 4 35, 5 1 0, S_00000229fe7fb120;
 .timescale 0 0;
    .port_info 0 /INPUT 32 "a";
    .port_info 1 /OUTPUT 32 "b";
v00000229fe7ffeb0_0 .net/s "a", 31 0, L_00000229fe8155d0;  alias, 1 drivers
v00000229fe7fe0b0_0 .net/s "b", 31 0, v00000229fe7fec90_0;  alias, 1 drivers
v00000229fe7fec90_0 .var/s "f", 31 0;
E_00000229fe783e90 .event anyedge, v00000229fe7ffeb0_0;
    .scope S_00000229fe6cae70;
T_0 ;
    %wait E_00000229fe782ad0;
    %load/vec4 v00000229fe774380_0;
    %cmpi/s 0, 0, 32;
    %jmp/0xz  T_0.0, 5;
    %pushi/vec4 0, 0, 32;
    %assign/vec4 v00000229fe774420_0, 0;
    %jmp T_0.1;
T_0.0 ;
    %load/vec4 v00000229fe774380_0;
    %assign/vec4 v00000229fe774420_0, 0;
T_0.1 ;
    %jmp T_0;
    .thread T_0, $push;
    .scope S_00000229fe6d4dc0;
T_1 ;
    %wait E_00000229fe7821d0;
    %load/vec4 v00000229fe7ebba0_0;
    %cmpi/s 0, 0, 32;
    %jmp/0xz  T_1.0, 5;
    %pushi/vec4 0, 0, 32;
    %assign/vec4 v00000229fe7eb1a0_0, 0;
    %jmp T_1.1;
T_1.0 ;
    %load/vec4 v00000229fe7ebba0_0;
    %assign/vec4 v00000229fe7eb1a0_0, 0;
T_1.1 ;
    %jmp T_1;
    .thread T_1, $push;
    .scope S_00000229fe6c6360;
T_2 ;
    %wait E_00000229fe782d10;
    %load/vec4 v00000229fe7ea340_0;
    %cmpi/s 0, 0, 32;
    %jmp/0xz  T_2.0, 5;
    %pushi/vec4 0, 0, 32;
    %assign/vec4 v00000229fe7eaf20_0, 0;
    %jmp T_2.1;
T_2.0 ;
    %load/vec4 v00000229fe7ea340_0;
    %assign/vec4 v00000229fe7eaf20_0, 0;
T_2.1 ;
    %jmp T_2;
    .thread T_2, $push;
    .scope S_00000229fe6cdc20;
T_3 ;
    %wait E_00000229fe7823d0;
    %load/vec4 v00000229fe7ea7a0_0;
    %cmpi/s 0, 0, 32;
    %jmp/0xz  T_3.0, 5;
    %pushi/vec4 0, 0, 32;
    %assign/vec4 v00000229fe7eab60_0, 0;
    %jmp T_3.1;
T_3.0 ;
    %load/vec4 v00000229fe7ea7a0_0;
    %assign/vec4 v00000229fe7eab60_0, 0;
T_3.1 ;
    %jmp T_3;
    .thread T_3, $push;
    .scope S_00000229fe6f6210;
T_4 ;
    %wait E_00000229fe782290;
    %load/vec4 v00000229fe7efd00_0;
    %cmpi/s 0, 0, 32;
    %jmp/0xz  T_4.0, 5;
    %pushi/vec4 0, 0, 32;
    %assign/vec4 v00000229fe7efe40_0, 0;
    %jmp T_4.1;
T_4.0 ;
    %load/vec4 v00000229fe7efd00_0;
    %assign/vec4 v00000229fe7efe40_0, 0;
T_4.1 ;
    %jmp T_4;
    .thread T_4, $push;
    .scope S_00000229fe6d82f0;
T_5 ;
    %wait E_00000229fe782490;
    %load/vec4 v00000229fe7ee720_0;
    %cmpi/s 0, 0, 32;
    %jmp/0xz  T_5.0, 5;
    %pushi/vec4 0, 0, 32;
    %assign/vec4 v00000229fe7eec20_0, 0;
    %jmp T_5.1;
T_5.0 ;
    %load/vec4 v00000229fe7ee720_0;
    %assign/vec4 v00000229fe7eec20_0, 0;
T_5.1 ;
    %jmp T_5;
    .thread T_5, $push;
    .scope S_00000229fe676d20;
T_6 ;
    %wait E_00000229fe7829d0;
    %load/vec4 v00000229fe7f29c0_0;
    %cmpi/s 0, 0, 32;
    %jmp/0xz  T_6.0, 5;
    %pushi/vec4 0, 0, 32;
    %assign/vec4 v00000229fe7f2600_0, 0;
    %jmp T_6.1;
T_6.0 ;
    %load/vec4 v00000229fe7f29c0_0;
    %assign/vec4 v00000229fe7f2600_0, 0;
T_6.1 ;
    %jmp T_6;
    .thread T_6, $push;
    .scope S_00000229fe762ca0;
T_7 ;
    %wait E_00000229fe7826d0;
    %load/vec4 v00000229fe7f3500_0;
    %cmpi/s 0, 0, 32;
    %jmp/0xz  T_7.0, 5;
    %pushi/vec4 0, 0, 32;
    %assign/vec4 v00000229fe7f2e20_0, 0;
    %jmp T_7.1;
T_7.0 ;
    %load/vec4 v00000229fe7f3500_0;
    %assign/vec4 v00000229fe7f2e20_0, 0;
T_7.1 ;
    %jmp T_7;
    .thread T_7, $push;
    .scope S_00000229fe763600;
T_8 ;
    %wait E_00000229fe783850;
    %load/vec4 v00000229fe7f2060_0;
    %cmpi/s 0, 0, 32;
    %jmp/0xz  T_8.0, 5;
    %pushi/vec4 0, 0, 32;
    %assign/vec4 v00000229fe7f2f60_0, 0;
    %jmp T_8.1;
T_8.0 ;
    %load/vec4 v00000229fe7f2060_0;
    %assign/vec4 v00000229fe7f2f60_0, 0;
T_8.1 ;
    %jmp T_8;
    .thread T_8, $push;
    .scope S_00000229fe763150;
T_9 ;
    %wait E_00000229fe783b10;
    %load/vec4 v00000229fe7f3820_0;
    %cmpi/s 0, 0, 32;
    %jmp/0xz  T_9.0, 5;
    %pushi/vec4 0, 0, 32;
    %assign/vec4 v00000229fe7f3960_0, 0;
    %jmp T_9.1;
T_9.0 ;
    %load/vec4 v00000229fe7f3820_0;
    %assign/vec4 v00000229fe7f3960_0, 0;
T_9.1 ;
    %jmp T_9;
    .thread T_9, $push;
    .scope S_00000229fe763470;
T_10 ;
    %wait E_00000229fe783510;
    %load/vec4 v00000229fe7f8260_0;
    %cmpi/s 0, 0, 32;
    %jmp/0xz  T_10.0, 5;
    %pushi/vec4 0, 0, 32;
    %assign/vec4 v00000229fe7f86c0_0, 0;
    %jmp T_10.1;
T_10.0 ;
    %load/vec4 v00000229fe7f8260_0;
    %assign/vec4 v00000229fe7f86c0_0, 0;
T_10.1 ;
    %jmp T_10;
    .thread T_10, $push;
    .scope S_00000229fe763ab0;
T_11 ;
    %wait E_00000229fe784090;
    %load/vec4 v00000229fe7f8440_0;
    %cmpi/s 0, 0, 32;
    %jmp/0xz  T_11.0, 5;
    %pushi/vec4 0, 0, 32;
    %assign/vec4 v00000229fe7f8760_0, 0;
    %jmp T_11.1;
T_11.0 ;
    %load/vec4 v00000229fe7f8440_0;
    %assign/vec4 v00000229fe7f8760_0, 0;
T_11.1 ;
    %jmp T_11;
    .thread T_11, $push;
    .scope S_00000229fe7fa310;
T_12 ;
    %wait E_00000229fe783d50;
    %load/vec4 v00000229fe7f98e0_0;
    %cmpi/s 0, 0, 32;
    %jmp/0xz  T_12.0, 5;
    %pushi/vec4 0, 0, 32;
    %assign/vec4 v00000229fe7f8800_0, 0;
    %jmp T_12.1;
T_12.0 ;
    %load/vec4 v00000229fe7f98e0_0;
    %assign/vec4 v00000229fe7f8800_0, 0;
T_12.1 ;
    %jmp T_12;
    .thread T_12, $push;
    .scope S_00000229fe7fbda0;
T_13 ;
    %wait E_00000229fe783e10;
    %load/vec4 v00000229fe7f9200_0;
    %cmpi/s 0, 0, 32;
    %jmp/0xz  T_13.0, 5;
    %pushi/vec4 0, 0, 32;
    %assign/vec4 v00000229fe7f93e0_0, 0;
    %jmp T_13.1;
T_13.0 ;
    %load/vec4 v00000229fe7f9200_0;
    %assign/vec4 v00000229fe7f93e0_0, 0;
T_13.1 ;
    %jmp T_13;
    .thread T_13, $push;
    .scope S_00000229fe7fa4a0;
T_14 ;
    %wait E_00000229fe783ed0;
    %load/vec4 v00000229fe7fdb80_0;
    %cmpi/s 0, 0, 32;
    %jmp/0xz  T_14.0, 5;
    %pushi/vec4 0, 0, 32;
    %assign/vec4 v00000229fe7fcaa0_0, 0;
    %jmp T_14.1;
T_14.0 ;
    %load/vec4 v00000229fe7fdb80_0;
    %assign/vec4 v00000229fe7fcaa0_0, 0;
T_14.1 ;
    %jmp T_14;
    .thread T_14, $push;
    .scope S_00000229fe7fa630;
T_15 ;
    %wait E_00000229fe783810;
    %load/vec4 v00000229fe7fc8c0_0;
    %cmpi/s 0, 0, 32;
    %jmp/0xz  T_15.0, 5;
    %pushi/vec4 0, 0, 32;
    %assign/vec4 v00000229fe7fc280_0, 0;
    %jmp T_15.1;
T_15.0 ;
    %load/vec4 v00000229fe7fc8c0_0;
    %assign/vec4 v00000229fe7fc280_0, 0;
T_15.1 ;
    %jmp T_15;
    .thread T_15, $push;
    .scope S_00000229fe7fb5d0;
T_16 ;
    %wait E_00000229fe783890;
    %load/vec4 v00000229fe7fd400_0;
    %cmpi/s 0, 0, 32;
    %jmp/0xz  T_16.0, 5;
    %pushi/vec4 0, 0, 32;
    %assign/vec4 v00000229fe7fd4a0_0, 0;
    %jmp T_16.1;
T_16.0 ;
    %load/vec4 v00000229fe7fd400_0;
    %assign/vec4 v00000229fe7fd4a0_0, 0;
T_16.1 ;
    %jmp T_16;
    .thread T_16, $push;
    .scope S_00000229fe7f9ff0;
T_17 ;
    %wait E_00000229fe783f10;
    %load/vec4 v00000229fe7fe3d0_0;
    %cmpi/s 0, 0, 32;
    %jmp/0xz  T_17.0, 5;
    %pushi/vec4 0, 0, 32;
    %assign/vec4 v00000229fe7febf0_0, 0;
    %jmp T_17.1;
T_17.0 ;
    %load/vec4 v00000229fe7fe3d0_0;
    %assign/vec4 v00000229fe7febf0_0, 0;
T_17.1 ;
    %jmp T_17;
    .thread T_17, $push;
    .scope S_00000229fe7fb760;
T_18 ;
    %wait E_00000229fe783e90;
    %load/vec4 v00000229fe7ffeb0_0;
    %cmpi/s 0, 0, 32;
    %jmp/0xz  T_18.0, 5;
    %pushi/vec4 0, 0, 32;
    %assign/vec4 v00000229fe7fec90_0, 0;
    %jmp T_18.1;
T_18.0 ;
    %load/vec4 v00000229fe7ffeb0_0;
    %assign/vec4 v00000229fe7fec90_0, 0;
T_18.1 ;
    %jmp T_18;
    .thread T_18, $push;
    .scope S_00000229fe77e620;
T_19 ;
    %vpi_call 2 32 "$dumpfile", "GAN_baseline_tb.vcd" {0 0 0};
    %vpi_call 2 33 "$dumpvars", 32'sb00000000000000000000000000000000, S_00000229fe77e620 {0 0 0};
    %pushi/vec4 0, 0, 6;
    %store/vec4 v00000229fe808670_0, 0, 6;
    %pushi/vec4 1, 0, 6;
    %store/vec4 v00000229fe806a50_0, 0, 6;
    %pushi/vec4 1, 0, 6;
    %store/vec4 v00000229fe806af0_0, 0, 6;
    %pushi/vec4 0, 0, 6;
    %store/vec4 v00000229fe806c30_0, 0, 6;
    %pushi/vec4 6, 0, 6;
    %store/vec4 v00000229fe804c00_0, 0, 6;
    %pushi/vec4 21, 0, 6;
    %store/vec4 v00000229fe804840_0, 0, 6;
    %pushi/vec4 3, 0, 6;
    %store/vec4 v00000229fe805560_0, 0, 6;
    %pushi/vec4 18, 0, 6;
    %store/vec4 v00000229fe804e80_0, 0, 6;
    %pushi/vec4 61, 0, 6;
    %store/vec4 v00000229fe804ca0_0, 0, 6;
    %pushi/vec4 16, 0, 6;
    %store/vec4 v00000229fe805b00_0, 0, 6;
    %pushi/vec4 61, 0, 6;
    %store/vec4 v00000229fe804de0_0, 0, 6;
    %pushi/vec4 12, 0, 6;
    %store/vec4 v00000229fe804f20_0, 0, 6;
    %pushi/vec4 5, 0, 6;
    %store/vec4 v00000229fe804fc0_0, 0, 6;
    %pushi/vec4 58, 0, 6;
    %store/vec4 v00000229fe805060_0, 0, 6;
    %pushi/vec4 15, 0, 6;
    %store/vec4 v00000229fe805240_0, 0, 6;
    %pushi/vec4 60, 0, 6;
    %store/vec4 v00000229fe805ba0_0, 0, 6;
    %pushi/vec4 48, 0, 6;
    %store/vec4 v00000229fe8048e0_0, 0, 6;
    %pushi/vec4 55, 0, 6;
    %store/vec4 v00000229fe8054c0_0, 0, 6;
    %pushi/vec4 47, 0, 6;
    %store/vec4 v00000229fe805100_0, 0, 6;
    %pushi/vec4 56, 0, 6;
    %store/vec4 v00000229fe8051a0_0, 0, 6;
    %pushi/vec4 1, 0, 6;
    %store/vec4 v00000229fe8043e0_0, 0, 6;
    %pushi/vec4 0, 0, 6;
    %store/vec4 v00000229fe804480_0, 0, 6;
    %pushi/vec4 2, 0, 6;
    %store/vec4 v00000229fe804520_0, 0, 6;
    %pushi/vec4 63, 0, 6;
    %store/vec4 v00000229fe804a20_0, 0, 6;
    %pushi/vec4 4, 0, 6;
    %store/vec4 v00000229fe8056a0_0, 0, 6;
    %pushi/vec4 50, 0, 6;
    %store/vec4 v00000229fe806050_0, 0, 6;
    %pushi/vec4 14, 0, 6;
    %store/vec4 v00000229fe806ff0_0, 0, 6;
    %pushi/vec4 14, 0, 6;
    %store/vec4 v00000229fe8060f0_0, 0, 6;
    %pushi/vec4 8, 0, 6;
    %store/vec4 v00000229fe807db0_0, 0, 6;
    %pushi/vec4 9, 0, 6;
    %store/vec4 v00000229fe806690_0, 0, 6;
    %pushi/vec4 15, 0, 6;
    %store/vec4 v00000229fe806410_0, 0, 6;
    %pushi/vec4 15, 0, 6;
    %store/vec4 v00000229fe807310_0, 0, 6;
    %pushi/vec4 1, 0, 6;
    %store/vec4 v00000229fe804d40_0, 0, 6;
    %pushi/vec4 4, 0, 6;
    %store/vec4 v00000229fe804ac0_0, 0, 6;
    %pushi/vec4 14, 0, 6;
    %store/vec4 v00000229fe8076d0_0, 0, 6;
    %pushi/vec4 6, 0, 6;
    %store/vec4 v00000229fe806190_0, 0, 6;
    %pushi/vec4 5, 0, 6;
    %store/vec4 v00000229fe804980_0, 0, 6;
    %pushi/vec4 7, 0, 6;
    %store/vec4 v00000229fe808350_0, 0, 6;
    %pushi/vec4 10, 0, 6;
    %store/vec4 v00000229fe805740_0, 0, 6;
    %pushi/vec4 1, 0, 6;
    %store/vec4 v00000229fe808490_0, 0, 6;
    %pushi/vec4 60, 0, 6;
    %store/vec4 v00000229fe805ce0_0, 0, 6;
    %pushi/vec4 56, 0, 6;
    %store/vec4 v00000229fe8079f0_0, 0, 6;
    %pushi/vec4 14, 0, 6;
    %store/vec4 v00000229fe807e50_0, 0, 6;
    %pushi/vec4 20, 0, 6;
    %store/vec4 v00000229fe8052e0_0, 0, 6;
    %pushi/vec4 0, 0, 6;
    %store/vec4 v00000229fe8057e0_0, 0, 6;
    %pushi/vec4 4, 0, 6;
    %store/vec4 v00000229fe807630_0, 0, 6;
    %pushi/vec4 14, 0, 6;
    %store/vec4 v00000229fe807a90_0, 0, 6;
    %pushi/vec4 8, 0, 6;
    %store/vec4 v00000229fe8083f0_0, 0, 6;
    %pushi/vec4 15, 0, 6;
    %store/vec4 v00000229fe806870_0, 0, 6;
    %pushi/vec4 50, 0, 6;
    %store/vec4 v00000229fe807c70_0, 0, 6;
    %pushi/vec4 14, 0, 6;
    %store/vec4 v00000229fe807ef0_0, 0, 6;
    %pushi/vec4 9, 0, 6;
    %store/vec4 v00000229fe8062d0_0, 0, 6;
    %pushi/vec4 15, 0, 6;
    %store/vec4 v00000229fe807b30_0, 0, 6;
    %pushi/vec4 5, 0, 6;
    %store/vec4 v00000229fe805a60_0, 0, 6;
    %pushi/vec4 3, 0, 6;
    %store/vec4 v00000229fe805380_0, 0, 6;
    %pushi/vec4 1, 0, 6;
    %store/vec4 v00000229fe805c40_0, 0, 6;
    %pushi/vec4 2, 0, 6;
    %store/vec4 v00000229fe805d80_0, 0, 6;
    %pushi/vec4 11, 0, 6;
    %store/vec4 v00000229fe806b90_0, 0, 6;
    %pushi/vec4 57, 0, 6;
    %store/vec4 v00000229fe806550_0, 0, 6;
    %pushi/vec4 10, 0, 6;
    %store/vec4 v00000229fe806910_0, 0, 6;
    %pushi/vec4 57, 0, 6;
    %store/vec4 v00000229fe807130_0, 0, 6;
    %pushi/vec4 9, 0, 6;
    %store/vec4 v00000229fe806730_0, 0, 6;
    %pushi/vec4 58, 0, 6;
    %store/vec4 v00000229fe8078b0_0, 0, 6;
    %pushi/vec4 11, 0, 6;
    %store/vec4 v00000229fe8071d0_0, 0, 6;
    %pushi/vec4 57, 0, 6;
    %store/vec4 v00000229fe808170_0, 0, 6;
    %pushi/vec4 10, 0, 6;
    %store/vec4 v00000229fe808030_0, 0, 6;
    %pushi/vec4 49, 0, 6;
    %store/vec4 v00000229fe8067d0_0, 0, 6;
    %pushi/vec4 59, 0, 6;
    %store/vec4 v00000229fe808210_0, 0, 6;
    %pushi/vec4 7, 0, 6;
    %store/vec4 v00000229fe807f90_0, 0, 6;
    %pushi/vec4 1, 0, 6;
    %store/vec4 v00000229fe8069b0_0, 0, 6;
    %pushi/vec4 17, 0, 6;
    %store/vec4 v00000229fe807950_0, 0, 6;
    %pushi/vec4 4, 0, 6;
    %store/vec4 v00000229fe807bd0_0, 0, 6;
    %pushi/vec4 12, 0, 6;
    %store/vec4 v00000229fe807d10_0, 0, 6;
    %pushi/vec4 54, 0, 6;
    %store/vec4 v00000229fe805880_0, 0, 6;
    %pushi/vec4 10, 0, 6;
    %store/vec4 v00000229fe805920_0, 0, 6;
    %pushi/vec4 10, 0, 6;
    %store/vec4 v00000229fe805e20_0, 0, 6;
    %pushi/vec4 54, 0, 6;
    %store/vec4 v00000229fe8059c0_0, 0, 6;
    %delay 20, 0;
    %load/vec4 v00000229fe805600_0;
    %cmpi/ne 162628187, 0, 32;
    %jmp/0xz  T_19.0, 4;
    %vpi_call 2 93 "$display", "FAIL at f1, expected 238012727, RTL: %d", v00000229fe805600_0 {0 0 0};
    %jmp T_19.1;
T_19.0 ;
    %load/vec4 v00000229fe805ec0_0;
    %cmpi/ne 25344659, 0, 32;
    %jmp/0xz  T_19.2, 4;
    %vpi_call 2 96 "$display", "FAIL at f2, expected 37092899, RTL: %d", v00000229fe805ec0_0 {0 0 0};
    %jmp T_19.3;
T_19.2 ;
    %load/vec4 v00000229fe804b60_0;
    %cmpi/ne 118979088, 0, 32;
    %jmp/0xz  T_19.4, 4;
    %vpi_call 2 99 "$display", "FAIL at f3, expected 174130548, RTL: %d", v00000229fe804b60_0 {0 0 0};
    %jmp T_19.5;
T_19.4 ;
    %load/vec4 v00000229fe805420_0;
    %cmpi/ne 102082610, 0, 32;
    %jmp/0xz  T_19.6, 4;
    %vpi_call 2 102 "$display", "FAIL at f4, expected 149401910, RTL: %d", v00000229fe805420_0 {0 0 0};
    %jmp T_19.7;
T_19.6 ;
    %vpi_call 2 105 "$display", "PASS" {0 0 0};
T_19.7 ;
T_19.5 ;
T_19.3 ;
T_19.1 ;
    %end;
    .thread T_19;
# The file index is used to find the file name in the following table.
:file_names 10;
    "N/A";
    "<interactive>";
    "GAN_baseline_tb.v";
    "./GAN_baseline.v";
    "./neuron_4input_baseline.v";
    "./relu_32b4.v";
    "./neuron_2input_baseline.v";
    "./relu_32b2.v";
    "./neuron_1input_baseline.v";
    "./relu_32b1.v";
