#! /c/Source/iverilog-install/bin/vvp
:ivl_version "12.0 (devel)" "(s20150603-1539-g2693dd32b)";
:ivl_delay_selection "TYPICAL";
:vpi_time_precision + 0;
:vpi_module "C:\iverilog\lib\ivl\system.vpi";
:vpi_module "C:\iverilog\lib\ivl\vhdl_sys.vpi";
:vpi_module "C:\iverilog\lib\ivl\vhdl_textio.vpi";
:vpi_module "C:\iverilog\lib\ivl\v2005_math.vpi";
:vpi_module "C:\iverilog\lib\ivl\va_math.vpi";
S_000001e813aada60 .scope module, "GAN_baseline" "GAN_baseline" 2 5;
 .timescale 0 0;
    .port_info 0 /INPUT 6 "x1";
    .port_info 1 /INPUT 6 "x2";
    .port_info 2 /INPUT 6 "x3";
    .port_info 3 /INPUT 6 "x4";
    .port_info 4 /INPUT 6 "w_l1_11";
    .port_info 5 /INPUT 6 "w_l1_12";
    .port_info 6 /INPUT 6 "w_l1_13";
    .port_info 7 /INPUT 6 "w_l1_14";
    .port_info 8 /INPUT 6 "w_l1_21";
    .port_info 9 /INPUT 6 "w_l1_22";
    .port_info 10 /INPUT 6 "w_l1_23";
    .port_info 11 /INPUT 6 "w_l1_24";
    .port_info 12 /INPUT 6 "w_l1_31";
    .port_info 13 /INPUT 6 "w_l1_32";
    .port_info 14 /INPUT 6 "w_l1_33";
    .port_info 15 /INPUT 6 "w_l1_34";
    .port_info 16 /INPUT 6 "w_l1_41";
    .port_info 17 /INPUT 6 "w_l1_42";
    .port_info 18 /INPUT 6 "w_l1_43";
    .port_info 19 /INPUT 6 "w_l1_44";
    .port_info 20 /INPUT 6 "b_l1_1";
    .port_info 21 /INPUT 6 "b_l1_2";
    .port_info 22 /INPUT 6 "b_l1_3";
    .port_info 23 /INPUT 6 "b_l1_4";
    .port_info 24 /INPUT 6 "w_l2_11";
    .port_info 25 /INPUT 6 "w_l2_12";
    .port_info 26 /INPUT 6 "w_l2_21";
    .port_info 27 /INPUT 6 "w_l2_22";
    .port_info 28 /INPUT 6 "w_l2_31";
    .port_info 29 /INPUT 6 "w_l2_32";
    .port_info 30 /INPUT 6 "w_l2_41";
    .port_info 31 /INPUT 6 "w_l2_42";
    .port_info 32 /INPUT 6 "b_l2_1";
    .port_info 33 /INPUT 6 "b_l2_2";
    .port_info 34 /INPUT 6 "w_l3_11";
    .port_info 35 /INPUT 6 "w_l3_21";
    .port_info 36 /INPUT 6 "b_l3_1";
    .port_info 37 /INPUT 6 "w_l4_11";
    .port_info 38 /INPUT 6 "b_l4_1";
    .port_info 39 /INPUT 6 "w_l5_11";
    .port_info 40 /INPUT 6 "b_l5_1";
    .port_info 41 /INPUT 6 "w_l6_11";
    .port_info 42 /INPUT 6 "w_l6_12";
    .port_info 43 /INPUT 6 "b_l6_1";
    .port_info 44 /INPUT 6 "b_l6_2";
    .port_info 45 /INPUT 6 "w_l7_11";
    .port_info 46 /INPUT 6 "w_l7_12";
    .port_info 47 /INPUT 6 "w_l7_13";
    .port_info 48 /INPUT 6 "w_l7_14";
    .port_info 49 /INPUT 6 "w_l7_21";
    .port_info 50 /INPUT 6 "w_l7_22";
    .port_info 51 /INPUT 6 "w_l7_23";
    .port_info 52 /INPUT 6 "w_l7_24";
    .port_info 53 /INPUT 6 "b_l7_1";
    .port_info 54 /INPUT 6 "b_l7_2";
    .port_info 55 /INPUT 6 "b_l7_3";
    .port_info 56 /INPUT 6 "b_l7_4";
    .port_info 57 /INPUT 6 "w_l8_11";
    .port_info 58 /INPUT 6 "w_l8_12";
    .port_info 59 /INPUT 6 "w_l8_13";
    .port_info 60 /INPUT 6 "w_l8_14";
    .port_info 61 /INPUT 6 "w_l8_21";
    .port_info 62 /INPUT 6 "w_l8_22";
    .port_info 63 /INPUT 6 "w_l8_23";
    .port_info 64 /INPUT 6 "w_l8_24";
    .port_info 65 /INPUT 6 "w_l8_31";
    .port_info 66 /INPUT 6 "w_l8_32";
    .port_info 67 /INPUT 6 "w_l8_33";
    .port_info 68 /INPUT 6 "w_l8_34";
    .port_info 69 /INPUT 6 "w_l8_41";
    .port_info 70 /INPUT 6 "w_l8_42";
    .port_info 71 /INPUT 6 "w_l8_43";
    .port_info 72 /INPUT 6 "w_l8_44";
    .port_info 73 /INPUT 6 "b_l8_1";
    .port_info 74 /INPUT 6 "b_l8_2";
    .port_info 75 /INPUT 6 "b_l8_3";
    .port_info 76 /INPUT 6 "b_l8_4";
    .port_info 77 /OUTPUT 32 "f1";
    .port_info 78 /OUTPUT 32 "f2";
    .port_info 79 /OUTPUT 32 "f3";
    .port_info 80 /OUTPUT 32 "f4";
L_000001e813b0e670 .functor BUFZ 32, L_000001e813b0e2f0, C4<00000000000000000000000000000000>, C4<00000000000000000000000000000000>, C4<00000000000000000000000000000000>;
L_000001e813b0e280 .functor BUFZ 32, L_000001e813b0e590, C4<00000000000000000000000000000000>, C4<00000000000000000000000000000000>, C4<00000000000000000000000000000000>;
L_000001e813b0db80 .functor BUFZ 32, L_000001e813b0e360, C4<00000000000000000000000000000000>, C4<00000000000000000000000000000000>, C4<00000000000000000000000000000000>;
L_000001e813b0e600 .functor BUFZ 32, L_000001e813b0e1a0, C4<00000000000000000000000000000000>, C4<00000000000000000000000000000000>, C4<00000000000000000000000000000000>;
o000001e813bd52a8 .functor BUFZ 6, C4<zzzzzz>; HiZ drive
v000001e813c24290_0 .net/s "b_l1_1", 5 0, o000001e813bd52a8;  0 drivers
o000001e813bd52d8 .functor BUFZ 6, C4<zzzzzz>; HiZ drive
v000001e813c245b0_0 .net/s "b_l1_2", 5 0, o000001e813bd52d8;  0 drivers
o000001e813bd5308 .functor BUFZ 6, C4<zzzzzz>; HiZ drive
v000001e813c23c50_0 .net/s "b_l1_3", 5 0, o000001e813bd5308;  0 drivers
o000001e813bd5338 .functor BUFZ 6, C4<zzzzzz>; HiZ drive
v000001e813c24790_0 .net/s "b_l1_4", 5 0, o000001e813bd5338;  0 drivers
o000001e813bd5368 .functor BUFZ 6, C4<zzzzzz>; HiZ drive
v000001e813c234d0_0 .net/s "b_l2_1", 5 0, o000001e813bd5368;  0 drivers
o000001e813bd5398 .functor BUFZ 6, C4<zzzzzz>; HiZ drive
v000001e813c24830_0 .net/s "b_l2_2", 5 0, o000001e813bd5398;  0 drivers
o000001e813bd53c8 .functor BUFZ 6, C4<zzzzzz>; HiZ drive
v000001e813c231b0_0 .net/s "b_l3_1", 5 0, o000001e813bd53c8;  0 drivers
o000001e813bd53f8 .functor BUFZ 6, C4<zzzzzz>; HiZ drive
v000001e813c23930_0 .net/s "b_l4_1", 5 0, o000001e813bd53f8;  0 drivers
o000001e813bd5428 .functor BUFZ 6, C4<zzzzzz>; HiZ drive
v000001e813c23250_0 .net/s "b_l5_1", 5 0, o000001e813bd5428;  0 drivers
o000001e813bd5458 .functor BUFZ 6, C4<zzzzzz>; HiZ drive
v000001e813c24d30_0 .net/s "b_l6_1", 5 0, o000001e813bd5458;  0 drivers
o000001e813bd5488 .functor BUFZ 6, C4<zzzzzz>; HiZ drive
v000001e813c240b0_0 .net/s "b_l6_2", 5 0, o000001e813bd5488;  0 drivers
o000001e813bd54b8 .functor BUFZ 6, C4<zzzzzz>; HiZ drive
v000001e813c24970_0 .net/s "b_l7_1", 5 0, o000001e813bd54b8;  0 drivers
o000001e813bd54e8 .functor BUFZ 6, C4<zzzzzz>; HiZ drive
v000001e813c239d0_0 .net/s "b_l7_2", 5 0, o000001e813bd54e8;  0 drivers
o000001e813bd5518 .functor BUFZ 6, C4<zzzzzz>; HiZ drive
v000001e813c23610_0 .net/s "b_l7_3", 5 0, o000001e813bd5518;  0 drivers
o000001e813bd5548 .functor BUFZ 6, C4<zzzzzz>; HiZ drive
v000001e813c24f10_0 .net/s "b_l7_4", 5 0, o000001e813bd5548;  0 drivers
o000001e813bd5578 .functor BUFZ 6, C4<zzzzzz>; HiZ drive
v000001e813c24a10_0 .net/s "b_l8_1", 5 0, o000001e813bd5578;  0 drivers
o000001e813bd55a8 .functor BUFZ 6, C4<zzzzzz>; HiZ drive
v000001e813c24330_0 .net/s "b_l8_2", 5 0, o000001e813bd55a8;  0 drivers
o000001e813bd55d8 .functor BUFZ 6, C4<zzzzzz>; HiZ drive
v000001e813c24bf0_0 .net/s "b_l8_3", 5 0, o000001e813bd55d8;  0 drivers
o000001e813bd5608 .functor BUFZ 6, C4<zzzzzz>; HiZ drive
v000001e813c24dd0_0 .net/s "b_l8_4", 5 0, o000001e813bd5608;  0 drivers
v000001e813c23e30_0 .net/s "f1", 31 0, L_000001e813b0e670;  1 drivers
v000001e813c24e70_0 .net/s "f2", 31 0, L_000001e813b0e280;  1 drivers
v000001e813c23a70_0 .net/s "f3", 31 0, L_000001e813b0db80;  1 drivers
v000001e813c24150_0 .net/s "f4", 31 0, L_000001e813b0e600;  1 drivers
v000001e813c24fb0_0 .net/s "out_neuron_l1_1", 31 0, L_000001e813b40770;  1 drivers
v000001e813c25050_0 .net/s "out_neuron_l1_2", 31 0, L_000001e813b410a0;  1 drivers
v000001e813c232f0_0 .net/s "out_neuron_l1_3", 31 0, L_000001e813b40930;  1 drivers
v000001e813c23430_0 .net/s "out_neuron_l1_4", 31 0, L_000001e813b40b60;  1 drivers
v000001e813c23570_0 .net/s "out_neuron_l2_1", 31 0, L_000001e813b41260;  1 drivers
v000001e813c23b10_0 .net/s "out_neuron_l2_2", 31 0, L_000001e813b40bd0;  1 drivers
v000001e813c243d0_0 .net/s "out_neuron_l3_1", 31 0, L_000001e813b409a0;  1 drivers
v000001e813c236b0_0 .net/s "out_neuron_l4_1", 31 0, L_000001e813b40a10;  1 drivers
v000001e813c237f0_0 .net/s "out_neuron_l5_1", 31 0, L_000001e813b40460;  1 drivers
v000001e813c23890_0 .net/s "out_neuron_l6_1", 31 0, L_000001e813b40c40;  1 drivers
v000001e813c23bb0_0 .net/s "out_neuron_l6_2", 31 0, L_000001e813b0e440;  1 drivers
v000001e813c23cf0_0 .net/s "out_neuron_l7_1", 31 0, L_000001e813b0e4b0;  1 drivers
v000001e813c23ed0_0 .net/s "out_neuron_l7_2", 31 0, L_000001e813b0de20;  1 drivers
v000001e813c23f70_0 .net/s "out_neuron_l7_3", 31 0, L_000001e813b0e6e0;  1 drivers
v000001e813c241f0_0 .net/s "out_neuron_l7_4", 31 0, L_000001e813b0dbf0;  1 drivers
v000001e813c24470_0 .net/s "out_neuron_l8_1", 31 0, L_000001e813b0e2f0;  1 drivers
v000001e813c26710_0 .net/s "out_neuron_l8_2", 31 0, L_000001e813b0e590;  1 drivers
v000001e813c26df0_0 .net/s "out_neuron_l8_3", 31 0, L_000001e813b0e360;  1 drivers
v000001e813c276b0_0 .net/s "out_neuron_l8_4", 31 0, L_000001e813b0e1a0;  1 drivers
o000001e813bd56f8 .functor BUFZ 6, C4<zzzzzz>; HiZ drive
v000001e813c26e90_0 .net/s "w_l1_11", 5 0, o000001e813bd56f8;  0 drivers
o000001e813bd5728 .functor BUFZ 6, C4<zzzzzz>; HiZ drive
v000001e813c260d0_0 .net/s "w_l1_12", 5 0, o000001e813bd5728;  0 drivers
o000001e813bd5758 .functor BUFZ 6, C4<zzzzzz>; HiZ drive
v000001e813c26170_0 .net/s "w_l1_13", 5 0, o000001e813bd5758;  0 drivers
o000001e813bd5788 .functor BUFZ 6, C4<zzzzzz>; HiZ drive
v000001e813c259f0_0 .net/s "w_l1_14", 5 0, o000001e813bd5788;  0 drivers
o000001e813bd57b8 .functor BUFZ 6, C4<zzzzzz>; HiZ drive
v000001e813c262b0_0 .net/s "w_l1_21", 5 0, o000001e813bd57b8;  0 drivers
o000001e813bd57e8 .functor BUFZ 6, C4<zzzzzz>; HiZ drive
v000001e813c265d0_0 .net/s "w_l1_22", 5 0, o000001e813bd57e8;  0 drivers
o000001e813bd5818 .functor BUFZ 6, C4<zzzzzz>; HiZ drive
v000001e813c26990_0 .net/s "w_l1_23", 5 0, o000001e813bd5818;  0 drivers
o000001e813bd5848 .functor BUFZ 6, C4<zzzzzz>; HiZ drive
v000001e813c25c70_0 .net/s "w_l1_24", 5 0, o000001e813bd5848;  0 drivers
o000001e813bd5878 .functor BUFZ 6, C4<zzzzzz>; HiZ drive
v000001e813c25d10_0 .net/s "w_l1_31", 5 0, o000001e813bd5878;  0 drivers
o000001e813bd58a8 .functor BUFZ 6, C4<zzzzzz>; HiZ drive
v000001e813c26f30_0 .net/s "w_l1_32", 5 0, o000001e813bd58a8;  0 drivers
o000001e813bd58d8 .functor BUFZ 6, C4<zzzzzz>; HiZ drive
v000001e813c27930_0 .net/s "w_l1_33", 5 0, o000001e813bd58d8;  0 drivers
o000001e813bd5908 .functor BUFZ 6, C4<zzzzzz>; HiZ drive
v000001e813c27110_0 .net/s "w_l1_34", 5 0, o000001e813bd5908;  0 drivers
o000001e813bd5938 .functor BUFZ 6, C4<zzzzzz>; HiZ drive
v000001e813c26670_0 .net/s "w_l1_41", 5 0, o000001e813bd5938;  0 drivers
o000001e813bd5968 .functor BUFZ 6, C4<zzzzzz>; HiZ drive
v000001e813c26fd0_0 .net/s "w_l1_42", 5 0, o000001e813bd5968;  0 drivers
o000001e813bd5998 .functor BUFZ 6, C4<zzzzzz>; HiZ drive
v000001e813c25db0_0 .net/s "w_l1_43", 5 0, o000001e813bd5998;  0 drivers
o000001e813bd59c8 .functor BUFZ 6, C4<zzzzzz>; HiZ drive
v000001e813c26350_0 .net/s "w_l1_44", 5 0, o000001e813bd59c8;  0 drivers
o000001e813bd59f8 .functor BUFZ 6, C4<zzzzzz>; HiZ drive
v000001e813c27070_0 .net/s "w_l2_11", 5 0, o000001e813bd59f8;  0 drivers
o000001e813bd5a28 .functor BUFZ 6, C4<zzzzzz>; HiZ drive
v000001e813c25590_0 .net/s "w_l2_12", 5 0, o000001e813bd5a28;  0 drivers
o000001e813bd5a58 .functor BUFZ 6, C4<zzzzzz>; HiZ drive
v000001e813c25630_0 .net/s "w_l2_21", 5 0, o000001e813bd5a58;  0 drivers
o000001e813bd5a88 .functor BUFZ 6, C4<zzzzzz>; HiZ drive
v000001e813c256d0_0 .net/s "w_l2_22", 5 0, o000001e813bd5a88;  0 drivers
o000001e813bd5ab8 .functor BUFZ 6, C4<zzzzzz>; HiZ drive
v000001e813c25270_0 .net/s "w_l2_31", 5 0, o000001e813bd5ab8;  0 drivers
o000001e813bd5ae8 .functor BUFZ 6, C4<zzzzzz>; HiZ drive
v000001e813c25450_0 .net/s "w_l2_32", 5 0, o000001e813bd5ae8;  0 drivers
o000001e813bd5b18 .functor BUFZ 6, C4<zzzzzz>; HiZ drive
v000001e813c277f0_0 .net/s "w_l2_41", 5 0, o000001e813bd5b18;  0 drivers
o000001e813bd5b48 .functor BUFZ 6, C4<zzzzzz>; HiZ drive
v000001e813c25770_0 .net/s "w_l2_42", 5 0, o000001e813bd5b48;  0 drivers
o000001e813bd5b78 .functor BUFZ 6, C4<zzzzzz>; HiZ drive
v000001e813c26850_0 .net/s "w_l3_11", 5 0, o000001e813bd5b78;  0 drivers
o000001e813bd5ba8 .functor BUFZ 6, C4<zzzzzz>; HiZ drive
v000001e813c26b70_0 .net/s "w_l3_21", 5 0, o000001e813bd5ba8;  0 drivers
o000001e813bd5bd8 .functor BUFZ 6, C4<zzzzzz>; HiZ drive
v000001e813c271b0_0 .net/s "w_l4_11", 5 0, o000001e813bd5bd8;  0 drivers
o000001e813bd5c08 .functor BUFZ 6, C4<zzzzzz>; HiZ drive
v000001e813c27250_0 .net/s "w_l5_11", 5 0, o000001e813bd5c08;  0 drivers
o000001e813bd5c38 .functor BUFZ 6, C4<zzzzzz>; HiZ drive
v000001e813c26ad0_0 .net/s "w_l6_11", 5 0, o000001e813bd5c38;  0 drivers
o000001e813bd5c68 .functor BUFZ 6, C4<zzzzzz>; HiZ drive
v000001e813c27750_0 .net/s "w_l6_12", 5 0, o000001e813bd5c68;  0 drivers
o000001e813bd5c98 .functor BUFZ 6, C4<zzzzzz>; HiZ drive
v000001e813c26530_0 .net/s "w_l7_11", 5 0, o000001e813bd5c98;  0 drivers
o000001e813bd5cc8 .functor BUFZ 6, C4<zzzzzz>; HiZ drive
v000001e813c26a30_0 .net/s "w_l7_12", 5 0, o000001e813bd5cc8;  0 drivers
o000001e813bd5cf8 .functor BUFZ 6, C4<zzzzzz>; HiZ drive
v000001e813c25950_0 .net/s "w_l7_13", 5 0, o000001e813bd5cf8;  0 drivers
o000001e813bd5d28 .functor BUFZ 6, C4<zzzzzz>; HiZ drive
v000001e813c253b0_0 .net/s "w_l7_14", 5 0, o000001e813bd5d28;  0 drivers
o000001e813bd5d58 .functor BUFZ 6, C4<zzzzzz>; HiZ drive
v000001e813c27890_0 .net/s "w_l7_21", 5 0, o000001e813bd5d58;  0 drivers
o000001e813bd5d88 .functor BUFZ 6, C4<zzzzzz>; HiZ drive
v000001e813c27430_0 .net/s "w_l7_22", 5 0, o000001e813bd5d88;  0 drivers
o000001e813bd5db8 .functor BUFZ 6, C4<zzzzzz>; HiZ drive
v000001e813c272f0_0 .net/s "w_l7_23", 5 0, o000001e813bd5db8;  0 drivers
o000001e813bd5de8 .functor BUFZ 6, C4<zzzzzz>; HiZ drive
v000001e813c25f90_0 .net/s "w_l7_24", 5 0, o000001e813bd5de8;  0 drivers
o000001e813bd5e18 .functor BUFZ 6, C4<zzzzzz>; HiZ drive
v000001e813c251d0_0 .net/s "w_l8_11", 5 0, o000001e813bd5e18;  0 drivers
o000001e813bd5e48 .functor BUFZ 6, C4<zzzzzz>; HiZ drive
v000001e813c25310_0 .net/s "w_l8_12", 5 0, o000001e813bd5e48;  0 drivers
o000001e813bd5e78 .functor BUFZ 6, C4<zzzzzz>; HiZ drive
v000001e813c267b0_0 .net/s "w_l8_13", 5 0, o000001e813bd5e78;  0 drivers
o000001e813bd5ea8 .functor BUFZ 6, C4<zzzzzz>; HiZ drive
v000001e813c27390_0 .net/s "w_l8_14", 5 0, o000001e813bd5ea8;  0 drivers
o000001e813bd5ed8 .functor BUFZ 6, C4<zzzzzz>; HiZ drive
v000001e813c254f0_0 .net/s "w_l8_21", 5 0, o000001e813bd5ed8;  0 drivers
o000001e813bd5f08 .functor BUFZ 6, C4<zzzzzz>; HiZ drive
v000001e813c274d0_0 .net/s "w_l8_22", 5 0, o000001e813bd5f08;  0 drivers
o000001e813bd5f38 .functor BUFZ 6, C4<zzzzzz>; HiZ drive
v000001e813c26210_0 .net/s "w_l8_23", 5 0, o000001e813bd5f38;  0 drivers
o000001e813bd5f68 .functor BUFZ 6, C4<zzzzzz>; HiZ drive
v000001e813c263f0_0 .net/s "w_l8_24", 5 0, o000001e813bd5f68;  0 drivers
o000001e813bd5f98 .functor BUFZ 6, C4<zzzzzz>; HiZ drive
v000001e813c25a90_0 .net/s "w_l8_31", 5 0, o000001e813bd5f98;  0 drivers
o000001e813bd5fc8 .functor BUFZ 6, C4<zzzzzz>; HiZ drive
v000001e813c26490_0 .net/s "w_l8_32", 5 0, o000001e813bd5fc8;  0 drivers
o000001e813bd5ff8 .functor BUFZ 6, C4<zzzzzz>; HiZ drive
v000001e813c268f0_0 .net/s "w_l8_33", 5 0, o000001e813bd5ff8;  0 drivers
o000001e813bd6028 .functor BUFZ 6, C4<zzzzzz>; HiZ drive
v000001e813c26c10_0 .net/s "w_l8_34", 5 0, o000001e813bd6028;  0 drivers
o000001e813bd6058 .functor BUFZ 6, C4<zzzzzz>; HiZ drive
v000001e813c25e50_0 .net/s "w_l8_41", 5 0, o000001e813bd6058;  0 drivers
o000001e813bd6088 .functor BUFZ 6, C4<zzzzzz>; HiZ drive
v000001e813c25ef0_0 .net/s "w_l8_42", 5 0, o000001e813bd6088;  0 drivers
o000001e813bd60b8 .functor BUFZ 6, C4<zzzzzz>; HiZ drive
v000001e813c27570_0 .net/s "w_l8_43", 5 0, o000001e813bd60b8;  0 drivers
o000001e813bd60e8 .functor BUFZ 6, C4<zzzzzz>; HiZ drive
v000001e813c25810_0 .net/s "w_l8_44", 5 0, o000001e813bd60e8;  0 drivers
o000001e813bd6118 .functor BUFZ 6, C4<zzzzzz>; HiZ drive
v000001e813c27610_0 .net/s "x1", 5 0, o000001e813bd6118;  0 drivers
o000001e813bd6148 .functor BUFZ 6, C4<zzzzzz>; HiZ drive
v000001e813c26cb0_0 .net/s "x2", 5 0, o000001e813bd6148;  0 drivers
o000001e813bd6178 .functor BUFZ 6, C4<zzzzzz>; HiZ drive
v000001e813c258b0_0 .net/s "x3", 5 0, o000001e813bd6178;  0 drivers
o000001e813bd61a8 .functor BUFZ 6, C4<zzzzzz>; HiZ drive
v000001e813c26030_0 .net/s "x4", 5 0, o000001e813bd61a8;  0 drivers
L_000001e813c27f70 .extend/s 32, o000001e813bd6118;
L_000001e813c27d90 .extend/s 32, o000001e813bd6148;
L_000001e813c28650 .extend/s 32, o000001e813bd6178;
L_000001e813c288d0 .extend/s 32, o000001e813bd61a8;
L_000001e813c28e70 .extend/s 32, o000001e813bd56f8;
L_000001e813c28f10 .extend/s 32, o000001e813bd57b8;
L_000001e813c28010 .extend/s 32, o000001e813bd5878;
L_000001e813c28b50 .extend/s 32, o000001e813bd5938;
L_000001e813c28970 .extend/s 32, o000001e813bd52a8;
L_000001e813c27ed0 .extend/s 32, o000001e813bd6118;
L_000001e813c28fb0 .extend/s 32, o000001e813bd6148;
L_000001e813c28ab0 .extend/s 32, o000001e813bd6178;
L_000001e813c28bf0 .extend/s 32, o000001e813bd61a8;
L_000001e813c27b10 .extend/s 32, o000001e813bd5728;
L_000001e813c27a70 .extend/s 32, o000001e813bd57e8;
L_000001e813c27bb0 .extend/s 32, o000001e813bd58a8;
L_000001e813c280b0 .extend/s 32, o000001e813bd5968;
L_000001e813c28c90 .extend/s 32, o000001e813bd52d8;
L_000001e813c2c370 .extend/s 32, o000001e813bd6118;
L_000001e813c2b1f0 .extend/s 32, o000001e813bd6148;
L_000001e813c2ce10 .extend/s 32, o000001e813bd6178;
L_000001e813c2bab0 .extend/s 32, o000001e813bd61a8;
L_000001e813c2ccd0 .extend/s 32, o000001e813bd5758;
L_000001e813c2bf10 .extend/s 32, o000001e813bd5818;
L_000001e813c2b790 .extend/s 32, o000001e813bd58d8;
L_000001e813c2d6d0 .extend/s 32, o000001e813bd5998;
L_000001e813c2b470 .extend/s 32, o000001e813bd5308;
L_000001e813c2c730 .extend/s 32, o000001e813bd6118;
L_000001e813c2b510 .extend/s 32, o000001e813bd6148;
L_000001e813c2c550 .extend/s 32, o000001e813bd6178;
L_000001e813c2d3b0 .extend/s 32, o000001e813bd61a8;
L_000001e813c2c9b0 .extend/s 32, o000001e813bd5788;
L_000001e813c2d950 .extend/s 32, o000001e813bd5848;
L_000001e813c2c230 .extend/s 32, o000001e813bd5908;
L_000001e813c2c410 .extend/s 32, o000001e813bd59c8;
L_000001e813c2d130 .extend/s 32, o000001e813bd5338;
L_000001e813c2b330 .extend/s 32, o000001e813bd59f8;
L_000001e813c2c870 .extend/s 32, o000001e813bd5a58;
L_000001e813c2b290 .extend/s 32, o000001e813bd5ab8;
L_000001e813c2c690 .extend/s 32, o000001e813bd5b18;
L_000001e813c2d8b0 .extend/s 32, o000001e813bd5368;
L_000001e813c2cff0 .extend/s 32, o000001e813bd5a28;
L_000001e813c2bdd0 .extend/s 32, o000001e813bd5a88;
L_000001e813c2cb90 .extend/s 32, o000001e813bd5ae8;
L_000001e813c2d090 .extend/s 32, o000001e813bd5b48;
L_000001e813c2b6f0 .extend/s 32, o000001e813bd5398;
L_000001e813c2be70 .extend/s 32, o000001e813bd5b78;
L_000001e813c2b3d0 .extend/s 32, o000001e813bd5ba8;
L_000001e813c2b8d0 .extend/s 32, o000001e813bd53c8;
L_000001e813c2bbf0 .extend/s 32, o000001e813bd5bd8;
L_000001e813c2ec10 .extend/s 32, o000001e813bd53f8;
L_000001e813c2efd0 .extend/s 32, o000001e813bd5c08;
L_000001e813c2e210 .extend/s 32, o000001e813bd5428;
L_000001e813c2ecb0 .extend/s 32, o000001e813bd5c38;
L_000001e813c2ed50 .extend/s 32, o000001e813bd5458;
L_000001e813c2f070 .extend/s 32, o000001e813bd5c68;
L_000001e813c2e2b0 .extend/s 32, o000001e813bd5488;
L_000001e813c2e350 .extend/s 32, o000001e813bd5c98;
L_000001e813c2ddb0 .extend/s 32, o000001e813bd5d58;
L_000001e813c2dc70 .extend/s 32, o000001e813bd54b8;
L_000001e813c2ef30 .extend/s 32, o000001e813bd5cc8;
L_000001e813c2eb70 .extend/s 32, o000001e813bd5d88;
L_000001e813c2edf0 .extend/s 32, o000001e813bd54e8;
L_000001e813c2def0 .extend/s 32, o000001e813bd5cf8;
L_000001e813c2e030 .extend/s 32, o000001e813bd5db8;
L_000001e813c2e0d0 .extend/s 32, o000001e813bd5518;
L_000001e813c35400 .extend/s 32, o000001e813bd5d28;
L_000001e813c378e0 .extend/s 32, o000001e813bd5de8;
L_000001e813c37480 .extend/s 32, o000001e813bd5548;
L_000001e813c36620 .extend/s 32, o000001e813bd5e18;
L_000001e813c364e0 .extend/s 32, o000001e813bd5ed8;
L_000001e813c373e0 .extend/s 32, o000001e813bd5f98;
L_000001e813c37520 .extend/s 32, o000001e813bd6058;
L_000001e813c363a0 .extend/s 32, o000001e813bd5578;
L_000001e813c357c0 .extend/s 32, o000001e813bd5e48;
L_000001e813c37980 .extend/s 32, o000001e813bd5f08;
L_000001e813c37840 .extend/s 32, o000001e813bd5fc8;
L_000001e813c366c0 .extend/s 32, o000001e813bd6088;
L_000001e813c35ae0 .extend/s 32, o000001e813bd55a8;
L_000001e813c36080 .extend/s 32, o000001e813bd5e78;
L_000001e813c36c60 .extend/s 32, o000001e813bd5f38;
L_000001e813c36120 .extend/s 32, o000001e813bd5ff8;
L_000001e813c37700 .extend/s 32, o000001e813bd60b8;
L_000001e813c35c20 .extend/s 32, o000001e813bd55d8;
L_000001e813c369e0 .extend/s 32, o000001e813bd5ea8;
L_000001e813c36e40 .extend/s 32, o000001e813bd5f68;
L_000001e813c36a80 .extend/s 32, o000001e813bd6028;
L_000001e813c36ee0 .extend/s 32, o000001e813bd60e8;
L_000001e813c36f80 .extend/s 32, o000001e813bd5608;
S_000001e813a9af70 .scope module, "neuron_l1_1" "neuron_4input_baseline" 2 42, 3 3 0, S_000001e813aada60;
 .timescale 0 0;
    .port_info 0 /INPUT 32 "x1";
    .port_info 1 /INPUT 32 "x2";
    .port_info 2 /INPUT 32 "x3";
    .port_info 3 /INPUT 32 "x4";
    .port_info 4 /INPUT 32 "w1";
    .port_info 5 /INPUT 32 "w2";
    .port_info 6 /INPUT 32 "w3";
    .port_info 7 /INPUT 32 "w4";
    .port_info 8 /INPUT 32 "b";
    .port_info 9 /OUTPUT 32 "f";
L_000001e813b40770 .functor BUFZ 32, v000001e813b23b30_0, C4<00000000000000000000000000000000>, C4<00000000000000000000000000000000>, C4<00000000000000000000000000000000>;
v000001e813b231d0_0 .net/s "b", 31 0, L_000001e813c28970;  1 drivers
v000001e813b23090_0 .net/s "f", 31 0, L_000001e813b40770;  alias, 1 drivers
v000001e813b23f90_0 .net/s "output_before_bias", 31 0, L_000001e813c279d0;  1 drivers
v000001e813b24030_0 .net/s "output_bias", 31 0, L_000001e813c28150;  1 drivers
v000001e813b240d0_0 .net/s "output_relu", 31 0, v000001e813b23b30_0;  1 drivers
v000001e813b24b70_0 .net/s "output_x1x2", 31 0, L_000001e813c28830;  1 drivers
v000001e813b24c10_0 .net/s "output_x3x4", 31 0, L_000001e813c285b0;  1 drivers
v000001e813b23bd0_0 .net/s "w1", 31 0, L_000001e813c28e70;  1 drivers
v000001e813b236d0_0 .net/s "w1x1", 31 0, L_000001e813c25b30;  1 drivers
v000001e813b24cb0_0 .net/s "w2", 31 0, L_000001e813c28f10;  1 drivers
v000001e813b24df0_0 .net/s "w2x2", 31 0, L_000001e813c25bd0;  1 drivers
v000001e813b23130_0 .net/s "w3", 31 0, L_000001e813c28010;  1 drivers
v000001e813b23770_0 .net/s "w3x3", 31 0, L_000001e813c26d50;  1 drivers
v000001e813b23270_0 .net/s "w4", 31 0, L_000001e813c28b50;  1 drivers
v000001e813b23310_0 .net/s "w4x4", 31 0, L_000001e813c29050;  1 drivers
v000001e813b233b0_0 .net/s "x1", 31 0, L_000001e813c27f70;  1 drivers
v000001e813c0aab0_0 .net/s "x2", 31 0, L_000001e813c27d90;  1 drivers
v000001e813c09890_0 .net/s "x3", 31 0, L_000001e813c28650;  1 drivers
v000001e813c094d0_0 .net/s "x4", 31 0, L_000001e813c288d0;  1 drivers
L_000001e813c25b30 .arith/mult 32, L_000001e813c28e70, L_000001e813c27f70;
L_000001e813c25bd0 .arith/mult 32, L_000001e813c28f10, L_000001e813c27d90;
L_000001e813c26d50 .arith/mult 32, L_000001e813c28010, L_000001e813c28650;
L_000001e813c29050 .arith/mult 32, L_000001e813c28b50, L_000001e813c288d0;
L_000001e813c28830 .arith/sum 32, L_000001e813c25b30, L_000001e813c25bd0;
L_000001e813c285b0 .arith/sum 32, L_000001e813c26d50, L_000001e813c29050;
L_000001e813c279d0 .arith/sum 32, L_000001e813c28830, L_000001e813c285b0;
L_000001e813c28150 .arith/sum 32, L_000001e813c279d0, L_000001e813c28970;
S_000001e813aa4c30 .scope module, "RELU" "relu_32b4" 3 35, 4 1 0, S_000001e813a9af70;
 .timescale 0 0;
    .port_info 0 /INPUT 32 "a";
    .port_info 1 /OUTPUT 32 "b";
v000001e813b24210_0 .net/s "a", 31 0, L_000001e813c28150;  alias, 1 drivers
v000001e813b22f50_0 .net/s "b", 31 0, v000001e813b23b30_0;  alias, 1 drivers
v000001e813b23b30_0 .var/s "f", 31 0;
E_000001e813b34c80 .event anyedge, v000001e813b24210_0;
S_000001e813ab3260 .scope module, "neuron_l1_2" "neuron_4input_baseline" 2 47, 3 3 0, S_000001e813aada60;
 .timescale 0 0;
    .port_info 0 /INPUT 32 "x1";
    .port_info 1 /INPUT 32 "x2";
    .port_info 2 /INPUT 32 "x3";
    .port_info 3 /INPUT 32 "x4";
    .port_info 4 /INPUT 32 "w1";
    .port_info 5 /INPUT 32 "w2";
    .port_info 6 /INPUT 32 "w3";
    .port_info 7 /INPUT 32 "w4";
    .port_info 8 /INPUT 32 "b";
    .port_info 9 /OUTPUT 32 "f";
L_000001e813b410a0 .functor BUFZ 32, v000001e813c09430_0, C4<00000000000000000000000000000000>, C4<00000000000000000000000000000000>, C4<00000000000000000000000000000000>;
v000001e813c092f0_0 .net/s "b", 31 0, L_000001e813c28c90;  1 drivers
v000001e813c0a0b0_0 .net/s "f", 31 0, L_000001e813b410a0;  alias, 1 drivers
v000001e813c0abf0_0 .net/s "output_before_bias", 31 0, L_000001e813c281f0;  1 drivers
v000001e813c0ab50_0 .net/s "output_bias", 31 0, L_000001e813c27c50;  1 drivers
v000001e813c096b0_0 .net/s "output_relu", 31 0, v000001e813c09430_0;  1 drivers
v000001e813c0aa10_0 .net/s "output_x1x2", 31 0, L_000001e813c28790;  1 drivers
v000001e813c0a290_0 .net/s "output_x3x4", 31 0, L_000001e813c286f0;  1 drivers
v000001e813c09390_0 .net/s "w1", 31 0, L_000001e813c27b10;  1 drivers
v000001e813c09bb0_0 .net/s "w1x1", 31 0, L_000001e813c28a10;  1 drivers
v000001e813c0ac90_0 .net/s "w2", 31 0, L_000001e813c27a70;  1 drivers
v000001e813c0a6f0_0 .net/s "w2x2", 31 0, L_000001e813c27cf0;  1 drivers
v000001e813c0ad30_0 .net/s "w3", 31 0, L_000001e813c27bb0;  1 drivers
v000001e813c0a470_0 .net/s "w3x3", 31 0, L_000001e813c27e30;  1 drivers
v000001e813c0afb0_0 .net/s "w4", 31 0, L_000001e813c280b0;  1 drivers
v000001e813c097f0_0 .net/s "w4x4", 31 0, L_000001e813c28330;  1 drivers
v000001e813c09750_0 .net/s "x1", 31 0, L_000001e813c27ed0;  1 drivers
v000001e813c099d0_0 .net/s "x2", 31 0, L_000001e813c28fb0;  1 drivers
v000001e813c09a70_0 .net/s "x3", 31 0, L_000001e813c28ab0;  1 drivers
v000001e813c0a150_0 .net/s "x4", 31 0, L_000001e813c28bf0;  1 drivers
L_000001e813c28a10 .arith/mult 32, L_000001e813c27b10, L_000001e813c27ed0;
L_000001e813c27cf0 .arith/mult 32, L_000001e813c27a70, L_000001e813c28fb0;
L_000001e813c27e30 .arith/mult 32, L_000001e813c27bb0, L_000001e813c28ab0;
L_000001e813c28330 .arith/mult 32, L_000001e813c280b0, L_000001e813c28bf0;
L_000001e813c28790 .arith/sum 32, L_000001e813c28a10, L_000001e813c27cf0;
L_000001e813c286f0 .arith/sum 32, L_000001e813c27e30, L_000001e813c28330;
L_000001e813c281f0 .arith/sum 32, L_000001e813c28790, L_000001e813c286f0;
L_000001e813c27c50 .arith/sum 32, L_000001e813c281f0, L_000001e813c28c90;
S_000001e813aa4dc0 .scope module, "RELU" "relu_32b4" 3 35, 4 1 0, S_000001e813ab3260;
 .timescale 0 0;
    .port_info 0 /INPUT 32 "a";
    .port_info 1 /OUTPUT 32 "b";
v000001e813c09930_0 .net/s "a", 31 0, L_000001e813c27c50;  alias, 1 drivers
v000001e813c0a790_0 .net/s "b", 31 0, v000001e813c09430_0;  alias, 1 drivers
v000001e813c09430_0 .var/s "f", 31 0;
E_000001e813b35080 .event anyedge, v000001e813c09930_0;
S_000001e813a9ca80 .scope module, "neuron_l1_3" "neuron_4input_baseline" 2 52, 3 3 0, S_000001e813aada60;
 .timescale 0 0;
    .port_info 0 /INPUT 32 "x1";
    .port_info 1 /INPUT 32 "x2";
    .port_info 2 /INPUT 32 "x3";
    .port_info 3 /INPUT 32 "x4";
    .port_info 4 /INPUT 32 "w1";
    .port_info 5 /INPUT 32 "w2";
    .port_info 6 /INPUT 32 "w3";
    .port_info 7 /INPUT 32 "w4";
    .port_info 8 /INPUT 32 "b";
    .port_info 9 /OUTPUT 32 "f";
L_000001e813b40930 .functor BUFZ 32, v000001e813c09f70_0, C4<00000000000000000000000000000000>, C4<00000000000000000000000000000000>, C4<00000000000000000000000000000000>;
v000001e813c09c50_0 .net/s "b", 31 0, L_000001e813c2b470;  1 drivers
v000001e813c09610_0 .net/s "f", 31 0, L_000001e813b40930;  alias, 1 drivers
v000001e813c0add0_0 .net/s "output_before_bias", 31 0, L_000001e813c2cd70;  1 drivers
v000001e813c09b10_0 .net/s "output_bias", 31 0, L_000001e813c2bc90;  1 drivers
v000001e813c0a830_0 .net/s "output_relu", 31 0, v000001e813c09f70_0;  1 drivers
v000001e813c0a8d0_0 .net/s "output_x1x2", 31 0, L_000001e813c28d30;  1 drivers
v000001e813c0a970_0 .net/s "output_x3x4", 31 0, L_000001e813c28dd0;  1 drivers
v000001e813c09d90_0 .net/s "w1", 31 0, L_000001e813c2ccd0;  1 drivers
v000001e813c09cf0_0 .net/s "w1x1", 31 0, L_000001e813c28290;  1 drivers
v000001e813c0ae70_0 .net/s "w2", 31 0, L_000001e813c2bf10;  1 drivers
v000001e813c09e30_0 .net/s "w2x2", 31 0, L_000001e813c283d0;  1 drivers
v000001e813c09110_0 .net/s "w3", 31 0, L_000001e813c2b790;  1 drivers
v000001e813c091b0_0 .net/s "w3x3", 31 0, L_000001e813c28470;  1 drivers
v000001e813c0a1f0_0 .net/s "w4", 31 0, L_000001e813c2d6d0;  1 drivers
v000001e813c09ed0_0 .net/s "w4x4", 31 0, L_000001e813c28510;  1 drivers
v000001e813c0a010_0 .net/s "x1", 31 0, L_000001e813c2c370;  1 drivers
v000001e813c09250_0 .net/s "x2", 31 0, L_000001e813c2b1f0;  1 drivers
v000001e813c0a330_0 .net/s "x3", 31 0, L_000001e813c2ce10;  1 drivers
v000001e813c0a3d0_0 .net/s "x4", 31 0, L_000001e813c2bab0;  1 drivers
L_000001e813c28290 .arith/mult 32, L_000001e813c2ccd0, L_000001e813c2c370;
L_000001e813c283d0 .arith/mult 32, L_000001e813c2bf10, L_000001e813c2b1f0;
L_000001e813c28470 .arith/mult 32, L_000001e813c2b790, L_000001e813c2ce10;
L_000001e813c28510 .arith/mult 32, L_000001e813c2d6d0, L_000001e813c2bab0;
L_000001e813c28d30 .arith/sum 32, L_000001e813c28290, L_000001e813c283d0;
L_000001e813c28dd0 .arith/sum 32, L_000001e813c28470, L_000001e813c28510;
L_000001e813c2cd70 .arith/sum 32, L_000001e813c28d30, L_000001e813c28dd0;
L_000001e813c2bc90 .arith/sum 32, L_000001e813c2cd70, L_000001e813c2b470;
S_000001e813a9cc10 .scope module, "RELU" "relu_32b4" 3 35, 4 1 0, S_000001e813a9ca80;
 .timescale 0 0;
    .port_info 0 /INPUT 32 "a";
    .port_info 1 /OUTPUT 32 "b";
v000001e813c0af10_0 .net/s "a", 31 0, L_000001e813c2bc90;  alias, 1 drivers
v000001e813c09570_0 .net/s "b", 31 0, v000001e813c09f70_0;  alias, 1 drivers
v000001e813c09f70_0 .var/s "f", 31 0;
E_000001e813b34440 .event anyedge, v000001e813c0af10_0;
S_000001e813aa5ba0 .scope module, "neuron_l1_4" "neuron_4input_baseline" 2 57, 3 3 0, S_000001e813aada60;
 .timescale 0 0;
    .port_info 0 /INPUT 32 "x1";
    .port_info 1 /INPUT 32 "x2";
    .port_info 2 /INPUT 32 "x3";
    .port_info 3 /INPUT 32 "x4";
    .port_info 4 /INPUT 32 "w1";
    .port_info 5 /INPUT 32 "w2";
    .port_info 6 /INPUT 32 "w3";
    .port_info 7 /INPUT 32 "w4";
    .port_info 8 /INPUT 32 "b";
    .port_info 9 /OUTPUT 32 "f";
L_000001e813b40b60 .functor BUFZ 32, v000001e813c0a650_0, C4<00000000000000000000000000000000>, C4<00000000000000000000000000000000>, C4<00000000000000000000000000000000>;
v000001e813c0dbd0_0 .net/s "b", 31 0, L_000001e813c2d130;  1 drivers
v000001e813c0e490_0 .net/s "f", 31 0, L_000001e813b40b60;  alias, 1 drivers
v000001e813c0d6d0_0 .net/s "output_before_bias", 31 0, L_000001e813c2cc30;  1 drivers
v000001e813c0d810_0 .net/s "output_bias", 31 0, L_000001e813c2c190;  1 drivers
v000001e813c0da90_0 .net/s "output_relu", 31 0, v000001e813c0a650_0;  1 drivers
v000001e813c0ee90_0 .net/s "output_x1x2", 31 0, L_000001e813c2cf50;  1 drivers
v000001e813c0d770_0 .net/s "output_x3x4", 31 0, L_000001e813c2d4f0;  1 drivers
v000001e813c0e3f0_0 .net/s "w1", 31 0, L_000001e813c2c9b0;  1 drivers
v000001e813c0ea30_0 .net/s "w1x1", 31 0, L_000001e813c2d450;  1 drivers
v000001e813c0ead0_0 .net/s "w2", 31 0, L_000001e813c2d950;  1 drivers
v000001e813c0e530_0 .net/s "w2x2", 31 0, L_000001e813c2bfb0;  1 drivers
v000001e813c0e850_0 .net/s "w3", 31 0, L_000001e813c2c230;  1 drivers
v000001e813c0eb70_0 .net/s "w3x3", 31 0, L_000001e813c2caf0;  1 drivers
v000001e813c0e710_0 .net/s "w4", 31 0, L_000001e813c2c410;  1 drivers
v000001e813c0ec10_0 .net/s "w4x4", 31 0, L_000001e813c2ceb0;  1 drivers
v000001e813c0e5d0_0 .net/s "x1", 31 0, L_000001e813c2c730;  1 drivers
v000001e813c0efd0_0 .net/s "x2", 31 0, L_000001e813c2b510;  1 drivers
v000001e813c0e7b0_0 .net/s "x3", 31 0, L_000001e813c2c550;  1 drivers
v000001e813c0d590_0 .net/s "x4", 31 0, L_000001e813c2d3b0;  1 drivers
L_000001e813c2d450 .arith/mult 32, L_000001e813c2c9b0, L_000001e813c2c730;
L_000001e813c2bfb0 .arith/mult 32, L_000001e813c2d950, L_000001e813c2b510;
L_000001e813c2caf0 .arith/mult 32, L_000001e813c2c230, L_000001e813c2c550;
L_000001e813c2ceb0 .arith/mult 32, L_000001e813c2c410, L_000001e813c2d3b0;
L_000001e813c2cf50 .arith/sum 32, L_000001e813c2d450, L_000001e813c2bfb0;
L_000001e813c2d4f0 .arith/sum 32, L_000001e813c2caf0, L_000001e813c2ceb0;
L_000001e813c2cc30 .arith/sum 32, L_000001e813c2cf50, L_000001e813c2d4f0;
L_000001e813c2c190 .arith/sum 32, L_000001e813c2cc30, L_000001e813c2d130;
S_000001e813aa5d30 .scope module, "RELU" "relu_32b4" 3 35, 4 1 0, S_000001e813aa5ba0;
 .timescale 0 0;
    .port_info 0 /INPUT 32 "a";
    .port_info 1 /OUTPUT 32 "b";
v000001e813c0a510_0 .net/s "a", 31 0, L_000001e813c2c190;  alias, 1 drivers
v000001e813c0a5b0_0 .net/s "b", 31 0, v000001e813c0a650_0;  alias, 1 drivers
v000001e813c0a650_0 .var/s "f", 31 0;
E_000001e813b34580 .event anyedge, v000001e813c0a510_0;
S_000001e813aa8160 .scope module, "neuron_l2_1" "neuron_4input_baseline" 2 63, 3 3 0, S_000001e813aada60;
 .timescale 0 0;
    .port_info 0 /INPUT 32 "x1";
    .port_info 1 /INPUT 32 "x2";
    .port_info 2 /INPUT 32 "x3";
    .port_info 3 /INPUT 32 "x4";
    .port_info 4 /INPUT 32 "w1";
    .port_info 5 /INPUT 32 "w2";
    .port_info 6 /INPUT 32 "w3";
    .port_info 7 /INPUT 32 "w4";
    .port_info 8 /INPUT 32 "b";
    .port_info 9 /OUTPUT 32 "f";
L_000001e813b41260 .functor BUFZ 32, v000001e813c0db30_0, C4<00000000000000000000000000000000>, C4<00000000000000000000000000000000>, C4<00000000000000000000000000000000>;
v000001e813c0ddb0_0 .net/s "b", 31 0, L_000001e813c2d8b0;  1 drivers
v000001e813c0d8b0_0 .net/s "f", 31 0, L_000001e813b41260;  alias, 1 drivers
v000001e813c0dc70_0 .net/s "output_before_bias", 31 0, L_000001e813c2c5f0;  1 drivers
v000001e813c0d630_0 .net/s "output_bias", 31 0, L_000001e813c2b5b0;  1 drivers
v000001e813c0d950_0 .net/s "output_relu", 31 0, v000001e813c0db30_0;  1 drivers
v000001e813c0ef30_0 .net/s "output_x1x2", 31 0, L_000001e813c2d1d0;  1 drivers
v000001e813c0dd10_0 .net/s "output_x3x4", 31 0, L_000001e813c2c2d0;  1 drivers
v000001e813c0e670_0 .net/s "w1", 31 0, L_000001e813c2b330;  1 drivers
v000001e813c0e350_0 .net/s "w1x1", 31 0, L_000001e813c2bb50;  1 drivers
v000001e813c0e990_0 .net/s "w2", 31 0, L_000001e813c2c870;  1 drivers
v000001e813c0ecb0_0 .net/s "w2x2", 31 0, L_000001e813c2c050;  1 drivers
v000001e813c0d9f0_0 .net/s "w3", 31 0, L_000001e813c2b290;  1 drivers
v000001e813c0de50_0 .net/s "w3x3", 31 0, L_000001e813c2bd30;  1 drivers
v000001e813c0e2b0_0 .net/s "w4", 31 0, L_000001e813c2c690;  1 drivers
v000001e813c0def0_0 .net/s "w4x4", 31 0, L_000001e813c2d590;  1 drivers
v000001e813c0ed50_0 .net/s "x1", 31 0, L_000001e813b40770;  alias, 1 drivers
v000001e813c0edf0_0 .net/s "x2", 31 0, L_000001e813b410a0;  alias, 1 drivers
v000001e813c0df90_0 .net/s "x3", 31 0, L_000001e813b40930;  alias, 1 drivers
v000001e813c0e210_0 .net/s "x4", 31 0, L_000001e813b40b60;  alias, 1 drivers
L_000001e813c2bb50 .arith/mult 32, L_000001e813c2b330, L_000001e813b40770;
L_000001e813c2c050 .arith/mult 32, L_000001e813c2c870, L_000001e813b410a0;
L_000001e813c2bd30 .arith/mult 32, L_000001e813c2b290, L_000001e813b40930;
L_000001e813c2d590 .arith/mult 32, L_000001e813c2c690, L_000001e813b40b60;
L_000001e813c2d1d0 .arith/sum 32, L_000001e813c2bb50, L_000001e813c2c050;
L_000001e813c2c2d0 .arith/sum 32, L_000001e813c2bd30, L_000001e813c2d590;
L_000001e813c2c5f0 .arith/sum 32, L_000001e813c2d1d0, L_000001e813c2c2d0;
L_000001e813c2b5b0 .arith/sum 32, L_000001e813c2c5f0, L_000001e813c2d8b0;
S_000001e813aa82f0 .scope module, "RELU" "relu_32b4" 3 35, 4 1 0, S_000001e813aa8160;
 .timescale 0 0;
    .port_info 0 /INPUT 32 "a";
    .port_info 1 /OUTPUT 32 "b";
v000001e813c0e8f0_0 .net/s "a", 31 0, L_000001e813c2b5b0;  alias, 1 drivers
v000001e813c0e170_0 .net/s "b", 31 0, v000001e813c0db30_0;  alias, 1 drivers
v000001e813c0db30_0 .var/s "f", 31 0;
E_000001e813b351c0 .event anyedge, v000001e813c0e8f0_0;
S_000001e813bc6b60 .scope module, "neuron_l2_2" "neuron_4input_baseline" 2 68, 3 3 0, S_000001e813aada60;
 .timescale 0 0;
    .port_info 0 /INPUT 32 "x1";
    .port_info 1 /INPUT 32 "x2";
    .port_info 2 /INPUT 32 "x3";
    .port_info 3 /INPUT 32 "x4";
    .port_info 4 /INPUT 32 "w1";
    .port_info 5 /INPUT 32 "w2";
    .port_info 6 /INPUT 32 "w3";
    .port_info 7 /INPUT 32 "w4";
    .port_info 8 /INPUT 32 "b";
    .port_info 9 /OUTPUT 32 "f";
L_000001e813b40bd0 .functor BUFZ 32, v000001e813c0d130_0, C4<00000000000000000000000000000000>, C4<00000000000000000000000000000000>, C4<00000000000000000000000000000000>;
v000001e813c0d1d0_0 .net/s "b", 31 0, L_000001e813c2b6f0;  1 drivers
v000001e813c0d270_0 .net/s "f", 31 0, L_000001e813b40bd0;  alias, 1 drivers
v000001e813c0d310_0 .net/s "output_before_bias", 31 0, L_000001e813c2b650;  1 drivers
v000001e813c0d3b0_0 .net/s "output_bias", 31 0, L_000001e813c2d770;  1 drivers
v000001e813c0d450_0 .net/s "output_relu", 31 0, v000001e813c0d130_0;  1 drivers
v000001e813c0d4f0_0 .net/s "output_x1x2", 31 0, L_000001e813c2c4b0;  1 drivers
v000001e813c18eb0_0 .net/s "output_x3x4", 31 0, L_000001e813c2d270;  1 drivers
v000001e813c17bf0_0 .net/s "w1", 31 0, L_000001e813c2cff0;  1 drivers
v000001e813c18230_0 .net/s "w1x1", 31 0, L_000001e813c2c7d0;  1 drivers
v000001e813c17dd0_0 .net/s "w2", 31 0, L_000001e813c2bdd0;  1 drivers
v000001e813c17470_0 .net/s "w2x2", 31 0, L_000001e813c2c910;  1 drivers
v000001e813c18a50_0 .net/s "w3", 31 0, L_000001e813c2cb90;  1 drivers
v000001e813c173d0_0 .net/s "w3x3", 31 0, L_000001e813c2ca50;  1 drivers
v000001e813c17830_0 .net/s "w4", 31 0, L_000001e813c2d090;  1 drivers
v000001e813c18d70_0 .net/s "w4x4", 31 0, L_000001e813c2c0f0;  1 drivers
v000001e813c176f0_0 .net/s "x1", 31 0, L_000001e813b40770;  alias, 1 drivers
v000001e813c187d0_0 .net/s "x2", 31 0, L_000001e813b410a0;  alias, 1 drivers
v000001e813c182d0_0 .net/s "x3", 31 0, L_000001e813b40930;  alias, 1 drivers
v000001e813c17e70_0 .net/s "x4", 31 0, L_000001e813b40b60;  alias, 1 drivers
L_000001e813c2c7d0 .arith/mult 32, L_000001e813c2cff0, L_000001e813b40770;
L_000001e813c2c910 .arith/mult 32, L_000001e813c2bdd0, L_000001e813b410a0;
L_000001e813c2ca50 .arith/mult 32, L_000001e813c2cb90, L_000001e813b40930;
L_000001e813c2c0f0 .arith/mult 32, L_000001e813c2d090, L_000001e813b40b60;
L_000001e813c2c4b0 .arith/sum 32, L_000001e813c2c7d0, L_000001e813c2c910;
L_000001e813c2d270 .arith/sum 32, L_000001e813c2ca50, L_000001e813c2c0f0;
L_000001e813c2b650 .arith/sum 32, L_000001e813c2c4b0, L_000001e813c2d270;
L_000001e813c2d770 .arith/sum 32, L_000001e813c2b650, L_000001e813c2b6f0;
S_000001e813bc6cf0 .scope module, "RELU" "relu_32b4" 3 35, 4 1 0, S_000001e813bc6b60;
 .timescale 0 0;
    .port_info 0 /INPUT 32 "a";
    .port_info 1 /OUTPUT 32 "b";
v000001e813c0e030_0 .net/s "a", 31 0, L_000001e813c2d770;  alias, 1 drivers
v000001e813c0e0d0_0 .net/s "b", 31 0, v000001e813c0d130_0;  alias, 1 drivers
v000001e813c0d130_0 .var/s "f", 31 0;
E_000001e813b35200 .event anyedge, v000001e813c0e030_0;
S_000001e813bc6e80 .scope module, "neuron_l3_1" "neuron_2input_baseline" 2 74, 5 3 0, S_000001e813aada60;
 .timescale 0 0;
    .port_info 0 /INPUT 32 "x1";
    .port_info 1 /INPUT 32 "x2";
    .port_info 2 /INPUT 32 "w1";
    .port_info 3 /INPUT 32 "w2";
    .port_info 4 /INPUT 32 "b";
    .port_info 5 /OUTPUT 32 "f";
L_000001e813b409a0 .functor BUFZ 32, v000001e813c18870_0, C4<00000000000000000000000000000000>, C4<00000000000000000000000000000000>, C4<00000000000000000000000000000000>;
v000001e813c17790_0 .net/s "b", 31 0, L_000001e813c2b8d0;  1 drivers
v000001e813c17290_0 .net/s "f", 31 0, L_000001e813b409a0;  alias, 1 drivers
v000001e813c18ff0_0 .net/s "output_before_bias", 31 0, L_000001e813c2d630;  1 drivers
v000001e813c18730_0 .net/s "output_bias", 31 0, L_000001e813c2d810;  1 drivers
v000001e813c175b0_0 .net/s "output_relu", 31 0, v000001e813c18870_0;  1 drivers
v000001e813c180f0_0 .net/s "w1", 31 0, L_000001e813c2be70;  1 drivers
v000001e813c18190_0 .net/s "w1x1", 31 0, L_000001e813c2b830;  1 drivers
v000001e813c17150_0 .net/s "w2", 31 0, L_000001e813c2b3d0;  1 drivers
v000001e813c17510_0 .net/s "w2x2", 31 0, L_000001e813c2d310;  1 drivers
v000001e813c17d30_0 .net/s "x1", 31 0, L_000001e813b41260;  alias, 1 drivers
v000001e813c17ab0_0 .net/s "x2", 31 0, L_000001e813b40bd0;  alias, 1 drivers
L_000001e813c2b830 .arith/mult 32, L_000001e813c2be70, L_000001e813b41260;
L_000001e813c2d310 .arith/mult 32, L_000001e813c2b3d0, L_000001e813b40bd0;
L_000001e813c2d630 .arith/sum 32, L_000001e813c2b830, L_000001e813c2d310;
L_000001e813c2d810 .arith/sum 32, L_000001e813c2d630, L_000001e813c2b8d0;
S_000001e813aafd20 .scope module, "RELU" "relu_32b2" 5 26, 6 1 0, S_000001e813bc6e80;
 .timescale 0 0;
    .port_info 0 /INPUT 32 "a";
    .port_info 1 /OUTPUT 32 "b";
v000001e813c178d0_0 .net/s "a", 31 0, L_000001e813c2d810;  alias, 1 drivers
v000001e813c17330_0 .net/s "b", 31 0, v000001e813c18870_0;  alias, 1 drivers
v000001e813c18870_0 .var/s "f", 31 0;
E_000001e813b35240 .event anyedge, v000001e813c178d0_0;
S_000001e813aafeb0 .scope module, "neuron_l4_1" "neuron_1input_baseline" 2 80, 7 3 0, S_000001e813aada60;
 .timescale 0 0;
    .port_info 0 /INPUT 32 "x1";
    .port_info 1 /INPUT 32 "w1";
    .port_info 2 /INPUT 32 "b";
    .port_info 3 /OUTPUT 32 "f";
L_000001e813b40a10 .functor BUFZ 32, v000001e813c18af0_0, C4<00000000000000000000000000000000>, C4<00000000000000000000000000000000>, C4<00000000000000000000000000000000>;
v000001e813c17970_0 .net/s "b", 31 0, L_000001e813c2ec10;  1 drivers
v000001e813c18910_0 .net/s "f", 31 0, L_000001e813b40a10;  alias, 1 drivers
v000001e813c17f10_0 .net/s "output_bias", 31 0, L_000001e813c2ba10;  1 drivers
v000001e813c17c90_0 .net/s "output_relu", 31 0, v000001e813c18af0_0;  1 drivers
v000001e813c18e10_0 .net/s "w1", 31 0, L_000001e813c2bbf0;  1 drivers
v000001e813c17fb0_0 .net/s "w1x1", 31 0, L_000001e813c2b970;  1 drivers
v000001e813c17a10_0 .net/s "x1", 31 0, L_000001e813b409a0;  alias, 1 drivers
L_000001e813c2b970 .arith/mult 32, L_000001e813c2bbf0, L_000001e813b409a0;
L_000001e813c2ba10 .arith/sum 32, L_000001e813c2b970, L_000001e813c2ec10;
S_000001e813ab0040 .scope module, "RELU" "relu_32b1" 7 21, 8 1 0, S_000001e813aafeb0;
 .timescale 0 0;
    .port_info 0 /INPUT 32 "a";
    .port_info 1 /OUTPUT 32 "b";
v000001e813c17650_0 .net/s "a", 31 0, L_000001e813c2ba10;  alias, 1 drivers
v000001e813c18cd0_0 .net/s "b", 31 0, v000001e813c18af0_0;  alias, 1 drivers
v000001e813c18af0_0 .var/s "f", 31 0;
E_000001e813b34f00 .event anyedge, v000001e813c17650_0;
S_000001e813b4dc20 .scope module, "neuron_l5_1" "neuron_1input_baseline" 2 86, 7 3 0, S_000001e813aada60;
 .timescale 0 0;
    .port_info 0 /INPUT 32 "x1";
    .port_info 1 /INPUT 32 "w1";
    .port_info 2 /INPUT 32 "b";
    .port_info 3 /OUTPUT 32 "f";
L_000001e813b40460 .functor BUFZ 32, v000001e813c171f0_0, C4<00000000000000000000000000000000>, C4<00000000000000000000000000000000>, C4<00000000000000000000000000000000>;
v000001e813c18f50_0 .net/s "b", 31 0, L_000001e813c2e210;  1 drivers
v000001e813c18370_0 .net/s "f", 31 0, L_000001e813b40460;  alias, 1 drivers
v000001e813c18410_0 .net/s "output_bias", 31 0, L_000001e813c2e990;  1 drivers
v000001e813c184b0_0 .net/s "output_relu", 31 0, v000001e813c171f0_0;  1 drivers
v000001e813c18550_0 .net/s "w1", 31 0, L_000001e813c2efd0;  1 drivers
v000001e813c185f0_0 .net/s "w1x1", 31 0, L_000001e813c2e710;  1 drivers
v000001e813c18690_0 .net/s "x1", 31 0, L_000001e813b40a10;  alias, 1 drivers
L_000001e813c2e710 .arith/mult 32, L_000001e813c2efd0, L_000001e813b40a10;
L_000001e813c2e990 .arith/sum 32, L_000001e813c2e710, L_000001e813c2e210;
S_000001e813b4e0d0 .scope module, "RELU" "relu_32b1" 7 21, 8 1 0, S_000001e813b4dc20;
 .timescale 0 0;
    .port_info 0 /INPUT 32 "a";
    .port_info 1 /OUTPUT 32 "b";
v000001e813c17b50_0 .net/s "a", 31 0, L_000001e813c2e990;  alias, 1 drivers
v000001e813c18050_0 .net/s "b", 31 0, v000001e813c171f0_0;  alias, 1 drivers
v000001e813c171f0_0 .var/s "f", 31 0;
E_000001e813b34880 .event anyedge, v000001e813c17b50_0;
S_000001e813b4ddb0 .scope module, "neuron_l6_1" "neuron_1input_baseline" 2 92, 7 3 0, S_000001e813aada60;
 .timescale 0 0;
    .port_info 0 /INPUT 32 "x1";
    .port_info 1 /INPUT 32 "w1";
    .port_info 2 /INPUT 32 "b";
    .port_info 3 /OUTPUT 32 "f";
L_000001e813b40c40 .functor BUFZ 32, v000001e813c18c30_0, C4<00000000000000000000000000000000>, C4<00000000000000000000000000000000>, C4<00000000000000000000000000000000>;
v000001e813c1b3f0_0 .net/s "b", 31 0, L_000001e813c2ed50;  1 drivers
v000001e813c1b530_0 .net/s "f", 31 0, L_000001e813b40c40;  alias, 1 drivers
v000001e813c1bc10_0 .net/s "output_bias", 31 0, L_000001e813c2e670;  1 drivers
v000001e813c1bad0_0 .net/s "output_relu", 31 0, v000001e813c18c30_0;  1 drivers
v000001e813c1bdf0_0 .net/s "w1", 31 0, L_000001e813c2ecb0;  1 drivers
v000001e813c1b490_0 .net/s "w1x1", 31 0, L_000001e813c2dbd0;  1 drivers
v000001e813c1c2f0_0 .net/s "x1", 31 0, L_000001e813b40460;  alias, 1 drivers
L_000001e813c2dbd0 .arith/mult 32, L_000001e813c2ecb0, L_000001e813b40460;
L_000001e813c2e670 .arith/sum 32, L_000001e813c2dbd0, L_000001e813c2ed50;
S_000001e813b4d900 .scope module, "RELU" "relu_32b1" 7 21, 8 1 0, S_000001e813b4ddb0;
 .timescale 0 0;
    .port_info 0 /INPUT 32 "a";
    .port_info 1 /OUTPUT 32 "b";
v000001e813c189b0_0 .net/s "a", 31 0, L_000001e813c2e670;  alias, 1 drivers
v000001e813c18b90_0 .net/s "b", 31 0, v000001e813c18c30_0;  alias, 1 drivers
v000001e813c18c30_0 .var/s "f", 31 0;
E_000001e813b34ac0 .event anyedge, v000001e813c189b0_0;
S_000001e813b4e260 .scope module, "neuron_l6_2" "neuron_1input_baseline" 2 97, 7 3 0, S_000001e813aada60;
 .timescale 0 0;
    .port_info 0 /INPUT 32 "x1";
    .port_info 1 /INPUT 32 "w1";
    .port_info 2 /INPUT 32 "b";
    .port_info 3 /OUTPUT 32 "f";
L_000001e813b0e440 .functor BUFZ 32, v000001e813c1b850_0, C4<00000000000000000000000000000000>, C4<00000000000000000000000000000000>, C4<00000000000000000000000000000000>;
v000001e813c1ced0_0 .net/s "b", 31 0, L_000001e813c2e2b0;  1 drivers
v000001e813c1bcb0_0 .net/s "f", 31 0, L_000001e813b0e440;  alias, 1 drivers
v000001e813c1cbb0_0 .net/s "output_bias", 31 0, L_000001e813c2ea30;  1 drivers
v000001e813c1c390_0 .net/s "output_relu", 31 0, v000001e813c1b850_0;  1 drivers
v000001e813c1b350_0 .net/s "w1", 31 0, L_000001e813c2f070;  1 drivers
v000001e813c1c890_0 .net/s "w1x1", 31 0, L_000001e813c2e3f0;  1 drivers
v000001e813c1cb10_0 .net/s "x1", 31 0, L_000001e813b40460;  alias, 1 drivers
L_000001e813c2e3f0 .arith/mult 32, L_000001e813c2f070, L_000001e813b40460;
L_000001e813c2ea30 .arith/sum 32, L_000001e813c2e3f0, L_000001e813c2e2b0;
S_000001e813b4df40 .scope module, "RELU" "relu_32b1" 7 21, 8 1 0, S_000001e813b4e260;
 .timescale 0 0;
    .port_info 0 /INPUT 32 "a";
    .port_info 1 /OUTPUT 32 "b";
v000001e813c1c250_0 .net/s "a", 31 0, L_000001e813c2ea30;  alias, 1 drivers
v000001e813c1b710_0 .net/s "b", 31 0, v000001e813c1b850_0;  alias, 1 drivers
v000001e813c1b850_0 .var/s "f", 31 0;
E_000001e813b346c0 .event anyedge, v000001e813c1c250_0;
S_000001e813b4d450 .scope module, "neuron_l7_1" "neuron_2input_baseline" 2 103, 5 3 0, S_000001e813aada60;
 .timescale 0 0;
    .port_info 0 /INPUT 32 "x1";
    .port_info 1 /INPUT 32 "x2";
    .port_info 2 /INPUT 32 "w1";
    .port_info 3 /INPUT 32 "w2";
    .port_info 4 /INPUT 32 "b";
    .port_info 5 /OUTPUT 32 "f";
L_000001e813b0e4b0 .functor BUFZ 32, v000001e813c1c110_0, C4<00000000000000000000000000000000>, C4<00000000000000000000000000000000>, C4<00000000000000000000000000000000>;
v000001e813c1bb70_0 .net/s "b", 31 0, L_000001e813c2dc70;  1 drivers
v000001e813c1ba30_0 .net/s "f", 31 0, L_000001e813b0e4b0;  alias, 1 drivers
v000001e813c1c430_0 .net/s "output_before_bias", 31 0, L_000001e813c2e850;  1 drivers
v000001e813c1c930_0 .net/s "output_bias", 31 0, L_000001e813c2d9f0;  1 drivers
v000001e813c1b8f0_0 .net/s "output_relu", 31 0, v000001e813c1c110_0;  1 drivers
v000001e813c1b670_0 .net/s "w1", 31 0, L_000001e813c2e350;  1 drivers
v000001e813c1b7b0_0 .net/s "w1x1", 31 0, L_000001e813c2e8f0;  1 drivers
v000001e813c1be90_0 .net/s "w2", 31 0, L_000001e813c2ddb0;  1 drivers
v000001e813c1cc50_0 .net/s "w2x2", 31 0, L_000001e813c2de50;  1 drivers
v000001e813c1c9d0_0 .net/s "x1", 31 0, L_000001e813b40c40;  alias, 1 drivers
v000001e813c1cd90_0 .net/s "x2", 31 0, L_000001e813b0e440;  alias, 1 drivers
L_000001e813c2e8f0 .arith/mult 32, L_000001e813c2e350, L_000001e813b40c40;
L_000001e813c2de50 .arith/mult 32, L_000001e813c2ddb0, L_000001e813b0e440;
L_000001e813c2e850 .arith/sum 32, L_000001e813c2e8f0, L_000001e813c2de50;
L_000001e813c2d9f0 .arith/sum 32, L_000001e813c2e850, L_000001e813c2dc70;
S_000001e813b4d5e0 .scope module, "RELU" "relu_32b2" 5 26, 6 1 0, S_000001e813b4d450;
 .timescale 0 0;
    .port_info 0 /INPUT 32 "a";
    .port_info 1 /OUTPUT 32 "b";
v000001e813c1b5d0_0 .net/s "a", 31 0, L_000001e813c2d9f0;  alias, 1 drivers
v000001e813c1c570_0 .net/s "b", 31 0, v000001e813c1c110_0;  alias, 1 drivers
v000001e813c1c110_0 .var/s "f", 31 0;
E_000001e813b34e00 .event anyedge, v000001e813c1b5d0_0;
S_000001e813b4d770 .scope module, "neuron_l7_2" "neuron_2input_baseline" 2 108, 5 3 0, S_000001e813aada60;
 .timescale 0 0;
    .port_info 0 /INPUT 32 "x1";
    .port_info 1 /INPUT 32 "x2";
    .port_info 2 /INPUT 32 "w1";
    .port_info 3 /INPUT 32 "w2";
    .port_info 4 /INPUT 32 "b";
    .port_info 5 /OUTPUT 32 "f";
L_000001e813b0de20 .functor BUFZ 32, v000001e813c1ccf0_0, C4<00000000000000000000000000000000>, C4<00000000000000000000000000000000>, C4<00000000000000000000000000000000>;
v000001e813c1bd50_0 .net/s "b", 31 0, L_000001e813c2edf0;  1 drivers
v000001e813c1b170_0 .net/s "f", 31 0, L_000001e813b0de20;  alias, 1 drivers
v000001e813c1bf30_0 .net/s "output_before_bias", 31 0, L_000001e813c2e490;  1 drivers
v000001e813c1c610_0 .net/s "output_bias", 31 0, L_000001e813c2df90;  1 drivers
v000001e813c1bfd0_0 .net/s "output_relu", 31 0, v000001e813c1ccf0_0;  1 drivers
v000001e813c1b210_0 .net/s "w1", 31 0, L_000001e813c2ef30;  1 drivers
v000001e813c1c6b0_0 .net/s "w1x1", 31 0, L_000001e813c2da90;  1 drivers
v000001e813c1c4d0_0 .net/s "w2", 31 0, L_000001e813c2eb70;  1 drivers
v000001e813c1c750_0 .net/s "w2x2", 31 0, L_000001e813c2ee90;  1 drivers
v000001e813c1c070_0 .net/s "x1", 31 0, L_000001e813b40c40;  alias, 1 drivers
v000001e813c1c7f0_0 .net/s "x2", 31 0, L_000001e813b0e440;  alias, 1 drivers
L_000001e813c2da90 .arith/mult 32, L_000001e813c2ef30, L_000001e813b40c40;
L_000001e813c2ee90 .arith/mult 32, L_000001e813c2eb70, L_000001e813b0e440;
L_000001e813c2e490 .arith/sum 32, L_000001e813c2da90, L_000001e813c2ee90;
L_000001e813c2df90 .arith/sum 32, L_000001e813c2e490, L_000001e813c2edf0;
S_000001e813b4da90 .scope module, "RELU" "relu_32b2" 5 26, 6 1 0, S_000001e813b4d770;
 .timescale 0 0;
    .port_info 0 /INPUT 32 "a";
    .port_info 1 /OUTPUT 32 "b";
v000001e813c1ca70_0 .net/s "a", 31 0, L_000001e813c2df90;  alias, 1 drivers
v000001e813c1b990_0 .net/s "b", 31 0, v000001e813c1ccf0_0;  alias, 1 drivers
v000001e813c1ccf0_0 .var/s "f", 31 0;
E_000001e813b35280 .event anyedge, v000001e813c1ca70_0;
S_000001e813c1e760 .scope module, "neuron_l7_3" "neuron_2input_baseline" 2 113, 5 3 0, S_000001e813aada60;
 .timescale 0 0;
    .port_info 0 /INPUT 32 "x1";
    .port_info 1 /INPUT 32 "x2";
    .port_info 2 /INPUT 32 "w1";
    .port_info 3 /INPUT 32 "w2";
    .port_info 4 /INPUT 32 "b";
    .port_info 5 /OUTPUT 32 "f";
L_000001e813b0e6e0 .functor BUFZ 32, v000001e813c1cf70_0, C4<00000000000000000000000000000000>, C4<00000000000000000000000000000000>, C4<00000000000000000000000000000000>;
v000001e813c1d010_0 .net/s "b", 31 0, L_000001e813c2e0d0;  1 drivers
v000001e813c1b2b0_0 .net/s "f", 31 0, L_000001e813b0e6e0;  alias, 1 drivers
v000001e813c20e50_0 .net/s "output_before_bias", 31 0, L_000001e813c2e530;  1 drivers
v000001e813c1f550_0 .net/s "output_bias", 31 0, L_000001e813c2dd10;  1 drivers
v000001e813c1f910_0 .net/s "output_relu", 31 0, v000001e813c1cf70_0;  1 drivers
v000001e813c1fc30_0 .net/s "w1", 31 0, L_000001e813c2def0;  1 drivers
v000001e813c20d10_0 .net/s "w1x1", 31 0, L_000001e813c2db30;  1 drivers
v000001e813c1f9b0_0 .net/s "w2", 31 0, L_000001e813c2e030;  1 drivers
v000001e813c1feb0_0 .net/s "w2x2", 31 0, L_000001e813c2ead0;  1 drivers
v000001e813c20130_0 .net/s "x1", 31 0, L_000001e813b40c40;  alias, 1 drivers
v000001e813c20810_0 .net/s "x2", 31 0, L_000001e813b0e440;  alias, 1 drivers
L_000001e813c2db30 .arith/mult 32, L_000001e813c2def0, L_000001e813b40c40;
L_000001e813c2ead0 .arith/mult 32, L_000001e813c2e030, L_000001e813b0e440;
L_000001e813c2e530 .arith/sum 32, L_000001e813c2db30, L_000001e813c2ead0;
L_000001e813c2dd10 .arith/sum 32, L_000001e813c2e530, L_000001e813c2e0d0;
S_000001e813c1ef30 .scope module, "RELU" "relu_32b2" 5 26, 6 1 0, S_000001e813c1e760;
 .timescale 0 0;
    .port_info 0 /INPUT 32 "a";
    .port_info 1 /OUTPUT 32 "b";
v000001e813c1c1b0_0 .net/s "a", 31 0, L_000001e813c2dd10;  alias, 1 drivers
v000001e813c1ce30_0 .net/s "b", 31 0, v000001e813c1cf70_0;  alias, 1 drivers
v000001e813c1cf70_0 .var/s "f", 31 0;
E_000001e813b35000 .event anyedge, v000001e813c1c1b0_0;
S_000001e813c1e8f0 .scope module, "neuron_l7_4" "neuron_2input_baseline" 2 118, 5 3 0, S_000001e813aada60;
 .timescale 0 0;
    .port_info 0 /INPUT 32 "x1";
    .port_info 1 /INPUT 32 "x2";
    .port_info 2 /INPUT 32 "w1";
    .port_info 3 /INPUT 32 "w2";
    .port_info 4 /INPUT 32 "b";
    .port_info 5 /OUTPUT 32 "f";
L_000001e813b0dbf0 .functor BUFZ 32, v000001e813c1fff0_0, C4<00000000000000000000000000000000>, C4<00000000000000000000000000000000>, C4<00000000000000000000000000000000>;
v000001e813c20590_0 .net/s "b", 31 0, L_000001e813c37480;  1 drivers
v000001e813c1f4b0_0 .net/s "f", 31 0, L_000001e813b0dbf0;  alias, 1 drivers
v000001e813c20770_0 .net/s "output_before_bias", 31 0, L_000001e813c2e5d0;  1 drivers
v000001e813c21030_0 .net/s "output_bias", 31 0, L_000001e813c377a0;  1 drivers
v000001e813c1fe10_0 .net/s "output_relu", 31 0, v000001e813c1fff0_0;  1 drivers
v000001e813c20090_0 .net/s "w1", 31 0, L_000001e813c35400;  1 drivers
v000001e813c20db0_0 .net/s "w1x1", 31 0, L_000001e813c2e170;  1 drivers
v000001e813c1ff50_0 .net/s "w2", 31 0, L_000001e813c378e0;  1 drivers
v000001e813c1fb90_0 .net/s "w2x2", 31 0, L_000001e813c2e7b0;  1 drivers
v000001e813c1fa50_0 .net/s "x1", 31 0, L_000001e813b40c40;  alias, 1 drivers
v000001e813c208b0_0 .net/s "x2", 31 0, L_000001e813b0e440;  alias, 1 drivers
L_000001e813c2e170 .arith/mult 32, L_000001e813c35400, L_000001e813b40c40;
L_000001e813c2e7b0 .arith/mult 32, L_000001e813c378e0, L_000001e813b0e440;
L_000001e813c2e5d0 .arith/sum 32, L_000001e813c2e170, L_000001e813c2e7b0;
L_000001e813c377a0 .arith/sum 32, L_000001e813c2e5d0, L_000001e813c37480;
S_000001e813c1d4a0 .scope module, "RELU" "relu_32b2" 5 26, 6 1 0, S_000001e813c1e8f0;
 .timescale 0 0;
    .port_info 0 /INPUT 32 "a";
    .port_info 1 /OUTPUT 32 "b";
v000001e813c204f0_0 .net/s "a", 31 0, L_000001e813c377a0;  alias, 1 drivers
v000001e813c1f7d0_0 .net/s "b", 31 0, v000001e813c1fff0_0;  alias, 1 drivers
v000001e813c1fff0_0 .var/s "f", 31 0;
E_000001e813b34a80 .event anyedge, v000001e813c204f0_0;
S_000001e813c1d630 .scope module, "neuron_l8_1" "neuron_4input_baseline" 2 124, 3 3 0, S_000001e813aada60;
 .timescale 0 0;
    .port_info 0 /INPUT 32 "x1";
    .port_info 1 /INPUT 32 "x2";
    .port_info 2 /INPUT 32 "x3";
    .port_info 3 /INPUT 32 "x4";
    .port_info 4 /INPUT 32 "w1";
    .port_info 5 /INPUT 32 "w2";
    .port_info 6 /INPUT 32 "w3";
    .port_info 7 /INPUT 32 "w4";
    .port_info 8 /INPUT 32 "b";
    .port_info 9 /OUTPUT 32 "f";
L_000001e813b0e2f0 .functor BUFZ 32, v000001e813c1f5f0_0, C4<00000000000000000000000000000000>, C4<00000000000000000000000000000000>, C4<00000000000000000000000000000000>;
v000001e813c1f190_0 .net/s "b", 31 0, L_000001e813c363a0;  1 drivers
v000001e813c1f690_0 .net/s "f", 31 0, L_000001e813b0e2f0;  alias, 1 drivers
v000001e813c203b0_0 .net/s "output_before_bias", 31 0, L_000001e813c35d60;  1 drivers
v000001e813c206d0_0 .net/s "output_bias", 31 0, L_000001e813c35fe0;  1 drivers
v000001e813c20b30_0 .net/s "output_relu", 31 0, v000001e813c1f5f0_0;  1 drivers
v000001e813c1f870_0 .net/s "output_x1x2", 31 0, L_000001e813c36d00;  1 drivers
v000001e813c20950_0 .net/s "output_x3x4", 31 0, L_000001e813c36b20;  1 drivers
v000001e813c1faf0_0 .net/s "w1", 31 0, L_000001e813c36620;  1 drivers
v000001e813c20310_0 .net/s "w1x1", 31 0, L_000001e813c37200;  1 drivers
v000001e813c1fcd0_0 .net/s "w2", 31 0, L_000001e813c364e0;  1 drivers
v000001e813c1f370_0 .net/s "w2x2", 31 0, L_000001e813c35900;  1 drivers
v000001e813c1f230_0 .net/s "w3", 31 0, L_000001e813c373e0;  1 drivers
v000001e813c20f90_0 .net/s "w3x3", 31 0, L_000001e813c372a0;  1 drivers
v000001e813c20c70_0 .net/s "w4", 31 0, L_000001e813c37520;  1 drivers
v000001e813c1fd70_0 .net/s "w4x4", 31 0, L_000001e813c37340;  1 drivers
v000001e813c1f2d0_0 .net/s "x1", 31 0, L_000001e813b0e4b0;  alias, 1 drivers
v000001e813c209f0_0 .net/s "x2", 31 0, L_000001e813b0de20;  alias, 1 drivers
v000001e813c201d0_0 .net/s "x3", 31 0, L_000001e813b0e6e0;  alias, 1 drivers
v000001e813c20a90_0 .net/s "x4", 31 0, L_000001e813b0dbf0;  alias, 1 drivers
L_000001e813c37200 .arith/mult 32, L_000001e813c36620, L_000001e813b0e4b0;
L_000001e813c35900 .arith/mult 32, L_000001e813c364e0, L_000001e813b0de20;
L_000001e813c372a0 .arith/mult 32, L_000001e813c373e0, L_000001e813b0e6e0;
L_000001e813c37340 .arith/mult 32, L_000001e813c37520, L_000001e813b0dbf0;
L_000001e813c36d00 .arith/sum 32, L_000001e813c37200, L_000001e813c35900;
L_000001e813c36b20 .arith/sum 32, L_000001e813c372a0, L_000001e813c37340;
L_000001e813c35d60 .arith/sum 32, L_000001e813c36d00, L_000001e813c36b20;
L_000001e813c35fe0 .arith/sum 32, L_000001e813c35d60, L_000001e813c363a0;
S_000001e813c1dc70 .scope module, "RELU" "relu_32b4" 3 35, 4 1 0, S_000001e813c1d630;
 .timescale 0 0;
    .port_info 0 /INPUT 32 "a";
    .port_info 1 /OUTPUT 32 "b";
v000001e813c20ef0_0 .net/s "a", 31 0, L_000001e813c35fe0;  alias, 1 drivers
v000001e813c20bd0_0 .net/s "b", 31 0, v000001e813c1f5f0_0;  alias, 1 drivers
v000001e813c1f5f0_0 .var/s "f", 31 0;
E_000001e813b35140 .event anyedge, v000001e813c20ef0_0;
S_000001e813c1e440 .scope module, "neuron_l8_2" "neuron_4input_baseline" 2 129, 3 3 0, S_000001e813aada60;
 .timescale 0 0;
    .port_info 0 /INPUT 32 "x1";
    .port_info 1 /INPUT 32 "x2";
    .port_info 2 /INPUT 32 "x3";
    .port_info 3 /INPUT 32 "x4";
    .port_info 4 /INPUT 32 "w1";
    .port_info 5 /INPUT 32 "w2";
    .port_info 6 /INPUT 32 "w3";
    .port_info 7 /INPUT 32 "w4";
    .port_info 8 /INPUT 32 "b";
    .port_info 9 /OUTPUT 32 "f";
L_000001e813b0e590 .functor BUFZ 32, v000001e813c20270_0, C4<00000000000000000000000000000000>, C4<00000000000000000000000000000000>, C4<00000000000000000000000000000000>;
v000001e813c1f410_0 .net/s "b", 31 0, L_000001e813c35ae0;  1 drivers
v000001e813c20630_0 .net/s "f", 31 0, L_000001e813b0e590;  alias, 1 drivers
v000001e813c220a0_0 .net/s "output_before_bias", 31 0, L_000001e813c359a0;  1 drivers
v000001e813c221e0_0 .net/s "output_bias", 31 0, L_000001e813c36580;  1 drivers
v000001e813c225a0_0 .net/s "output_relu", 31 0, v000001e813c20270_0;  1 drivers
v000001e813c21d80_0 .net/s "output_x1x2", 31 0, L_000001e813c375c0;  1 drivers
v000001e813c217e0_0 .net/s "output_x3x4", 31 0, L_000001e813c35a40;  1 drivers
v000001e813c21ec0_0 .net/s "w1", 31 0, L_000001e813c357c0;  1 drivers
v000001e813c22140_0 .net/s "w1x1", 31 0, L_000001e813c36940;  1 drivers
v000001e813c21380_0 .net/s "w2", 31 0, L_000001e813c37980;  1 drivers
v000001e813c216a0_0 .net/s "w2x2", 31 0, L_000001e813c36da0;  1 drivers
v000001e813c22e60_0 .net/s "w3", 31 0, L_000001e813c37840;  1 drivers
v000001e813c22d20_0 .net/s "w3x3", 31 0, L_000001e813c35ea0;  1 drivers
v000001e813c22b40_0 .net/s "w4", 31 0, L_000001e813c366c0;  1 drivers
v000001e813c22f00_0 .net/s "w4x4", 31 0, L_000001e813c36bc0;  1 drivers
v000001e813c21740_0 .net/s "x1", 31 0, L_000001e813b0e4b0;  alias, 1 drivers
v000001e813c21ce0_0 .net/s "x2", 31 0, L_000001e813b0de20;  alias, 1 drivers
v000001e813c22280_0 .net/s "x3", 31 0, L_000001e813b0e6e0;  alias, 1 drivers
v000001e813c223c0_0 .net/s "x4", 31 0, L_000001e813b0dbf0;  alias, 1 drivers
L_000001e813c36940 .arith/mult 32, L_000001e813c357c0, L_000001e813b0e4b0;
L_000001e813c36da0 .arith/mult 32, L_000001e813c37980, L_000001e813b0de20;
L_000001e813c35ea0 .arith/mult 32, L_000001e813c37840, L_000001e813b0e6e0;
L_000001e813c36bc0 .arith/mult 32, L_000001e813c366c0, L_000001e813b0dbf0;
L_000001e813c375c0 .arith/sum 32, L_000001e813c36940, L_000001e813c36da0;
L_000001e813c35a40 .arith/sum 32, L_000001e813c35ea0, L_000001e813c36bc0;
L_000001e813c359a0 .arith/sum 32, L_000001e813c375c0, L_000001e813c35a40;
L_000001e813c36580 .arith/sum 32, L_000001e813c359a0, L_000001e813c35ae0;
S_000001e813c1d7c0 .scope module, "RELU" "relu_32b4" 3 35, 4 1 0, S_000001e813c1e440;
 .timescale 0 0;
    .port_info 0 /INPUT 32 "a";
    .port_info 1 /OUTPUT 32 "b";
v000001e813c1f730_0 .net/s "a", 31 0, L_000001e813c36580;  alias, 1 drivers
v000001e813c20450_0 .net/s "b", 31 0, v000001e813c20270_0;  alias, 1 drivers
v000001e813c20270_0 .var/s "f", 31 0;
E_000001e813b34680 .event anyedge, v000001e813c1f730_0;
S_000001e813c1e120 .scope module, "neuron_l8_3" "neuron_4input_baseline" 2 134, 3 3 0, S_000001e813aada60;
 .timescale 0 0;
    .port_info 0 /INPUT 32 "x1";
    .port_info 1 /INPUT 32 "x2";
    .port_info 2 /INPUT 32 "x3";
    .port_info 3 /INPUT 32 "x4";
    .port_info 4 /INPUT 32 "w1";
    .port_info 5 /INPUT 32 "w2";
    .port_info 6 /INPUT 32 "w3";
    .port_info 7 /INPUT 32 "w4";
    .port_info 8 /INPUT 32 "b";
    .port_info 9 /OUTPUT 32 "f";
L_000001e813b0e360 .functor BUFZ 32, v000001e813c228c0_0, C4<00000000000000000000000000000000>, C4<00000000000000000000000000000000>, C4<00000000000000000000000000000000>;
v000001e813c22500_0 .net/s "b", 31 0, L_000001e813c35c20;  1 drivers
v000001e813c22460_0 .net/s "f", 31 0, L_000001e813b0e360;  alias, 1 drivers
v000001e813c21920_0 .net/s "output_before_bias", 31 0, L_000001e813c37660;  1 drivers
v000001e813c219c0_0 .net/s "output_bias", 31 0, L_000001e813c37020;  1 drivers
v000001e813c21b00_0 .net/s "output_relu", 31 0, v000001e813c228c0_0;  1 drivers
v000001e813c22fa0_0 .net/s "output_x1x2", 31 0, L_000001e813c352c0;  1 drivers
v000001e813c21a60_0 .net/s "output_x3x4", 31 0, L_000001e813c35f40;  1 drivers
v000001e813c22640_0 .net/s "w1", 31 0, L_000001e813c36080;  1 drivers
v000001e813c22aa0_0 .net/s "w1x1", 31 0, L_000001e813c35220;  1 drivers
v000001e813c22be0_0 .net/s "w2", 31 0, L_000001e813c36c60;  1 drivers
v000001e813c226e0_0 .net/s "w2x2", 31 0, L_000001e813c36260;  1 drivers
v000001e813c22960_0 .net/s "w3", 31 0, L_000001e813c36120;  1 drivers
v000001e813c22c80_0 .net/s "w3x3", 31 0, L_000001e813c35860;  1 drivers
v000001e813c22780_0 .net/s "w4", 31 0, L_000001e813c37700;  1 drivers
v000001e813c22dc0_0 .net/s "w4x4", 31 0, L_000001e813c35cc0;  1 drivers
v000001e813c22820_0 .net/s "x1", 31 0, L_000001e813b0e4b0;  alias, 1 drivers
v000001e813c22a00_0 .net/s "x2", 31 0, L_000001e813b0de20;  alias, 1 drivers
v000001e813c21600_0 .net/s "x3", 31 0, L_000001e813b0e6e0;  alias, 1 drivers
v000001e813c23040_0 .net/s "x4", 31 0, L_000001e813b0dbf0;  alias, 1 drivers
L_000001e813c35220 .arith/mult 32, L_000001e813c36080, L_000001e813b0e4b0;
L_000001e813c36260 .arith/mult 32, L_000001e813c36c60, L_000001e813b0de20;
L_000001e813c35860 .arith/mult 32, L_000001e813c36120, L_000001e813b0e6e0;
L_000001e813c35cc0 .arith/mult 32, L_000001e813c37700, L_000001e813b0dbf0;
L_000001e813c352c0 .arith/sum 32, L_000001e813c35220, L_000001e813c36260;
L_000001e813c35f40 .arith/sum 32, L_000001e813c35860, L_000001e813c35cc0;
L_000001e813c37660 .arith/sum 32, L_000001e813c352c0, L_000001e813c35f40;
L_000001e813c37020 .arith/sum 32, L_000001e813c37660, L_000001e813c35c20;
S_000001e813c1de00 .scope module, "RELU" "relu_32b4" 3 35, 4 1 0, S_000001e813c1e120;
 .timescale 0 0;
    .port_info 0 /INPUT 32 "a";
    .port_info 1 /OUTPUT 32 "b";
v000001e813c22320_0 .net/s "a", 31 0, L_000001e813c37020;  alias, 1 drivers
v000001e813c21880_0 .net/s "b", 31 0, v000001e813c228c0_0;  alias, 1 drivers
v000001e813c228c0_0 .var/s "f", 31 0;
E_000001e813b34f80 .event anyedge, v000001e813c22320_0;
S_000001e813c1d180 .scope module, "neuron_l8_4" "neuron_4input_baseline" 2 139, 3 3 0, S_000001e813aada60;
 .timescale 0 0;
    .port_info 0 /INPUT 32 "x1";
    .port_info 1 /INPUT 32 "x2";
    .port_info 2 /INPUT 32 "x3";
    .port_info 3 /INPUT 32 "x4";
    .port_info 4 /INPUT 32 "w1";
    .port_info 5 /INPUT 32 "w2";
    .port_info 6 /INPUT 32 "w3";
    .port_info 7 /INPUT 32 "w4";
    .port_info 8 /INPUT 32 "b";
    .port_info 9 /OUTPUT 32 "f";
L_000001e813b0e1a0 .functor BUFZ 32, v000001e813c21560_0, C4<00000000000000000000000000000000>, C4<00000000000000000000000000000000>, C4<00000000000000000000000000000000>;
v000001e813c21c40_0 .net/s "b", 31 0, L_000001e813c36f80;  1 drivers
v000001e813c21420_0 .net/s "f", 31 0, L_000001e813b0e1a0;  alias, 1 drivers
v000001e813c21e20_0 .net/s "output_before_bias", 31 0, L_000001e813c368a0;  1 drivers
v000001e813c21f60_0 .net/s "output_bias", 31 0, L_000001e813c35540;  1 drivers
v000001e813c21240_0 .net/s "output_relu", 31 0, v000001e813c21560_0;  1 drivers
v000001e813c22000_0 .net/s "output_x1x2", 31 0, L_000001e813c361c0;  1 drivers
v000001e813c212e0_0 .net/s "output_x3x4", 31 0, L_000001e813c354a0;  1 drivers
v000001e813c214c0_0 .net/s "w1", 31 0, L_000001e813c369e0;  1 drivers
v000001e813c24010_0 .net/s "w1x1", 31 0, L_000001e813c36440;  1 drivers
v000001e813c24c90_0 .net/s "w2", 31 0, L_000001e813c36e40;  1 drivers
v000001e813c248d0_0 .net/s "w2x2", 31 0, L_000001e813c36760;  1 drivers
v000001e813c24650_0 .net/s "w3", 31 0, L_000001e813c36a80;  1 drivers
v000001e813c23750_0 .net/s "w3x3", 31 0, L_000001e813c36800;  1 drivers
v000001e813c23d90_0 .net/s "w4", 31 0, L_000001e813c36ee0;  1 drivers
v000001e813c24510_0 .net/s "w4x4", 31 0, L_000001e813c35360;  1 drivers
v000001e813c23390_0 .net/s "x1", 31 0, L_000001e813b0e4b0;  alias, 1 drivers
v000001e813c24ab0_0 .net/s "x2", 31 0, L_000001e813b0de20;  alias, 1 drivers
v000001e813c246f0_0 .net/s "x3", 31 0, L_000001e813b0e6e0;  alias, 1 drivers
v000001e813c24b50_0 .net/s "x4", 31 0, L_000001e813b0dbf0;  alias, 1 drivers
L_000001e813c36440 .arith/mult 32, L_000001e813c369e0, L_000001e813b0e4b0;
L_000001e813c36760 .arith/mult 32, L_000001e813c36e40, L_000001e813b0de20;
L_000001e813c36800 .arith/mult 32, L_000001e813c36a80, L_000001e813b0e6e0;
L_000001e813c35360 .arith/mult 32, L_000001e813c36ee0, L_000001e813b0dbf0;
L_000001e813c361c0 .arith/sum 32, L_000001e813c36440, L_000001e813c36760;
L_000001e813c354a0 .arith/sum 32, L_000001e813c36800, L_000001e813c35360;
L_000001e813c368a0 .arith/sum 32, L_000001e813c361c0, L_000001e813c354a0;
L_000001e813c35540 .arith/sum 32, L_000001e813c368a0, L_000001e813c36f80;
S_000001e813c1d310 .scope module, "RELU" "relu_32b4" 3 35, 4 1 0, S_000001e813c1d180;
 .timescale 0 0;
    .port_info 0 /INPUT 32 "a";
    .port_info 1 /OUTPUT 32 "b";
v000001e813c211a0_0 .net/s "a", 31 0, L_000001e813c35540;  alias, 1 drivers
v000001e813c21ba0_0 .net/s "b", 31 0, v000001e813c21560_0;  alias, 1 drivers
v000001e813c21560_0 .var/s "f", 31 0;
E_000001e813b350c0 .event anyedge, v000001e813c211a0_0;
    .scope S_000001e813aa4c30;
T_0 ;
    %wait E_000001e813b34c80;
    %load/vec4 v000001e813b24210_0;
    %cmpi/s 0, 0, 32;
    %jmp/0xz  T_0.0, 5;
    %pushi/vec4 0, 0, 32;
    %assign/vec4 v000001e813b23b30_0, 0;
    %jmp T_0.1;
T_0.0 ;
    %load/vec4 v000001e813b24210_0;
    %assign/vec4 v000001e813b23b30_0, 0;
T_0.1 ;
    %jmp T_0;
    .thread T_0, $push;
    .scope S_000001e813aa4dc0;
T_1 ;
    %wait E_000001e813b35080;
    %load/vec4 v000001e813c09930_0;
    %cmpi/s 0, 0, 32;
    %jmp/0xz  T_1.0, 5;
    %pushi/vec4 0, 0, 32;
    %assign/vec4 v000001e813c09430_0, 0;
    %jmp T_1.1;
T_1.0 ;
    %load/vec4 v000001e813c09930_0;
    %assign/vec4 v000001e813c09430_0, 0;
T_1.1 ;
    %jmp T_1;
    .thread T_1, $push;
    .scope S_000001e813a9cc10;
T_2 ;
    %wait E_000001e813b34440;
    %load/vec4 v000001e813c0af10_0;
    %cmpi/s 0, 0, 32;
    %jmp/0xz  T_2.0, 5;
    %pushi/vec4 0, 0, 32;
    %assign/vec4 v000001e813c09f70_0, 0;
    %jmp T_2.1;
T_2.0 ;
    %load/vec4 v000001e813c0af10_0;
    %assign/vec4 v000001e813c09f70_0, 0;
T_2.1 ;
    %jmp T_2;
    .thread T_2, $push;
    .scope S_000001e813aa5d30;
T_3 ;
    %wait E_000001e813b34580;
    %load/vec4 v000001e813c0a510_0;
    %cmpi/s 0, 0, 32;
    %jmp/0xz  T_3.0, 5;
    %pushi/vec4 0, 0, 32;
    %assign/vec4 v000001e813c0a650_0, 0;
    %jmp T_3.1;
T_3.0 ;
    %load/vec4 v000001e813c0a510_0;
    %assign/vec4 v000001e813c0a650_0, 0;
T_3.1 ;
    %jmp T_3;
    .thread T_3, $push;
    .scope S_000001e813aa82f0;
T_4 ;
    %wait E_000001e813b351c0;
    %load/vec4 v000001e813c0e8f0_0;
    %cmpi/s 0, 0, 32;
    %jmp/0xz  T_4.0, 5;
    %pushi/vec4 0, 0, 32;
    %assign/vec4 v000001e813c0db30_0, 0;
    %jmp T_4.1;
T_4.0 ;
    %load/vec4 v000001e813c0e8f0_0;
    %assign/vec4 v000001e813c0db30_0, 0;
T_4.1 ;
    %jmp T_4;
    .thread T_4, $push;
    .scope S_000001e813bc6cf0;
T_5 ;
    %wait E_000001e813b35200;
    %load/vec4 v000001e813c0e030_0;
    %cmpi/s 0, 0, 32;
    %jmp/0xz  T_5.0, 5;
    %pushi/vec4 0, 0, 32;
    %assign/vec4 v000001e813c0d130_0, 0;
    %jmp T_5.1;
T_5.0 ;
    %load/vec4 v000001e813c0e030_0;
    %assign/vec4 v000001e813c0d130_0, 0;
T_5.1 ;
    %jmp T_5;
    .thread T_5, $push;
    .scope S_000001e813aafd20;
T_6 ;
    %wait E_000001e813b35240;
    %load/vec4 v000001e813c178d0_0;
    %cmpi/s 0, 0, 32;
    %jmp/0xz  T_6.0, 5;
    %pushi/vec4 0, 0, 32;
    %assign/vec4 v000001e813c18870_0, 0;
    %jmp T_6.1;
T_6.0 ;
    %load/vec4 v000001e813c178d0_0;
    %assign/vec4 v000001e813c18870_0, 0;
T_6.1 ;
    %jmp T_6;
    .thread T_6, $push;
    .scope S_000001e813ab0040;
T_7 ;
    %wait E_000001e813b34f00;
    %load/vec4 v000001e813c17650_0;
    %cmpi/s 0, 0, 32;
    %jmp/0xz  T_7.0, 5;
    %pushi/vec4 0, 0, 32;
    %assign/vec4 v000001e813c18af0_0, 0;
    %jmp T_7.1;
T_7.0 ;
    %load/vec4 v000001e813c17650_0;
    %assign/vec4 v000001e813c18af0_0, 0;
T_7.1 ;
    %jmp T_7;
    .thread T_7, $push;
    .scope S_000001e813b4e0d0;
T_8 ;
    %wait E_000001e813b34880;
    %load/vec4 v000001e813c17b50_0;
    %cmpi/s 0, 0, 32;
    %jmp/0xz  T_8.0, 5;
    %pushi/vec4 0, 0, 32;
    %assign/vec4 v000001e813c171f0_0, 0;
    %jmp T_8.1;
T_8.0 ;
    %load/vec4 v000001e813c17b50_0;
    %assign/vec4 v000001e813c171f0_0, 0;
T_8.1 ;
    %jmp T_8;
    .thread T_8, $push;
    .scope S_000001e813b4d900;
T_9 ;
    %wait E_000001e813b34ac0;
    %load/vec4 v000001e813c189b0_0;
    %cmpi/s 0, 0, 32;
    %jmp/0xz  T_9.0, 5;
    %pushi/vec4 0, 0, 32;
    %assign/vec4 v000001e813c18c30_0, 0;
    %jmp T_9.1;
T_9.0 ;
    %load/vec4 v000001e813c189b0_0;
    %assign/vec4 v000001e813c18c30_0, 0;
T_9.1 ;
    %jmp T_9;
    .thread T_9, $push;
    .scope S_000001e813b4df40;
T_10 ;
    %wait E_000001e813b346c0;
    %load/vec4 v000001e813c1c250_0;
    %cmpi/s 0, 0, 32;
    %jmp/0xz  T_10.0, 5;
    %pushi/vec4 0, 0, 32;
    %assign/vec4 v000001e813c1b850_0, 0;
    %jmp T_10.1;
T_10.0 ;
    %load/vec4 v000001e813c1c250_0;
    %assign/vec4 v000001e813c1b850_0, 0;
T_10.1 ;
    %jmp T_10;
    .thread T_10, $push;
    .scope S_000001e813b4d5e0;
T_11 ;
    %wait E_000001e813b34e00;
    %load/vec4 v000001e813c1b5d0_0;
    %cmpi/s 0, 0, 32;
    %jmp/0xz  T_11.0, 5;
    %pushi/vec4 0, 0, 32;
    %assign/vec4 v000001e813c1c110_0, 0;
    %jmp T_11.1;
T_11.0 ;
    %load/vec4 v000001e813c1b5d0_0;
    %assign/vec4 v000001e813c1c110_0, 0;
T_11.1 ;
    %jmp T_11;
    .thread T_11, $push;
    .scope S_000001e813b4da90;
T_12 ;
    %wait E_000001e813b35280;
    %load/vec4 v000001e813c1ca70_0;
    %cmpi/s 0, 0, 32;
    %jmp/0xz  T_12.0, 5;
    %pushi/vec4 0, 0, 32;
    %assign/vec4 v000001e813c1ccf0_0, 0;
    %jmp T_12.1;
T_12.0 ;
    %load/vec4 v000001e813c1ca70_0;
    %assign/vec4 v000001e813c1ccf0_0, 0;
T_12.1 ;
    %jmp T_12;
    .thread T_12, $push;
    .scope S_000001e813c1ef30;
T_13 ;
    %wait E_000001e813b35000;
    %load/vec4 v000001e813c1c1b0_0;
    %cmpi/s 0, 0, 32;
    %jmp/0xz  T_13.0, 5;
    %pushi/vec4 0, 0, 32;
    %assign/vec4 v000001e813c1cf70_0, 0;
    %jmp T_13.1;
T_13.0 ;
    %load/vec4 v000001e813c1c1b0_0;
    %assign/vec4 v000001e813c1cf70_0, 0;
T_13.1 ;
    %jmp T_13;
    .thread T_13, $push;
    .scope S_000001e813c1d4a0;
T_14 ;
    %wait E_000001e813b34a80;
    %load/vec4 v000001e813c204f0_0;
    %cmpi/s 0, 0, 32;
    %jmp/0xz  T_14.0, 5;
    %pushi/vec4 0, 0, 32;
    %assign/vec4 v000001e813c1fff0_0, 0;
    %jmp T_14.1;
T_14.0 ;
    %load/vec4 v000001e813c204f0_0;
    %assign/vec4 v000001e813c1fff0_0, 0;
T_14.1 ;
    %jmp T_14;
    .thread T_14, $push;
    .scope S_000001e813c1dc70;
T_15 ;
    %wait E_000001e813b35140;
    %load/vec4 v000001e813c20ef0_0;
    %cmpi/s 0, 0, 32;
    %jmp/0xz  T_15.0, 5;
    %pushi/vec4 0, 0, 32;
    %assign/vec4 v000001e813c1f5f0_0, 0;
    %jmp T_15.1;
T_15.0 ;
    %load/vec4 v000001e813c20ef0_0;
    %assign/vec4 v000001e813c1f5f0_0, 0;
T_15.1 ;
    %jmp T_15;
    .thread T_15, $push;
    .scope S_000001e813c1d7c0;
T_16 ;
    %wait E_000001e813b34680;
    %load/vec4 v000001e813c1f730_0;
    %cmpi/s 0, 0, 32;
    %jmp/0xz  T_16.0, 5;
    %pushi/vec4 0, 0, 32;
    %assign/vec4 v000001e813c20270_0, 0;
    %jmp T_16.1;
T_16.0 ;
    %load/vec4 v000001e813c1f730_0;
    %assign/vec4 v000001e813c20270_0, 0;
T_16.1 ;
    %jmp T_16;
    .thread T_16, $push;
    .scope S_000001e813c1de00;
T_17 ;
    %wait E_000001e813b34f80;
    %load/vec4 v000001e813c22320_0;
    %cmpi/s 0, 0, 32;
    %jmp/0xz  T_17.0, 5;
    %pushi/vec4 0, 0, 32;
    %assign/vec4 v000001e813c228c0_0, 0;
    %jmp T_17.1;
T_17.0 ;
    %load/vec4 v000001e813c22320_0;
    %assign/vec4 v000001e813c228c0_0, 0;
T_17.1 ;
    %jmp T_17;
    .thread T_17, $push;
    .scope S_000001e813c1d310;
T_18 ;
    %wait E_000001e813b350c0;
    %load/vec4 v000001e813c211a0_0;
    %cmpi/s 0, 0, 32;
    %jmp/0xz  T_18.0, 5;
    %pushi/vec4 0, 0, 32;
    %assign/vec4 v000001e813c21560_0, 0;
    %jmp T_18.1;
T_18.0 ;
    %load/vec4 v000001e813c211a0_0;
    %assign/vec4 v000001e813c21560_0, 0;
T_18.1 ;
    %jmp T_18;
    .thread T_18, $push;
# The file index is used to find the file name in the following table.
:file_names 9;
    "N/A";
    "<interactive>";
    "GAN_baseline.v";
    "./neuron_4input_baseline.v";
    "./relu_32b4.v";
    "./neuron_2input_baseline.v";
    "./relu_32b2.v";
    "./neuron_1input_baseline.v";
    "./relu_32b1.v";
