#! /c/Source/iverilog-install/bin/vvp
:ivl_version "12.0 (devel)" "(s20150603-1539-g2693dd32b)";
:ivl_delay_selection "TYPICAL";
:vpi_time_precision + 0;
:vpi_module "C:\iverilog\lib\ivl\system.vpi";
:vpi_module "C:\iverilog\lib\ivl\vhdl_sys.vpi";
:vpi_module "C:\iverilog\lib\ivl\vhdl_textio.vpi";
:vpi_module "C:\iverilog\lib\ivl\v2005_math.vpi";
:vpi_module "C:\iverilog\lib\ivl\va_math.vpi";
S_000001c0e8116d20 .scope module, "relu_32b" "relu_32b" 2 1;
 .timescale 0 0;
    .port_info 0 /INPUT 32 "a";
    .port_info 1 /OUTPUT 32 "b";
o000001c0e8116f58 .functor BUFZ 32, C4<zzzzzzzzzzzzzzzzzzzzzzzzzzzzzzzz>; HiZ drive
v000001c0e8116eb0_0 .net/s "a", 31 0, o000001c0e8116f58;  0 drivers
v000001c0e8206ed0_0 .var/s "b", 31 0;
E_000001c0e81150c0 .event anyedge, v000001c0e8116eb0_0;
    .scope S_000001c0e8116d20;
T_0 ;
    %wait E_000001c0e81150c0;
    %load/vec4 v000001c0e8116eb0_0;
    %cmpi/u 0, 0, 32;
    %jmp/0xz  T_0.0, 5;
    %pushi/vec4 0, 0, 32;
    %assign/vec4 v000001c0e8206ed0_0, 0;
    %jmp T_0.1;
T_0.0 ;
    %load/vec4 v000001c0e8116eb0_0;
    %assign/vec4 v000001c0e8206ed0_0, 0;
T_0.1 ;
    %jmp T_0;
    .thread T_0, $push;
# The file index is used to find the file name in the following table.
:file_names 3;
    "N/A";
    "<interactive>";
    "relu_32b.v";
