#! /c/Source/iverilog-install/bin/vvp
:ivl_version "12.0 (devel)" "(s20150603-1539-g2693dd32b)";
:ivl_delay_selection "TYPICAL";
:vpi_time_precision + 0;
:vpi_module "C:\iverilog\lib\ivl\system.vpi";
:vpi_module "C:\iverilog\lib\ivl\vhdl_sys.vpi";
:vpi_module "C:\iverilog\lib\ivl\vhdl_textio.vpi";
:vpi_module "C:\iverilog\lib\ivl\v2005_math.vpi";
:vpi_module "C:\iverilog\lib\ivl\va_math.vpi";
S_0000021478cbbcf0 .scope module, "neuron_1input_pipelined" "neuron_1input_pipelined" 2 4;
 .timescale 0 0;
    .port_info 0 /INPUT 32 "x1";
    .port_info 1 /INPUT 32 "w1";
    .port_info 2 /INPUT 32 "b";
    .port_info 3 /OUTPUT 32 "f";
    .port_info 4 /INPUT 1 "enable";
    .port_info 5 /INPUT 1 "clock";
    .port_info 6 /INPUT 1 "reset";
L_0000021478d51d80 .functor BUFZ 32, v0000021478cbb7c0_0, C4<00000000000000000000000000000000>, C4<00000000000000000000000000000000>, C4<00000000000000000000000000000000>;
o0000021478d090c8 .functor BUFZ 32, C4<zzzzzzzzzzzzzzzzzzzzzzzzzzzzzzzz>; HiZ drive
v0000021478cbbe80_0 .net/s "b", 31 0, o0000021478d090c8;  0 drivers
o0000021478d090f8 .functor BUFZ 1, C4<z>; HiZ drive
v0000021478cbbf20_0 .net "clock", 0 0, o0000021478d090f8;  0 drivers
o0000021478d09128 .functor BUFZ 1, C4<z>; HiZ drive
v0000021478d06360_0 .net "enable", 0 0, o0000021478d09128;  0 drivers
v0000021478d06400_0 .net/s "f", 31 0, L_0000021478d51d80;  1 drivers
v0000021478d064a0_0 .net/s "output_bias", 31 0, L_0000021478d035f0;  1 drivers
v0000021478d06540_0 .net/s "output_relu", 31 0, v0000021478cbb7c0_0;  1 drivers
v0000021478d02b10_0 .var/s "pipe", 31 0;
o0000021478d091b8 .functor BUFZ 1, C4<z>; HiZ drive
v0000021478d02bb0_0 .net "reset", 0 0, o0000021478d091b8;  0 drivers
o0000021478d091e8 .functor BUFZ 32, C4<zzzzzzzzzzzzzzzzzzzzzzzzzzzzzzzz>; HiZ drive
v0000021478d02c50_0 .net/s "w1", 31 0, o0000021478d091e8;  0 drivers
v0000021478d02d80_0 .net/s "w1x1", 31 0, L_0000021478d03690;  1 drivers
o0000021478d09248 .functor BUFZ 32, C4<zzzzzzzzzzzzzzzzzzzzzzzzzzzzzzzz>; HiZ drive
v0000021478d02e20_0 .net/s "x1", 31 0, o0000021478d09248;  0 drivers
E_0000021478cb86f0 .event posedge, v0000021478cbbf20_0;
L_0000021478d03690 .arith/mult 32, o0000021478d091e8, o0000021478d09248;
L_0000021478d035f0 .arith/sum 32, v0000021478d02b10_0, o0000021478d090c8;
S_0000021478d061d0 .scope module, "RELU" "relu_32b1" 2 37, 3 1 0, S_0000021478cbbcf0;
 .timescale 0 0;
    .port_info 0 /INPUT 32 "a";
    .port_info 1 /OUTPUT 32 "b";
v0000021478cb9e80_0 .net/s "a", 31 0, L_0000021478d035f0;  alias, 1 drivers
v0000021478cb6f20_0 .net/s "b", 31 0, v0000021478cbb7c0_0;  alias, 1 drivers
v0000021478cbb7c0_0 .var/s "f", 31 0;
E_0000021478cb8bb0 .event anyedge, v0000021478cb9e80_0;
    .scope S_0000021478d061d0;
T_0 ;
    %wait E_0000021478cb8bb0;
    %load/vec4 v0000021478cb9e80_0;
    %cmpi/s 0, 0, 32;
    %jmp/0xz  T_0.0, 5;
    %pushi/vec4 0, 0, 32;
    %assign/vec4 v0000021478cbb7c0_0, 0;
    %jmp T_0.1;
T_0.0 ;
    %load/vec4 v0000021478cb9e80_0;
    %assign/vec4 v0000021478cbb7c0_0, 0;
T_0.1 ;
    %jmp T_0;
    .thread T_0, $push;
    .scope S_0000021478cbbcf0;
T_1 ;
    %wait E_0000021478cb86f0;
    %load/vec4 v0000021478d02bb0_0;
    %nor/r;
    %flag_set/vec4 8;
    %jmp/0xz  T_1.0, 8;
    %pushi/vec4 0, 0, 32;
    %assign/vec4 v0000021478d02b10_0, 0;
    %jmp T_1.1;
T_1.0 ;
    %load/vec4 v0000021478d06360_0;
    %flag_set/vec4 8;
    %jmp/0xz  T_1.2, 8;
    %load/vec4 v0000021478d02d80_0;
    %assign/vec4 v0000021478d02b10_0, 0;
T_1.2 ;
T_1.1 ;
    %jmp T_1;
    .thread T_1;
# The file index is used to find the file name in the following table.
:file_names 4;
    "N/A";
    "<interactive>";
    "neuron_1input_pipelined.v";
    "./relu_32b1.v";
