#! /c/Source/iverilog-install/bin/vvp
:ivl_version "12.0 (devel)" "(s20150603-1539-g2693dd32b)";
:ivl_delay_selection "TYPICAL";
:vpi_time_precision + 0;
:vpi_module "C:\iverilog\lib\ivl\system.vpi";
:vpi_module "C:\iverilog\lib\ivl\vhdl_sys.vpi";
:vpi_module "C:\iverilog\lib\ivl\vhdl_textio.vpi";
:vpi_module "C:\iverilog\lib\ivl\v2005_math.vpi";
:vpi_module "C:\iverilog\lib\ivl\va_math.vpi";
S_0000026c5dfc5fb0 .scope module, "neuron_1input_baseline" "neuron_1input_baseline" 2 3;
 .timescale 0 0;
    .port_info 0 /INPUT 32 "x1";
    .port_info 1 /INPUT 32 "w1";
    .port_info 2 /INPUT 32 "b";
    .port_info 3 /OUTPUT 32 "f";
L_0000026c5df794b0 .functor BUFZ 32, v0000026c5df7bf30_0, C4<00000000000000000000000000000000>, C4<00000000000000000000000000000000>, C4<00000000000000000000000000000000>;
o0000026c5dfc7068 .functor BUFZ 32, C4<zzzzzzzzzzzzzzzzzzzzzzzzzzzzzzzz>; HiZ drive
v0000026c5df76ed0_0 .net/s "b", 31 0, o0000026c5dfc7068;  0 drivers
v0000026c5dfc62d0_0 .net/s "f", 31 0, L_0000026c5df794b0;  1 drivers
v0000026c5dfc6370_0 .net/s "output_bias", 31 0, L_0000026c5dfc19d0;  1 drivers
v0000026c5dfc16b0_0 .net/s "output_relu", 31 0, v0000026c5df7bf30_0;  1 drivers
o0000026c5dfc70c8 .functor BUFZ 32, C4<zzzzzzzzzzzzzzzzzzzzzzzzzzzzzzzz>; HiZ drive
v0000026c5dfc1750_0 .net/s "w1", 31 0, o0000026c5dfc70c8;  0 drivers
v0000026c5dfc17f0_0 .net/s "w1x1", 31 0, L_0000026c5dfc1930;  1 drivers
o0000026c5dfc7128 .functor BUFZ 32, C4<zzzzzzzzzzzzzzzzzzzzzzzzzzzzzzzz>; HiZ drive
v0000026c5dfc1890_0 .net/s "x1", 31 0, o0000026c5dfc7128;  0 drivers
L_0000026c5dfc1930 .arith/mult 32, o0000026c5dfc70c8, o0000026c5dfc7128;
L_0000026c5dfc19d0 .arith/sum 32, L_0000026c5dfc1930, o0000026c5dfc7068;
S_0000026c5dfc6140 .scope module, "RELU" "relu_32b1" 2 21, 3 1 0, S_0000026c5dfc5fb0;
 .timescale 0 0;
    .port_info 0 /INPUT 32 "a";
    .port_info 1 /OUTPUT 32 "b";
v0000026c5df79410_0 .net/s "a", 31 0, L_0000026c5dfc19d0;  alias, 1 drivers
v0000026c5df7bf30_0 .var/s "b", 31 0;
E_0000026c5df7c2b0 .event anyedge, v0000026c5df79410_0;
    .scope S_0000026c5dfc6140;
T_0 ;
    %wait E_0000026c5df7c2b0;
    %load/vec4 v0000026c5df79410_0;
    %cmpi/u 0, 0, 32;
    %jmp/0xz  T_0.0, 5;
    %pushi/vec4 0, 0, 32;
    %assign/vec4 v0000026c5df7bf30_0, 0;
    %jmp T_0.1;
T_0.0 ;
    %load/vec4 v0000026c5df79410_0;
    %assign/vec4 v0000026c5df7bf30_0, 0;
T_0.1 ;
    %jmp T_0;
    .thread T_0, $push;
# The file index is used to find the file name in the following table.
:file_names 4;
    "N/A";
    "<interactive>";
    "neuron_1input_baseline.v";
    "./relu_32b1.v";
